

================================================================
== Vivado HLS Report for 'dense_mult_3lyr_ap_fixed_ap_fixed_16_8_5_3_0_config7_s'
================================================================
* Date:           Tue Nov  9 10:00:44 2021

* Version:        2019.2 (Build 2704478 on Wed Nov 06 22:10:23 MST 2019)
* Project:        myproject_prj
* Solution:       solution12
* Product family: virtexuplus
* Target device:  xcvu9p-flga2104-2L-e


================================================================
== Performance Estimates
================================================================
+ Timing: 
    * Summary: 
    +--------+---------+----------+------------+
    |  Clock |  Target | Estimated| Uncertainty|
    +--------+---------+----------+------------+
    |ap_clk  | 5.00 ns | 3.816 ns |   0.62 ns  |
    +--------+---------+----------+------------+

+ Latency: 
    * Summary: 
    +---------+---------+-----------+-----------+-----+-----+----------+
    |  Latency (cycles) |   Latency (absolute)  |  Interval | Pipeline |
    |   min   |   max   |    min    |    max    | min | max |   Type   |
    +---------+---------+-----------+-----------+-----+-----+----------+
    |        7|        7| 35.000 ns | 35.000 ns |    1|    1| function |
    +---------+---------+-----------+-----------+-----+-----+----------+

    + Detail: 
        * Instance: 
        +--------------------------------------------------------------------+--------------------------------------------------+---------+---------+----------+----------+-----+-----+----------+
        |                                                                    |                                                  |  Latency (cycles) |  Latency (absolute) |  Interval | Pipeline |
        |                              Instance                              |                      Module                      |   min   |   max   |    min   |    max   | min | max |   Type   |
        +--------------------------------------------------------------------+--------------------------------------------------+---------+---------+----------+----------+-----+-----+----------+
        |grp_dense_resource_rf_leq_nin_0_0_0_0_0_0_0_0_0_1_fu_92             |dense_resource_rf_leq_nin_0_0_0_0_0_0_0_0_0_1     |        1|        1| 5.000 ns | 5.000 ns |    1|    1| function |
        |grp_dense_resource_rf_leq_nin_0_0_0_0_0_0_0_0_0_fu_116              |dense_resource_rf_leq_nin_0_0_0_0_0_0_0_0_0       |        1|        1| 5.000 ns | 5.000 ns |    1|    1| function |
        |grp_dense_resource_rf_leq_nin_0_0_0_0_0_fu_128                      |dense_resource_rf_leq_nin_0_0_0_0_0               |        1|        1| 5.000 ns | 5.000 ns |    1|    1| function |
        |call_ret47_relu_ap_fixed_ap_fixed_16_8_5_3_0_relu_config1_s_fu_140  |relu_ap_fixed_ap_fixed_16_8_5_3_0_relu_config1_s  |        0|        0|   0 ns   |   0 ns   |    1|    1| function |
        |call_ret_relu_ap_fixed_ap_fixed_16_8_5_3_0_relu_config2_s_fu_152    |relu_ap_fixed_ap_fixed_16_8_5_3_0_relu_config2_s  |        0|        0|   0 ns   |   0 ns   |    1|    1| function |
        +--------------------------------------------------------------------+--------------------------------------------------+---------+---------+----------+----------+-----+-----+----------+

        * Loop: 
        N/A



================================================================
== Utilization Estimates
================================================================
* Summary: 
+---------------------+---------+-------+---------+---------+-----+
|         Name        | BRAM_18K| DSP48E|    FF   |   LUT   | URAM|
+---------------------+---------+-------+---------+---------+-----+
|DSP                  |        -|      -|        -|        -|    -|
|Expression           |        -|      -|        -|        -|    -|
|FIFO                 |        -|      -|        -|        -|    -|
|Instance             |        -|    109|     1205|     4756|    -|
|Memory               |        -|      -|        -|        -|    -|
|Multiplexer          |        -|      -|        -|        -|    -|
|Register             |        -|      -|      672|        -|    -|
+---------------------+---------+-------+---------+---------+-----+
|Total                |        0|    109|     1877|     4756|    0|
+---------------------+---------+-------+---------+---------+-----+
|Available SLR        |     1440|   2280|   788160|   394080|  320|
+---------------------+---------+-------+---------+---------+-----+
|Utilization SLR (%)  |        0|      4|    ~0   |        1|    0|
+---------------------+---------+-------+---------+---------+-----+
|Available            |     4320|   6840|  2364480|  1182240|  960|
+---------------------+---------+-------+---------+---------+-----+
|Utilization (%)      |        0|      1|    ~0   |    ~0   |    0|
+---------------------+---------+-------+---------+---------+-----+

+ Detail: 
    * Instance: 
    +--------------------------------------------------------------------+--------------------------------------------------+---------+-------+-----+------+-----+
    |                              Instance                              |                      Module                      | BRAM_18K| DSP48E|  FF |  LUT | URAM|
    +--------------------------------------------------------------------+--------------------------------------------------+---------+-------+-----+------+-----+
    |grp_dense_resource_rf_leq_nin_0_0_0_0_0_fu_128                      |dense_resource_rf_leq_nin_0_0_0_0_0               |        0|     19|  221|   737|    0|
    |grp_dense_resource_rf_leq_nin_0_0_0_0_0_0_0_0_0_fu_116              |dense_resource_rf_leq_nin_0_0_0_0_0_0_0_0_0       |        0|     35|  414|  1762|    0|
    |grp_dense_resource_rf_leq_nin_0_0_0_0_0_0_0_0_0_1_fu_92             |dense_resource_rf_leq_nin_0_0_0_0_0_0_0_0_0_1     |        0|     55|  570|  1809|    0|
    |call_ret47_relu_ap_fixed_ap_fixed_16_8_5_3_0_relu_config1_s_fu_140  |relu_ap_fixed_ap_fixed_16_8_5_3_0_relu_config1_s  |        0|      0|    0|   224|    0|
    |call_ret_relu_ap_fixed_ap_fixed_16_8_5_3_0_relu_config2_s_fu_152    |relu_ap_fixed_ap_fixed_16_8_5_3_0_relu_config2_s  |        0|      0|    0|   224|    0|
    +--------------------------------------------------------------------+--------------------------------------------------+---------+-------+-----+------+-----+
    |Total                                                               |                                                  |        0|    109| 1205|  4756|    0|
    +--------------------------------------------------------------------+--------------------------------------------------+---------+-------+-----+------+-----+

    * DSP48E: 
    N/A

    * Memory: 
    N/A

    * FIFO: 
    N/A

    * Expression: 
    N/A

    * Multiplexer: 
    N/A

    * Register: 
    +--------------------------+----+----+-----+-----------+
    |           Name           | FF | LUT| Bits| Const Bits|
    +--------------------------+----+----+-----+-----------+
    |data0_0_V_reg_332         |  16|   0|   16|          0|
    |data0_1_V_reg_337         |  16|   0|   16|          0|
    |data0_2_V_reg_342         |  16|   0|   16|          0|
    |data0_3_V_reg_347         |  16|   0|   16|          0|
    |data0_4_V_reg_352         |  16|   0|   16|          0|
    |data0_5_V_reg_357         |  16|   0|   16|          0|
    |data0_6_V_reg_362         |  16|   0|   16|          0|
    |data0_7_V_reg_367         |  16|   0|   16|          0|
    |data0_logits_0_V_reg_292  |  16|   0|   16|          0|
    |data0_logits_1_V_reg_297  |  16|   0|   16|          0|
    |data0_logits_2_V_reg_302  |  16|   0|   16|          0|
    |data0_logits_3_V_reg_307  |  16|   0|   16|          0|
    |data0_logits_4_V_reg_312  |  16|   0|   16|          0|
    |data0_logits_5_V_reg_317  |  16|   0|   16|          0|
    |data0_logits_6_V_reg_322  |  16|   0|   16|          0|
    |data0_logits_7_V_reg_327  |  16|   0|   16|          0|
    |data1_0_V_reg_412         |  16|   0|   16|          0|
    |data1_1_V_reg_417         |  16|   0|   16|          0|
    |data1_2_V_reg_422         |  16|   0|   16|          0|
    |data1_3_V_reg_427         |  16|   0|   16|          0|
    |data1_4_V_reg_432         |  16|   0|   16|          0|
    |data1_5_V_reg_437         |  16|   0|   16|          0|
    |data1_6_V_reg_442         |  16|   0|   16|          0|
    |data1_7_V_reg_447         |  16|   0|   16|          0|
    |data1_logits_0_V_reg_372  |  16|   0|   16|          0|
    |data1_logits_1_V_reg_377  |  16|   0|   16|          0|
    |data1_logits_2_V_reg_382  |  16|   0|   16|          0|
    |data1_logits_3_V_reg_387  |  16|   0|   16|          0|
    |data1_logits_4_V_reg_392  |  16|   0|   16|          0|
    |data1_logits_5_V_reg_397  |  16|   0|   16|          0|
    |data1_logits_6_V_reg_402  |  16|   0|   16|          0|
    |data1_logits_7_V_reg_407  |  16|   0|   16|          0|
    |data_0_V_read_int_reg     |  16|   0|   16|          0|
    |data_1_V_read_int_reg     |  16|   0|   16|          0|
    |data_2_V_read_int_reg     |  16|   0|   16|          0|
    |data_3_V_read_int_reg     |  16|   0|   16|          0|
    |data_4_V_read_int_reg     |  16|   0|   16|          0|
    |data_5_V_read_int_reg     |  16|   0|   16|          0|
    |data_6_V_read_int_reg     |  16|   0|   16|          0|
    |data_7_V_read_int_reg     |  16|   0|   16|          0|
    |data_8_V_read_int_reg     |  16|   0|   16|          0|
    |data_9_V_read_int_reg     |  16|   0|   16|          0|
    +--------------------------+----+----+-----+-----------+
    |Total                     | 672|   0|  672|          0|
    +--------------------------+----+----+-----+-----------+



================================================================
== Interface
================================================================
* Summary: 
+---------------+-----+-----+------------+--------------------------------------------------------+--------------+
|   RTL Ports   | Dir | Bits|  Protocol  |                      Source Object                     |    C Type    |
+---------------+-----+-----+------------+--------------------------------------------------------+--------------+
|ap_clk         |  in |    1| ap_ctrl_hs | dense_mult_3lyr<ap_fixed,ap_fixed<16,8,5,3,0>,config7> | return value |
|ap_rst         |  in |    1| ap_ctrl_hs | dense_mult_3lyr<ap_fixed,ap_fixed<16,8,5,3,0>,config7> | return value |
|ap_return_0    | out |   16| ap_ctrl_hs | dense_mult_3lyr<ap_fixed,ap_fixed<16,8,5,3,0>,config7> | return value |
|ap_return_1    | out |   16| ap_ctrl_hs | dense_mult_3lyr<ap_fixed,ap_fixed<16,8,5,3,0>,config7> | return value |
|ap_return_2    | out |   16| ap_ctrl_hs | dense_mult_3lyr<ap_fixed,ap_fixed<16,8,5,3,0>,config7> | return value |
|ap_return_3    | out |   16| ap_ctrl_hs | dense_mult_3lyr<ap_fixed,ap_fixed<16,8,5,3,0>,config7> | return value |
|data_0_V_read  |  in |   16|   ap_none  |                      data_0_V_read                     |    scalar    |
|data_1_V_read  |  in |   16|   ap_none  |                      data_1_V_read                     |    scalar    |
|data_2_V_read  |  in |   16|   ap_none  |                      data_2_V_read                     |    scalar    |
|data_3_V_read  |  in |   16|   ap_none  |                      data_3_V_read                     |    scalar    |
|data_4_V_read  |  in |   16|   ap_none  |                      data_4_V_read                     |    scalar    |
|data_5_V_read  |  in |   16|   ap_none  |                      data_5_V_read                     |    scalar    |
|data_6_V_read  |  in |   16|   ap_none  |                      data_6_V_read                     |    scalar    |
|data_7_V_read  |  in |   16|   ap_none  |                      data_7_V_read                     |    scalar    |
|data_8_V_read  |  in |   16|   ap_none  |                      data_8_V_read                     |    scalar    |
|data_9_V_read  |  in |   16|   ap_none  |                      data_9_V_read                     |    scalar    |
+---------------+-----+-----+------------+--------------------------------------------------------+--------------+

