

================================================================
== Vivado HLS Report for 'dense_resource_rf_leq_nin_0_0_0_0_0_0_0_0_0_3'
================================================================
* Date:           Tue Nov  9 10:02:19 2021

* Version:        2019.2 (Build 2704478 on Wed Nov 06 22:10:23 MST 2019)
* Project:        myproject_prj
* Solution:       solution12
* Product family: virtexuplus
* Target device:  xcvu9p-flga2104-2L-e


================================================================
== Performance Estimates
================================================================
+ Timing: 
    * Summary: 
    +--------+---------+----------+------------+
    |  Clock |  Target | Estimated| Uncertainty|
    +--------+---------+----------+------------+
    |ap_clk  | 5.00 ns | 3.816 ns |   0.62 ns  |
    +--------+---------+----------+------------+

+ Latency: 
    * Summary: 
    +---------+---------+----------+----------+-----+-----+----------+
    |  Latency (cycles) |  Latency (absolute) |  Interval | Pipeline |
    |   min   |   max   |    min   |    max   | min | max |   Type   |
    +---------+---------+----------+----------+-----+-----+----------+
    |        1|        1| 5.000 ns | 5.000 ns |    1|    1| function |
    +---------+---------+----------+----------+-----+-----+----------+

    + Detail: 
        * Instance: 
        N/A

        * Loop: 
        N/A



================================================================
== Utilization Estimates
================================================================
* Summary: 
+---------------------+---------+-------+---------+---------+-----+
|         Name        | BRAM_18K| DSP48E|    FF   |   LUT   | URAM|
+---------------------+---------+-------+---------+---------+-----+
|DSP                  |        -|     61|        -|        -|    -|
|Expression           |        -|      0|        0|     1616|    -|
|FIFO                 |        -|      -|        -|        -|    -|
|Instance             |        -|      -|        -|        -|    -|
|Memory               |        -|      -|        -|        -|    -|
|Multiplexer          |        -|      -|        -|       72|    -|
|Register             |        -|      -|      513|        -|    -|
+---------------------+---------+-------+---------+---------+-----+
|Total                |        0|     61|      513|     1688|    0|
+---------------------+---------+-------+---------+---------+-----+
|Available SLR        |     1440|   2280|   788160|   394080|  320|
+---------------------+---------+-------+---------+---------+-----+
|Utilization SLR (%)  |        0|      2|    ~0   |    ~0   |    0|
+---------------------+---------+-------+---------+---------+-----+
|Available            |     4320|   6840|  2364480|  1182240|  960|
+---------------------+---------+-------+---------+---------+-----+
|Utilization (%)      |        0|   ~0  |    ~0   |    ~0   |    0|
+---------------------+---------+-------+---------+---------+-----+

+ Detail: 
    * Instance: 
    N/A

    * DSP48E: 
    +-----------------------------------------+-----------------------------------+-----------+
    |                 Instance                |               Module              | Expression|
    +-----------------------------------------+-----------------------------------+-----------+
    |myproject_mul_mul_16s_10ns_24_1_0_U1789  |myproject_mul_mul_16s_10ns_24_1_0  |  i0 * i1  |
    |myproject_mul_mul_16s_10ns_24_1_0_U1800  |myproject_mul_mul_16s_10ns_24_1_0  |  i0 * i1  |
    |myproject_mul_mul_16s_10ns_24_1_0_U1805  |myproject_mul_mul_16s_10ns_24_1_0  |  i0 * i1  |
    |myproject_mul_mul_16s_10ns_24_1_0_U1809  |myproject_mul_mul_16s_10ns_24_1_0  |  i0 * i1  |
    |myproject_mul_mul_16s_10ns_24_1_0_U1811  |myproject_mul_mul_16s_10ns_24_1_0  |  i0 * i1  |
    |myproject_mul_mul_16s_10ns_24_1_0_U1813  |myproject_mul_mul_16s_10ns_24_1_0  |  i0 * i1  |
    |myproject_mul_mul_16s_10ns_24_1_0_U1822  |myproject_mul_mul_16s_10ns_24_1_0  |  i0 * i1  |
    |myproject_mul_mul_16s_10ns_24_1_0_U1826  |myproject_mul_mul_16s_10ns_24_1_0  |  i0 * i1  |
    |myproject_mul_mul_16s_10ns_24_1_0_U1831  |myproject_mul_mul_16s_10ns_24_1_0  |  i0 * i1  |
    |myproject_mul_mul_16s_10ns_24_1_0_U1838  |myproject_mul_mul_16s_10ns_24_1_0  |  i0 * i1  |
    |myproject_mul_mul_16s_10s_24_1_0_U1784   |myproject_mul_mul_16s_10s_24_1_0   |  i0 * i1  |
    |myproject_mul_mul_16s_10s_24_1_0_U1814   |myproject_mul_mul_16s_10s_24_1_0   |  i0 * i1  |
    |myproject_mul_mul_16s_10s_24_1_0_U1821   |myproject_mul_mul_16s_10s_24_1_0   |  i0 * i1  |
    |myproject_mul_mul_16s_10s_24_1_0_U1823   |myproject_mul_mul_16s_10s_24_1_0   |  i0 * i1  |
    |myproject_mul_mul_16s_6s_22_1_0_U1816    |myproject_mul_mul_16s_6s_22_1_0    |  i0 * i1  |
    |myproject_mul_mul_16s_7ns_23_1_0_U1778   |myproject_mul_mul_16s_7ns_23_1_0   |  i0 * i1  |
    |myproject_mul_mul_16s_7ns_23_1_0_U1791   |myproject_mul_mul_16s_7ns_23_1_0   |  i0 * i1  |
    |myproject_mul_mul_16s_7ns_23_1_0_U1833   |myproject_mul_mul_16s_7ns_23_1_0   |  i0 * i1  |
    |myproject_mul_mul_16s_7s_23_1_0_U1790    |myproject_mul_mul_16s_7s_23_1_0    |  i0 * i1  |
    |myproject_mul_mul_16s_7s_23_1_0_U1812    |myproject_mul_mul_16s_7s_23_1_0    |  i0 * i1  |
    |myproject_mul_mul_16s_7s_23_1_0_U1817    |myproject_mul_mul_16s_7s_23_1_0    |  i0 * i1  |
    |myproject_mul_mul_16s_7s_23_1_0_U1818    |myproject_mul_mul_16s_7s_23_1_0    |  i0 * i1  |
    |myproject_mul_mul_16s_7s_23_1_0_U1819    |myproject_mul_mul_16s_7s_23_1_0    |  i0 * i1  |
    |myproject_mul_mul_16s_7s_23_1_0_U1832    |myproject_mul_mul_16s_7s_23_1_0    |  i0 * i1  |
    |myproject_mul_mul_16s_7s_23_1_0_U1835    |myproject_mul_mul_16s_7s_23_1_0    |  i0 * i1  |
    |myproject_mul_mul_16s_8ns_24_1_0_U1781   |myproject_mul_mul_16s_8ns_24_1_0   |  i0 * i1  |
    |myproject_mul_mul_16s_8ns_24_1_0_U1785   |myproject_mul_mul_16s_8ns_24_1_0   |  i0 * i1  |
    |myproject_mul_mul_16s_8ns_24_1_0_U1798   |myproject_mul_mul_16s_8ns_24_1_0   |  i0 * i1  |
    |myproject_mul_mul_16s_8ns_24_1_0_U1803   |myproject_mul_mul_16s_8ns_24_1_0   |  i0 * i1  |
    |myproject_mul_mul_16s_8ns_24_1_0_U1810   |myproject_mul_mul_16s_8ns_24_1_0   |  i0 * i1  |
    |myproject_mul_mul_16s_8ns_24_1_0_U1834   |myproject_mul_mul_16s_8ns_24_1_0   |  i0 * i1  |
    |myproject_mul_mul_16s_8ns_24_1_0_U1836   |myproject_mul_mul_16s_8ns_24_1_0   |  i0 * i1  |
    |myproject_mul_mul_16s_8s_24_1_0_U1779    |myproject_mul_mul_16s_8s_24_1_0    |  i0 * i1  |
    |myproject_mul_mul_16s_8s_24_1_0_U1780    |myproject_mul_mul_16s_8s_24_1_0    |  i0 * i1  |
    |myproject_mul_mul_16s_8s_24_1_0_U1788    |myproject_mul_mul_16s_8s_24_1_0    |  i0 * i1  |
    |myproject_mul_mul_16s_8s_24_1_0_U1793    |myproject_mul_mul_16s_8s_24_1_0    |  i0 * i1  |
    |myproject_mul_mul_16s_8s_24_1_0_U1795    |myproject_mul_mul_16s_8s_24_1_0    |  i0 * i1  |
    |myproject_mul_mul_16s_8s_24_1_0_U1807    |myproject_mul_mul_16s_8s_24_1_0    |  i0 * i1  |
    |myproject_mul_mul_16s_8s_24_1_0_U1825    |myproject_mul_mul_16s_8s_24_1_0    |  i0 * i1  |
    |myproject_mul_mul_16s_8s_24_1_0_U1827    |myproject_mul_mul_16s_8s_24_1_0    |  i0 * i1  |
    |myproject_mul_mul_16s_9ns_24_1_0_U1782   |myproject_mul_mul_16s_9ns_24_1_0   |  i0 * i1  |
    |myproject_mul_mul_16s_9ns_24_1_0_U1783   |myproject_mul_mul_16s_9ns_24_1_0   |  i0 * i1  |
    |myproject_mul_mul_16s_9ns_24_1_0_U1787   |myproject_mul_mul_16s_9ns_24_1_0   |  i0 * i1  |
    |myproject_mul_mul_16s_9ns_24_1_0_U1794   |myproject_mul_mul_16s_9ns_24_1_0   |  i0 * i1  |
    |myproject_mul_mul_16s_9ns_24_1_0_U1796   |myproject_mul_mul_16s_9ns_24_1_0   |  i0 * i1  |
    |myproject_mul_mul_16s_9ns_24_1_0_U1804   |myproject_mul_mul_16s_9ns_24_1_0   |  i0 * i1  |
    |myproject_mul_mul_16s_9ns_24_1_0_U1806   |myproject_mul_mul_16s_9ns_24_1_0   |  i0 * i1  |
    |myproject_mul_mul_16s_9ns_24_1_0_U1815   |myproject_mul_mul_16s_9ns_24_1_0   |  i0 * i1  |
    |myproject_mul_mul_16s_9ns_24_1_0_U1820   |myproject_mul_mul_16s_9ns_24_1_0   |  i0 * i1  |
    |myproject_mul_mul_16s_9ns_24_1_0_U1824   |myproject_mul_mul_16s_9ns_24_1_0   |  i0 * i1  |
    |myproject_mul_mul_16s_9ns_24_1_0_U1828   |myproject_mul_mul_16s_9ns_24_1_0   |  i0 * i1  |
    |myproject_mul_mul_16s_9s_24_1_0_U1786    |myproject_mul_mul_16s_9s_24_1_0    |  i0 * i1  |
    |myproject_mul_mul_16s_9s_24_1_0_U1792    |myproject_mul_mul_16s_9s_24_1_0    |  i0 * i1  |
    |myproject_mul_mul_16s_9s_24_1_0_U1797    |myproject_mul_mul_16s_9s_24_1_0    |  i0 * i1  |
    |myproject_mul_mul_16s_9s_24_1_0_U1799    |myproject_mul_mul_16s_9s_24_1_0    |  i0 * i1  |
    |myproject_mul_mul_16s_9s_24_1_0_U1801    |myproject_mul_mul_16s_9s_24_1_0    |  i0 * i1  |
    |myproject_mul_mul_16s_9s_24_1_0_U1802    |myproject_mul_mul_16s_9s_24_1_0    |  i0 * i1  |
    |myproject_mul_mul_16s_9s_24_1_0_U1808    |myproject_mul_mul_16s_9s_24_1_0    |  i0 * i1  |
    |myproject_mul_mul_16s_9s_24_1_0_U1829    |myproject_mul_mul_16s_9s_24_1_0    |  i0 * i1  |
    |myproject_mul_mul_16s_9s_24_1_0_U1830    |myproject_mul_mul_16s_9s_24_1_0    |  i0 * i1  |
    |myproject_mul_mul_16s_9s_24_1_0_U1837    |myproject_mul_mul_16s_9s_24_1_0    |  i0 * i1  |
    +-----------------------------------------+-----------------------------------+-----------+

    * Memory: 
    N/A

    * FIFO: 
    N/A

    * Expression: 
    +---------------------------+----------+-------+---+----+------------+------------+
    |       Variable Name       | Operation| DSP48E| FF| LUT| Bitwidth P0| Bitwidth P1|
    +---------------------------+----------+-------+---+----+------------+------------+
    |mul_ln1118_116_fu_1166_p2  |     *    |      0|  0|   5|          16|           4|
    |acc_1_V_fu_2010_p2         |     +    |      0|  0|  16|          16|          16|
    |acc_2_V_fu_2019_p2         |     +    |      0|  0|  16|          16|          16|
    |acc_3_V_fu_2028_p2         |     +    |      0|  0|  16|          16|          16|
    |acc_4_V_fu_2037_p2         |     +    |      0|  0|  16|          16|          16|
    |acc_5_V_fu_2046_p2         |     +    |      0|  0|  16|          16|          16|
    |acc_6_V_fu_2055_p2         |     +    |      0|  0|  16|          16|          16|
    |acc_7_V_fu_2064_p2         |     +    |      0|  0|  16|          16|          16|
    |add_ln1118_4_fu_783_p2     |     +    |      0|  0|  22|          22|          22|
    |add_ln1118_5_fu_1058_p2    |     +    |      0|  0|  23|          23|          23|
    |add_ln1118_6_fu_1338_p2    |     +    |      0|  0|  23|          23|          23|
    |add_ln1118_7_fu_1907_p2    |     +    |      0|  0|  22|          22|          22|
    |add_ln1118_fu_654_p2       |     +    |      0|  0|  24|          24|          24|
    |add_ln703_181_fu_503_p2    |     +    |      0|  0|  16|          16|          16|
    |add_ln703_182_fu_509_p2    |     +    |      0|  0|  16|          16|          16|
    |add_ln703_183_fu_515_p2    |     +    |      0|  0|  16|          16|          16|
    |add_ln703_184_fu_521_p2    |     +    |      0|  0|  16|          16|          16|
    |add_ln703_185_fu_527_p2    |     +    |      0|  0|  16|          16|          16|
    |add_ln703_186_fu_533_p2    |     +    |      0|  0|  16|          16|           8|
    |add_ln703_187_fu_539_p2    |     +    |      0|  0|  16|          16|          16|
    |add_ln703_188_fu_1997_p2   |     +    |      0|  0|  16|          16|          16|
    |add_ln703_189_fu_2001_p2   |     +    |      0|  0|  16|          16|          16|
    |add_ln703_190_fu_670_p2    |     +    |      0|  0|  16|          16|          16|
    |add_ln703_191_fu_676_p2    |     +    |      0|  0|  16|          16|          16|
    |add_ln703_192_fu_682_p2    |     +    |      0|  0|  16|          16|          16|
    |add_ln703_193_fu_688_p2    |     +    |      0|  0|  16|          16|          16|
    |add_ln703_194_fu_694_p2    |     +    |      0|  0|  16|          16|          16|
    |add_ln703_195_fu_700_p2    |     +    |      0|  0|  16|          16|          16|
    |add_ln703_196_fu_706_p2    |     +    |      0|  0|  16|          16|           8|
    |add_ln703_197_fu_712_p2    |     +    |      0|  0|  16|          16|          16|
    |add_ln703_198_fu_2006_p2   |     +    |      0|  0|  16|          16|          16|
    |add_ln703_200_fu_848_p2    |     +    |      0|  0|  16|          16|          16|
    |add_ln703_201_fu_854_p2    |     +    |      0|  0|  16|          16|          16|
    |add_ln703_202_fu_860_p2    |     +    |      0|  0|  16|          16|          16|
    |add_ln703_203_fu_866_p2    |     +    |      0|  0|  16|          16|          16|
    |add_ln703_204_fu_872_p2    |     +    |      0|  0|  16|          16|          16|
    |add_ln703_205_fu_878_p2    |     +    |      0|  0|  16|          16|          16|
    |add_ln703_206_fu_884_p2    |     +    |      0|  0|  16|          16|           9|
    |add_ln703_207_fu_890_p2    |     +    |      0|  0|  16|          16|          16|
    |add_ln703_208_fu_2015_p2   |     +    |      0|  0|  16|          16|          16|
    |add_ln703_210_fu_1087_p2   |     +    |      0|  0|  16|          16|          16|
    |add_ln703_211_fu_1093_p2   |     +    |      0|  0|  16|          16|          16|
    |add_ln703_212_fu_1099_p2   |     +    |      0|  0|  16|          16|          16|
    |add_ln703_213_fu_1105_p2   |     +    |      0|  0|  16|          16|          16|
    |add_ln703_214_fu_1111_p2   |     +    |      0|  0|  16|          16|          16|
    |add_ln703_215_fu_1117_p2   |     +    |      0|  0|  16|          16|          16|
    |add_ln703_216_fu_1123_p2   |     +    |      0|  0|  16|          16|           7|
    |add_ln703_217_fu_1129_p2   |     +    |      0|  0|  16|          16|          16|
    |add_ln703_218_fu_2024_p2   |     +    |      0|  0|  16|          16|          16|
    |add_ln703_220_fu_1358_p2   |     +    |      0|  0|  16|          16|          16|
    |add_ln703_221_fu_1364_p2   |     +    |      0|  0|  14|          14|          14|
    |add_ln703_222_fu_1374_p2   |     +    |      0|  0|  16|          16|          16|
    |add_ln703_223_fu_1380_p2   |     +    |      0|  0|  16|          16|          16|
    |add_ln703_224_fu_1386_p2   |     +    |      0|  0|  16|          16|          16|
    |add_ln703_225_fu_1392_p2   |     +    |      0|  0|  16|          16|          16|
    |add_ln703_226_fu_1398_p2   |     +    |      0|  0|  16|          16|           8|
    |add_ln703_227_fu_1404_p2   |     +    |      0|  0|  16|          16|          16|
    |add_ln703_228_fu_2033_p2   |     +    |      0|  0|  16|          16|          16|
    |add_ln703_230_fu_1544_p2   |     +    |      0|  0|  16|          16|          16|
    |add_ln703_231_fu_1550_p2   |     +    |      0|  0|  16|          16|          16|
    |add_ln703_232_fu_1556_p2   |     +    |      0|  0|  16|          16|          16|
    |add_ln703_233_fu_1562_p2   |     +    |      0|  0|  16|          16|          16|
    |add_ln703_234_fu_1568_p2   |     +    |      0|  0|  16|          16|          16|
    |add_ln703_235_fu_1574_p2   |     +    |      0|  0|  16|          16|          16|
    |add_ln703_236_fu_1580_p2   |     +    |      0|  0|   9|           9|           9|
    |add_ln703_237_fu_1590_p2   |     +    |      0|  0|  16|          16|          16|
    |add_ln703_238_fu_2042_p2   |     +    |      0|  0|  16|          16|          16|
    |add_ln703_240_fu_1694_p2   |     +    |      0|  0|  16|          16|          16|
    |add_ln703_241_fu_1700_p2   |     +    |      0|  0|  16|          16|          16|
    |add_ln703_242_fu_1706_p2   |     +    |      0|  0|  16|          16|          16|
    |add_ln703_243_fu_1712_p2   |     +    |      0|  0|  16|          16|          16|
    |add_ln703_244_fu_1718_p2   |     +    |      0|  0|  16|          16|          16|
    |add_ln703_245_fu_1724_p2   |     +    |      0|  0|  16|          16|          16|
    |add_ln703_246_fu_1730_p2   |     +    |      0|  0|  16|          16|           8|
    |add_ln703_247_fu_1736_p2   |     +    |      0|  0|  16|          16|          16|
    |add_ln703_248_fu_2051_p2   |     +    |      0|  0|  16|          16|          16|
    |add_ln703_250_fu_1941_p2   |     +    |      0|  0|  16|          16|          16|
    |add_ln703_251_fu_1947_p2   |     +    |      0|  0|  15|          15|          15|
    |add_ln703_252_fu_1957_p2   |     +    |      0|  0|  16|          16|          16|
    |add_ln703_253_fu_1963_p2   |     +    |      0|  0|  16|          16|          16|
    |add_ln703_254_fu_1969_p2   |     +    |      0|  0|  16|          16|          16|
    |add_ln703_255_fu_1975_p2   |     +    |      0|  0|  16|          16|          16|
    |add_ln703_256_fu_1981_p2   |     +    |      0|  0|  15|          15|           7|
    |add_ln703_257_fu_1991_p2   |     +    |      0|  0|  16|          16|          16|
    |add_ln703_258_fu_2060_p2   |     +    |      0|  0|  16|          16|          16|
    |add_ln703_fu_497_p2        |     +    |      0|  0|  16|          16|          16|
    |sub_ln1118_27_fu_400_p2    |     -    |      0|  0|  21|          21|          21|
    |sub_ln1118_28_fu_996_p2    |     -    |      0|  0|  24|          24|          24|
    |sub_ln1118_29_fu_1202_p2   |     -    |      0|  0|  21|          21|          21|
    |sub_ln1118_30_fu_1226_p2   |     -    |      0|  0|  23|          23|          23|
    |sub_ln1118_31_fu_1276_p2   |     -    |      0|  0|  16|           1|          22|
    |sub_ln1118_32_fu_1294_p2   |     -    |      0|  0|  16|          22|          22|
    |sub_ln1118_33_fu_1462_p2   |     -    |      0|  0|  19|           1|          19|
    |sub_ln1118_34_fu_1788_p2   |     -    |      0|  0|  24|          24|          24|
    |sub_ln1118_35_fu_1828_p2   |     -    |      0|  0|  22|          22|          22|
    |sub_ln1118_36_fu_1860_p2   |     -    |      0|  0|  20|          20|          20|
    |sub_ln1118_fu_929_p2       |     -    |      0|  0|  22|          22|          22|
    +---------------------------+----------+-------+---+----+------------+------------+
    |Total                      |          |      0|  0|1616|        1600|        1571|
    +---------------------------+----------+-------+---+----+------------+------------+

    * Multiplexer: 
    +-------------+----+-----------+-----+-----------+
    |     Name    | LUT| Input Size| Bits| Total Bits|
    +-------------+----+-----------+-----+-----------+
    |ap_return_0  |   9|          2|   16|         32|
    |ap_return_1  |   9|          2|   16|         32|
    |ap_return_2  |   9|          2|   16|         32|
    |ap_return_3  |   9|          2|   16|         32|
    |ap_return_4  |   9|          2|   16|         32|
    |ap_return_5  |   9|          2|   16|         32|
    |ap_return_6  |   9|          2|   16|         32|
    |ap_return_7  |   9|          2|   16|         32|
    +-------------+----+-----------+-----+-----------+
    |Total        |  72|         16|  128|        256|
    +-------------+----+-----------+-----+-----------+

    * Register: 
    +------------------------+----+----+-----+-----------+
    |          Name          | FF | LUT| Bits| Const Bits|
    +------------------------+----+----+-----+-----------+
    |add_ln703_183_reg_2544  |  16|   0|   16|          0|
    |add_ln703_185_reg_2549  |  16|   0|   16|          0|
    |add_ln703_187_reg_2554  |  16|   0|   16|          0|
    |add_ln703_193_reg_2559  |  16|   0|   16|          0|
    |add_ln703_195_reg_2564  |  16|   0|   16|          0|
    |add_ln703_197_reg_2569  |  16|   0|   16|          0|
    |add_ln703_203_reg_2574  |  16|   0|   16|          0|
    |add_ln703_205_reg_2579  |  16|   0|   16|          0|
    |add_ln703_207_reg_2584  |  16|   0|   16|          0|
    |add_ln703_213_reg_2589  |  16|   0|   16|          0|
    |add_ln703_215_reg_2594  |  16|   0|   16|          0|
    |add_ln703_217_reg_2599  |  16|   0|   16|          0|
    |add_ln703_223_reg_2604  |  16|   0|   16|          0|
    |add_ln703_225_reg_2609  |  16|   0|   16|          0|
    |add_ln703_227_reg_2614  |  16|   0|   16|          0|
    |add_ln703_233_reg_2619  |  16|   0|   16|          0|
    |add_ln703_235_reg_2624  |  16|   0|   16|          0|
    |add_ln703_237_reg_2629  |  16|   0|   16|          0|
    |add_ln703_243_reg_2634  |  16|   0|   16|          0|
    |add_ln703_245_reg_2639  |  16|   0|   16|          0|
    |add_ln703_247_reg_2644  |  16|   0|   16|          0|
    |add_ln703_253_reg_2649  |  16|   0|   16|          0|
    |add_ln703_255_reg_2654  |  16|   0|   16|          0|
    |add_ln703_257_reg_2659  |  16|   0|   16|          0|
    |ap_ce_reg               |   1|   0|    1|          0|
    |ap_return_0_int_reg     |  16|   0|   16|          0|
    |ap_return_1_int_reg     |  16|   0|   16|          0|
    |ap_return_2_int_reg     |  16|   0|   16|          0|
    |ap_return_3_int_reg     |  16|   0|   16|          0|
    |ap_return_4_int_reg     |  16|   0|   16|          0|
    |ap_return_5_int_reg     |  16|   0|   16|          0|
    |ap_return_6_int_reg     |  16|   0|   16|          0|
    |ap_return_7_int_reg     |  16|   0|   16|          0|
    +------------------------+----+----+-----+-----------+
    |Total                   | 513|   0|  513|          0|
    +------------------------+----+----+-----+-----------+



================================================================
== Interface
================================================================
* Summary: 
+---------------+-----+-----+------------+-----------------------------------------------+--------------+
|   RTL Ports   | Dir | Bits|  Protocol  |                 Source Object                 |    C Type    |
+---------------+-----+-----+------------+-----------------------------------------------+--------------+
|ap_clk         |  in |    1| ap_ctrl_hs | dense_resource_rf_leq_nin.0.0.0.0.0.0.0.0.0.3 | return value |
|ap_rst         |  in |    1| ap_ctrl_hs | dense_resource_rf_leq_nin.0.0.0.0.0.0.0.0.0.3 | return value |
|ap_return_0    | out |   16| ap_ctrl_hs | dense_resource_rf_leq_nin.0.0.0.0.0.0.0.0.0.3 | return value |
|ap_return_1    | out |   16| ap_ctrl_hs | dense_resource_rf_leq_nin.0.0.0.0.0.0.0.0.0.3 | return value |
|ap_return_2    | out |   16| ap_ctrl_hs | dense_resource_rf_leq_nin.0.0.0.0.0.0.0.0.0.3 | return value |
|ap_return_3    | out |   16| ap_ctrl_hs | dense_resource_rf_leq_nin.0.0.0.0.0.0.0.0.0.3 | return value |
|ap_return_4    | out |   16| ap_ctrl_hs | dense_resource_rf_leq_nin.0.0.0.0.0.0.0.0.0.3 | return value |
|ap_return_5    | out |   16| ap_ctrl_hs | dense_resource_rf_leq_nin.0.0.0.0.0.0.0.0.0.3 | return value |
|ap_return_6    | out |   16| ap_ctrl_hs | dense_resource_rf_leq_nin.0.0.0.0.0.0.0.0.0.3 | return value |
|ap_return_7    | out |   16| ap_ctrl_hs | dense_resource_rf_leq_nin.0.0.0.0.0.0.0.0.0.3 | return value |
|ap_ce          |  in |    1| ap_ctrl_hs | dense_resource_rf_leq_nin.0.0.0.0.0.0.0.0.0.3 | return value |
|data_0_V_read  |  in |   16|   ap_none  |                 data_0_V_read                 |    scalar    |
|data_1_V_read  |  in |   16|   ap_none  |                 data_1_V_read                 |    scalar    |
|data_2_V_read  |  in |   16|   ap_none  |                 data_2_V_read                 |    scalar    |
|data_3_V_read  |  in |   16|   ap_none  |                 data_3_V_read                 |    scalar    |
|data_4_V_read  |  in |   16|   ap_none  |                 data_4_V_read                 |    scalar    |
|data_5_V_read  |  in |   16|   ap_none  |                 data_5_V_read                 |    scalar    |
|data_6_V_read  |  in |   16|   ap_none  |                 data_6_V_read                 |    scalar    |
|data_7_V_read  |  in |   16|   ap_none  |                 data_7_V_read                 |    scalar    |
|data_8_V_read  |  in |   16|   ap_none  |                 data_8_V_read                 |    scalar    |
|data_9_V_read  |  in |   16|   ap_none  |                 data_9_V_read                 |    scalar    |
+---------------+-----+-----+------------+-----------------------------------------------+--------------+

