

================================================================
== Vivado HLS Report for 'dense_resource_rf_leq_nin_0_0_0_0_0'
================================================================
* Date:           Tue Nov  9 10:00:43 2021

* Version:        2019.2 (Build 2704478 on Wed Nov 06 22:10:23 MST 2019)
* Project:        myproject_prj
* Solution:       solution12
* Product family: virtexuplus
* Target device:  xcvu9p-flga2104-2L-e


================================================================
== Performance Estimates
================================================================
+ Timing: 
    * Summary: 
    +--------+---------+----------+------------+
    |  Clock |  Target | Estimated| Uncertainty|
    +--------+---------+----------+------------+
    |ap_clk  | 5.00 ns | 3.816 ns |   0.62 ns  |
    +--------+---------+----------+------------+

+ Latency: 
    * Summary: 
    +---------+---------+----------+----------+-----+-----+----------+
    |  Latency (cycles) |  Latency (absolute) |  Interval | Pipeline |
    |   min   |   max   |    min   |    max   | min | max |   Type   |
    +---------+---------+----------+----------+-----+-----+----------+
    |        1|        1| 5.000 ns | 5.000 ns |    1|    1| function |
    +---------+---------+----------+----------+-----+-----+----------+

    + Detail: 
        * Instance: 
        N/A

        * Loop: 
        N/A



================================================================
== Utilization Estimates
================================================================
* Summary: 
+---------------------+---------+-------+---------+---------+-----+
|         Name        | BRAM_18K| DSP48E|    FF   |   LUT   | URAM|
+---------------------+---------+-------+---------+---------+-----+
|DSP                  |        -|     19|        -|        -|    -|
|Expression           |        -|      -|        0|      701|    -|
|FIFO                 |        -|      -|        -|        -|    -|
|Instance             |        -|      -|        -|        -|    -|
|Memory               |        -|      -|        -|        -|    -|
|Multiplexer          |        -|      -|        -|       36|    -|
|Register             |        -|      -|      221|        -|    -|
+---------------------+---------+-------+---------+---------+-----+
|Total                |        0|     19|      221|      737|    0|
+---------------------+---------+-------+---------+---------+-----+
|Available SLR        |     1440|   2280|   788160|   394080|  320|
+---------------------+---------+-------+---------+---------+-----+
|Utilization SLR (%)  |        0|   ~0  |    ~0   |    ~0   |    0|
+---------------------+---------+-------+---------+---------+-----+
|Available            |     4320|   6840|  2364480|  1182240|  960|
+---------------------+---------+-------+---------+---------+-----+
|Utilization (%)      |        0|   ~0  |    ~0   |    ~0   |    0|
+---------------------+---------+-------+---------+---------+-----+

+ Detail: 
    * Instance: 
    N/A

    * DSP48E: 
    +----------------------------------------+-----------------------------------+-----------+
    |                Instance                |               Module              | Expression|
    +----------------------------------------+-----------------------------------+-----------+
    |myproject_mul_mul_16s_11ns_24_1_0_U817  |myproject_mul_mul_16s_11ns_24_1_0  |  i0 * i1  |
    |myproject_mul_mul_16s_11s_24_1_0_U816   |myproject_mul_mul_16s_11s_24_1_0   |  i0 * i1  |
    |myproject_mul_mul_16s_11s_24_1_0_U822   |myproject_mul_mul_16s_11s_24_1_0   |  i0 * i1  |
    |myproject_mul_mul_16s_12ns_24_1_0_U826  |myproject_mul_mul_16s_12ns_24_1_0  |  i0 * i1  |
    |myproject_mul_mul_16s_6s_22_1_0_U820    |myproject_mul_mul_16s_6s_22_1_0    |  i0 * i1  |
    |myproject_mul_mul_16s_7ns_23_1_0_U818   |myproject_mul_mul_16s_7ns_23_1_0   |  i0 * i1  |
    |myproject_mul_mul_16s_7ns_23_1_0_U821   |myproject_mul_mul_16s_7ns_23_1_0   |  i0 * i1  |
    |myproject_mul_mul_16s_7ns_23_1_0_U824   |myproject_mul_mul_16s_7ns_23_1_0   |  i0 * i1  |
    |myproject_mul_mul_16s_7ns_23_1_0_U827   |myproject_mul_mul_16s_7ns_23_1_0   |  i0 * i1  |
    |myproject_mul_mul_16s_7ns_23_1_0_U829   |myproject_mul_mul_16s_7ns_23_1_0   |  i0 * i1  |
    |myproject_mul_mul_16s_7s_23_1_0_U815    |myproject_mul_mul_16s_7s_23_1_0    |  i0 * i1  |
    |myproject_mul_mul_16s_7s_23_1_0_U819    |myproject_mul_mul_16s_7s_23_1_0    |  i0 * i1  |
    |myproject_mul_mul_16s_7s_23_1_0_U833    |myproject_mul_mul_16s_7s_23_1_0    |  i0 * i1  |
    |myproject_mul_mul_16s_8ns_24_1_0_U823   |myproject_mul_mul_16s_8ns_24_1_0   |  i0 * i1  |
    |myproject_mul_mul_16s_8s_24_1_0_U825    |myproject_mul_mul_16s_8s_24_1_0    |  i0 * i1  |
    |myproject_mul_mul_16s_9ns_24_1_0_U828   |myproject_mul_mul_16s_9ns_24_1_0   |  i0 * i1  |
    |myproject_mul_mul_16s_9ns_24_1_0_U831   |myproject_mul_mul_16s_9ns_24_1_0   |  i0 * i1  |
    |myproject_mul_mul_16s_9s_24_1_0_U830    |myproject_mul_mul_16s_9s_24_1_0    |  i0 * i1  |
    |myproject_mul_mul_16s_9s_24_1_0_U832    |myproject_mul_mul_16s_9s_24_1_0    |  i0 * i1  |
    +----------------------------------------+-----------------------------------+-----------+

    * Memory: 
    N/A

    * FIFO: 
    N/A

    * Expression: 
    +-------------------------+----------+-------+---+----+------------+------------+
    |      Variable Name      | Operation| DSP48E| FF| LUT| Bitwidth P0| Bitwidth P1|
    +-------------------------+----------+-------+---+----+------------+------------+
    |acc_1_V_fu_813_p2        |     +    |      0|  0|  16|          16|          16|
    |acc_2_V_fu_938_p2        |     +    |      0|  0|  16|          16|          16|
    |acc_3_V_fu_1001_p2       |     +    |      0|  0|  16|          16|          16|
    |add_ln1118_fu_745_p2     |     +    |      0|  0|  20|          20|          20|
    |add_ln703_318_fu_700_p2  |     +    |      0|  0|  16|          16|          16|
    |add_ln703_64_fu_688_p2   |     +    |      0|  0|  16|          16|          16|
    |add_ln703_65_fu_694_p2   |     +    |      0|  0|  16|          16|          16|
    |add_ln703_66_fu_276_p2   |     +    |      0|  0|  16|          16|          16|
    |add_ln703_67_fu_282_p2   |     +    |      0|  0|  15|          15|           8|
    |add_ln703_68_fu_292_p2   |     +    |      0|  0|  16|          16|          16|
    |add_ln703_69_fu_298_p2   |     +    |      0|  0|  16|          16|          16|
    |add_ln703_71_fu_784_p2   |     +    |      0|  0|  16|          16|          16|
    |add_ln703_72_fu_790_p2   |     +    |      0|  0|  16|          16|          16|
    |add_ln703_73_fu_796_p2   |     +    |      0|  0|  16|          16|          16|
    |add_ln703_74_fu_802_p2   |     +    |      0|  0|  16|          16|          16|
    |add_ln703_75_fu_382_p2   |     +    |      0|  0|  16|          16|           8|
    |add_ln703_76_fu_388_p2   |     +    |      0|  0|  16|          16|          16|
    |add_ln703_77_fu_808_p2   |     +    |      0|  0|  16|          16|          16|
    |add_ln703_79_fu_920_p2   |     +    |      0|  0|  16|          16|          16|
    |add_ln703_80_fu_926_p2   |     +    |      0|  0|  16|          16|          16|
    |add_ln703_81_fu_932_p2   |     +    |      0|  0|  16|          16|          16|
    |add_ln703_82_fu_471_p2   |     +    |      0|  0|  16|          16|          16|
    |add_ln703_83_fu_477_p2   |     +    |      0|  0|   9|           9|           7|
    |add_ln703_84_fu_487_p2   |     +    |      0|  0|  13|          13|          13|
    |add_ln703_85_fu_497_p2   |     +    |      0|  0|  16|          16|          16|
    |add_ln703_87_fu_983_p2   |     +    |      0|  0|  16|          16|          16|
    |add_ln703_88_fu_989_p2   |     +    |      0|  0|  16|          16|          16|
    |add_ln703_89_fu_995_p2   |     +    |      0|  0|  16|          16|          16|
    |add_ln703_90_fu_592_p2   |     +    |      0|  0|  16|          16|          16|
    |add_ln703_91_fu_598_p2   |     +    |      0|  0|  15|          15|           8|
    |add_ln703_92_fu_608_p2   |     +    |      0|  0|  16|          16|          16|
    |add_ln703_93_fu_614_p2   |     +    |      0|  0|  16|          16|          16|
    |add_ln703_fu_682_p2      |     +    |      0|  0|  16|          16|          16|
    |sub_ln1118_1_fu_304_p2   |     -    |      0|  0|  21|          21|          21|
    |sub_ln1118_2_fu_344_p2   |     -    |      0|  0|  23|          23|          23|
    |sub_ln1118_3_fu_839_p2   |     -    |      0|  0|  16|           1|          20|
    |sub_ln1118_4_fu_856_p2   |     -    |      0|  0|  16|          20|          20|
    |sub_ln1118_5_fu_887_p2   |     -    |      0|  0|  19|          19|          19|
    |sub_ln1118_6_fu_451_p2   |     -    |      0|  0|  20|           1|          20|
    |sub_ln1118_7_fu_540_p2   |     -    |      0|  0|  23|          23|          23|
    |sub_ln1118_8_fu_572_p2   |     -    |      0|  0|  22|          22|          22|
    |sub_ln1118_fu_204_p2     |     -    |      0|  0|  21|          21|          21|
    +-------------------------+----------+-------+---+----+------------+------------+
    |Total                    |          |      0|  0| 701|         671|         685|
    +-------------------------+----------+-------+---+----+------------+------------+

    * Multiplexer: 
    +-------------+----+-----------+-----+-----------+
    |     Name    | LUT| Input Size| Bits| Total Bits|
    +-------------+----+-----------+-----+-----------+
    |ap_return_0  |   9|          2|   16|         32|
    |ap_return_1  |   9|          2|   16|         32|
    |ap_return_2  |   9|          2|   16|         32|
    |ap_return_3  |   9|          2|   16|         32|
    +-------------+----+-----------+-----+-----------+
    |Total        |  36|          8|   64|        128|
    +-------------+----+-----------+-----+-----------+

    * Register: 
    +---------------------------+----+----+-----+-----------+
    |            Name           | FF | LUT| Bits| Const Bits|
    +---------------------------+----+----+-----+-----------+
    |add_ln703_69_reg_1190      |  16|   0|   16|          0|
    |add_ln703_76_reg_1205      |  16|   0|   16|          0|
    |add_ln703_85_reg_1210      |  16|   0|   16|          0|
    |add_ln703_93_reg_1215      |  16|   0|   16|          0|
    |ap_ce_reg                  |   1|   0|    1|          0|
    |ap_return_0_int_reg        |  16|   0|   16|          0|
    |ap_return_1_int_reg        |  16|   0|   16|          0|
    |ap_return_2_int_reg        |  16|   0|   16|          0|
    |ap_return_3_int_reg        |  16|   0|   16|          0|
    |data_0_V_read_13_reg_1184  |  16|   0|   16|          0|
    |data_1_V_read_13_reg_1177  |  16|   0|   16|          0|
    |data_2_V_read_13_reg_1168  |  16|   0|   16|          0|
    |data_3_V_read_13_reg_1163  |  16|   0|   16|          0|
    |trunc_ln708_12_reg_1195    |  13|   0|   13|          0|
    |trunc_ln708_13_reg_1200    |  15|   0|   15|          0|
    +---------------------------+----+----+-----+-----------+
    |Total                      | 221|   0|  221|          0|
    +---------------------------+----+----+-----+-----------+



================================================================
== Interface
================================================================
* Summary: 
+---------------+-----+-----+------------+-------------------------------------+--------------+
|   RTL Ports   | Dir | Bits|  Protocol  |            Source Object            |    C Type    |
+---------------+-----+-----+------------+-------------------------------------+--------------+
|ap_clk         |  in |    1| ap_ctrl_hs | dense_resource_rf_leq_nin.0.0.0.0.0 | return value |
|ap_rst         |  in |    1| ap_ctrl_hs | dense_resource_rf_leq_nin.0.0.0.0.0 | return value |
|ap_return_0    | out |   16| ap_ctrl_hs | dense_resource_rf_leq_nin.0.0.0.0.0 | return value |
|ap_return_1    | out |   16| ap_ctrl_hs | dense_resource_rf_leq_nin.0.0.0.0.0 | return value |
|ap_return_2    | out |   16| ap_ctrl_hs | dense_resource_rf_leq_nin.0.0.0.0.0 | return value |
|ap_return_3    | out |   16| ap_ctrl_hs | dense_resource_rf_leq_nin.0.0.0.0.0 | return value |
|ap_ce          |  in |    1| ap_ctrl_hs | dense_resource_rf_leq_nin.0.0.0.0.0 | return value |
|data_0_V_read  |  in |   16|   ap_none  |            data_0_V_read            |    scalar    |
|data_1_V_read  |  in |   16|   ap_none  |            data_1_V_read            |    scalar    |
|data_2_V_read  |  in |   16|   ap_none  |            data_2_V_read            |    scalar    |
|data_3_V_read  |  in |   16|   ap_none  |            data_3_V_read            |    scalar    |
|data_4_V_read  |  in |   16|   ap_none  |            data_4_V_read            |    scalar    |
|data_5_V_read  |  in |   16|   ap_none  |            data_5_V_read            |    scalar    |
|data_6_V_read  |  in |   16|   ap_none  |            data_6_V_read            |    scalar    |
|data_7_V_read  |  in |   16|   ap_none  |            data_7_V_read            |    scalar    |
+---------------+-----+-----+------------+-------------------------------------+--------------+

