

================================================================
== Vivado HLS Report for 'reduce_ap_fixed_16_Op_add_ap_fixed_16_8_5_3_0_s'
================================================================
* Date:           Tue Nov  9 10:01:13 2021

* Version:        2019.2 (Build 2704478 on Wed Nov 06 22:10:23 MST 2019)
* Project:        myproject_prj
* Solution:       solution12
* Product family: virtexuplus
* Target device:  xcvu9p-flga2104-2L-e


================================================================
== Performance Estimates
================================================================
+ Timing: 
    * Summary: 
    +--------+---------+----------+------------+
    |  Clock |  Target | Estimated| Uncertainty|
    +--------+---------+----------+------------+
    |ap_clk  | 5.00 ns | 2.633 ns |   0.62 ns  |
    +--------+---------+----------+------------+

+ Latency: 
    * Summary: 
    +---------+---------+----------+----------+-----+-----+----------+
    |  Latency (cycles) |  Latency (absolute) |  Interval | Pipeline |
    |   min   |   max   |    min   |    max   | min | max |   Type   |
    +---------+---------+----------+----------+-----+-----+----------+
    |        0|        0|   0 ns   |   0 ns   |    1|    1| function |
    +---------+---------+----------+----------+-----+-----+----------+

    + Detail: 
        * Instance: 
        N/A

        * Loop: 
        N/A



================================================================
== Utilization Estimates
================================================================
* Summary: 
+---------------------+---------+-------+---------+---------+-----+
|         Name        | BRAM_18K| DSP48E|    FF   |   LUT   | URAM|
+---------------------+---------+-------+---------+---------+-----+
|DSP                  |        -|      -|        -|        -|    -|
|Expression           |        -|      -|        0|      240|    -|
|FIFO                 |        -|      -|        -|        -|    -|
|Instance             |        -|      -|        -|        -|    -|
|Memory               |        -|      -|        -|        -|    -|
|Multiplexer          |        -|      -|        -|        -|    -|
|Register             |        -|      -|        -|        -|    -|
+---------------------+---------+-------+---------+---------+-----+
|Total                |        0|      0|        0|      240|    0|
+---------------------+---------+-------+---------+---------+-----+
|Available SLR        |     1440|   2280|   788160|   394080|  320|
+---------------------+---------+-------+---------+---------+-----+
|Utilization SLR (%)  |        0|      0|        0|    ~0   |    0|
+---------------------+---------+-------+---------+---------+-----+
|Available            |     4320|   6840|  2364480|  1182240|  960|
+---------------------+---------+-------+---------+---------+-----+
|Utilization (%)      |        0|      0|        0|    ~0   |    0|
+---------------------+---------+-------+---------+---------+-----+

+ Detail: 
    * Instance: 
    N/A

    * DSP48E: 
    N/A

    * Memory: 
    N/A

    * FIFO: 
    N/A

    * Expression: 
    +------------------------+----------+-------+---+----+------------+------------+
    |      Variable Name     | Operation| DSP48E| FF| LUT| Bitwidth P0| Bitwidth P1|
    +------------------------+----------+-------+---+----+------------+------------+
    |add_ln703_10_fu_184_p2  |     +    |      0|  0|  16|          16|          16|
    |add_ln703_11_fu_190_p2  |     +    |      0|  0|  16|          16|          16|
    |add_ln703_12_fu_196_p2  |     +    |      0|  0|  16|          16|          16|
    |add_ln703_13_fu_202_p2  |     +    |      0|  0|  16|          16|          16|
    |add_ln703_14_fu_208_p2  |     +    |      0|  0|  16|          16|          16|
    |add_ln703_1_fu_130_p2   |     +    |      0|  0|  16|          16|          16|
    |add_ln703_2_fu_136_p2   |     +    |      0|  0|  16|          16|          16|
    |add_ln703_3_fu_142_p2   |     +    |      0|  0|  16|          16|          16|
    |add_ln703_4_fu_148_p2   |     +    |      0|  0|  16|          16|          16|
    |add_ln703_5_fu_154_p2   |     +    |      0|  0|  16|          16|          16|
    |add_ln703_6_fu_160_p2   |     +    |      0|  0|  16|          16|          16|
    |add_ln703_7_fu_166_p2   |     +    |      0|  0|  16|          16|          16|
    |add_ln703_8_fu_172_p2   |     +    |      0|  0|  16|          16|          16|
    |add_ln703_9_fu_178_p2   |     +    |      0|  0|  16|          16|          16|
    |ap_return               |     +    |      0|  0|  16|          16|          16|
    +------------------------+----------+-------+---+----+------------+------------+
    |Total                   |          |      0|  0| 240|         240|         240|
    +------------------------+----------+-------+---+----+------------+------------+

    * Multiplexer: 
    N/A

    * Register: 
    N/A



================================================================
== Interface
================================================================
* Summary: 
+-------------+-----+-----+------------+--------------------------------------------------+--------------+
|  RTL Ports  | Dir | Bits|  Protocol  |                   Source Object                  |    C Type    |
+-------------+-----+-----+------------+--------------------------------------------------+--------------+
|ap_ready     | out |    1| ap_ctrl_hs | reduce<ap_fixed,16,Op_add<ap_fixed<16,8,5,3,0>>> | return value |
|ap_return    | out |   16| ap_ctrl_hs | reduce<ap_fixed,16,Op_add<ap_fixed<16,8,5,3,0>>> | return value |
|x_0_V_read   |  in |   16|   ap_none  |                    x_0_V_read                    |    scalar    |
|x_1_V_read   |  in |   16|   ap_none  |                    x_1_V_read                    |    scalar    |
|x_2_V_read   |  in |   16|   ap_none  |                    x_2_V_read                    |    scalar    |
|x_3_V_read   |  in |   16|   ap_none  |                    x_3_V_read                    |    scalar    |
|x_4_V_read   |  in |   16|   ap_none  |                    x_4_V_read                    |    scalar    |
|x_5_V_read   |  in |   16|   ap_none  |                    x_5_V_read                    |    scalar    |
|x_6_V_read   |  in |   16|   ap_none  |                    x_6_V_read                    |    scalar    |
|x_7_V_read   |  in |   16|   ap_none  |                    x_7_V_read                    |    scalar    |
|x_8_V_read   |  in |   16|   ap_none  |                    x_8_V_read                    |    scalar    |
|x_9_V_read   |  in |   16|   ap_none  |                    x_9_V_read                    |    scalar    |
|x_10_V_read  |  in |   16|   ap_none  |                    x_10_V_read                   |    scalar    |
|x_11_V_read  |  in |   16|   ap_none  |                    x_11_V_read                   |    scalar    |
|x_12_V_read  |  in |   16|   ap_none  |                    x_12_V_read                   |    scalar    |
|x_13_V_read  |  in |   16|   ap_none  |                    x_13_V_read                   |    scalar    |
|x_14_V_read  |  in |   16|   ap_none  |                    x_14_V_read                   |    scalar    |
|x_15_V_read  |  in |   16|   ap_none  |                    x_15_V_read                   |    scalar    |
+-------------+-----+-----+------------+--------------------------------------------------+--------------+

