

================================================================
== Vivado HLS Report for 'relu_ap_fixed_ap_fixed_16_8_5_3_0_relu_config1_1'
================================================================
* Date:           Tue Nov  9 10:02:21 2021

* Version:        2019.2 (Build 2704478 on Wed Nov 06 22:10:23 MST 2019)
* Project:        myproject_prj
* Solution:       solution12
* Product family: virtexuplus
* Target device:  xcvu9p-flga2104-2L-e


================================================================
== Performance Estimates
================================================================
+ Timing: 
    * Summary: 
    +--------+---------+----------+------------+
    |  Clock |  Target | Estimated| Uncertainty|
    +--------+---------+----------+------------+
    |ap_clk  | 5.00 ns | 0.969 ns |   0.62 ns  |
    +--------+---------+----------+------------+

+ Latency: 
    * Summary: 
    +---------+---------+----------+----------+-----+-----+----------+
    |  Latency (cycles) |  Latency (absolute) |  Interval | Pipeline |
    |   min   |   max   |    min   |    max   | min | max |   Type   |
    +---------+---------+----------+----------+-----+-----+----------+
    |        0|        0|   0 ns   |   0 ns   |    1|    1| function |
    +---------+---------+----------+----------+-----+-----+----------+

    + Detail: 
        * Instance: 
        N/A

        * Loop: 
        N/A



================================================================
== Utilization Estimates
================================================================
* Summary: 
+---------------------+---------+-------+---------+---------+-----+
|         Name        | BRAM_18K| DSP48E|    FF   |   LUT   | URAM|
+---------------------+---------+-------+---------+---------+-----+
|DSP                  |        -|      -|        -|        -|    -|
|Expression           |        -|      -|        0|      224|    -|
|FIFO                 |        -|      -|        -|        -|    -|
|Instance             |        -|      -|        -|        -|    -|
|Memory               |        -|      -|        -|        -|    -|
|Multiplexer          |        -|      -|        -|        -|    -|
|Register             |        -|      -|        -|        -|    -|
+---------------------+---------+-------+---------+---------+-----+
|Total                |        0|      0|        0|      224|    0|
+---------------------+---------+-------+---------+---------+-----+
|Available SLR        |     1440|   2280|   788160|   394080|  320|
+---------------------+---------+-------+---------+---------+-----+
|Utilization SLR (%)  |        0|      0|        0|    ~0   |    0|
+---------------------+---------+-------+---------+---------+-----+
|Available            |     4320|   6840|  2364480|  1182240|  960|
+---------------------+---------+-------+---------+---------+-----+
|Utilization (%)      |        0|      0|        0|    ~0   |    0|
+---------------------+---------+-------+---------+---------+-----+

+ Detail: 
    * Instance: 
    N/A

    * DSP48E: 
    N/A

    * Memory: 
    N/A

    * FIFO: 
    N/A

    * Expression: 
    +--------------------------+----------+-------+---+----+------------+------------+
    |       Variable Name      | Operation| DSP48E| FF| LUT| Bitwidth P0| Bitwidth P1|
    +--------------------------+----------+-------+---+----+------------+------------+
    |icmp_ln1494_1_fu_110_p2   |   icmp   |      0|  0|  13|          16|           1|
    |icmp_ln1494_2_fu_132_p2   |   icmp   |      0|  0|  13|          16|           1|
    |icmp_ln1494_3_fu_154_p2   |   icmp   |      0|  0|  13|          16|           1|
    |icmp_ln1494_4_fu_176_p2   |   icmp   |      0|  0|  13|          16|           1|
    |icmp_ln1494_5_fu_198_p2   |   icmp   |      0|  0|  13|          16|           1|
    |icmp_ln1494_6_fu_220_p2   |   icmp   |      0|  0|  13|          16|           1|
    |icmp_ln1494_7_fu_242_p2   |   icmp   |      0|  0|  13|          16|           1|
    |icmp_ln1494_fu_88_p2      |   icmp   |      0|  0|  13|          16|           1|
    |select_ln81_29_fu_120_p3  |  select  |      0|  0|  15|           1|          15|
    |select_ln81_30_fu_142_p3  |  select  |      0|  0|  15|           1|          15|
    |select_ln81_31_fu_164_p3  |  select  |      0|  0|  15|           1|          15|
    |select_ln81_32_fu_186_p3  |  select  |      0|  0|  15|           1|          15|
    |select_ln81_33_fu_208_p3  |  select  |      0|  0|  15|           1|          15|
    |select_ln81_34_fu_230_p3  |  select  |      0|  0|  15|           1|          15|
    |select_ln81_35_fu_252_p3  |  select  |      0|  0|  15|           1|          15|
    |select_ln81_fu_98_p3      |  select  |      0|  0|  15|           1|          15|
    +--------------------------+----------+-------+---+----+------------+------------+
    |Total                     |          |      0|  0| 224|         136|         128|
    +--------------------------+----------+-------+---+----+------------+------------+

    * Multiplexer: 
    N/A

    * Register: 
    N/A



================================================================
== Interface
================================================================
* Summary: 
+---------------+-----+-----+------------+----------------------------------------------------+--------------+
|   RTL Ports   | Dir | Bits|  Protocol  |                    Source Object                   |    C Type    |
+---------------+-----+-----+------------+----------------------------------------------------+--------------+
|ap_ready       | out |    1| ap_ctrl_hs | relu<ap_fixed,ap_fixed<16,8,5,3,0>,relu_config1>.1 | return value |
|ap_return_0    | out |   16| ap_ctrl_hs | relu<ap_fixed,ap_fixed<16,8,5,3,0>,relu_config1>.1 | return value |
|ap_return_1    | out |   16| ap_ctrl_hs | relu<ap_fixed,ap_fixed<16,8,5,3,0>,relu_config1>.1 | return value |
|ap_return_2    | out |   16| ap_ctrl_hs | relu<ap_fixed,ap_fixed<16,8,5,3,0>,relu_config1>.1 | return value |
|ap_return_3    | out |   16| ap_ctrl_hs | relu<ap_fixed,ap_fixed<16,8,5,3,0>,relu_config1>.1 | return value |
|ap_return_4    | out |   16| ap_ctrl_hs | relu<ap_fixed,ap_fixed<16,8,5,3,0>,relu_config1>.1 | return value |
|ap_return_5    | out |   16| ap_ctrl_hs | relu<ap_fixed,ap_fixed<16,8,5,3,0>,relu_config1>.1 | return value |
|ap_return_6    | out |   16| ap_ctrl_hs | relu<ap_fixed,ap_fixed<16,8,5,3,0>,relu_config1>.1 | return value |
|ap_return_7    | out |   16| ap_ctrl_hs | relu<ap_fixed,ap_fixed<16,8,5,3,0>,relu_config1>.1 | return value |
|data_0_V_read  |  in |   16|   ap_none  |                    data_0_V_read                   |    scalar    |
|data_1_V_read  |  in |   16|   ap_none  |                    data_1_V_read                   |    scalar    |
|data_2_V_read  |  in |   16|   ap_none  |                    data_2_V_read                   |    scalar    |
|data_3_V_read  |  in |   16|   ap_none  |                    data_3_V_read                   |    scalar    |
|data_4_V_read  |  in |   16|   ap_none  |                    data_4_V_read                   |    scalar    |
|data_5_V_read  |  in |   16|   ap_none  |                    data_5_V_read                   |    scalar    |
|data_6_V_read  |  in |   16|   ap_none  |                    data_6_V_read                   |    scalar    |
|data_7_V_read  |  in |   16|   ap_none  |                    data_7_V_read                   |    scalar    |
+---------------+-----+-----+------------+----------------------------------------------------+--------------+

