

================================================================
== Vivado HLS Report for 'dense_resource_rf_leq_nin_0_0_0_0_0_0_0_0_0_5'
================================================================
* Date:           Tue Nov  9 09:58:37 2021

* Version:        2019.2 (Build 2704478 on Wed Nov 06 22:10:23 MST 2019)
* Project:        myproject_prj
* Solution:       solution12
* Product family: virtexuplus
* Target device:  xcvu9p-flga2104-2L-e


================================================================
== Performance Estimates
================================================================
+ Timing: 
    * Summary: 
    +--------+---------+----------+------------+
    |  Clock |  Target | Estimated| Uncertainty|
    +--------+---------+----------+------------+
    |ap_clk  | 5.00 ns | 3.816 ns |   0.62 ns  |
    +--------+---------+----------+------------+

+ Latency: 
    * Summary: 
    +---------+---------+----------+----------+-----+-----+----------+
    |  Latency (cycles) |  Latency (absolute) |  Interval | Pipeline |
    |   min   |   max   |    min   |    max   | min | max |   Type   |
    +---------+---------+----------+----------+-----+-----+----------+
    |        1|        1| 5.000 ns | 5.000 ns |    1|    1| function |
    +---------+---------+----------+----------+-----+-----+----------+

    + Detail: 
        * Instance: 
        N/A

        * Loop: 
        N/A

============================================================
+ Verbose Summary: Synthesis Manager
============================================================
InlineROM: 1
ExposeGlobal: 0
============================================================
+ Verbose Summary: CDFG Model
============================================================
IsTopModel: 0
ResetActiveHigh: 1
IsCombinational: 0
IsDatapathOnly: 0
HasWiredReturn: 1
HasMFsm: 2
HasVarLatency: 0
IsPipeline: 1
IsRtlPipelined: 1
IsInstanceOverlapped: 0
IsDontTouch: 0
HasImplIP: 0
IsGatedGlobalClock: 0

+ Individual pipeline summary: 
  * Pipeline-0: initiation interval (II) = 1, depth = 2


============================================================
+ Verbose Summary: Schedule
============================================================
* Number of FSM states : 2
* Pipeline : 1
  Pipeline-0 : II = 1, D = 2, States = { 1 2 }
* Dataflow Pipeline: 0

* FSM state transitions: 
1 --> 2 
2 --> 

* FSM state operations: 

State 1 <SV = 0> <Delay = 3.81>
ST_1 : Operation 3 [1/1] (0.00ns)   --->   "%data_6_V_read_7 = call i16 @_ssdm_op_Read.ap_auto.i16(i16 %data_6_V_read)" [firmware/nnet_utils/nnet_dense_resource.h:33]   --->   Operation 3 'read' 'data_6_V_read_7' <Predicate = true> <Delay = 0.00>
ST_1 : Operation 4 [1/1] (0.00ns)   --->   "%data_5_V_read_7 = call i16 @_ssdm_op_Read.ap_auto.i16(i16 %data_5_V_read)" [firmware/nnet_utils/nnet_dense_resource.h:33]   --->   Operation 4 'read' 'data_5_V_read_7' <Predicate = true> <Delay = 0.00>
ST_1 : Operation 5 [1/1] (0.00ns)   --->   "%data_4_V_read_7 = call i16 @_ssdm_op_Read.ap_auto.i16(i16 %data_4_V_read)" [firmware/nnet_utils/nnet_dense_resource.h:33]   --->   Operation 5 'read' 'data_4_V_read_7' <Predicate = true> <Delay = 0.00>
ST_1 : Operation 6 [1/1] (0.00ns)   --->   "%data_3_V_read_7 = call i16 @_ssdm_op_Read.ap_auto.i16(i16 %data_3_V_read)" [firmware/nnet_utils/nnet_dense_resource.h:33]   --->   Operation 6 'read' 'data_3_V_read_7' <Predicate = true> <Delay = 0.00>
ST_1 : Operation 7 [1/1] (0.00ns)   --->   "%data_2_V_read_7 = call i16 @_ssdm_op_Read.ap_auto.i16(i16 %data_2_V_read)" [firmware/nnet_utils/nnet_dense_resource.h:33]   --->   Operation 7 'read' 'data_2_V_read_7' <Predicate = true> <Delay = 0.00>
ST_1 : Operation 8 [1/1] (0.00ns)   --->   "%data_1_V_read_7 = call i16 @_ssdm_op_Read.ap_auto.i16(i16 %data_1_V_read)" [firmware/nnet_utils/nnet_dense_resource.h:33]   --->   Operation 8 'read' 'data_1_V_read_7' <Predicate = true> <Delay = 0.00>
ST_1 : Operation 9 [1/1] (0.00ns)   --->   "%data_0_V_read_7 = call i16 @_ssdm_op_Read.ap_auto.i16(i16 %data_0_V_read)" [firmware/nnet_utils/nnet_dense_resource.h:33]   --->   Operation 9 'read' 'data_0_V_read_7' <Predicate = true> <Delay = 0.00>
ST_1 : Operation 10 [1/1] (0.00ns)   --->   "%sext_ln1118_11 = sext i16 %data_4_V_read_7 to i24" [firmware/nnet_utils/nnet_mult.h:67->firmware/nnet_utils/nnet_dense_resource.h:78]   --->   Operation 10 'sext' 'sext_ln1118_11' <Predicate = true> <Delay = 0.00>
ST_1 : Operation 11 [1/1] (0.00ns)   --->   "%sext_ln1118_12 = sext i16 %data_4_V_read_7 to i23" [firmware/nnet_utils/nnet_mult.h:67->firmware/nnet_utils/nnet_dense_resource.h:78]   --->   Operation 11 'sext' 'sext_ln1118_12' <Predicate = true> <Delay = 0.00>
ST_1 : Operation 12 [1/1] (0.00ns)   --->   "%shl_ln = call i22 @_ssdm_op_BitConcatenate.i22.i16.i6(i16 %data_4_V_read_7, i6 0)" [firmware/nnet_utils/nnet_mult.h:67->firmware/nnet_utils/nnet_dense_resource.h:78]   --->   Operation 12 'bitconcatenate' 'shl_ln' <Predicate = true> <Delay = 0.00>
ST_1 : Operation 13 [1/1] (0.00ns)   --->   "%sext_ln1118_13 = sext i22 %shl_ln to i23" [firmware/nnet_utils/nnet_mult.h:67->firmware/nnet_utils/nnet_dense_resource.h:78]   --->   Operation 13 'sext' 'sext_ln1118_13' <Predicate = true> <Delay = 0.00>
ST_1 : Operation 14 [1/1] (0.00ns) (grouped into TernaryAdder)   --->   "%sub_ln1118 = sub i23 0, %sext_ln1118_13" [firmware/nnet_utils/nnet_mult.h:67->firmware/nnet_utils/nnet_dense_resource.h:78]   --->   Operation 14 'sub' 'sub_ln1118' <Predicate = true> <Delay = 0.00> <Core = "TAddSub">   --->   Core 83 'TAddSub' <Latency = 0> <II = 1> <Delay = 0.33> <IPBlock> <Opcode : 'add' 'sub'> <InPorts = 3> <OutPorts = 1> <Sync> <CReg>
ST_1 : Operation 15 [1/1] (0.00ns)   --->   "%shl_ln1118_s = call i20 @_ssdm_op_BitConcatenate.i20.i16.i4(i16 %data_4_V_read_7, i4 0)" [firmware/nnet_utils/nnet_mult.h:67->firmware/nnet_utils/nnet_dense_resource.h:78]   --->   Operation 15 'bitconcatenate' 'shl_ln1118_s' <Predicate = true> <Delay = 0.00>
ST_1 : Operation 16 [1/1] (0.00ns)   --->   "%sext_ln1118_14 = sext i20 %shl_ln1118_s to i23" [firmware/nnet_utils/nnet_mult.h:67->firmware/nnet_utils/nnet_dense_resource.h:78]   --->   Operation 16 'sext' 'sext_ln1118_14' <Predicate = true> <Delay = 0.00>
ST_1 : Operation 17 [1/1] (0.69ns) (root node of TernaryAdder)   --->   "%sub_ln1118_1 = sub i23 %sub_ln1118, %sext_ln1118_14" [firmware/nnet_utils/nnet_mult.h:67->firmware/nnet_utils/nnet_dense_resource.h:78]   --->   Operation 17 'sub' 'sub_ln1118_1' <Predicate = true> <Delay = 0.69> <Core = "TAddSub">   --->   Core 83 'TAddSub' <Latency = 0> <II = 1> <Delay = 0.33> <IPBlock> <Opcode : 'add' 'sub'> <InPorts = 3> <OutPorts = 1> <Sync> <CReg>
ST_1 : Operation 18 [1/1] (0.00ns)   --->   "%trunc_ln708_3 = call i15 @_ssdm_op_PartSelect.i15.i23.i32.i32(i23 %sub_ln1118_1, i32 8, i32 22)" [firmware/nnet_utils/nnet_mult.h:67->firmware/nnet_utils/nnet_dense_resource.h:78]   --->   Operation 18 'partselect' 'trunc_ln708_3' <Predicate = true> <Delay = 0.00>
ST_1 : Operation 19 [1/1] (0.00ns)   --->   "%sext_ln708 = sext i15 %trunc_ln708_3 to i16" [firmware/nnet_utils/nnet_mult.h:67->firmware/nnet_utils/nnet_dense_resource.h:78]   --->   Operation 19 'sext' 'sext_ln708' <Predicate = true> <Delay = 0.00>
ST_1 : Operation 20 [1/1] (0.00ns)   --->   "%sext_ln1118_15 = sext i16 %data_5_V_read_7 to i24" [firmware/nnet_utils/nnet_mult.h:67->firmware/nnet_utils/nnet_dense_resource.h:78]   --->   Operation 20 'sext' 'sext_ln1118_15' <Predicate = true> <Delay = 0.00>
ST_1 : Operation 21 [1/1] (0.00ns)   --->   "%sext_ln1118_16 = sext i16 %data_5_V_read_7 to i23" [firmware/nnet_utils/nnet_mult.h:67->firmware/nnet_utils/nnet_dense_resource.h:78]   --->   Operation 21 'sext' 'sext_ln1118_16' <Predicate = true> <Delay = 0.00>
ST_1 : Operation 22 [1/1] (2.53ns) (root node of the DSP)   --->   "%mul_ln1118_4 = mul i24 %sext_ln1118_15, -187" [firmware/nnet_utils/nnet_mult.h:67->firmware/nnet_utils/nnet_dense_resource.h:78]   --->   Operation 22 'mul' 'mul_ln1118_4' <Predicate = true> <Delay = 2.53> <Core = "DSP48">   --->   Core 88 'DSP48' <Latency = 0> <II = 1> <Delay = 2.53> <IPBlock> <Opcode : 'mul' 'add' 'sub' 'select'> <InPorts = 2> <OutPorts = 1> <Sync> <CReg>
ST_1 : Operation 23 [1/1] (0.00ns)   --->   "%trunc_ln708_4 = call i16 @_ssdm_op_PartSelect.i16.i24.i32.i32(i24 %mul_ln1118_4, i32 8, i32 23)" [firmware/nnet_utils/nnet_mult.h:67->firmware/nnet_utils/nnet_dense_resource.h:78]   --->   Operation 23 'partselect' 'trunc_ln708_4' <Predicate = true> <Delay = 0.00>
ST_1 : Operation 24 [1/1] (0.00ns)   --->   "%sext_ln1118_17 = sext i16 %data_6_V_read_7 to i24" [firmware/nnet_utils/nnet_mult.h:67->firmware/nnet_utils/nnet_dense_resource.h:78]   --->   Operation 24 'sext' 'sext_ln1118_17' <Predicate = true> <Delay = 0.00>
ST_1 : Operation 25 [1/1] (0.00ns)   --->   "%sext_ln1118_18 = sext i16 %data_6_V_read_7 to i21" [firmware/nnet_utils/nnet_mult.h:67->firmware/nnet_utils/nnet_dense_resource.h:78]   --->   Operation 25 'sext' 'sext_ln1118_18' <Predicate = true> <Delay = 0.00>
ST_1 : Operation 26 [1/1] (0.00ns)   --->   "%sext_ln1118_19 = sext i16 %data_6_V_read_7 to i23" [firmware/nnet_utils/nnet_mult.h:67->firmware/nnet_utils/nnet_dense_resource.h:78]   --->   Operation 26 'sext' 'sext_ln1118_19' <Predicate = true> <Delay = 0.00>
ST_1 : Operation 27 [1/1] (2.53ns) (root node of the DSP)   --->   "%mul_ln1118_5 = mul i24 %sext_ln1118_17, 181" [firmware/nnet_utils/nnet_mult.h:67->firmware/nnet_utils/nnet_dense_resource.h:78]   --->   Operation 27 'mul' 'mul_ln1118_5' <Predicate = true> <Delay = 2.53> <Core = "DSP48">   --->   Core 88 'DSP48' <Latency = 0> <II = 1> <Delay = 2.53> <IPBlock> <Opcode : 'mul' 'add' 'sub' 'select'> <InPorts = 2> <OutPorts = 1> <Sync> <CReg>
ST_1 : Operation 28 [1/1] (0.00ns)   --->   "%trunc_ln708_5 = call i16 @_ssdm_op_PartSelect.i16.i24.i32.i32(i24 %mul_ln1118_5, i32 8, i32 23)" [firmware/nnet_utils/nnet_mult.h:67->firmware/nnet_utils/nnet_dense_resource.h:78]   --->   Operation 28 'partselect' 'trunc_ln708_5' <Predicate = true> <Delay = 0.00>
ST_1 : Operation 29 [1/1] (0.00ns) (grouped into TernaryAdder)   --->   "%add_ln703_66 = add i16 %sext_ln708, %trunc_ln708_4" [firmware/nnet_utils/nnet_dense_resource.h:78]   --->   Operation 29 'add' 'add_ln703_66' <Predicate = true> <Delay = 0.00> <Core = "TAddSub">   --->   Core 83 'TAddSub' <Latency = 0> <II = 1> <Delay = 0.33> <IPBlock> <Opcode : 'add' 'sub'> <InPorts = 3> <OutPorts = 1> <Sync> <CReg>
ST_1 : Operation 30 [1/1] (0.60ns)   --->   "%add_ln703_67 = add i16 %trunc_ln708_5, -45" [firmware/nnet_utils/nnet_dense_resource.h:78]   --->   Operation 30 'add' 'add_ln703_67' <Predicate = true> <Delay = 0.60> <Core = "AddSub">   --->   Core 14 'AddSub' <Latency = 0> <II = 1> <Delay = 0.60> <FuncUnit> <Opcode : 'add' 'sub'> <InPorts = 2> <OutPorts = 1>
ST_1 : Operation 31 [1/1] (0.67ns) (root node of TernaryAdder)   --->   "%add_ln703_68 = add i16 %add_ln703_67, %add_ln703_66" [firmware/nnet_utils/nnet_dense_resource.h:78]   --->   Operation 31 'add' 'add_ln703_68' <Predicate = true> <Delay = 0.67> <Core = "TAddSub">   --->   Core 83 'TAddSub' <Latency = 0> <II = 1> <Delay = 0.33> <IPBlock> <Opcode : 'add' 'sub'> <InPorts = 3> <OutPorts = 1> <Sync> <CReg>
ST_1 : Operation 32 [1/1] (2.53ns) (root node of the DSP)   --->   "%mul_ln1118_10 = mul i23 %sext_ln1118_12, 42" [firmware/nnet_utils/nnet_mult.h:67->firmware/nnet_utils/nnet_dense_resource.h:78]   --->   Operation 32 'mul' 'mul_ln1118_10' <Predicate = true> <Delay = 2.53> <Core = "DSP48">   --->   Core 88 'DSP48' <Latency = 0> <II = 1> <Delay = 2.53> <IPBlock> <Opcode : 'mul' 'add' 'sub' 'select'> <InPorts = 2> <OutPorts = 1> <Sync> <CReg>
ST_1 : Operation 33 [1/1] (0.00ns)   --->   "%trunc_ln708_10 = call i15 @_ssdm_op_PartSelect.i15.i23.i32.i32(i23 %mul_ln1118_10, i32 8, i32 22)" [firmware/nnet_utils/nnet_mult.h:67->firmware/nnet_utils/nnet_dense_resource.h:78]   --->   Operation 33 'partselect' 'trunc_ln708_10' <Predicate = true> <Delay = 0.00>
ST_1 : Operation 34 [1/1] (0.00ns)   --->   "%sext_ln708_2 = sext i15 %trunc_ln708_10 to i16" [firmware/nnet_utils/nnet_mult.h:67->firmware/nnet_utils/nnet_dense_resource.h:78]   --->   Operation 34 'sext' 'sext_ln708_2' <Predicate = true> <Delay = 0.00>
ST_1 : Operation 35 [1/1] (2.53ns) (root node of the DSP)   --->   "%mul_ln1118_11 = mul i24 %sext_ln1118_15, -142" [firmware/nnet_utils/nnet_mult.h:67->firmware/nnet_utils/nnet_dense_resource.h:78]   --->   Operation 35 'mul' 'mul_ln1118_11' <Predicate = true> <Delay = 2.53> <Core = "DSP48">   --->   Core 88 'DSP48' <Latency = 0> <II = 1> <Delay = 2.53> <IPBlock> <Opcode : 'mul' 'add' 'sub' 'select'> <InPorts = 2> <OutPorts = 1> <Sync> <CReg>
ST_1 : Operation 36 [1/1] (0.00ns)   --->   "%trunc_ln708_11 = call i16 @_ssdm_op_PartSelect.i16.i24.i32.i32(i24 %mul_ln1118_11, i32 8, i32 23)" [firmware/nnet_utils/nnet_mult.h:67->firmware/nnet_utils/nnet_dense_resource.h:78]   --->   Operation 36 'partselect' 'trunc_ln708_11' <Predicate = true> <Delay = 0.00>
ST_1 : Operation 37 [1/1] (2.53ns) (root node of the DSP)   --->   "%mul_ln1118_12 = mul i24 %sext_ln1118_17, 194" [firmware/nnet_utils/nnet_mult.h:67->firmware/nnet_utils/nnet_dense_resource.h:78]   --->   Operation 37 'mul' 'mul_ln1118_12' <Predicate = true> <Delay = 2.53> <Core = "DSP48">   --->   Core 88 'DSP48' <Latency = 0> <II = 1> <Delay = 2.53> <IPBlock> <Opcode : 'mul' 'add' 'sub' 'select'> <InPorts = 2> <OutPorts = 1> <Sync> <CReg>
ST_1 : Operation 38 [1/1] (0.00ns)   --->   "%trunc_ln708_12 = call i16 @_ssdm_op_PartSelect.i16.i24.i32.i32(i24 %mul_ln1118_12, i32 8, i32 23)" [firmware/nnet_utils/nnet_mult.h:67->firmware/nnet_utils/nnet_dense_resource.h:78]   --->   Operation 38 'partselect' 'trunc_ln708_12' <Predicate = true> <Delay = 0.00>
ST_1 : Operation 39 [1/1] (0.00ns) (grouped into TernaryAdder)   --->   "%add_ln703_73 = add i16 %sext_ln708_2, %trunc_ln708_11" [firmware/nnet_utils/nnet_dense_resource.h:78]   --->   Operation 39 'add' 'add_ln703_73' <Predicate = true> <Delay = 0.00> <Core = "TAddSub">   --->   Core 83 'TAddSub' <Latency = 0> <II = 1> <Delay = 0.33> <IPBlock> <Opcode : 'add' 'sub'> <InPorts = 3> <OutPorts = 1> <Sync> <CReg>
ST_1 : Operation 40 [1/1] (0.60ns)   --->   "%add_ln703_74 = add i16 %trunc_ln708_12, 59" [firmware/nnet_utils/nnet_dense_resource.h:78]   --->   Operation 40 'add' 'add_ln703_74' <Predicate = true> <Delay = 0.60> <Core = "AddSub">   --->   Core 14 'AddSub' <Latency = 0> <II = 1> <Delay = 0.60> <FuncUnit> <Opcode : 'add' 'sub'> <InPorts = 2> <OutPorts = 1>
ST_1 : Operation 41 [1/1] (0.67ns) (root node of TernaryAdder)   --->   "%add_ln703_75 = add i16 %add_ln703_74, %add_ln703_73" [firmware/nnet_utils/nnet_dense_resource.h:78]   --->   Operation 41 'add' 'add_ln703_75' <Predicate = true> <Delay = 0.67> <Core = "TAddSub">   --->   Core 83 'TAddSub' <Latency = 0> <II = 1> <Delay = 0.33> <IPBlock> <Opcode : 'add' 'sub'> <InPorts = 3> <OutPorts = 1> <Sync> <CReg>
ST_1 : Operation 42 [1/1] (2.53ns) (root node of the DSP)   --->   "%mul_ln1118_14 = mul i23 %sext_ln1118_12, 58" [firmware/nnet_utils/nnet_mult.h:67->firmware/nnet_utils/nnet_dense_resource.h:78]   --->   Operation 42 'mul' 'mul_ln1118_14' <Predicate = true> <Delay = 2.53> <Core = "DSP48">   --->   Core 88 'DSP48' <Latency = 0> <II = 1> <Delay = 2.53> <IPBlock> <Opcode : 'mul' 'add' 'sub' 'select'> <InPorts = 2> <OutPorts = 1> <Sync> <CReg>
ST_1 : Operation 43 [1/1] (0.00ns)   --->   "%trunc_ln708_15 = call i15 @_ssdm_op_PartSelect.i15.i23.i32.i32(i23 %mul_ln1118_14, i32 8, i32 22)" [firmware/nnet_utils/nnet_mult.h:67->firmware/nnet_utils/nnet_dense_resource.h:78]   --->   Operation 43 'partselect' 'trunc_ln708_15' <Predicate = true> <Delay = 0.00>
ST_1 : Operation 44 [1/1] (0.00ns)   --->   "%sext_ln708_4 = sext i15 %trunc_ln708_15 to i16" [firmware/nnet_utils/nnet_mult.h:67->firmware/nnet_utils/nnet_dense_resource.h:78]   --->   Operation 44 'sext' 'sext_ln708_4' <Predicate = true> <Delay = 0.00>
ST_1 : Operation 45 [1/1] (0.00ns)   --->   "%shl_ln1118_6 = call i21 @_ssdm_op_BitConcatenate.i21.i16.i5(i16 %data_5_V_read_7, i5 0)" [firmware/nnet_utils/nnet_mult.h:67->firmware/nnet_utils/nnet_dense_resource.h:78]   --->   Operation 45 'bitconcatenate' 'shl_ln1118_6' <Predicate = true> <Delay = 0.00>
ST_1 : Operation 46 [1/1] (0.00ns)   --->   "%sext_ln1118_27 = sext i21 %shl_ln1118_6 to i22" [firmware/nnet_utils/nnet_mult.h:67->firmware/nnet_utils/nnet_dense_resource.h:78]   --->   Operation 46 'sext' 'sext_ln1118_27' <Predicate = true> <Delay = 0.00>
ST_1 : Operation 47 [1/1] (0.57ns)   --->   "%sub_ln1118_6 = sub i22 0, %sext_ln1118_27" [firmware/nnet_utils/nnet_mult.h:67->firmware/nnet_utils/nnet_dense_resource.h:78]   --->   Operation 47 'sub' 'sub_ln1118_6' <Predicate = true> <Delay = 0.57> <Core = "AddSub">   --->   Core 14 'AddSub' <Latency = 0> <II = 1> <Delay = 0.60> <FuncUnit> <Opcode : 'add' 'sub'> <InPorts = 2> <OutPorts = 1>
ST_1 : Operation 48 [1/1] (0.00ns)   --->   "%trunc_ln708_16 = call i14 @_ssdm_op_PartSelect.i14.i22.i32.i32(i22 %sub_ln1118_6, i32 8, i32 21)" [firmware/nnet_utils/nnet_mult.h:67->firmware/nnet_utils/nnet_dense_resource.h:78]   --->   Operation 48 'partselect' 'trunc_ln708_16' <Predicate = true> <Delay = 0.00>
ST_1 : Operation 49 [1/1] (0.00ns)   --->   "%sext_ln708_5 = sext i14 %trunc_ln708_16 to i16" [firmware/nnet_utils/nnet_mult.h:67->firmware/nnet_utils/nnet_dense_resource.h:78]   --->   Operation 49 'sext' 'sext_ln708_5' <Predicate = true> <Delay = 0.00>
ST_1 : Operation 50 [1/1] (2.53ns) (root node of the DSP)   --->   "%mul_ln1118_15 = mul i24 %sext_ln1118_17, 198" [firmware/nnet_utils/nnet_mult.h:67->firmware/nnet_utils/nnet_dense_resource.h:78]   --->   Operation 50 'mul' 'mul_ln1118_15' <Predicate = true> <Delay = 2.53> <Core = "DSP48">   --->   Core 88 'DSP48' <Latency = 0> <II = 1> <Delay = 2.53> <IPBlock> <Opcode : 'mul' 'add' 'sub' 'select'> <InPorts = 2> <OutPorts = 1> <Sync> <CReg>
ST_1 : Operation 51 [1/1] (0.00ns)   --->   "%trunc_ln708_17 = call i16 @_ssdm_op_PartSelect.i16.i24.i32.i32(i24 %mul_ln1118_15, i32 8, i32 23)" [firmware/nnet_utils/nnet_mult.h:67->firmware/nnet_utils/nnet_dense_resource.h:78]   --->   Operation 51 'partselect' 'trunc_ln708_17' <Predicate = true> <Delay = 0.00>
ST_1 : Operation 52 [1/1] (0.00ns) (grouped into TernaryAdder)   --->   "%add_ln703_80 = add i16 %sext_ln708_4, %sext_ln708_5" [firmware/nnet_utils/nnet_dense_resource.h:78]   --->   Operation 52 'add' 'add_ln703_80' <Predicate = true> <Delay = 0.00> <Core = "TAddSub">   --->   Core 83 'TAddSub' <Latency = 0> <II = 1> <Delay = 0.33> <IPBlock> <Opcode : 'add' 'sub'> <InPorts = 3> <OutPorts = 1> <Sync> <CReg>
ST_1 : Operation 53 [1/1] (0.60ns)   --->   "%add_ln703_81 = add i16 %trunc_ln708_17, -116" [firmware/nnet_utils/nnet_dense_resource.h:78]   --->   Operation 53 'add' 'add_ln703_81' <Predicate = true> <Delay = 0.60> <Core = "AddSub">   --->   Core 14 'AddSub' <Latency = 0> <II = 1> <Delay = 0.60> <FuncUnit> <Opcode : 'add' 'sub'> <InPorts = 2> <OutPorts = 1>
ST_1 : Operation 54 [1/1] (0.67ns) (root node of TernaryAdder)   --->   "%add_ln703_82 = add i16 %add_ln703_81, %add_ln703_80" [firmware/nnet_utils/nnet_dense_resource.h:78]   --->   Operation 54 'add' 'add_ln703_82' <Predicate = true> <Delay = 0.67> <Core = "TAddSub">   --->   Core 83 'TAddSub' <Latency = 0> <II = 1> <Delay = 0.33> <IPBlock> <Opcode : 'add' 'sub'> <InPorts = 3> <OutPorts = 1> <Sync> <CReg>
ST_1 : Operation 55 [1/1] (0.00ns)   --->   "%trunc_ln708_18 = call i8 @_ssdm_op_PartSelect.i8.i16.i32.i32(i16 %data_2_V_read_7, i32 8, i32 15)" [firmware/nnet_utils/nnet_mult.h:67->firmware/nnet_utils/nnet_dense_resource.h:78]   --->   Operation 55 'partselect' 'trunc_ln708_18' <Predicate = true> <Delay = 0.00>
ST_1 : Operation 56 [1/1] (0.00ns)   --->   "%sext_ln1118_29 = sext i8 %trunc_ln708_18 to i10" [firmware/nnet_utils/nnet_mult.h:67->firmware/nnet_utils/nnet_dense_resource.h:78]   --->   Operation 56 'sext' 'sext_ln1118_29' <Predicate = true> <Delay = 0.00>
ST_1 : Operation 57 [1/1] (2.53ns) (root node of the DSP)   --->   "%mul_ln1118_17 = mul i23 %sext_ln1118_12, 61" [firmware/nnet_utils/nnet_mult.h:67->firmware/nnet_utils/nnet_dense_resource.h:78]   --->   Operation 57 'mul' 'mul_ln1118_17' <Predicate = true> <Delay = 2.53> <Core = "DSP48">   --->   Core 88 'DSP48' <Latency = 0> <II = 1> <Delay = 2.53> <IPBlock> <Opcode : 'mul' 'add' 'sub' 'select'> <InPorts = 2> <OutPorts = 1> <Sync> <CReg>
ST_1 : Operation 58 [1/1] (0.00ns)   --->   "%trunc_ln708_20 = call i15 @_ssdm_op_PartSelect.i15.i23.i32.i32(i23 %mul_ln1118_17, i32 8, i32 22)" [firmware/nnet_utils/nnet_mult.h:67->firmware/nnet_utils/nnet_dense_resource.h:78]   --->   Operation 58 'partselect' 'trunc_ln708_20' <Predicate = true> <Delay = 0.00>
ST_1 : Operation 59 [1/1] (2.53ns) (root node of the DSP)   --->   "%mul_ln1118_18 = mul i24 %sext_ln1118_15, -375" [firmware/nnet_utils/nnet_mult.h:67->firmware/nnet_utils/nnet_dense_resource.h:78]   --->   Operation 59 'mul' 'mul_ln1118_18' <Predicate = true> <Delay = 2.53> <Core = "DSP48">   --->   Core 88 'DSP48' <Latency = 0> <II = 1> <Delay = 2.53> <IPBlock> <Opcode : 'mul' 'add' 'sub' 'select'> <InPorts = 2> <OutPorts = 1> <Sync> <CReg>
ST_1 : Operation 60 [1/1] (0.00ns)   --->   "%trunc_ln708_21 = call i16 @_ssdm_op_PartSelect.i16.i24.i32.i32(i24 %mul_ln1118_18, i32 8, i32 23)" [firmware/nnet_utils/nnet_mult.h:67->firmware/nnet_utils/nnet_dense_resource.h:78]   --->   Operation 60 'partselect' 'trunc_ln708_21' <Predicate = true> <Delay = 0.00>
ST_1 : Operation 61 [1/1] (2.53ns) (root node of the DSP)   --->   "%mul_ln1118_19 = mul i24 %sext_ln1118_17, 278" [firmware/nnet_utils/nnet_mult.h:67->firmware/nnet_utils/nnet_dense_resource.h:78]   --->   Operation 61 'mul' 'mul_ln1118_19' <Predicate = true> <Delay = 2.53> <Core = "DSP48">   --->   Core 88 'DSP48' <Latency = 0> <II = 1> <Delay = 2.53> <IPBlock> <Opcode : 'mul' 'add' 'sub' 'select'> <InPorts = 2> <OutPorts = 1> <Sync> <CReg>
ST_1 : Operation 62 [1/1] (0.00ns)   --->   "%trunc_ln708_22 = call i16 @_ssdm_op_PartSelect.i16.i24.i32.i32(i24 %mul_ln1118_19, i32 8, i32 23)" [firmware/nnet_utils/nnet_mult.h:67->firmware/nnet_utils/nnet_dense_resource.h:78]   --->   Operation 62 'partselect' 'trunc_ln708_22' <Predicate = true> <Delay = 0.00>
ST_1 : Operation 63 [1/1] (0.00ns) (grouped into TernaryAdder)   --->   "%add_ln703_87 = add i16 %trunc_ln708_21, %trunc_ln708_22" [firmware/nnet_utils/nnet_dense_resource.h:78]   --->   Operation 63 'add' 'add_ln703_87' <Predicate = true> <Delay = 0.00> <Core = "TAddSub">   --->   Core 83 'TAddSub' <Latency = 0> <II = 1> <Delay = 0.33> <IPBlock> <Opcode : 'add' 'sub'> <InPorts = 3> <OutPorts = 1> <Sync> <CReg>
ST_1 : Operation 64 [1/1] (0.51ns)   --->   "%add_ln703_88 = add i10 %sext_ln1118_29, -223" [firmware/nnet_utils/nnet_dense_resource.h:78]   --->   Operation 64 'add' 'add_ln703_88' <Predicate = true> <Delay = 0.51> <Core = "AddSub">   --->   Core 14 'AddSub' <Latency = 0> <II = 1> <Delay = 0.60> <FuncUnit> <Opcode : 'add' 'sub'> <InPorts = 2> <OutPorts = 1>
ST_1 : Operation 65 [1/1] (0.00ns)   --->   "%sext_ln703 = sext i10 %add_ln703_88 to i16" [firmware/nnet_utils/nnet_dense_resource.h:78]   --->   Operation 65 'sext' 'sext_ln703' <Predicate = true> <Delay = 0.00>
ST_1 : Operation 66 [1/1] (0.67ns) (root node of TernaryAdder)   --->   "%add_ln703_89 = add i16 %sext_ln703, %add_ln703_87" [firmware/nnet_utils/nnet_dense_resource.h:78]   --->   Operation 66 'add' 'add_ln703_89' <Predicate = true> <Delay = 0.67> <Core = "TAddSub">   --->   Core 83 'TAddSub' <Latency = 0> <II = 1> <Delay = 0.33> <IPBlock> <Opcode : 'add' 'sub'> <InPorts = 3> <OutPorts = 1> <Sync> <CReg>
ST_1 : Operation 67 [1/1] (2.53ns) (root node of the DSP)   --->   "%mul_ln1118_21 = mul i24 %sext_ln1118_11, 83" [firmware/nnet_utils/nnet_mult.h:67->firmware/nnet_utils/nnet_dense_resource.h:78]   --->   Operation 67 'mul' 'mul_ln1118_21' <Predicate = true> <Delay = 2.53> <Core = "DSP48">   --->   Core 88 'DSP48' <Latency = 0> <II = 1> <Delay = 2.53> <IPBlock> <Opcode : 'mul' 'add' 'sub' 'select'> <InPorts = 2> <OutPorts = 1> <Sync> <CReg>
ST_1 : Operation 68 [1/1] (0.00ns)   --->   "%trunc_ln708_27 = call i16 @_ssdm_op_PartSelect.i16.i24.i32.i32(i24 %mul_ln1118_21, i32 8, i32 23)" [firmware/nnet_utils/nnet_mult.h:67->firmware/nnet_utils/nnet_dense_resource.h:78]   --->   Operation 68 'partselect' 'trunc_ln708_27' <Predicate = true> <Delay = 0.00>
ST_1 : Operation 69 [1/1] (2.53ns) (root node of the DSP)   --->   "%mul_ln1118_22 = mul i23 %sext_ln1118_16, 35" [firmware/nnet_utils/nnet_mult.h:67->firmware/nnet_utils/nnet_dense_resource.h:78]   --->   Operation 69 'mul' 'mul_ln1118_22' <Predicate = true> <Delay = 2.53> <Core = "DSP48">   --->   Core 88 'DSP48' <Latency = 0> <II = 1> <Delay = 2.53> <IPBlock> <Opcode : 'mul' 'add' 'sub' 'select'> <InPorts = 2> <OutPorts = 1> <Sync> <CReg>
ST_1 : Operation 70 [1/1] (0.00ns)   --->   "%trunc_ln708_28 = call i15 @_ssdm_op_PartSelect.i15.i23.i32.i32(i23 %mul_ln1118_22, i32 8, i32 22)" [firmware/nnet_utils/nnet_mult.h:67->firmware/nnet_utils/nnet_dense_resource.h:78]   --->   Operation 70 'partselect' 'trunc_ln708_28' <Predicate = true> <Delay = 0.00>
ST_1 : Operation 71 [1/1] (0.00ns)   --->   "%sext_ln708_11 = sext i15 %trunc_ln708_28 to i16" [firmware/nnet_utils/nnet_mult.h:67->firmware/nnet_utils/nnet_dense_resource.h:78]   --->   Operation 71 'sext' 'sext_ln708_11' <Predicate = true> <Delay = 0.00>
ST_1 : Operation 72 [1/1] (1.94ns)   --->   "%mul_ln1118_23 = mul i21 %sext_ln1118_18, 13" [firmware/nnet_utils/nnet_mult.h:67->firmware/nnet_utils/nnet_dense_resource.h:78]   --->   Operation 72 'mul' 'mul_ln1118_23' <Predicate = true> <Delay = 1.94> <Core = "Mul">   --->   Core 16 'Mul' <Latency = 0> <II = 1> <Delay = 1.94> <FuncUnit> <Opcode : 'mul'> <InPorts = 2> <OutPorts = 1>
ST_1 : Operation 73 [1/1] (0.00ns)   --->   "%tmp_230 = call i13 @_ssdm_op_PartSelect.i13.i21.i32.i32(i21 %mul_ln1118_23, i32 8, i32 20)" [firmware/nnet_utils/nnet_dense_resource.h:78]   --->   Operation 73 'partselect' 'tmp_230' <Predicate = true> <Delay = 0.00>
ST_1 : Operation 74 [1/1] (0.00ns)   --->   "%sext_ln703_3 = sext i13 %tmp_230 to i14" [firmware/nnet_utils/nnet_dense_resource.h:78]   --->   Operation 74 'sext' 'sext_ln703_3' <Predicate = true> <Delay = 0.00>
ST_1 : Operation 75 [1/1] (0.00ns) (grouped into TernaryAdder)   --->   "%add_ln703_94 = add i16 %trunc_ln708_27, %sext_ln708_11" [firmware/nnet_utils/nnet_dense_resource.h:78]   --->   Operation 75 'add' 'add_ln703_94' <Predicate = true> <Delay = 0.00> <Core = "TAddSub">   --->   Core 83 'TAddSub' <Latency = 0> <II = 1> <Delay = 0.33> <IPBlock> <Opcode : 'add' 'sub'> <InPorts = 3> <OutPorts = 1> <Sync> <CReg>
ST_1 : Operation 76 [1/1] (0.54ns)   --->   "%add_ln703_95 = add i14 %sext_ln703_3, -146" [firmware/nnet_utils/nnet_dense_resource.h:78]   --->   Operation 76 'add' 'add_ln703_95' <Predicate = true> <Delay = 0.54> <Core = "AddSub">   --->   Core 14 'AddSub' <Latency = 0> <II = 1> <Delay = 0.60> <FuncUnit> <Opcode : 'add' 'sub'> <InPorts = 2> <OutPorts = 1>
ST_1 : Operation 77 [1/1] (0.00ns)   --->   "%sext_ln703_4 = sext i14 %add_ln703_95 to i16" [firmware/nnet_utils/nnet_dense_resource.h:78]   --->   Operation 77 'sext' 'sext_ln703_4' <Predicate = true> <Delay = 0.00>
ST_1 : Operation 78 [1/1] (0.67ns) (root node of TernaryAdder)   --->   "%add_ln703_96 = add i16 %sext_ln703_4, %add_ln703_94" [firmware/nnet_utils/nnet_dense_resource.h:78]   --->   Operation 78 'add' 'add_ln703_96' <Predicate = true> <Delay = 0.67> <Core = "TAddSub">   --->   Core 83 'TAddSub' <Latency = 0> <II = 1> <Delay = 0.33> <IPBlock> <Opcode : 'add' 'sub'> <InPorts = 3> <OutPorts = 1> <Sync> <CReg>
ST_1 : Operation 79 [1/1] (0.00ns)   --->   "%shl_ln1118_16 = call i21 @_ssdm_op_BitConcatenate.i21.i16.i5(i16 %data_4_V_read_7, i5 0)" [firmware/nnet_utils/nnet_mult.h:67->firmware/nnet_utils/nnet_dense_resource.h:78]   --->   Operation 79 'bitconcatenate' 'shl_ln1118_16' <Predicate = true> <Delay = 0.00>
ST_1 : Operation 80 [1/1] (0.00ns)   --->   "%sext_ln1118_38 = sext i21 %shl_ln1118_16 to i22" [firmware/nnet_utils/nnet_mult.h:67->firmware/nnet_utils/nnet_dense_resource.h:78]   --->   Operation 80 'sext' 'sext_ln1118_38' <Predicate = true> <Delay = 0.00>
ST_1 : Operation 81 [1/1] (0.00ns)   --->   "%shl_ln1118_17 = call i18 @_ssdm_op_BitConcatenate.i18.i16.i2(i16 %data_4_V_read_7, i2 0)" [firmware/nnet_utils/nnet_mult.h:67->firmware/nnet_utils/nnet_dense_resource.h:78]   --->   Operation 81 'bitconcatenate' 'shl_ln1118_17' <Predicate = true> <Delay = 0.00>
ST_1 : Operation 82 [1/1] (0.00ns)   --->   "%sext_ln1118_39 = sext i18 %shl_ln1118_17 to i22" [firmware/nnet_utils/nnet_mult.h:67->firmware/nnet_utils/nnet_dense_resource.h:78]   --->   Operation 82 'sext' 'sext_ln1118_39' <Predicate = true> <Delay = 0.00>
ST_1 : Operation 83 [1/1] (0.57ns)   --->   "%sub_ln1118_14 = sub i22 %sext_ln1118_39, %sext_ln1118_38" [firmware/nnet_utils/nnet_mult.h:67->firmware/nnet_utils/nnet_dense_resource.h:78]   --->   Operation 83 'sub' 'sub_ln1118_14' <Predicate = true> <Delay = 0.57> <Core = "AddSub">   --->   Core 14 'AddSub' <Latency = 0> <II = 1> <Delay = 0.60> <FuncUnit> <Opcode : 'add' 'sub'> <InPorts = 2> <OutPorts = 1>
ST_1 : Operation 84 [1/1] (0.00ns)   --->   "%trunc_ln708_31 = call i14 @_ssdm_op_PartSelect.i14.i22.i32.i32(i22 %sub_ln1118_14, i32 8, i32 21)" [firmware/nnet_utils/nnet_mult.h:67->firmware/nnet_utils/nnet_dense_resource.h:78]   --->   Operation 84 'partselect' 'trunc_ln708_31' <Predicate = true> <Delay = 0.00>
ST_1 : Operation 85 [1/1] (0.00ns)   --->   "%sext_ln708_13 = sext i14 %trunc_ln708_31 to i16" [firmware/nnet_utils/nnet_mult.h:67->firmware/nnet_utils/nnet_dense_resource.h:78]   --->   Operation 85 'sext' 'sext_ln708_13' <Predicate = true> <Delay = 0.00>
ST_1 : Operation 86 [1/1] (0.00ns)   --->   "%shl_ln1118_18 = call i23 @_ssdm_op_BitConcatenate.i23.i16.i7(i16 %data_5_V_read_7, i7 0)" [firmware/nnet_utils/nnet_mult.h:67->firmware/nnet_utils/nnet_dense_resource.h:78]   --->   Operation 86 'bitconcatenate' 'shl_ln1118_18' <Predicate = true> <Delay = 0.00>
ST_1 : Operation 87 [1/1] (0.00ns)   --->   "%sext_ln1118_40 = sext i23 %shl_ln1118_18 to i24" [firmware/nnet_utils/nnet_mult.h:67->firmware/nnet_utils/nnet_dense_resource.h:78]   --->   Operation 87 'sext' 'sext_ln1118_40' <Predicate = true> <Delay = 0.00>
ST_1 : Operation 88 [1/1] (0.00ns) (grouped into TernaryAdder)   --->   "%sub_ln1118_15 = sub i24 0, %sext_ln1118_40" [firmware/nnet_utils/nnet_mult.h:67->firmware/nnet_utils/nnet_dense_resource.h:78]   --->   Operation 88 'sub' 'sub_ln1118_15' <Predicate = true> <Delay = 0.00> <Core = "TAddSub">   --->   Core 83 'TAddSub' <Latency = 0> <II = 1> <Delay = 0.33> <IPBlock> <Opcode : 'add' 'sub'> <InPorts = 3> <OutPorts = 1> <Sync> <CReg>
ST_1 : Operation 89 [1/1] (0.00ns)   --->   "%shl_ln1118_19 = call i19 @_ssdm_op_BitConcatenate.i19.i16.i3(i16 %data_5_V_read_7, i3 0)" [firmware/nnet_utils/nnet_mult.h:67->firmware/nnet_utils/nnet_dense_resource.h:78]   --->   Operation 89 'bitconcatenate' 'shl_ln1118_19' <Predicate = true> <Delay = 0.00>
ST_1 : Operation 90 [1/1] (0.00ns)   --->   "%sext_ln1118_41 = sext i19 %shl_ln1118_19 to i24" [firmware/nnet_utils/nnet_mult.h:67->firmware/nnet_utils/nnet_dense_resource.h:78]   --->   Operation 90 'sext' 'sext_ln1118_41' <Predicate = true> <Delay = 0.00>
ST_1 : Operation 91 [1/1] (0.70ns) (root node of TernaryAdder)   --->   "%sub_ln1118_16 = sub i24 %sub_ln1118_15, %sext_ln1118_41" [firmware/nnet_utils/nnet_mult.h:67->firmware/nnet_utils/nnet_dense_resource.h:78]   --->   Operation 91 'sub' 'sub_ln1118_16' <Predicate = true> <Delay = 0.70> <Core = "TAddSub">   --->   Core 83 'TAddSub' <Latency = 0> <II = 1> <Delay = 0.33> <IPBlock> <Opcode : 'add' 'sub'> <InPorts = 3> <OutPorts = 1> <Sync> <CReg>
ST_1 : Operation 92 [1/1] (0.00ns)   --->   "%trunc_ln708_32 = call i16 @_ssdm_op_PartSelect.i16.i24.i32.i32(i24 %sub_ln1118_16, i32 8, i32 23)" [firmware/nnet_utils/nnet_mult.h:67->firmware/nnet_utils/nnet_dense_resource.h:78]   --->   Operation 92 'partselect' 'trunc_ln708_32' <Predicate = true> <Delay = 0.00>
ST_1 : Operation 93 [1/1] (0.00ns)   --->   "%shl_ln1118_20 = call i23 @_ssdm_op_BitConcatenate.i23.i16.i7(i16 %data_6_V_read_7, i7 0)" [firmware/nnet_utils/nnet_mult.h:67->firmware/nnet_utils/nnet_dense_resource.h:78]   --->   Operation 93 'bitconcatenate' 'shl_ln1118_20' <Predicate = true> <Delay = 0.00>
ST_1 : Operation 94 [1/1] (0.00ns)   --->   "%sext_ln1118_42 = sext i23 %shl_ln1118_20 to i24" [firmware/nnet_utils/nnet_mult.h:67->firmware/nnet_utils/nnet_dense_resource.h:78]   --->   Operation 94 'sext' 'sext_ln1118_42' <Predicate = true> <Delay = 0.00>
ST_1 : Operation 95 [1/1] (0.59ns)   --->   "%sub_ln1118_17 = sub i24 %sext_ln1118_42, %sext_ln1118_17" [firmware/nnet_utils/nnet_mult.h:67->firmware/nnet_utils/nnet_dense_resource.h:78]   --->   Operation 95 'sub' 'sub_ln1118_17' <Predicate = true> <Delay = 0.59> <Core = "AddSub">   --->   Core 14 'AddSub' <Latency = 0> <II = 1> <Delay = 0.60> <FuncUnit> <Opcode : 'add' 'sub'> <InPorts = 2> <OutPorts = 1>
ST_1 : Operation 96 [1/1] (0.00ns)   --->   "%trunc_ln708_33 = call i16 @_ssdm_op_PartSelect.i16.i24.i32.i32(i24 %sub_ln1118_17, i32 8, i32 23)" [firmware/nnet_utils/nnet_mult.h:67->firmware/nnet_utils/nnet_dense_resource.h:78]   --->   Operation 96 'partselect' 'trunc_ln708_33' <Predicate = true> <Delay = 0.00>
ST_1 : Operation 97 [1/1] (0.00ns) (grouped into TernaryAdder)   --->   "%add_ln703_101 = add i16 %sext_ln708_13, %trunc_ln708_32" [firmware/nnet_utils/nnet_dense_resource.h:78]   --->   Operation 97 'add' 'add_ln703_101' <Predicate = true> <Delay = 0.00> <Core = "TAddSub">   --->   Core 83 'TAddSub' <Latency = 0> <II = 1> <Delay = 0.33> <IPBlock> <Opcode : 'add' 'sub'> <InPorts = 3> <OutPorts = 1> <Sync> <CReg>
ST_1 : Operation 98 [1/1] (0.60ns)   --->   "%add_ln703_102 = add i16 %trunc_ln708_33, -24" [firmware/nnet_utils/nnet_dense_resource.h:78]   --->   Operation 98 'add' 'add_ln703_102' <Predicate = true> <Delay = 0.60> <Core = "AddSub">   --->   Core 14 'AddSub' <Latency = 0> <II = 1> <Delay = 0.60> <FuncUnit> <Opcode : 'add' 'sub'> <InPorts = 2> <OutPorts = 1>
ST_1 : Operation 99 [1/1] (0.67ns) (root node of TernaryAdder)   --->   "%add_ln703_103 = add i16 %add_ln703_102, %add_ln703_101" [firmware/nnet_utils/nnet_dense_resource.h:78]   --->   Operation 99 'add' 'add_ln703_103' <Predicate = true> <Delay = 0.67> <Core = "TAddSub">   --->   Core 83 'TAddSub' <Latency = 0> <II = 1> <Delay = 0.33> <IPBlock> <Opcode : 'add' 'sub'> <InPorts = 3> <OutPorts = 1> <Sync> <CReg>
ST_1 : Operation 100 [1/1] (0.00ns)   --->   "%shl_ln1118_21 = call i19 @_ssdm_op_BitConcatenate.i19.i16.i3(i16 %data_4_V_read_7, i3 0)" [firmware/nnet_utils/nnet_mult.h:67->firmware/nnet_utils/nnet_dense_resource.h:78]   --->   Operation 100 'bitconcatenate' 'shl_ln1118_21' <Predicate = true> <Delay = 0.00>
ST_1 : Operation 101 [1/1] (0.00ns)   --->   "%sext_ln1118_43 = sext i19 %shl_ln1118_21 to i22" [firmware/nnet_utils/nnet_mult.h:67->firmware/nnet_utils/nnet_dense_resource.h:78]   --->   Operation 101 'sext' 'sext_ln1118_43' <Predicate = true> <Delay = 0.00>
ST_1 : Operation 102 [1/1] (0.00ns)   --->   "%sext_ln1118_44 = sext i19 %shl_ln1118_21 to i24" [firmware/nnet_utils/nnet_mult.h:67->firmware/nnet_utils/nnet_dense_resource.h:78]   --->   Operation 102 'sext' 'sext_ln1118_44' <Predicate = true> <Delay = 0.00>
ST_1 : Operation 103 [1/1] (0.57ns)   --->   "%add_ln1118_2 = add i22 %sext_ln1118_43, %sext_ln1118_38" [firmware/nnet_utils/nnet_mult.h:67->firmware/nnet_utils/nnet_dense_resource.h:78]   --->   Operation 103 'add' 'add_ln1118_2' <Predicate = true> <Delay = 0.57> <Core = "AddSub">   --->   Core 14 'AddSub' <Latency = 0> <II = 1> <Delay = 0.60> <FuncUnit> <Opcode : 'add' 'sub'> <InPorts = 2> <OutPorts = 1>
ST_1 : Operation 104 [1/1] (0.00ns)   --->   "%trunc_ln708_38 = call i14 @_ssdm_op_PartSelect.i14.i22.i32.i32(i22 %add_ln1118_2, i32 8, i32 21)" [firmware/nnet_utils/nnet_mult.h:67->firmware/nnet_utils/nnet_dense_resource.h:78]   --->   Operation 104 'partselect' 'trunc_ln708_38' <Predicate = true> <Delay = 0.00>
ST_1 : Operation 105 [1/1] (0.00ns)   --->   "%sext_ln708_16 = sext i14 %trunc_ln708_38 to i16" [firmware/nnet_utils/nnet_mult.h:67->firmware/nnet_utils/nnet_dense_resource.h:78]   --->   Operation 105 'sext' 'sext_ln708_16' <Predicate = true> <Delay = 0.00>
ST_1 : Operation 106 [1/1] (2.53ns) (root node of the DSP)   --->   "%mul_ln1118_29 = mul i24 %sext_ln1118_15, -88" [firmware/nnet_utils/nnet_mult.h:67->firmware/nnet_utils/nnet_dense_resource.h:78]   --->   Operation 106 'mul' 'mul_ln1118_29' <Predicate = true> <Delay = 2.53> <Core = "DSP48">   --->   Core 88 'DSP48' <Latency = 0> <II = 1> <Delay = 2.53> <IPBlock> <Opcode : 'mul' 'add' 'sub' 'select'> <InPorts = 2> <OutPorts = 1> <Sync> <CReg>
ST_1 : Operation 107 [1/1] (0.00ns)   --->   "%trunc_ln708_39 = call i16 @_ssdm_op_PartSelect.i16.i24.i32.i32(i24 %mul_ln1118_29, i32 8, i32 23)" [firmware/nnet_utils/nnet_mult.h:67->firmware/nnet_utils/nnet_dense_resource.h:78]   --->   Operation 107 'partselect' 'trunc_ln708_39' <Predicate = true> <Delay = 0.00>
ST_1 : Operation 108 [1/1] (2.53ns) (root node of the DSP)   --->   "%mul_ln1118_30 = mul i23 %sext_ln1118_19, -39" [firmware/nnet_utils/nnet_mult.h:67->firmware/nnet_utils/nnet_dense_resource.h:78]   --->   Operation 108 'mul' 'mul_ln1118_30' <Predicate = true> <Delay = 2.53> <Core = "DSP48">   --->   Core 88 'DSP48' <Latency = 0> <II = 1> <Delay = 2.53> <IPBlock> <Opcode : 'mul' 'add' 'sub' 'select'> <InPorts = 2> <OutPorts = 1> <Sync> <CReg>
ST_1 : Operation 109 [1/1] (0.00ns)   --->   "%trunc_ln708_40 = call i15 @_ssdm_op_PartSelect.i15.i23.i32.i32(i23 %mul_ln1118_30, i32 8, i32 22)" [firmware/nnet_utils/nnet_mult.h:67->firmware/nnet_utils/nnet_dense_resource.h:78]   --->   Operation 109 'partselect' 'trunc_ln708_40' <Predicate = true> <Delay = 0.00>
ST_1 : Operation 110 [1/1] (0.00ns)   --->   "%sext_ln708_17 = sext i15 %trunc_ln708_40 to i16" [firmware/nnet_utils/nnet_mult.h:67->firmware/nnet_utils/nnet_dense_resource.h:78]   --->   Operation 110 'sext' 'sext_ln708_17' <Predicate = true> <Delay = 0.00>
ST_1 : Operation 111 [1/1] (0.00ns) (grouped into TernaryAdder)   --->   "%add_ln703_108 = add i16 %sext_ln708_16, %trunc_ln708_39" [firmware/nnet_utils/nnet_dense_resource.h:78]   --->   Operation 111 'add' 'add_ln703_108' <Predicate = true> <Delay = 0.00> <Core = "TAddSub">   --->   Core 83 'TAddSub' <Latency = 0> <II = 1> <Delay = 0.33> <IPBlock> <Opcode : 'add' 'sub'> <InPorts = 3> <OutPorts = 1> <Sync> <CReg>
ST_1 : Operation 112 [1/1] (0.58ns)   --->   "%add_ln703_109 = add i16 %sext_ln708_17, -3" [firmware/nnet_utils/nnet_dense_resource.h:78]   --->   Operation 112 'add' 'add_ln703_109' <Predicate = true> <Delay = 0.58> <Core = "AddSub">   --->   Core 14 'AddSub' <Latency = 0> <II = 1> <Delay = 0.60> <FuncUnit> <Opcode : 'add' 'sub'> <InPorts = 2> <OutPorts = 1>
ST_1 : Operation 113 [1/1] (0.67ns) (root node of TernaryAdder)   --->   "%add_ln703_110 = add i16 %add_ln703_109, %add_ln703_108" [firmware/nnet_utils/nnet_dense_resource.h:78]   --->   Operation 113 'add' 'add_ln703_110' <Predicate = true> <Delay = 0.67> <Core = "TAddSub">   --->   Core 83 'TAddSub' <Latency = 0> <II = 1> <Delay = 0.33> <IPBlock> <Opcode : 'add' 'sub'> <InPorts = 3> <OutPorts = 1> <Sync> <CReg>
ST_1 : Operation 114 [1/1] (0.00ns)   --->   "%trunc_ln708_43 = call i10 @_ssdm_op_PartSelect.i10.i16.i32.i32(i16 %data_2_V_read_7, i32 6, i32 15)" [firmware/nnet_utils/nnet_mult.h:67->firmware/nnet_utils/nnet_dense_resource.h:78]   --->   Operation 114 'partselect' 'trunc_ln708_43' <Predicate = true> <Delay = 0.00>
ST_1 : Operation 115 [1/1] (0.00ns)   --->   "%shl_ln1118_22 = call i24 @_ssdm_op_BitConcatenate.i24.i16.i8(i16 %data_4_V_read_7, i8 0)" [firmware/nnet_utils/nnet_mult.h:67->firmware/nnet_utils/nnet_dense_resource.h:78]   --->   Operation 115 'bitconcatenate' 'shl_ln1118_22' <Predicate = true> <Delay = 0.00>
ST_1 : Operation 116 [1/1] (0.61ns)   --->   "%sub_ln1118_18 = sub i24 %shl_ln1118_22, %sext_ln1118_44" [firmware/nnet_utils/nnet_mult.h:67->firmware/nnet_utils/nnet_dense_resource.h:78]   --->   Operation 116 'sub' 'sub_ln1118_18' <Predicate = true> <Delay = 0.61> <Core = "AddSub">   --->   Core 14 'AddSub' <Latency = 0> <II = 1> <Delay = 0.60> <FuncUnit> <Opcode : 'add' 'sub'> <InPorts = 2> <OutPorts = 1>
ST_1 : Operation 117 [1/1] (0.00ns)   --->   "%trunc_ln708_45 = call i16 @_ssdm_op_PartSelect.i16.i24.i32.i32(i24 %sub_ln1118_18, i32 8, i32 23)" [firmware/nnet_utils/nnet_mult.h:67->firmware/nnet_utils/nnet_dense_resource.h:78]   --->   Operation 117 'partselect' 'trunc_ln708_45' <Predicate = true> <Delay = 0.00>
ST_1 : Operation 118 [1/1] (2.53ns) (root node of the DSP)   --->   "%mul_ln1118_34 = mul i24 %sext_ln1118_15, 101" [firmware/nnet_utils/nnet_mult.h:67->firmware/nnet_utils/nnet_dense_resource.h:78]   --->   Operation 118 'mul' 'mul_ln1118_34' <Predicate = true> <Delay = 2.53> <Core = "DSP48">   --->   Core 88 'DSP48' <Latency = 0> <II = 1> <Delay = 2.53> <IPBlock> <Opcode : 'mul' 'add' 'sub' 'select'> <InPorts = 2> <OutPorts = 1> <Sync> <CReg>
ST_1 : Operation 119 [1/1] (0.00ns)   --->   "%trunc_ln708_46 = call i16 @_ssdm_op_PartSelect.i16.i24.i32.i32(i24 %mul_ln1118_34, i32 8, i32 23)" [firmware/nnet_utils/nnet_mult.h:67->firmware/nnet_utils/nnet_dense_resource.h:78]   --->   Operation 119 'partselect' 'trunc_ln708_46' <Predicate = true> <Delay = 0.00>
ST_1 : Operation 120 [1/1] (2.53ns) (root node of the DSP)   --->   "%mul_ln1118_35 = mul i24 %sext_ln1118_17, -67" [firmware/nnet_utils/nnet_mult.h:67->firmware/nnet_utils/nnet_dense_resource.h:78]   --->   Operation 120 'mul' 'mul_ln1118_35' <Predicate = true> <Delay = 2.53> <Core = "DSP48">   --->   Core 88 'DSP48' <Latency = 0> <II = 1> <Delay = 2.53> <IPBlock> <Opcode : 'mul' 'add' 'sub' 'select'> <InPorts = 2> <OutPorts = 1> <Sync> <CReg>
ST_1 : Operation 121 [1/1] (0.00ns)   --->   "%trunc_ln708_47 = call i16 @_ssdm_op_PartSelect.i16.i24.i32.i32(i24 %mul_ln1118_35, i32 8, i32 23)" [firmware/nnet_utils/nnet_mult.h:67->firmware/nnet_utils/nnet_dense_resource.h:78]   --->   Operation 121 'partselect' 'trunc_ln708_47' <Predicate = true> <Delay = 0.00>
ST_1 : Operation 122 [1/1] (0.00ns) (grouped into TernaryAdder)   --->   "%add_ln703_115 = add i16 %trunc_ln708_45, %trunc_ln708_46" [firmware/nnet_utils/nnet_dense_resource.h:78]   --->   Operation 122 'add' 'add_ln703_115' <Predicate = true> <Delay = 0.00> <Core = "TAddSub">   --->   Core 83 'TAddSub' <Latency = 0> <II = 1> <Delay = 0.33> <IPBlock> <Opcode : 'add' 'sub'> <InPorts = 3> <OutPorts = 1> <Sync> <CReg>
ST_1 : Operation 123 [1/1] (0.60ns)   --->   "%add_ln703_116 = add i16 %trunc_ln708_47, -35" [firmware/nnet_utils/nnet_dense_resource.h:78]   --->   Operation 123 'add' 'add_ln703_116' <Predicate = true> <Delay = 0.60> <Core = "AddSub">   --->   Core 14 'AddSub' <Latency = 0> <II = 1> <Delay = 0.60> <FuncUnit> <Opcode : 'add' 'sub'> <InPorts = 2> <OutPorts = 1>
ST_1 : Operation 124 [1/1] (0.67ns) (root node of TernaryAdder)   --->   "%add_ln703_117 = add i16 %add_ln703_116, %add_ln703_115" [firmware/nnet_utils/nnet_dense_resource.h:78]   --->   Operation 124 'add' 'add_ln703_117' <Predicate = true> <Delay = 0.67> <Core = "TAddSub">   --->   Core 83 'TAddSub' <Latency = 0> <II = 1> <Delay = 0.33> <IPBlock> <Opcode : 'add' 'sub'> <InPorts = 3> <OutPorts = 1> <Sync> <CReg>

State 2 <SV = 1> <Delay = 3.81>
ST_2 : Operation 125 [1/1] (0.00ns)   --->   "%sext_ln1118 = sext i16 %data_0_V_read_7 to i24" [firmware/nnet_utils/nnet_mult.h:67->firmware/nnet_utils/nnet_dense_resource.h:78]   --->   Operation 125 'sext' 'sext_ln1118' <Predicate = true> <Delay = 0.00>
ST_2 : Operation 126 [1/1] (0.00ns)   --->   "%sext_ln1118_1 = sext i16 %data_0_V_read_7 to i23" [firmware/nnet_utils/nnet_mult.h:67->firmware/nnet_utils/nnet_dense_resource.h:78]   --->   Operation 126 'sext' 'sext_ln1118_1' <Predicate = true> <Delay = 0.00>
ST_2 : Operation 127 [1/1] (2.53ns) (root node of the DSP)   --->   "%mul_ln1118 = mul i24 %sext_ln1118, -77" [firmware/nnet_utils/nnet_mult.h:67->firmware/nnet_utils/nnet_dense_resource.h:78]   --->   Operation 127 'mul' 'mul_ln1118' <Predicate = true> <Delay = 2.53> <Core = "DSP48">   --->   Core 88 'DSP48' <Latency = 0> <II = 1> <Delay = 2.53> <IPBlock> <Opcode : 'mul' 'add' 'sub' 'select'> <InPorts = 2> <OutPorts = 1> <Sync> <CReg>
ST_2 : Operation 128 [1/1] (0.00ns)   --->   "%trunc_ln = call i16 @_ssdm_op_PartSelect.i16.i24.i32.i32(i24 %mul_ln1118, i32 8, i32 23)" [firmware/nnet_utils/nnet_mult.h:67->firmware/nnet_utils/nnet_dense_resource.h:78]   --->   Operation 128 'partselect' 'trunc_ln' <Predicate = true> <Delay = 0.00>
ST_2 : Operation 129 [1/1] (0.00ns)   --->   "%sext_ln1118_2 = sext i16 %data_1_V_read_7 to i24" [firmware/nnet_utils/nnet_mult.h:67->firmware/nnet_utils/nnet_dense_resource.h:78]   --->   Operation 129 'sext' 'sext_ln1118_2' <Predicate = true> <Delay = 0.00>
ST_2 : Operation 130 [1/1] (0.00ns)   --->   "%sext_ln1118_3 = sext i16 %data_1_V_read_7 to i23" [firmware/nnet_utils/nnet_mult.h:67->firmware/nnet_utils/nnet_dense_resource.h:78]   --->   Operation 130 'sext' 'sext_ln1118_3' <Predicate = true> <Delay = 0.00>
ST_2 : Operation 131 [1/1] (0.00ns)   --->   "%sext_ln1118_4 = sext i16 %data_1_V_read_7 to i19" [firmware/nnet_utils/nnet_mult.h:67->firmware/nnet_utils/nnet_dense_resource.h:78]   --->   Operation 131 'sext' 'sext_ln1118_4' <Predicate = true> <Delay = 0.00>
ST_2 : Operation 132 [1/1] (0.00ns)   --->   "%sext_ln1118_5 = sext i16 %data_1_V_read_7 to i20" [firmware/nnet_utils/nnet_mult.h:67->firmware/nnet_utils/nnet_dense_resource.h:78]   --->   Operation 132 'sext' 'sext_ln1118_5' <Predicate = true> <Delay = 0.00>
ST_2 : Operation 133 [1/1] (2.53ns) (root node of the DSP)   --->   "%mul_ln1118_1 = mul i24 %sext_ln1118_2, -84" [firmware/nnet_utils/nnet_mult.h:67->firmware/nnet_utils/nnet_dense_resource.h:78]   --->   Operation 133 'mul' 'mul_ln1118_1' <Predicate = true> <Delay = 2.53> <Core = "DSP48">   --->   Core 88 'DSP48' <Latency = 0> <II = 1> <Delay = 2.53> <IPBlock> <Opcode : 'mul' 'add' 'sub' 'select'> <InPorts = 2> <OutPorts = 1> <Sync> <CReg>
ST_2 : Operation 134 [1/1] (0.00ns)   --->   "%trunc_ln708_s = call i16 @_ssdm_op_PartSelect.i16.i24.i32.i32(i24 %mul_ln1118_1, i32 8, i32 23)" [firmware/nnet_utils/nnet_mult.h:67->firmware/nnet_utils/nnet_dense_resource.h:78]   --->   Operation 134 'partselect' 'trunc_ln708_s' <Predicate = true> <Delay = 0.00>
ST_2 : Operation 135 [1/1] (0.00ns)   --->   "%sext_ln1118_6 = sext i16 %data_2_V_read_7 to i24" [firmware/nnet_utils/nnet_mult.h:67->firmware/nnet_utils/nnet_dense_resource.h:78]   --->   Operation 135 'sext' 'sext_ln1118_6' <Predicate = true> <Delay = 0.00>
ST_2 : Operation 136 [1/1] (0.00ns)   --->   "%sext_ln1118_7 = sext i16 %data_2_V_read_7 to i21" [firmware/nnet_utils/nnet_mult.h:67->firmware/nnet_utils/nnet_dense_resource.h:78]   --->   Operation 136 'sext' 'sext_ln1118_7' <Predicate = true> <Delay = 0.00>
ST_2 : Operation 137 [1/1] (2.53ns) (root node of the DSP)   --->   "%mul_ln1118_2 = mul i24 %sext_ln1118_6, 79" [firmware/nnet_utils/nnet_mult.h:67->firmware/nnet_utils/nnet_dense_resource.h:78]   --->   Operation 137 'mul' 'mul_ln1118_2' <Predicate = true> <Delay = 2.53> <Core = "DSP48">   --->   Core 88 'DSP48' <Latency = 0> <II = 1> <Delay = 2.53> <IPBlock> <Opcode : 'mul' 'add' 'sub' 'select'> <InPorts = 2> <OutPorts = 1> <Sync> <CReg>
ST_2 : Operation 138 [1/1] (0.00ns)   --->   "%trunc_ln708_1 = call i16 @_ssdm_op_PartSelect.i16.i24.i32.i32(i24 %mul_ln1118_2, i32 8, i32 23)" [firmware/nnet_utils/nnet_mult.h:67->firmware/nnet_utils/nnet_dense_resource.h:78]   --->   Operation 138 'partselect' 'trunc_ln708_1' <Predicate = true> <Delay = 0.00>
ST_2 : Operation 139 [1/1] (0.00ns)   --->   "%sext_ln1118_8 = sext i16 %data_3_V_read_7 to i24" [firmware/nnet_utils/nnet_mult.h:67->firmware/nnet_utils/nnet_dense_resource.h:78]   --->   Operation 139 'sext' 'sext_ln1118_8' <Predicate = true> <Delay = 0.00>
ST_2 : Operation 140 [1/1] (0.00ns)   --->   "%sext_ln1118_9 = sext i16 %data_3_V_read_7 to i23" [firmware/nnet_utils/nnet_mult.h:67->firmware/nnet_utils/nnet_dense_resource.h:78]   --->   Operation 140 'sext' 'sext_ln1118_9' <Predicate = true> <Delay = 0.00>
ST_2 : Operation 141 [1/1] (0.00ns)   --->   "%sext_ln1118_10 = sext i16 %data_3_V_read_7 to i22" [firmware/nnet_utils/nnet_mult.h:67->firmware/nnet_utils/nnet_dense_resource.h:78]   --->   Operation 141 'sext' 'sext_ln1118_10' <Predicate = true> <Delay = 0.00>
ST_2 : Operation 142 [1/1] (2.53ns) (root node of the DSP)   --->   "%mul_ln1118_3 = mul i24 %sext_ln1118_8, 78" [firmware/nnet_utils/nnet_mult.h:67->firmware/nnet_utils/nnet_dense_resource.h:78]   --->   Operation 142 'mul' 'mul_ln1118_3' <Predicate = true> <Delay = 2.53> <Core = "DSP48">   --->   Core 88 'DSP48' <Latency = 0> <II = 1> <Delay = 2.53> <IPBlock> <Opcode : 'mul' 'add' 'sub' 'select'> <InPorts = 2> <OutPorts = 1> <Sync> <CReg>
ST_2 : Operation 143 [1/1] (0.00ns)   --->   "%trunc_ln708_2 = call i16 @_ssdm_op_PartSelect.i16.i24.i32.i32(i24 %mul_ln1118_3, i32 8, i32 23)" [firmware/nnet_utils/nnet_mult.h:67->firmware/nnet_utils/nnet_dense_resource.h:78]   --->   Operation 143 'partselect' 'trunc_ln708_2' <Predicate = true> <Delay = 0.00>
ST_2 : Operation 144 [1/1] (0.60ns)   --->   "%add_ln703 = add i16 %trunc_ln, %trunc_ln708_s" [firmware/nnet_utils/nnet_dense_resource.h:78]   --->   Operation 144 'add' 'add_ln703' <Predicate = true> <Delay = 0.60> <Core = "AddSub">   --->   Core 14 'AddSub' <Latency = 0> <II = 1> <Delay = 0.60> <FuncUnit> <Opcode : 'add' 'sub'> <InPorts = 2> <OutPorts = 1>
ST_2 : Operation 145 [1/1] (0.60ns)   --->   "%add_ln703_64 = add i16 %trunc_ln708_1, %trunc_ln708_2" [firmware/nnet_utils/nnet_dense_resource.h:78]   --->   Operation 145 'add' 'add_ln703_64' <Predicate = true> <Delay = 0.60> <Core = "AddSub">   --->   Core 14 'AddSub' <Latency = 0> <II = 1> <Delay = 0.60> <FuncUnit> <Opcode : 'add' 'sub'> <InPorts = 2> <OutPorts = 1>
ST_2 : Operation 146 [1/1] (0.00ns) (grouped into TernaryAdder)   --->   "%add_ln703_65 = add i16 %add_ln703_64, %add_ln703" [firmware/nnet_utils/nnet_dense_resource.h:78]   --->   Operation 146 'add' 'add_ln703_65' <Predicate = true> <Delay = 0.00> <Core = "TAddSub">   --->   Core 83 'TAddSub' <Latency = 0> <II = 1> <Delay = 0.33> <IPBlock> <Opcode : 'add' 'sub'> <InPorts = 3> <OutPorts = 1> <Sync> <CReg>
ST_2 : Operation 147 [1/1] (0.67ns) (root node of TernaryAdder)   --->   "%add_ln703_69 = add i16 %add_ln703_68, %add_ln703_65" [firmware/nnet_utils/nnet_dense_resource.h:78]   --->   Operation 147 'add' 'add_ln703_69' <Predicate = true> <Delay = 0.67> <Core = "TAddSub">   --->   Core 83 'TAddSub' <Latency = 0> <II = 1> <Delay = 0.33> <IPBlock> <Opcode : 'add' 'sub'> <InPorts = 3> <OutPorts = 1> <Sync> <CReg>
ST_2 : Operation 148 [1/1] (2.53ns) (root node of the DSP)   --->   "%mul_ln1118_6 = mul i23 %sext_ln1118_1, 37" [firmware/nnet_utils/nnet_mult.h:67->firmware/nnet_utils/nnet_dense_resource.h:78]   --->   Operation 148 'mul' 'mul_ln1118_6' <Predicate = true> <Delay = 2.53> <Core = "DSP48">   --->   Core 88 'DSP48' <Latency = 0> <II = 1> <Delay = 2.53> <IPBlock> <Opcode : 'mul' 'add' 'sub' 'select'> <InPorts = 2> <OutPorts = 1> <Sync> <CReg>
ST_2 : Operation 149 [1/1] (0.00ns)   --->   "%trunc_ln708_6 = call i15 @_ssdm_op_PartSelect.i15.i23.i32.i32(i23 %mul_ln1118_6, i32 8, i32 22)" [firmware/nnet_utils/nnet_mult.h:67->firmware/nnet_utils/nnet_dense_resource.h:78]   --->   Operation 149 'partselect' 'trunc_ln708_6' <Predicate = true> <Delay = 0.00>
ST_2 : Operation 150 [1/1] (0.00ns)   --->   "%sext_ln708_1 = sext i15 %trunc_ln708_6 to i16" [firmware/nnet_utils/nnet_mult.h:67->firmware/nnet_utils/nnet_dense_resource.h:78]   --->   Operation 150 'sext' 'sext_ln708_1' <Predicate = true> <Delay = 0.00>
ST_2 : Operation 151 [1/1] (2.53ns) (root node of the DSP)   --->   "%mul_ln1118_7 = mul i24 %sext_ln1118_2, 109" [firmware/nnet_utils/nnet_mult.h:67->firmware/nnet_utils/nnet_dense_resource.h:78]   --->   Operation 151 'mul' 'mul_ln1118_7' <Predicate = true> <Delay = 2.53> <Core = "DSP48">   --->   Core 88 'DSP48' <Latency = 0> <II = 1> <Delay = 2.53> <IPBlock> <Opcode : 'mul' 'add' 'sub' 'select'> <InPorts = 2> <OutPorts = 1> <Sync> <CReg>
ST_2 : Operation 152 [1/1] (0.00ns)   --->   "%trunc_ln708_7 = call i16 @_ssdm_op_PartSelect.i16.i24.i32.i32(i24 %mul_ln1118_7, i32 8, i32 23)" [firmware/nnet_utils/nnet_mult.h:67->firmware/nnet_utils/nnet_dense_resource.h:78]   --->   Operation 152 'partselect' 'trunc_ln708_7' <Predicate = true> <Delay = 0.00>
ST_2 : Operation 153 [1/1] (2.53ns) (root node of the DSP)   --->   "%mul_ln1118_8 = mul i24 %sext_ln1118_6, 292" [firmware/nnet_utils/nnet_mult.h:67->firmware/nnet_utils/nnet_dense_resource.h:78]   --->   Operation 153 'mul' 'mul_ln1118_8' <Predicate = true> <Delay = 2.53> <Core = "DSP48">   --->   Core 88 'DSP48' <Latency = 0> <II = 1> <Delay = 2.53> <IPBlock> <Opcode : 'mul' 'add' 'sub' 'select'> <InPorts = 2> <OutPorts = 1> <Sync> <CReg>
ST_2 : Operation 154 [1/1] (0.00ns)   --->   "%trunc_ln708_8 = call i16 @_ssdm_op_PartSelect.i16.i24.i32.i32(i24 %mul_ln1118_8, i32 8, i32 23)" [firmware/nnet_utils/nnet_mult.h:67->firmware/nnet_utils/nnet_dense_resource.h:78]   --->   Operation 154 'partselect' 'trunc_ln708_8' <Predicate = true> <Delay = 0.00>
ST_2 : Operation 155 [1/1] (2.53ns) (root node of the DSP)   --->   "%mul_ln1118_9 = mul i24 %sext_ln1118_8, 85" [firmware/nnet_utils/nnet_mult.h:67->firmware/nnet_utils/nnet_dense_resource.h:78]   --->   Operation 155 'mul' 'mul_ln1118_9' <Predicate = true> <Delay = 2.53> <Core = "DSP48">   --->   Core 88 'DSP48' <Latency = 0> <II = 1> <Delay = 2.53> <IPBlock> <Opcode : 'mul' 'add' 'sub' 'select'> <InPorts = 2> <OutPorts = 1> <Sync> <CReg>
ST_2 : Operation 156 [1/1] (0.00ns)   --->   "%trunc_ln708_9 = call i16 @_ssdm_op_PartSelect.i16.i24.i32.i32(i24 %mul_ln1118_9, i32 8, i32 23)" [firmware/nnet_utils/nnet_mult.h:67->firmware/nnet_utils/nnet_dense_resource.h:78]   --->   Operation 156 'partselect' 'trunc_ln708_9' <Predicate = true> <Delay = 0.00>
ST_2 : Operation 157 [1/1] (0.60ns)   --->   "%add_ln703_70 = add i16 %sext_ln708_1, %trunc_ln708_7" [firmware/nnet_utils/nnet_dense_resource.h:78]   --->   Operation 157 'add' 'add_ln703_70' <Predicate = true> <Delay = 0.60> <Core = "AddSub">   --->   Core 14 'AddSub' <Latency = 0> <II = 1> <Delay = 0.60> <FuncUnit> <Opcode : 'add' 'sub'> <InPorts = 2> <OutPorts = 1>
ST_2 : Operation 158 [1/1] (0.60ns)   --->   "%add_ln703_71 = add i16 %trunc_ln708_8, %trunc_ln708_9" [firmware/nnet_utils/nnet_dense_resource.h:78]   --->   Operation 158 'add' 'add_ln703_71' <Predicate = true> <Delay = 0.60> <Core = "AddSub">   --->   Core 14 'AddSub' <Latency = 0> <II = 1> <Delay = 0.60> <FuncUnit> <Opcode : 'add' 'sub'> <InPorts = 2> <OutPorts = 1>
ST_2 : Operation 159 [1/1] (0.00ns) (grouped into TernaryAdder)   --->   "%add_ln703_72 = add i16 %add_ln703_71, %add_ln703_70" [firmware/nnet_utils/nnet_dense_resource.h:78]   --->   Operation 159 'add' 'add_ln703_72' <Predicate = true> <Delay = 0.00> <Core = "TAddSub">   --->   Core 83 'TAddSub' <Latency = 0> <II = 1> <Delay = 0.33> <IPBlock> <Opcode : 'add' 'sub'> <InPorts = 3> <OutPorts = 1> <Sync> <CReg>
ST_2 : Operation 160 [1/1] (0.67ns) (root node of TernaryAdder)   --->   "%acc_1_V = add i16 %add_ln703_75, %add_ln703_72" [firmware/nnet_utils/nnet_dense_resource.h:78]   --->   Operation 160 'add' 'acc_1_V' <Predicate = true> <Delay = 0.67> <Core = "TAddSub">   --->   Core 83 'TAddSub' <Latency = 0> <II = 1> <Delay = 0.33> <IPBlock> <Opcode : 'add' 'sub'> <InPorts = 3> <OutPorts = 1> <Sync> <CReg>
ST_2 : Operation 161 [1/1] (0.00ns)   --->   "%shl_ln1118_1 = call i19 @_ssdm_op_BitConcatenate.i19.i16.i3(i16 %data_0_V_read_7, i3 0)" [firmware/nnet_utils/nnet_mult.h:67->firmware/nnet_utils/nnet_dense_resource.h:78]   --->   Operation 161 'bitconcatenate' 'shl_ln1118_1' <Predicate = true> <Delay = 0.00>
ST_2 : Operation 162 [1/1] (0.00ns)   --->   "%sext_ln1118_20 = sext i19 %shl_ln1118_1 to i24" [firmware/nnet_utils/nnet_mult.h:67->firmware/nnet_utils/nnet_dense_resource.h:78]   --->   Operation 162 'sext' 'sext_ln1118_20' <Predicate = true> <Delay = 0.00>
ST_2 : Operation 163 [1/1] (0.00ns)   --->   "%sext_ln1118_21 = sext i19 %shl_ln1118_1 to i22" [firmware/nnet_utils/nnet_mult.h:67->firmware/nnet_utils/nnet_dense_resource.h:78]   --->   Operation 163 'sext' 'sext_ln1118_21' <Predicate = true> <Delay = 0.00>
ST_2 : Operation 164 [1/1] (0.00ns)   --->   "%sext_ln1118_22 = sext i19 %shl_ln1118_1 to i20" [firmware/nnet_utils/nnet_mult.h:67->firmware/nnet_utils/nnet_dense_resource.h:78]   --->   Operation 164 'sext' 'sext_ln1118_22' <Predicate = true> <Delay = 0.00>
ST_2 : Operation 165 [1/1] (0.00ns)   --->   "%shl_ln1118_2 = call i17 @_ssdm_op_BitConcatenate.i17.i16.i1(i16 %data_0_V_read_7, i1 false)" [firmware/nnet_utils/nnet_mult.h:67->firmware/nnet_utils/nnet_dense_resource.h:78]   --->   Operation 165 'bitconcatenate' 'shl_ln1118_2' <Predicate = true> <Delay = 0.00>
ST_2 : Operation 166 [1/1] (0.00ns)   --->   "%sext_ln1118_23 = sext i17 %shl_ln1118_2 to i20" [firmware/nnet_utils/nnet_mult.h:67->firmware/nnet_utils/nnet_dense_resource.h:78]   --->   Operation 166 'sext' 'sext_ln1118_23' <Predicate = true> <Delay = 0.00>
ST_2 : Operation 167 [1/1] (0.56ns)   --->   "%sub_ln1118_2 = sub i20 %sext_ln1118_23, %sext_ln1118_22" [firmware/nnet_utils/nnet_mult.h:67->firmware/nnet_utils/nnet_dense_resource.h:78]   --->   Operation 167 'sub' 'sub_ln1118_2' <Predicate = true> <Delay = 0.56> <Core = "AddSub">   --->   Core 14 'AddSub' <Latency = 0> <II = 1> <Delay = 0.60> <FuncUnit> <Opcode : 'add' 'sub'> <InPorts = 2> <OutPorts = 1>
ST_2 : Operation 168 [1/1] (0.00ns)   --->   "%tmp = call i12 @_ssdm_op_PartSelect.i12.i20.i32.i32(i20 %sub_ln1118_2, i32 8, i32 19)" [firmware/nnet_utils/nnet_mult.h:67->firmware/nnet_utils/nnet_dense_resource.h:78]   --->   Operation 168 'partselect' 'tmp' <Predicate = true> <Delay = 0.00>
ST_2 : Operation 169 [1/1] (0.00ns)   --->   "%sext_ln1118_45 = sext i12 %tmp to i13" [firmware/nnet_utils/nnet_mult.h:67->firmware/nnet_utils/nnet_dense_resource.h:78]   --->   Operation 169 'sext' 'sext_ln1118_45' <Predicate = true> <Delay = 0.00>
ST_2 : Operation 170 [1/1] (0.00ns)   --->   "%shl_ln1118_3 = call i18 @_ssdm_op_BitConcatenate.i18.i16.i2(i16 %data_1_V_read_7, i2 0)" [firmware/nnet_utils/nnet_mult.h:67->firmware/nnet_utils/nnet_dense_resource.h:78]   --->   Operation 170 'bitconcatenate' 'shl_ln1118_3' <Predicate = true> <Delay = 0.00>
ST_2 : Operation 171 [1/1] (0.00ns)   --->   "%sext_ln1118_24 = sext i18 %shl_ln1118_3 to i19" [firmware/nnet_utils/nnet_mult.h:67->firmware/nnet_utils/nnet_dense_resource.h:78]   --->   Operation 171 'sext' 'sext_ln1118_24' <Predicate = true> <Delay = 0.00>
ST_2 : Operation 172 [1/1] (0.00ns) (grouped into TernaryAdder)   --->   "%sub_ln1118_3 = sub i19 0, %sext_ln1118_24" [firmware/nnet_utils/nnet_mult.h:67->firmware/nnet_utils/nnet_dense_resource.h:78]   --->   Operation 172 'sub' 'sub_ln1118_3' <Predicate = true> <Delay = 0.00> <Core = "TAddSub">   --->   Core 83 'TAddSub' <Latency = 0> <II = 1> <Delay = 0.33> <IPBlock> <Opcode : 'add' 'sub'> <InPorts = 3> <OutPorts = 1> <Sync> <CReg>
ST_2 : Operation 173 [1/1] (0.68ns) (root node of TernaryAdder)   --->   "%sub_ln1118_4 = sub i19 %sub_ln1118_3, %sext_ln1118_4" [firmware/nnet_utils/nnet_mult.h:67->firmware/nnet_utils/nnet_dense_resource.h:78]   --->   Operation 173 'sub' 'sub_ln1118_4' <Predicate = true> <Delay = 0.68> <Core = "TAddSub">   --->   Core 83 'TAddSub' <Latency = 0> <II = 1> <Delay = 0.33> <IPBlock> <Opcode : 'add' 'sub'> <InPorts = 3> <OutPorts = 1> <Sync> <CReg>
ST_2 : Operation 174 [1/1] (0.00ns)   --->   "%tmp_228 = call i11 @_ssdm_op_PartSelect.i11.i19.i32.i32(i19 %sub_ln1118_4, i32 8, i32 18)" [firmware/nnet_utils/nnet_mult.h:67->firmware/nnet_utils/nnet_dense_resource.h:78]   --->   Operation 174 'partselect' 'tmp_228' <Predicate = true> <Delay = 0.00>
ST_2 : Operation 175 [1/1] (0.00ns)   --->   "%sext_ln1118_46 = sext i11 %tmp_228 to i15" [firmware/nnet_utils/nnet_mult.h:67->firmware/nnet_utils/nnet_dense_resource.h:78]   --->   Operation 175 'sext' 'sext_ln1118_46' <Predicate = true> <Delay = 0.00>
ST_2 : Operation 176 [1/1] (0.00ns)   --->   "%sext_ln1118_47 = sext i11 %tmp_228 to i13" [firmware/nnet_utils/nnet_mult.h:67->firmware/nnet_utils/nnet_dense_resource.h:78]   --->   Operation 176 'sext' 'sext_ln1118_47' <Predicate = true> <Delay = 0.00>
ST_2 : Operation 177 [1/1] (0.00ns)   --->   "%shl_ln1118_4 = call i22 @_ssdm_op_BitConcatenate.i22.i16.i6(i16 %data_2_V_read_7, i6 0)" [firmware/nnet_utils/nnet_mult.h:67->firmware/nnet_utils/nnet_dense_resource.h:78]   --->   Operation 177 'bitconcatenate' 'shl_ln1118_4' <Predicate = true> <Delay = 0.00>
ST_2 : Operation 178 [1/1] (0.00ns)   --->   "%sext_ln1118_25 = sext i22 %shl_ln1118_4 to i23" [firmware/nnet_utils/nnet_mult.h:67->firmware/nnet_utils/nnet_dense_resource.h:78]   --->   Operation 178 'sext' 'sext_ln1118_25' <Predicate = true> <Delay = 0.00>
ST_2 : Operation 179 [1/1] (0.00ns)   --->   "%shl_ln1118_5 = call i20 @_ssdm_op_BitConcatenate.i20.i16.i4(i16 %data_2_V_read_7, i4 0)" [firmware/nnet_utils/nnet_mult.h:67->firmware/nnet_utils/nnet_dense_resource.h:78]   --->   Operation 179 'bitconcatenate' 'shl_ln1118_5' <Predicate = true> <Delay = 0.00>
ST_2 : Operation 180 [1/1] (0.00ns)   --->   "%sext_ln1118_26 = sext i20 %shl_ln1118_5 to i23" [firmware/nnet_utils/nnet_mult.h:67->firmware/nnet_utils/nnet_dense_resource.h:78]   --->   Operation 180 'sext' 'sext_ln1118_26' <Predicate = true> <Delay = 0.00>
ST_2 : Operation 181 [1/1] (0.58ns)   --->   "%sub_ln1118_5 = sub i23 %sext_ln1118_26, %sext_ln1118_25" [firmware/nnet_utils/nnet_mult.h:67->firmware/nnet_utils/nnet_dense_resource.h:78]   --->   Operation 181 'sub' 'sub_ln1118_5' <Predicate = true> <Delay = 0.58> <Core = "AddSub">   --->   Core 14 'AddSub' <Latency = 0> <II = 1> <Delay = 0.60> <FuncUnit> <Opcode : 'add' 'sub'> <InPorts = 2> <OutPorts = 1>
ST_2 : Operation 182 [1/1] (0.00ns)   --->   "%trunc_ln708_13 = call i15 @_ssdm_op_PartSelect.i15.i23.i32.i32(i23 %sub_ln1118_5, i32 8, i32 22)" [firmware/nnet_utils/nnet_mult.h:67->firmware/nnet_utils/nnet_dense_resource.h:78]   --->   Operation 182 'partselect' 'trunc_ln708_13' <Predicate = true> <Delay = 0.00>
ST_2 : Operation 183 [1/1] (0.00ns)   --->   "%sext_ln708_3 = sext i15 %trunc_ln708_13 to i16" [firmware/nnet_utils/nnet_mult.h:67->firmware/nnet_utils/nnet_dense_resource.h:78]   --->   Operation 183 'sext' 'sext_ln708_3' <Predicate = true> <Delay = 0.00>
ST_2 : Operation 184 [1/1] (2.53ns) (root node of the DSP)   --->   "%mul_ln1118_13 = mul i24 %sext_ln1118_8, 153" [firmware/nnet_utils/nnet_mult.h:67->firmware/nnet_utils/nnet_dense_resource.h:78]   --->   Operation 184 'mul' 'mul_ln1118_13' <Predicate = true> <Delay = 2.53> <Core = "DSP48">   --->   Core 88 'DSP48' <Latency = 0> <II = 1> <Delay = 2.53> <IPBlock> <Opcode : 'mul' 'add' 'sub' 'select'> <InPorts = 2> <OutPorts = 1> <Sync> <CReg>
ST_2 : Operation 185 [1/1] (0.00ns)   --->   "%trunc_ln708_14 = call i16 @_ssdm_op_PartSelect.i16.i24.i32.i32(i24 %mul_ln1118_13, i32 8, i32 23)" [firmware/nnet_utils/nnet_mult.h:67->firmware/nnet_utils/nnet_dense_resource.h:78]   --->   Operation 185 'partselect' 'trunc_ln708_14' <Predicate = true> <Delay = 0.00>
ST_2 : Operation 186 [1/1] (0.52ns)   --->   "%add_ln703_77 = add i13 %sext_ln1118_45, %sext_ln1118_47" [firmware/nnet_utils/nnet_dense_resource.h:78]   --->   Operation 186 'add' 'add_ln703_77' <Predicate = true> <Delay = 0.52> <Core = "AddSub">   --->   Core 14 'AddSub' <Latency = 0> <II = 1> <Delay = 0.60> <FuncUnit> <Opcode : 'add' 'sub'> <InPorts = 2> <OutPorts = 1>
ST_2 : Operation 187 [1/1] (0.00ns)   --->   "%sext_ln703_1 = sext i13 %add_ln703_77 to i16" [firmware/nnet_utils/nnet_dense_resource.h:78]   --->   Operation 187 'sext' 'sext_ln703_1' <Predicate = true> <Delay = 0.00>
ST_2 : Operation 188 [1/1] (0.60ns)   --->   "%add_ln703_78 = add i16 %sext_ln708_3, %trunc_ln708_14" [firmware/nnet_utils/nnet_dense_resource.h:78]   --->   Operation 188 'add' 'add_ln703_78' <Predicate = true> <Delay = 0.60> <Core = "AddSub">   --->   Core 14 'AddSub' <Latency = 0> <II = 1> <Delay = 0.60> <FuncUnit> <Opcode : 'add' 'sub'> <InPorts = 2> <OutPorts = 1>
ST_2 : Operation 189 [1/1] (0.00ns) (grouped into TernaryAdder)   --->   "%add_ln703_79 = add i16 %add_ln703_78, %sext_ln703_1" [firmware/nnet_utils/nnet_dense_resource.h:78]   --->   Operation 189 'add' 'add_ln703_79' <Predicate = true> <Delay = 0.00> <Core = "TAddSub">   --->   Core 83 'TAddSub' <Latency = 0> <II = 1> <Delay = 0.33> <IPBlock> <Opcode : 'add' 'sub'> <InPorts = 3> <OutPorts = 1> <Sync> <CReg>
ST_2 : Operation 190 [1/1] (0.67ns) (root node of TernaryAdder)   --->   "%acc_2_V = add i16 %add_ln703_82, %add_ln703_79" [firmware/nnet_utils/nnet_dense_resource.h:78]   --->   Operation 190 'add' 'acc_2_V' <Predicate = true> <Delay = 0.67> <Core = "TAddSub">   --->   Core 83 'TAddSub' <Latency = 0> <II = 1> <Delay = 0.33> <IPBlock> <Opcode : 'add' 'sub'> <InPorts = 3> <OutPorts = 1> <Sync> <CReg>
ST_2 : Operation 191 [1/1] (0.00ns)   --->   "%shl_ln1118_7 = call i21 @_ssdm_op_BitConcatenate.i21.i16.i5(i16 %data_0_V_read_7, i5 0)" [firmware/nnet_utils/nnet_mult.h:67->firmware/nnet_utils/nnet_dense_resource.h:78]   --->   Operation 191 'bitconcatenate' 'shl_ln1118_7' <Predicate = true> <Delay = 0.00>
ST_2 : Operation 192 [1/1] (0.00ns)   --->   "%sext_ln1118_28 = sext i21 %shl_ln1118_7 to i22" [firmware/nnet_utils/nnet_mult.h:67->firmware/nnet_utils/nnet_dense_resource.h:78]   --->   Operation 192 'sext' 'sext_ln1118_28' <Predicate = true> <Delay = 0.00>
ST_2 : Operation 193 [1/1] (0.00ns) (grouped into TernaryAdder)   --->   "%sub_ln1118_7 = sub i22 0, %sext_ln1118_28" [firmware/nnet_utils/nnet_mult.h:67->firmware/nnet_utils/nnet_dense_resource.h:78]   --->   Operation 193 'sub' 'sub_ln1118_7' <Predicate = true> <Delay = 0.00> <Core = "TAddSub">   --->   Core 83 'TAddSub' <Latency = 0> <II = 1> <Delay = 0.33> <IPBlock> <Opcode : 'add' 'sub'> <InPorts = 3> <OutPorts = 1> <Sync> <CReg>
ST_2 : Operation 194 [1/1] (0.69ns) (root node of TernaryAdder)   --->   "%sub_ln1118_8 = sub i22 %sub_ln1118_7, %sext_ln1118_21" [firmware/nnet_utils/nnet_mult.h:67->firmware/nnet_utils/nnet_dense_resource.h:78]   --->   Operation 194 'sub' 'sub_ln1118_8' <Predicate = true> <Delay = 0.69> <Core = "TAddSub">   --->   Core 83 'TAddSub' <Latency = 0> <II = 1> <Delay = 0.33> <IPBlock> <Opcode : 'add' 'sub'> <InPorts = 3> <OutPorts = 1> <Sync> <CReg>
ST_2 : Operation 195 [1/1] (0.00ns)   --->   "%tmp_229 = call i14 @_ssdm_op_PartSelect.i14.i22.i32.i32(i22 %sub_ln1118_8, i32 8, i32 21)" [firmware/nnet_utils/nnet_mult.h:67->firmware/nnet_utils/nnet_dense_resource.h:78]   --->   Operation 195 'partselect' 'tmp_229' <Predicate = true> <Delay = 0.00>
ST_2 : Operation 196 [1/1] (0.00ns)   --->   "%sext_ln708_6 = sext i14 %tmp_229 to i15" [firmware/nnet_utils/nnet_mult.h:67->firmware/nnet_utils/nnet_dense_resource.h:78]   --->   Operation 196 'sext' 'sext_ln708_6' <Predicate = true> <Delay = 0.00>
ST_2 : Operation 197 [1/1] (2.53ns) (root node of the DSP)   --->   "%mul_ln1118_16 = mul i22 %sext_ln1118_10, 23" [firmware/nnet_utils/nnet_mult.h:67->firmware/nnet_utils/nnet_dense_resource.h:78]   --->   Operation 197 'mul' 'mul_ln1118_16' <Predicate = true> <Delay = 2.53> <Core = "DSP48">   --->   Core 88 'DSP48' <Latency = 0> <II = 1> <Delay = 2.53> <IPBlock> <Opcode : 'mul' 'add' 'sub' 'select'> <InPorts = 2> <OutPorts = 1> <Sync> <CReg>
ST_2 : Operation 198 [1/1] (0.00ns)   --->   "%trunc_ln708_19 = call i14 @_ssdm_op_PartSelect.i14.i22.i32.i32(i22 %mul_ln1118_16, i32 8, i32 21)" [firmware/nnet_utils/nnet_mult.h:67->firmware/nnet_utils/nnet_dense_resource.h:78]   --->   Operation 198 'partselect' 'trunc_ln708_19' <Predicate = true> <Delay = 0.00>
ST_2 : Operation 199 [1/1] (0.00ns)   --->   "%sext_ln708_7 = sext i14 %trunc_ln708_19 to i16" [firmware/nnet_utils/nnet_mult.h:67->firmware/nnet_utils/nnet_dense_resource.h:78]   --->   Operation 199 'sext' 'sext_ln708_7' <Predicate = true> <Delay = 0.00>
ST_2 : Operation 200 [1/1] (0.00ns)   --->   "%sext_ln708_8 = sext i15 %trunc_ln708_20 to i16" [firmware/nnet_utils/nnet_mult.h:67->firmware/nnet_utils/nnet_dense_resource.h:78]   --->   Operation 200 'sext' 'sext_ln708_8' <Predicate = true> <Delay = 0.00>
ST_2 : Operation 201 [1/1] (0.55ns)   --->   "%add_ln703_84 = add i15 %sext_ln708_6, %sext_ln1118_46" [firmware/nnet_utils/nnet_dense_resource.h:78]   --->   Operation 201 'add' 'add_ln703_84' <Predicate = true> <Delay = 0.55> <Core = "AddSub">   --->   Core 14 'AddSub' <Latency = 0> <II = 1> <Delay = 0.60> <FuncUnit> <Opcode : 'add' 'sub'> <InPorts = 2> <OutPorts = 1>
ST_2 : Operation 202 [1/1] (0.00ns)   --->   "%sext_ln703_2 = sext i15 %add_ln703_84 to i16" [firmware/nnet_utils/nnet_dense_resource.h:78]   --->   Operation 202 'sext' 'sext_ln703_2' <Predicate = true> <Delay = 0.00>
ST_2 : Operation 203 [1/1] (0.58ns)   --->   "%add_ln703_85 = add i16 %sext_ln708_7, %sext_ln708_8" [firmware/nnet_utils/nnet_dense_resource.h:78]   --->   Operation 203 'add' 'add_ln703_85' <Predicate = true> <Delay = 0.58> <Core = "AddSub">   --->   Core 14 'AddSub' <Latency = 0> <II = 1> <Delay = 0.60> <FuncUnit> <Opcode : 'add' 'sub'> <InPorts = 2> <OutPorts = 1>
ST_2 : Operation 204 [1/1] (0.00ns) (grouped into TernaryAdder)   --->   "%add_ln703_86 = add i16 %add_ln703_85, %sext_ln703_2" [firmware/nnet_utils/nnet_dense_resource.h:78]   --->   Operation 204 'add' 'add_ln703_86' <Predicate = true> <Delay = 0.00> <Core = "TAddSub">   --->   Core 83 'TAddSub' <Latency = 0> <II = 1> <Delay = 0.33> <IPBlock> <Opcode : 'add' 'sub'> <InPorts = 3> <OutPorts = 1> <Sync> <CReg>
ST_2 : Operation 205 [1/1] (0.67ns) (root node of TernaryAdder)   --->   "%acc_3_V = add i16 %add_ln703_89, %add_ln703_86" [firmware/nnet_utils/nnet_dense_resource.h:78]   --->   Operation 205 'add' 'acc_3_V' <Predicate = true> <Delay = 0.67> <Core = "TAddSub">   --->   Core 83 'TAddSub' <Latency = 0> <II = 1> <Delay = 0.33> <IPBlock> <Opcode : 'add' 'sub'> <InPorts = 3> <OutPorts = 1> <Sync> <CReg>
ST_2 : Operation 206 [1/1] (0.00ns)   --->   "%shl_ln1118_8 = call i23 @_ssdm_op_BitConcatenate.i23.i16.i7(i16 %data_0_V_read_7, i7 0)" [firmware/nnet_utils/nnet_mult.h:67->firmware/nnet_utils/nnet_dense_resource.h:78]   --->   Operation 206 'bitconcatenate' 'shl_ln1118_8' <Predicate = true> <Delay = 0.00>
ST_2 : Operation 207 [1/1] (0.00ns)   --->   "%sext_ln1118_30 = sext i23 %shl_ln1118_8 to i24" [firmware/nnet_utils/nnet_mult.h:67->firmware/nnet_utils/nnet_dense_resource.h:78]   --->   Operation 207 'sext' 'sext_ln1118_30' <Predicate = true> <Delay = 0.00>
ST_2 : Operation 208 [1/1] (0.59ns)   --->   "%sub_ln1118_9 = sub i24 %sext_ln1118_20, %sext_ln1118_30" [firmware/nnet_utils/nnet_mult.h:67->firmware/nnet_utils/nnet_dense_resource.h:78]   --->   Operation 208 'sub' 'sub_ln1118_9' <Predicate = true> <Delay = 0.59> <Core = "AddSub">   --->   Core 14 'AddSub' <Latency = 0> <II = 1> <Delay = 0.60> <FuncUnit> <Opcode : 'add' 'sub'> <InPorts = 2> <OutPorts = 1>
ST_2 : Operation 209 [1/1] (0.00ns)   --->   "%trunc_ln708_23 = call i16 @_ssdm_op_PartSelect.i16.i24.i32.i32(i24 %sub_ln1118_9, i32 8, i32 23)" [firmware/nnet_utils/nnet_mult.h:67->firmware/nnet_utils/nnet_dense_resource.h:78]   --->   Operation 209 'partselect' 'trunc_ln708_23' <Predicate = true> <Delay = 0.00>
ST_2 : Operation 210 [1/1] (0.00ns)   --->   "%shl_ln1118_9 = call i19 @_ssdm_op_BitConcatenate.i19.i16.i3(i16 %data_1_V_read_7, i3 0)" [firmware/nnet_utils/nnet_mult.h:67->firmware/nnet_utils/nnet_dense_resource.h:78]   --->   Operation 210 'bitconcatenate' 'shl_ln1118_9' <Predicate = true> <Delay = 0.00>
ST_2 : Operation 211 [1/1] (0.00ns)   --->   "%sext_ln1118_31 = sext i19 %shl_ln1118_9 to i20" [firmware/nnet_utils/nnet_mult.h:67->firmware/nnet_utils/nnet_dense_resource.h:78]   --->   Operation 211 'sext' 'sext_ln1118_31' <Predicate = true> <Delay = 0.00>
ST_2 : Operation 212 [1/1] (0.00ns) (grouped into TernaryAdder)   --->   "%sub_ln1118_10 = sub i20 0, %sext_ln1118_31" [firmware/nnet_utils/nnet_mult.h:67->firmware/nnet_utils/nnet_dense_resource.h:78]   --->   Operation 212 'sub' 'sub_ln1118_10' <Predicate = true> <Delay = 0.00> <Core = "TAddSub">   --->   Core 83 'TAddSub' <Latency = 0> <II = 1> <Delay = 0.33> <IPBlock> <Opcode : 'add' 'sub'> <InPorts = 3> <OutPorts = 1> <Sync> <CReg>
ST_2 : Operation 213 [1/1] (0.68ns) (root node of TernaryAdder)   --->   "%sub_ln1118_11 = sub i20 %sub_ln1118_10, %sext_ln1118_5" [firmware/nnet_utils/nnet_mult.h:67->firmware/nnet_utils/nnet_dense_resource.h:78]   --->   Operation 213 'sub' 'sub_ln1118_11' <Predicate = true> <Delay = 0.68> <Core = "TAddSub">   --->   Core 83 'TAddSub' <Latency = 0> <II = 1> <Delay = 0.33> <IPBlock> <Opcode : 'add' 'sub'> <InPorts = 3> <OutPorts = 1> <Sync> <CReg>
ST_2 : Operation 214 [1/1] (0.00ns)   --->   "%trunc_ln708_24 = call i12 @_ssdm_op_PartSelect.i12.i20.i32.i32(i20 %sub_ln1118_11, i32 8, i32 19)" [firmware/nnet_utils/nnet_mult.h:67->firmware/nnet_utils/nnet_dense_resource.h:78]   --->   Operation 214 'partselect' 'trunc_ln708_24' <Predicate = true> <Delay = 0.00>
ST_2 : Operation 215 [1/1] (0.00ns)   --->   "%sext_ln708_9 = sext i12 %trunc_ln708_24 to i16" [firmware/nnet_utils/nnet_mult.h:67->firmware/nnet_utils/nnet_dense_resource.h:78]   --->   Operation 215 'sext' 'sext_ln708_9' <Predicate = true> <Delay = 0.00>
ST_2 : Operation 216 [1/1] (0.00ns)   --->   "%shl_ln1118_10 = call i19 @_ssdm_op_BitConcatenate.i19.i16.i3(i16 %data_2_V_read_7, i3 0)" [firmware/nnet_utils/nnet_mult.h:67->firmware/nnet_utils/nnet_dense_resource.h:78]   --->   Operation 216 'bitconcatenate' 'shl_ln1118_10' <Predicate = true> <Delay = 0.00>
ST_2 : Operation 217 [1/1] (0.00ns)   --->   "%sext_ln1118_32 = sext i19 %shl_ln1118_10 to i20" [firmware/nnet_utils/nnet_mult.h:67->firmware/nnet_utils/nnet_dense_resource.h:78]   --->   Operation 217 'sext' 'sext_ln1118_32' <Predicate = true> <Delay = 0.00>
ST_2 : Operation 218 [1/1] (0.00ns)   --->   "%shl_ln1118_11 = call i17 @_ssdm_op_BitConcatenate.i17.i16.i1(i16 %data_2_V_read_7, i1 false)" [firmware/nnet_utils/nnet_mult.h:67->firmware/nnet_utils/nnet_dense_resource.h:78]   --->   Operation 218 'bitconcatenate' 'shl_ln1118_11' <Predicate = true> <Delay = 0.00>
ST_2 : Operation 219 [1/1] (0.00ns)   --->   "%sext_ln1118_33 = sext i17 %shl_ln1118_11 to i20" [firmware/nnet_utils/nnet_mult.h:67->firmware/nnet_utils/nnet_dense_resource.h:78]   --->   Operation 219 'sext' 'sext_ln1118_33' <Predicate = true> <Delay = 0.00>
ST_2 : Operation 220 [1/1] (0.56ns)   --->   "%sub_ln1118_12 = sub i20 %sext_ln1118_33, %sext_ln1118_32" [firmware/nnet_utils/nnet_mult.h:67->firmware/nnet_utils/nnet_dense_resource.h:78]   --->   Operation 220 'sub' 'sub_ln1118_12' <Predicate = true> <Delay = 0.56> <Core = "AddSub">   --->   Core 14 'AddSub' <Latency = 0> <II = 1> <Delay = 0.60> <FuncUnit> <Opcode : 'add' 'sub'> <InPorts = 2> <OutPorts = 1>
ST_2 : Operation 221 [1/1] (0.00ns)   --->   "%trunc_ln708_25 = call i12 @_ssdm_op_PartSelect.i12.i20.i32.i32(i20 %sub_ln1118_12, i32 8, i32 19)" [firmware/nnet_utils/nnet_mult.h:67->firmware/nnet_utils/nnet_dense_resource.h:78]   --->   Operation 221 'partselect' 'trunc_ln708_25' <Predicate = true> <Delay = 0.00>
ST_2 : Operation 222 [1/1] (0.00ns)   --->   "%sext_ln708_10 = sext i12 %trunc_ln708_25 to i16" [firmware/nnet_utils/nnet_mult.h:67->firmware/nnet_utils/nnet_dense_resource.h:78]   --->   Operation 222 'sext' 'sext_ln708_10' <Predicate = true> <Delay = 0.00>
ST_2 : Operation 223 [1/1] (2.53ns) (root node of the DSP)   --->   "%mul_ln1118_20 = mul i24 %sext_ln1118_8, 101" [firmware/nnet_utils/nnet_mult.h:67->firmware/nnet_utils/nnet_dense_resource.h:78]   --->   Operation 223 'mul' 'mul_ln1118_20' <Predicate = true> <Delay = 2.53> <Core = "DSP48">   --->   Core 88 'DSP48' <Latency = 0> <II = 1> <Delay = 2.53> <IPBlock> <Opcode : 'mul' 'add' 'sub' 'select'> <InPorts = 2> <OutPorts = 1> <Sync> <CReg>
ST_2 : Operation 224 [1/1] (0.00ns)   --->   "%trunc_ln708_26 = call i16 @_ssdm_op_PartSelect.i16.i24.i32.i32(i24 %mul_ln1118_20, i32 8, i32 23)" [firmware/nnet_utils/nnet_mult.h:67->firmware/nnet_utils/nnet_dense_resource.h:78]   --->   Operation 224 'partselect' 'trunc_ln708_26' <Predicate = true> <Delay = 0.00>
ST_2 : Operation 225 [1/1] (0.60ns)   --->   "%add_ln703_91 = add i16 %trunc_ln708_23, %sext_ln708_9" [firmware/nnet_utils/nnet_dense_resource.h:78]   --->   Operation 225 'add' 'add_ln703_91' <Predicate = true> <Delay = 0.60> <Core = "AddSub">   --->   Core 14 'AddSub' <Latency = 0> <II = 1> <Delay = 0.60> <FuncUnit> <Opcode : 'add' 'sub'> <InPorts = 2> <OutPorts = 1>
ST_2 : Operation 226 [1/1] (0.60ns)   --->   "%add_ln703_92 = add i16 %sext_ln708_10, %trunc_ln708_26" [firmware/nnet_utils/nnet_dense_resource.h:78]   --->   Operation 226 'add' 'add_ln703_92' <Predicate = true> <Delay = 0.60> <Core = "AddSub">   --->   Core 14 'AddSub' <Latency = 0> <II = 1> <Delay = 0.60> <FuncUnit> <Opcode : 'add' 'sub'> <InPorts = 2> <OutPorts = 1>
ST_2 : Operation 227 [1/1] (0.00ns) (grouped into TernaryAdder)   --->   "%add_ln703_93 = add i16 %add_ln703_92, %add_ln703_91" [firmware/nnet_utils/nnet_dense_resource.h:78]   --->   Operation 227 'add' 'add_ln703_93' <Predicate = true> <Delay = 0.00> <Core = "TAddSub">   --->   Core 83 'TAddSub' <Latency = 0> <II = 1> <Delay = 0.33> <IPBlock> <Opcode : 'add' 'sub'> <InPorts = 3> <OutPorts = 1> <Sync> <CReg>
ST_2 : Operation 228 [1/1] (0.67ns) (root node of TernaryAdder)   --->   "%acc_4_V = add i16 %add_ln703_96, %add_ln703_93" [firmware/nnet_utils/nnet_dense_resource.h:78]   --->   Operation 228 'add' 'acc_4_V' <Predicate = true> <Delay = 0.67> <Core = "TAddSub">   --->   Core 83 'TAddSub' <Latency = 0> <II = 1> <Delay = 0.33> <IPBlock> <Opcode : 'add' 'sub'> <InPorts = 3> <OutPorts = 1> <Sync> <CReg>
ST_2 : Operation 229 [1/1] (2.53ns) (root node of the DSP)   --->   "%mul_ln1118_24 = mul i24 %sext_ln1118, -137" [firmware/nnet_utils/nnet_mult.h:67->firmware/nnet_utils/nnet_dense_resource.h:78]   --->   Operation 229 'mul' 'mul_ln1118_24' <Predicate = true> <Delay = 2.53> <Core = "DSP48">   --->   Core 88 'DSP48' <Latency = 0> <II = 1> <Delay = 2.53> <IPBlock> <Opcode : 'mul' 'add' 'sub' 'select'> <InPorts = 2> <OutPorts = 1> <Sync> <CReg>
ST_2 : Operation 230 [1/1] (0.00ns)   --->   "%trunc_ln708_29 = call i16 @_ssdm_op_PartSelect.i16.i24.i32.i32(i24 %mul_ln1118_24, i32 8, i32 23)" [firmware/nnet_utils/nnet_mult.h:67->firmware/nnet_utils/nnet_dense_resource.h:78]   --->   Operation 230 'partselect' 'trunc_ln708_29' <Predicate = true> <Delay = 0.00>
ST_2 : Operation 231 [1/1] (0.00ns)   --->   "%shl_ln1118_12 = call i20 @_ssdm_op_BitConcatenate.i20.i16.i4(i16 %data_1_V_read_7, i4 0)" [firmware/nnet_utils/nnet_mult.h:67->firmware/nnet_utils/nnet_dense_resource.h:78]   --->   Operation 231 'bitconcatenate' 'shl_ln1118_12' <Predicate = true> <Delay = 0.00>
ST_2 : Operation 232 [1/1] (0.00ns)   --->   "%sext_ln1118_34 = sext i20 %shl_ln1118_12 to i21" [firmware/nnet_utils/nnet_mult.h:67->firmware/nnet_utils/nnet_dense_resource.h:78]   --->   Operation 232 'sext' 'sext_ln1118_34' <Predicate = true> <Delay = 0.00>
ST_2 : Operation 233 [1/1] (0.00ns)   --->   "%shl_ln1118_13 = call i17 @_ssdm_op_BitConcatenate.i17.i16.i1(i16 %data_1_V_read_7, i1 false)" [firmware/nnet_utils/nnet_mult.h:67->firmware/nnet_utils/nnet_dense_resource.h:78]   --->   Operation 233 'bitconcatenate' 'shl_ln1118_13' <Predicate = true> <Delay = 0.00>
ST_2 : Operation 234 [1/1] (0.00ns)   --->   "%sext_ln1118_35 = sext i17 %shl_ln1118_13 to i21" [firmware/nnet_utils/nnet_mult.h:67->firmware/nnet_utils/nnet_dense_resource.h:78]   --->   Operation 234 'sext' 'sext_ln1118_35' <Predicate = true> <Delay = 0.00>
ST_2 : Operation 235 [1/1] (0.55ns)   --->   "%sub_ln1118_13 = sub i21 %sext_ln1118_34, %sext_ln1118_35" [firmware/nnet_utils/nnet_mult.h:67->firmware/nnet_utils/nnet_dense_resource.h:78]   --->   Operation 235 'sub' 'sub_ln1118_13' <Predicate = true> <Delay = 0.55> <Core = "AddSub">   --->   Core 14 'AddSub' <Latency = 0> <II = 1> <Delay = 0.60> <FuncUnit> <Opcode : 'add' 'sub'> <InPorts = 2> <OutPorts = 1>
ST_2 : Operation 236 [1/1] (0.00ns)   --->   "%trunc_ln708_30 = call i13 @_ssdm_op_PartSelect.i13.i21.i32.i32(i21 %sub_ln1118_13, i32 8, i32 20)" [firmware/nnet_utils/nnet_mult.h:67->firmware/nnet_utils/nnet_dense_resource.h:78]   --->   Operation 236 'partselect' 'trunc_ln708_30' <Predicate = true> <Delay = 0.00>
ST_2 : Operation 237 [1/1] (0.00ns)   --->   "%sext_ln708_12 = sext i13 %trunc_ln708_30 to i16" [firmware/nnet_utils/nnet_mult.h:67->firmware/nnet_utils/nnet_dense_resource.h:78]   --->   Operation 237 'sext' 'sext_ln708_12' <Predicate = true> <Delay = 0.00>
ST_2 : Operation 238 [1/1] (1.94ns)   --->   "%mul_ln1118_25 = mul i21 %sext_ln1118_7, -11" [firmware/nnet_utils/nnet_mult.h:67->firmware/nnet_utils/nnet_dense_resource.h:78]   --->   Operation 238 'mul' 'mul_ln1118_25' <Predicate = true> <Delay = 1.94> <Core = "Mul">   --->   Core 16 'Mul' <Latency = 0> <II = 1> <Delay = 1.94> <FuncUnit> <Opcode : 'mul'> <InPorts = 2> <OutPorts = 1>
ST_2 : Operation 239 [1/1] (0.00ns)   --->   "%tmp_231 = call i13 @_ssdm_op_PartSelect.i13.i21.i32.i32(i21 %mul_ln1118_25, i32 8, i32 20)" [firmware/nnet_utils/nnet_mult.h:67->firmware/nnet_utils/nnet_dense_resource.h:78]   --->   Operation 239 'partselect' 'tmp_231' <Predicate = true> <Delay = 0.00>
ST_2 : Operation 240 [1/1] (0.00ns)   --->   "%sext_ln1118_48 = sext i13 %tmp_231 to i15" [firmware/nnet_utils/nnet_mult.h:67->firmware/nnet_utils/nnet_dense_resource.h:78]   --->   Operation 240 'sext' 'sext_ln1118_48' <Predicate = true> <Delay = 0.00>
ST_2 : Operation 241 [1/1] (0.00ns)   --->   "%shl_ln1118_14 = call i21 @_ssdm_op_BitConcatenate.i21.i16.i5(i16 %data_3_V_read_7, i5 0)" [firmware/nnet_utils/nnet_mult.h:67->firmware/nnet_utils/nnet_dense_resource.h:78]   --->   Operation 241 'bitconcatenate' 'shl_ln1118_14' <Predicate = true> <Delay = 0.00>
ST_2 : Operation 242 [1/1] (0.00ns)   --->   "%sext_ln1118_36 = sext i21 %shl_ln1118_14 to i22" [firmware/nnet_utils/nnet_mult.h:67->firmware/nnet_utils/nnet_dense_resource.h:78]   --->   Operation 242 'sext' 'sext_ln1118_36' <Predicate = true> <Delay = 0.00>
ST_2 : Operation 243 [1/1] (0.00ns)   --->   "%shl_ln1118_15 = call i19 @_ssdm_op_BitConcatenate.i19.i16.i3(i16 %data_3_V_read_7, i3 0)" [firmware/nnet_utils/nnet_mult.h:67->firmware/nnet_utils/nnet_dense_resource.h:78]   --->   Operation 243 'bitconcatenate' 'shl_ln1118_15' <Predicate = true> <Delay = 0.00>
ST_2 : Operation 244 [1/1] (0.00ns)   --->   "%sext_ln1118_37 = sext i19 %shl_ln1118_15 to i22" [firmware/nnet_utils/nnet_mult.h:67->firmware/nnet_utils/nnet_dense_resource.h:78]   --->   Operation 244 'sext' 'sext_ln1118_37' <Predicate = true> <Delay = 0.00>
ST_2 : Operation 245 [1/1] (0.57ns)   --->   "%add_ln1118 = add i22 %sext_ln1118_37, %sext_ln1118_36" [firmware/nnet_utils/nnet_mult.h:67->firmware/nnet_utils/nnet_dense_resource.h:78]   --->   Operation 245 'add' 'add_ln1118' <Predicate = true> <Delay = 0.57> <Core = "AddSub">   --->   Core 14 'AddSub' <Latency = 0> <II = 1> <Delay = 0.60> <FuncUnit> <Opcode : 'add' 'sub'> <InPorts = 2> <OutPorts = 1>
ST_2 : Operation 246 [1/1] (0.00ns)   --->   "%tmp_232 = call i14 @_ssdm_op_PartSelect.i14.i22.i32.i32(i22 %add_ln1118, i32 8, i32 21)" [firmware/nnet_utils/nnet_mult.h:67->firmware/nnet_utils/nnet_dense_resource.h:78]   --->   Operation 246 'partselect' 'tmp_232' <Predicate = true> <Delay = 0.00>
ST_2 : Operation 247 [1/1] (0.00ns)   --->   "%sext_ln1118_49 = sext i14 %tmp_232 to i15" [firmware/nnet_utils/nnet_mult.h:67->firmware/nnet_utils/nnet_dense_resource.h:78]   --->   Operation 247 'sext' 'sext_ln1118_49' <Predicate = true> <Delay = 0.00>
ST_2 : Operation 248 [1/1] (0.60ns)   --->   "%add_ln703_98 = add i16 %trunc_ln708_29, %sext_ln708_12" [firmware/nnet_utils/nnet_dense_resource.h:78]   --->   Operation 248 'add' 'add_ln703_98' <Predicate = true> <Delay = 0.60> <Core = "AddSub">   --->   Core 14 'AddSub' <Latency = 0> <II = 1> <Delay = 0.60> <FuncUnit> <Opcode : 'add' 'sub'> <InPorts = 2> <OutPorts = 1>
ST_2 : Operation 249 [1/1] (0.55ns)   --->   "%add_ln703_99 = add i15 %sext_ln1118_48, %sext_ln1118_49" [firmware/nnet_utils/nnet_dense_resource.h:78]   --->   Operation 249 'add' 'add_ln703_99' <Predicate = true> <Delay = 0.55> <Core = "AddSub">   --->   Core 14 'AddSub' <Latency = 0> <II = 1> <Delay = 0.60> <FuncUnit> <Opcode : 'add' 'sub'> <InPorts = 2> <OutPorts = 1>
ST_2 : Operation 250 [1/1] (0.00ns)   --->   "%sext_ln703_5 = sext i15 %add_ln703_99 to i16" [firmware/nnet_utils/nnet_dense_resource.h:78]   --->   Operation 250 'sext' 'sext_ln703_5' <Predicate = true> <Delay = 0.00>
ST_2 : Operation 251 [1/1] (0.00ns) (grouped into TernaryAdder)   --->   "%add_ln703_100 = add i16 %sext_ln703_5, %add_ln703_98" [firmware/nnet_utils/nnet_dense_resource.h:78]   --->   Operation 251 'add' 'add_ln703_100' <Predicate = true> <Delay = 0.00> <Core = "TAddSub">   --->   Core 83 'TAddSub' <Latency = 0> <II = 1> <Delay = 0.33> <IPBlock> <Opcode : 'add' 'sub'> <InPorts = 3> <OutPorts = 1> <Sync> <CReg>
ST_2 : Operation 252 [1/1] (0.67ns) (root node of TernaryAdder)   --->   "%acc_5_V = add i16 %add_ln703_103, %add_ln703_100" [firmware/nnet_utils/nnet_dense_resource.h:78]   --->   Operation 252 'add' 'acc_5_V' <Predicate = true> <Delay = 0.67> <Core = "TAddSub">   --->   Core 83 'TAddSub' <Latency = 0> <II = 1> <Delay = 0.33> <IPBlock> <Opcode : 'add' 'sub'> <InPorts = 3> <OutPorts = 1> <Sync> <CReg>
ST_2 : Operation 253 [1/1] (0.59ns)   --->   "%add_ln1118_1 = add i24 %sext_ln1118_30, %sext_ln1118" [firmware/nnet_utils/nnet_mult.h:67->firmware/nnet_utils/nnet_dense_resource.h:78]   --->   Operation 253 'add' 'add_ln1118_1' <Predicate = true> <Delay = 0.59> <Core = "AddSub">   --->   Core 14 'AddSub' <Latency = 0> <II = 1> <Delay = 0.60> <FuncUnit> <Opcode : 'add' 'sub'> <InPorts = 2> <OutPorts = 1>
ST_2 : Operation 254 [1/1] (0.00ns)   --->   "%trunc_ln708_34 = call i16 @_ssdm_op_PartSelect.i16.i24.i32.i32(i24 %add_ln1118_1, i32 8, i32 23)" [firmware/nnet_utils/nnet_mult.h:67->firmware/nnet_utils/nnet_dense_resource.h:78]   --->   Operation 254 'partselect' 'trunc_ln708_34' <Predicate = true> <Delay = 0.00>
ST_2 : Operation 255 [1/1] (2.53ns) (root node of the DSP)   --->   "%mul_ln1118_26 = mul i23 %sext_ln1118_3, 59" [firmware/nnet_utils/nnet_mult.h:67->firmware/nnet_utils/nnet_dense_resource.h:78]   --->   Operation 255 'mul' 'mul_ln1118_26' <Predicate = true> <Delay = 2.53> <Core = "DSP48">   --->   Core 88 'DSP48' <Latency = 0> <II = 1> <Delay = 2.53> <IPBlock> <Opcode : 'mul' 'add' 'sub' 'select'> <InPorts = 2> <OutPorts = 1> <Sync> <CReg>
ST_2 : Operation 256 [1/1] (0.00ns)   --->   "%trunc_ln708_35 = call i15 @_ssdm_op_PartSelect.i15.i23.i32.i32(i23 %mul_ln1118_26, i32 8, i32 22)" [firmware/nnet_utils/nnet_mult.h:67->firmware/nnet_utils/nnet_dense_resource.h:78]   --->   Operation 256 'partselect' 'trunc_ln708_35' <Predicate = true> <Delay = 0.00>
ST_2 : Operation 257 [1/1] (0.00ns)   --->   "%sext_ln708_14 = sext i15 %trunc_ln708_35 to i16" [firmware/nnet_utils/nnet_mult.h:67->firmware/nnet_utils/nnet_dense_resource.h:78]   --->   Operation 257 'sext' 'sext_ln708_14' <Predicate = true> <Delay = 0.00>
ST_2 : Operation 258 [1/1] (2.53ns) (root node of the DSP)   --->   "%mul_ln1118_27 = mul i24 %sext_ln1118_6, -446" [firmware/nnet_utils/nnet_mult.h:67->firmware/nnet_utils/nnet_dense_resource.h:78]   --->   Operation 258 'mul' 'mul_ln1118_27' <Predicate = true> <Delay = 2.53> <Core = "DSP48">   --->   Core 88 'DSP48' <Latency = 0> <II = 1> <Delay = 2.53> <IPBlock> <Opcode : 'mul' 'add' 'sub' 'select'> <InPorts = 2> <OutPorts = 1> <Sync> <CReg>
ST_2 : Operation 259 [1/1] (0.00ns)   --->   "%trunc_ln708_36 = call i16 @_ssdm_op_PartSelect.i16.i24.i32.i32(i24 %mul_ln1118_27, i32 8, i32 23)" [firmware/nnet_utils/nnet_mult.h:67->firmware/nnet_utils/nnet_dense_resource.h:78]   --->   Operation 259 'partselect' 'trunc_ln708_36' <Predicate = true> <Delay = 0.00>
ST_2 : Operation 260 [1/1] (2.53ns) (root node of the DSP)   --->   "%mul_ln1118_28 = mul i23 %sext_ln1118_9, 61" [firmware/nnet_utils/nnet_mult.h:67->firmware/nnet_utils/nnet_dense_resource.h:78]   --->   Operation 260 'mul' 'mul_ln1118_28' <Predicate = true> <Delay = 2.53> <Core = "DSP48">   --->   Core 88 'DSP48' <Latency = 0> <II = 1> <Delay = 2.53> <IPBlock> <Opcode : 'mul' 'add' 'sub' 'select'> <InPorts = 2> <OutPorts = 1> <Sync> <CReg>
ST_2 : Operation 261 [1/1] (0.00ns)   --->   "%trunc_ln708_37 = call i15 @_ssdm_op_PartSelect.i15.i23.i32.i32(i23 %mul_ln1118_28, i32 8, i32 22)" [firmware/nnet_utils/nnet_mult.h:67->firmware/nnet_utils/nnet_dense_resource.h:78]   --->   Operation 261 'partselect' 'trunc_ln708_37' <Predicate = true> <Delay = 0.00>
ST_2 : Operation 262 [1/1] (0.00ns)   --->   "%sext_ln708_15 = sext i15 %trunc_ln708_37 to i16" [firmware/nnet_utils/nnet_mult.h:67->firmware/nnet_utils/nnet_dense_resource.h:78]   --->   Operation 262 'sext' 'sext_ln708_15' <Predicate = true> <Delay = 0.00>
ST_2 : Operation 263 [1/1] (0.60ns)   --->   "%add_ln703_105 = add i16 %trunc_ln708_34, %sext_ln708_14" [firmware/nnet_utils/nnet_dense_resource.h:78]   --->   Operation 263 'add' 'add_ln703_105' <Predicate = true> <Delay = 0.60> <Core = "AddSub">   --->   Core 14 'AddSub' <Latency = 0> <II = 1> <Delay = 0.60> <FuncUnit> <Opcode : 'add' 'sub'> <InPorts = 2> <OutPorts = 1>
ST_2 : Operation 264 [1/1] (0.60ns)   --->   "%add_ln703_106 = add i16 %trunc_ln708_36, %sext_ln708_15" [firmware/nnet_utils/nnet_dense_resource.h:78]   --->   Operation 264 'add' 'add_ln703_106' <Predicate = true> <Delay = 0.60> <Core = "AddSub">   --->   Core 14 'AddSub' <Latency = 0> <II = 1> <Delay = 0.60> <FuncUnit> <Opcode : 'add' 'sub'> <InPorts = 2> <OutPorts = 1>
ST_2 : Operation 265 [1/1] (0.00ns) (grouped into TernaryAdder)   --->   "%add_ln703_107 = add i16 %add_ln703_106, %add_ln703_105" [firmware/nnet_utils/nnet_dense_resource.h:78]   --->   Operation 265 'add' 'add_ln703_107' <Predicate = true> <Delay = 0.00> <Core = "TAddSub">   --->   Core 83 'TAddSub' <Latency = 0> <II = 1> <Delay = 0.33> <IPBlock> <Opcode : 'add' 'sub'> <InPorts = 3> <OutPorts = 1> <Sync> <CReg>
ST_2 : Operation 266 [1/1] (0.67ns) (root node of TernaryAdder)   --->   "%acc_6_V = add i16 %add_ln703_110, %add_ln703_107" [firmware/nnet_utils/nnet_dense_resource.h:78]   --->   Operation 266 'add' 'acc_6_V' <Predicate = true> <Delay = 0.67> <Core = "TAddSub">   --->   Core 83 'TAddSub' <Latency = 0> <II = 1> <Delay = 0.33> <IPBlock> <Opcode : 'add' 'sub'> <InPorts = 3> <OutPorts = 1> <Sync> <CReg>
ST_2 : Operation 267 [1/1] (2.53ns) (root node of the DSP)   --->   "%mul_ln1118_31 = mul i24 %sext_ln1118, -168" [firmware/nnet_utils/nnet_mult.h:67->firmware/nnet_utils/nnet_dense_resource.h:78]   --->   Operation 267 'mul' 'mul_ln1118_31' <Predicate = true> <Delay = 2.53> <Core = "DSP48">   --->   Core 88 'DSP48' <Latency = 0> <II = 1> <Delay = 2.53> <IPBlock> <Opcode : 'mul' 'add' 'sub' 'select'> <InPorts = 2> <OutPorts = 1> <Sync> <CReg>
ST_2 : Operation 268 [1/1] (0.00ns)   --->   "%trunc_ln708_41 = call i16 @_ssdm_op_PartSelect.i16.i24.i32.i32(i24 %mul_ln1118_31, i32 8, i32 23)" [firmware/nnet_utils/nnet_mult.h:67->firmware/nnet_utils/nnet_dense_resource.h:78]   --->   Operation 268 'partselect' 'trunc_ln708_41' <Predicate = true> <Delay = 0.00>
ST_2 : Operation 269 [1/1] (2.53ns) (root node of the DSP)   --->   "%mul_ln1118_32 = mul i23 %sext_ln1118_3, 41" [firmware/nnet_utils/nnet_mult.h:67->firmware/nnet_utils/nnet_dense_resource.h:78]   --->   Operation 269 'mul' 'mul_ln1118_32' <Predicate = true> <Delay = 2.53> <Core = "DSP48">   --->   Core 88 'DSP48' <Latency = 0> <II = 1> <Delay = 2.53> <IPBlock> <Opcode : 'mul' 'add' 'sub' 'select'> <InPorts = 2> <OutPorts = 1> <Sync> <CReg>
ST_2 : Operation 270 [1/1] (0.00ns)   --->   "%trunc_ln708_42 = call i15 @_ssdm_op_PartSelect.i15.i23.i32.i32(i23 %mul_ln1118_32, i32 8, i32 22)" [firmware/nnet_utils/nnet_mult.h:67->firmware/nnet_utils/nnet_dense_resource.h:78]   --->   Operation 270 'partselect' 'trunc_ln708_42' <Predicate = true> <Delay = 0.00>
ST_2 : Operation 271 [1/1] (0.00ns)   --->   "%sext_ln708_18 = sext i15 %trunc_ln708_42 to i16" [firmware/nnet_utils/nnet_mult.h:67->firmware/nnet_utils/nnet_dense_resource.h:78]   --->   Operation 271 'sext' 'sext_ln708_18' <Predicate = true> <Delay = 0.00>
ST_2 : Operation 272 [1/1] (0.00ns)   --->   "%sext_ln708_19 = sext i10 %trunc_ln708_43 to i16" [firmware/nnet_utils/nnet_mult.h:67->firmware/nnet_utils/nnet_dense_resource.h:78]   --->   Operation 272 'sext' 'sext_ln708_19' <Predicate = true> <Delay = 0.00>
ST_2 : Operation 273 [1/1] (2.53ns) (root node of the DSP)   --->   "%mul_ln1118_33 = mul i24 %sext_ln1118_8, -216" [firmware/nnet_utils/nnet_mult.h:67->firmware/nnet_utils/nnet_dense_resource.h:78]   --->   Operation 273 'mul' 'mul_ln1118_33' <Predicate = true> <Delay = 2.53> <Core = "DSP48">   --->   Core 88 'DSP48' <Latency = 0> <II = 1> <Delay = 2.53> <IPBlock> <Opcode : 'mul' 'add' 'sub' 'select'> <InPorts = 2> <OutPorts = 1> <Sync> <CReg>
ST_2 : Operation 274 [1/1] (0.00ns)   --->   "%trunc_ln708_44 = call i16 @_ssdm_op_PartSelect.i16.i24.i32.i32(i24 %mul_ln1118_33, i32 8, i32 23)" [firmware/nnet_utils/nnet_mult.h:67->firmware/nnet_utils/nnet_dense_resource.h:78]   --->   Operation 274 'partselect' 'trunc_ln708_44' <Predicate = true> <Delay = 0.00>
ST_2 : Operation 275 [1/1] (0.60ns)   --->   "%add_ln703_112 = add i16 %trunc_ln708_41, %sext_ln708_18" [firmware/nnet_utils/nnet_dense_resource.h:78]   --->   Operation 275 'add' 'add_ln703_112' <Predicate = true> <Delay = 0.60> <Core = "AddSub">   --->   Core 14 'AddSub' <Latency = 0> <II = 1> <Delay = 0.60> <FuncUnit> <Opcode : 'add' 'sub'> <InPorts = 2> <OutPorts = 1>
ST_2 : Operation 276 [1/1] (0.60ns)   --->   "%add_ln703_113 = add i16 %sext_ln708_19, %trunc_ln708_44" [firmware/nnet_utils/nnet_dense_resource.h:78]   --->   Operation 276 'add' 'add_ln703_113' <Predicate = true> <Delay = 0.60> <Core = "AddSub">   --->   Core 14 'AddSub' <Latency = 0> <II = 1> <Delay = 0.60> <FuncUnit> <Opcode : 'add' 'sub'> <InPorts = 2> <OutPorts = 1>
ST_2 : Operation 277 [1/1] (0.00ns) (grouped into TernaryAdder)   --->   "%add_ln703_114 = add i16 %add_ln703_113, %add_ln703_112" [firmware/nnet_utils/nnet_dense_resource.h:78]   --->   Operation 277 'add' 'add_ln703_114' <Predicate = true> <Delay = 0.00> <Core = "TAddSub">   --->   Core 83 'TAddSub' <Latency = 0> <II = 1> <Delay = 0.33> <IPBlock> <Opcode : 'add' 'sub'> <InPorts = 3> <OutPorts = 1> <Sync> <CReg>
ST_2 : Operation 278 [1/1] (0.67ns) (root node of TernaryAdder)   --->   "%acc_7_V = add i16 %add_ln703_117, %add_ln703_114" [firmware/nnet_utils/nnet_dense_resource.h:78]   --->   Operation 278 'add' 'acc_7_V' <Predicate = true> <Delay = 0.67> <Core = "TAddSub">   --->   Core 83 'TAddSub' <Latency = 0> <II = 1> <Delay = 0.33> <IPBlock> <Opcode : 'add' 'sub'> <InPorts = 3> <OutPorts = 1> <Sync> <CReg>
ST_2 : Operation 279 [1/1] (0.00ns)   --->   "%mrv = insertvalue { i16, i16, i16, i16, i16, i16, i16, i16 } undef, i16 %add_ln703_69, 0" [firmware/nnet_utils/nnet_dense_resource.h:103]   --->   Operation 279 'insertvalue' 'mrv' <Predicate = true> <Delay = 0.00>
ST_2 : Operation 280 [1/1] (0.00ns)   --->   "%mrv_1 = insertvalue { i16, i16, i16, i16, i16, i16, i16, i16 } %mrv, i16 %acc_1_V, 1" [firmware/nnet_utils/nnet_dense_resource.h:103]   --->   Operation 280 'insertvalue' 'mrv_1' <Predicate = true> <Delay = 0.00>
ST_2 : Operation 281 [1/1] (0.00ns)   --->   "%mrv_2 = insertvalue { i16, i16, i16, i16, i16, i16, i16, i16 } %mrv_1, i16 %acc_2_V, 2" [firmware/nnet_utils/nnet_dense_resource.h:103]   --->   Operation 281 'insertvalue' 'mrv_2' <Predicate = true> <Delay = 0.00>
ST_2 : Operation 282 [1/1] (0.00ns)   --->   "%mrv_3 = insertvalue { i16, i16, i16, i16, i16, i16, i16, i16 } %mrv_2, i16 %acc_3_V, 3" [firmware/nnet_utils/nnet_dense_resource.h:103]   --->   Operation 282 'insertvalue' 'mrv_3' <Predicate = true> <Delay = 0.00>
ST_2 : Operation 283 [1/1] (0.00ns)   --->   "%mrv_4 = insertvalue { i16, i16, i16, i16, i16, i16, i16, i16 } %mrv_3, i16 %acc_4_V, 4" [firmware/nnet_utils/nnet_dense_resource.h:103]   --->   Operation 283 'insertvalue' 'mrv_4' <Predicate = true> <Delay = 0.00>
ST_2 : Operation 284 [1/1] (0.00ns)   --->   "%mrv_5 = insertvalue { i16, i16, i16, i16, i16, i16, i16, i16 } %mrv_4, i16 %acc_5_V, 5" [firmware/nnet_utils/nnet_dense_resource.h:103]   --->   Operation 284 'insertvalue' 'mrv_5' <Predicate = true> <Delay = 0.00>
ST_2 : Operation 285 [1/1] (0.00ns)   --->   "%mrv_6 = insertvalue { i16, i16, i16, i16, i16, i16, i16, i16 } %mrv_5, i16 %acc_6_V, 6" [firmware/nnet_utils/nnet_dense_resource.h:103]   --->   Operation 285 'insertvalue' 'mrv_6' <Predicate = true> <Delay = 0.00>
ST_2 : Operation 286 [1/1] (0.00ns)   --->   "%mrv_7 = insertvalue { i16, i16, i16, i16, i16, i16, i16, i16 } %mrv_6, i16 %acc_7_V, 7" [firmware/nnet_utils/nnet_dense_resource.h:103]   --->   Operation 286 'insertvalue' 'mrv_7' <Predicate = true> <Delay = 0.00>
ST_2 : Operation 287 [1/1] (0.00ns)   --->   "ret { i16, i16, i16, i16, i16, i16, i16, i16 } %mrv_7" [firmware/nnet_utils/nnet_dense_resource.h:103]   --->   Operation 287 'ret' <Predicate = true> <Delay = 0.00>


============================================================
+ Verbose Summary: Timing violations
============================================================
Target clock period: 5ns, clock uncertainty: 0.625ns.

 <State 1>: 3.82ns
The critical path consists of the following:
	wire read on port 'data_6_V_read' (firmware/nnet_utils/nnet_dense_resource.h:33) [8]  (0 ns)
	'mul' operation of DSP[51] ('mul_ln1118_5', firmware/nnet_utils/nnet_mult.h:67->firmware/nnet_utils/nnet_dense_resource.h:78) [51]  (2.53 ns)
	'add' operation ('add_ln703_67', firmware/nnet_utils/nnet_dense_resource.h:78) [57]  (0.608 ns)
	'add' operation ('add_ln703_68', firmware/nnet_utils/nnet_dense_resource.h:78) [58]  (0.675 ns)

 <State 2>: 3.82ns
The critical path consists of the following:
	'mul' operation of DSP[17] ('mul_ln1118', firmware/nnet_utils/nnet_mult.h:67->firmware/nnet_utils/nnet_dense_resource.h:78) [17]  (2.53 ns)
	'add' operation ('add_ln703', firmware/nnet_utils/nnet_dense_resource.h:78) [53]  (0.608 ns)
	'add' operation ('add_ln703_65', firmware/nnet_utils/nnet_dense_resource.h:78) [55]  (0 ns)
	'add' operation ('res[0].V', firmware/nnet_utils/nnet_dense_resource.h:78) [59]  (0.675 ns)


============================================================
+ Verbose Summary: Binding
============================================================
N/A
* FSMD analyzer results:
  - Output states:
 - Input state : 
  - Chain level:
	State 1
	State 2


============================================================
+ Verbose Summary: Datapath Resource usage 
============================================================
N/A
