

================================================================
== Vivado HLS Report for 'dense_resource_rf_leq_nin_0_0_0_0_0'
================================================================
* Date:           Tue Nov  9 09:56:29 2021

* Version:        2019.2 (Build 2704478 on Wed Nov 06 22:10:23 MST 2019)
* Project:        myproject_prj
* Solution:       solution12
* Product family: virtexuplus
* Target device:  xcvu9p-flga2104-2L-e


================================================================
== Performance Estimates
================================================================
+ Timing: 
    * Summary: 
    +--------+---------+----------+------------+
    |  Clock |  Target | Estimated| Uncertainty|
    +--------+---------+----------+------------+
    |ap_clk  | 5.00 ns | 3.816 ns |   0.62 ns  |
    +--------+---------+----------+------------+

+ Latency: 
    * Summary: 
    +---------+---------+----------+----------+-----+-----+----------+
    |  Latency (cycles) |  Latency (absolute) |  Interval | Pipeline |
    |   min   |   max   |    min   |    max   | min | max |   Type   |
    +---------+---------+----------+----------+-----+-----+----------+
    |        1|        1| 5.000 ns | 5.000 ns |    1|    1| function |
    +---------+---------+----------+----------+-----+-----+----------+

    + Detail: 
        * Instance: 
        N/A

        * Loop: 
        N/A

============================================================
+ Verbose Summary: Synthesis Manager
============================================================
InlineROM: 1
ExposeGlobal: 0
============================================================
+ Verbose Summary: CDFG Model
============================================================
IsTopModel: 0
ResetActiveHigh: 1
IsCombinational: 0
IsDatapathOnly: 0
HasWiredReturn: 1
HasMFsm: 2
HasVarLatency: 0
IsPipeline: 1
IsRtlPipelined: 1
IsInstanceOverlapped: 0
IsDontTouch: 0
HasImplIP: 0
IsGatedGlobalClock: 0

+ Individual pipeline summary: 
  * Pipeline-0: initiation interval (II) = 1, depth = 2


============================================================
+ Verbose Summary: Schedule
============================================================
* Number of FSM states : 2
* Pipeline : 1
  Pipeline-0 : II = 1, D = 2, States = { 1 2 }
* Dataflow Pipeline: 0

* FSM state transitions: 
1 --> 2 
2 --> 

* FSM state operations: 

State 1 <SV = 0> <Delay = 3.81>
ST_1 : Operation 3 [1/1] (0.00ns)   --->   "%data_7_V_read_11 = call i16 @_ssdm_op_Read.ap_auto.i16(i16 %data_7_V_read)" [firmware/nnet_utils/nnet_dense_resource.h:33]   --->   Operation 3 'read' 'data_7_V_read_11' <Predicate = true> <Delay = 0.00>
ST_1 : Operation 4 [1/1] (0.00ns)   --->   "%data_6_V_read_12 = call i16 @_ssdm_op_Read.ap_auto.i16(i16 %data_6_V_read)" [firmware/nnet_utils/nnet_dense_resource.h:33]   --->   Operation 4 'read' 'data_6_V_read_12' <Predicate = true> <Delay = 0.00>
ST_1 : Operation 5 [1/1] (0.00ns)   --->   "%data_5_V_read_13 = call i16 @_ssdm_op_Read.ap_auto.i16(i16 %data_5_V_read)" [firmware/nnet_utils/nnet_dense_resource.h:33]   --->   Operation 5 'read' 'data_5_V_read_13' <Predicate = true> <Delay = 0.00>
ST_1 : Operation 6 [1/1] (0.00ns)   --->   "%data_4_V_read_13 = call i16 @_ssdm_op_Read.ap_auto.i16(i16 %data_4_V_read)" [firmware/nnet_utils/nnet_dense_resource.h:33]   --->   Operation 6 'read' 'data_4_V_read_13' <Predicate = true> <Delay = 0.00>
ST_1 : Operation 7 [1/1] (0.00ns)   --->   "%data_3_V_read_13 = call i16 @_ssdm_op_Read.ap_auto.i16(i16 %data_3_V_read)" [firmware/nnet_utils/nnet_dense_resource.h:33]   --->   Operation 7 'read' 'data_3_V_read_13' <Predicate = true> <Delay = 0.00>
ST_1 : Operation 8 [1/1] (0.00ns)   --->   "%data_2_V_read_13 = call i16 @_ssdm_op_Read.ap_auto.i16(i16 %data_2_V_read)" [firmware/nnet_utils/nnet_dense_resource.h:33]   --->   Operation 8 'read' 'data_2_V_read_13' <Predicate = true> <Delay = 0.00>
ST_1 : Operation 9 [1/1] (0.00ns)   --->   "%data_1_V_read_13 = call i16 @_ssdm_op_Read.ap_auto.i16(i16 %data_1_V_read)" [firmware/nnet_utils/nnet_dense_resource.h:33]   --->   Operation 9 'read' 'data_1_V_read_13' <Predicate = true> <Delay = 0.00>
ST_1 : Operation 10 [1/1] (0.00ns)   --->   "%data_0_V_read_13 = call i16 @_ssdm_op_Read.ap_auto.i16(i16 %data_0_V_read)" [firmware/nnet_utils/nnet_dense_resource.h:33]   --->   Operation 10 'read' 'data_0_V_read_13' <Predicate = true> <Delay = 0.00>
ST_1 : Operation 11 [1/1] (0.00ns)   --->   "%sext_ln1118_6 = sext i16 %data_4_V_read_13 to i22" [firmware/nnet_utils/nnet_mult.h:67->firmware/nnet_utils/nnet_dense_resource.h:78]   --->   Operation 11 'sext' 'sext_ln1118_6' <Predicate = true> <Delay = 0.00>
ST_1 : Operation 12 [1/1] (0.00ns)   --->   "%shl_ln = call i20 @_ssdm_op_BitConcatenate.i20.i16.i4(i16 %data_4_V_read_13, i4 0)" [firmware/nnet_utils/nnet_mult.h:67->firmware/nnet_utils/nnet_dense_resource.h:78]   --->   Operation 12 'bitconcatenate' 'shl_ln' <Predicate = true> <Delay = 0.00>
ST_1 : Operation 13 [1/1] (0.00ns)   --->   "%sext_ln1118_7 = sext i20 %shl_ln to i21" [firmware/nnet_utils/nnet_mult.h:67->firmware/nnet_utils/nnet_dense_resource.h:78]   --->   Operation 13 'sext' 'sext_ln1118_7' <Predicate = true> <Delay = 0.00>
ST_1 : Operation 14 [1/1] (0.00ns)   --->   "%shl_ln1118_1 = call i17 @_ssdm_op_BitConcatenate.i17.i16.i1(i16 %data_4_V_read_13, i1 false)" [firmware/nnet_utils/nnet_mult.h:67->firmware/nnet_utils/nnet_dense_resource.h:78]   --->   Operation 14 'bitconcatenate' 'shl_ln1118_1' <Predicate = true> <Delay = 0.00>
ST_1 : Operation 15 [1/1] (0.00ns)   --->   "%sext_ln1118_8 = sext i17 %shl_ln1118_1 to i21" [firmware/nnet_utils/nnet_mult.h:67->firmware/nnet_utils/nnet_dense_resource.h:78]   --->   Operation 15 'sext' 'sext_ln1118_8' <Predicate = true> <Delay = 0.00>
ST_1 : Operation 16 [1/1] (0.55ns)   --->   "%sub_ln1118 = sub i21 %sext_ln1118_8, %sext_ln1118_7" [firmware/nnet_utils/nnet_mult.h:67->firmware/nnet_utils/nnet_dense_resource.h:78]   --->   Operation 16 'sub' 'sub_ln1118' <Predicate = true> <Delay = 0.55> <Core = "AddSub">   --->   Core 14 'AddSub' <Latency = 0> <II = 1> <Delay = 0.58> <FuncUnit> <Opcode : 'add' 'sub'> <InPorts = 2> <OutPorts = 1>
ST_1 : Operation 17 [1/1] (0.00ns)   --->   "%trunc_ln708_4 = call i13 @_ssdm_op_PartSelect.i13.i21.i32.i32(i21 %sub_ln1118, i32 8, i32 20)" [firmware/nnet_utils/nnet_mult.h:67->firmware/nnet_utils/nnet_dense_resource.h:78]   --->   Operation 17 'partselect' 'trunc_ln708_4' <Predicate = true> <Delay = 0.00>
ST_1 : Operation 18 [1/1] (0.00ns)   --->   "%sext_ln708_2 = sext i13 %trunc_ln708_4 to i16" [firmware/nnet_utils/nnet_mult.h:67->firmware/nnet_utils/nnet_dense_resource.h:78]   --->   Operation 18 'sext' 'sext_ln708_2' <Predicate = true> <Delay = 0.00>
ST_1 : Operation 19 [1/1] (0.00ns)   --->   "%sext_ln1118_9 = sext i16 %data_5_V_read_13 to i23" [firmware/nnet_utils/nnet_mult.h:67->firmware/nnet_utils/nnet_dense_resource.h:78]   --->   Operation 19 'sext' 'sext_ln1118_9' <Predicate = true> <Delay = 0.00>
ST_1 : Operation 20 [1/1] (2.53ns) (root node of the DSP)   --->   "%mul_ln1118_4 = mul i23 %sext_ln1118_9, -42" [firmware/nnet_utils/nnet_mult.h:67->firmware/nnet_utils/nnet_dense_resource.h:78]   --->   Operation 20 'mul' 'mul_ln1118_4' <Predicate = true> <Delay = 2.53> <Core = "DSP48">   --->   Core 88 'DSP48' <Latency = 0> <II = 1> <Delay = 2.53> <IPBlock> <Opcode : 'mul' 'add' 'sub' 'select'> <InPorts = 2> <OutPorts = 1> <Sync> <CReg>
ST_1 : Operation 21 [1/1] (0.00ns)   --->   "%trunc_ln708_5 = call i15 @_ssdm_op_PartSelect.i15.i23.i32.i32(i23 %mul_ln1118_4, i32 8, i32 22)" [firmware/nnet_utils/nnet_mult.h:67->firmware/nnet_utils/nnet_dense_resource.h:78]   --->   Operation 21 'partselect' 'trunc_ln708_5' <Predicate = true> <Delay = 0.00>
ST_1 : Operation 22 [1/1] (0.00ns)   --->   "%sext_ln708_3 = sext i15 %trunc_ln708_5 to i16" [firmware/nnet_utils/nnet_mult.h:67->firmware/nnet_utils/nnet_dense_resource.h:78]   --->   Operation 22 'sext' 'sext_ln708_3' <Predicate = true> <Delay = 0.00>
ST_1 : Operation 23 [1/1] (0.00ns)   --->   "%sext_ln1118_11 = sext i16 %data_6_V_read_12 to i24" [firmware/nnet_utils/nnet_mult.h:67->firmware/nnet_utils/nnet_dense_resource.h:78]   --->   Operation 23 'sext' 'sext_ln1118_11' <Predicate = true> <Delay = 0.00>
ST_1 : Operation 24 [1/1] (0.00ns)   --->   "%sext_ln1118_12 = sext i16 %data_6_V_read_12 to i23" [firmware/nnet_utils/nnet_mult.h:67->firmware/nnet_utils/nnet_dense_resource.h:78]   --->   Operation 24 'sext' 'sext_ln1118_12' <Predicate = true> <Delay = 0.00>
ST_1 : Operation 25 [1/1] (2.53ns) (root node of the DSP)   --->   "%mul_ln1118_5 = mul i24 %sext_ln1118_11, -568" [firmware/nnet_utils/nnet_mult.h:67->firmware/nnet_utils/nnet_dense_resource.h:78]   --->   Operation 25 'mul' 'mul_ln1118_5' <Predicate = true> <Delay = 2.53> <Core = "DSP48">   --->   Core 88 'DSP48' <Latency = 0> <II = 1> <Delay = 2.53> <IPBlock> <Opcode : 'mul' 'add' 'sub' 'select'> <InPorts = 2> <OutPorts = 1> <Sync> <CReg>
ST_1 : Operation 26 [1/1] (0.00ns)   --->   "%trunc_ln708_6 = call i16 @_ssdm_op_PartSelect.i16.i24.i32.i32(i24 %mul_ln1118_5, i32 8, i32 23)" [firmware/nnet_utils/nnet_mult.h:67->firmware/nnet_utils/nnet_dense_resource.h:78]   --->   Operation 26 'partselect' 'trunc_ln708_6' <Predicate = true> <Delay = 0.00>
ST_1 : Operation 27 [1/1] (0.00ns)   --->   "%sext_ln708_4 = sext i16 %data_7_V_read_11 to i23" [firmware/nnet_utils/nnet_mult.h:67->firmware/nnet_utils/nnet_dense_resource.h:78]   --->   Operation 27 'sext' 'sext_ln708_4' <Predicate = true> <Delay = 0.00>
ST_1 : Operation 28 [1/1] (0.00ns)   --->   "%tmp = call i14 @_ssdm_op_PartSelect.i14.i16.i32.i32(i16 %data_7_V_read_11, i32 2, i32 15)" [firmware/nnet_utils/nnet_dense_resource.h:78]   --->   Operation 28 'partselect' 'tmp' <Predicate = true> <Delay = 0.00>
ST_1 : Operation 29 [1/1] (0.00ns)   --->   "%sext_ln703 = sext i14 %tmp to i15" [firmware/nnet_utils/nnet_dense_resource.h:78]   --->   Operation 29 'sext' 'sext_ln703' <Predicate = true> <Delay = 0.00>
ST_1 : Operation 30 [1/1] (0.00ns) (grouped into TernaryAdder)   --->   "%add_ln703_66 = add i16 %sext_ln708_2, %sext_ln708_3" [firmware/nnet_utils/nnet_dense_resource.h:78]   --->   Operation 30 'add' 'add_ln703_66' <Predicate = true> <Delay = 0.00> <Core = "TAddSub">   --->   Core 83 'TAddSub' <Latency = 0> <II = 1> <Delay = 0.33> <IPBlock> <Opcode : 'add' 'sub'> <InPorts = 3> <OutPorts = 1> <Sync> <CReg>
ST_1 : Operation 31 [1/1] (0.55ns)   --->   "%add_ln703_67 = add i15 %sext_ln703, -66" [firmware/nnet_utils/nnet_dense_resource.h:78]   --->   Operation 31 'add' 'add_ln703_67' <Predicate = true> <Delay = 0.55> <Core = "AddSub">   --->   Core 14 'AddSub' <Latency = 0> <II = 1> <Delay = 0.58> <FuncUnit> <Opcode : 'add' 'sub'> <InPorts = 2> <OutPorts = 1>
ST_1 : Operation 32 [1/1] (0.00ns)   --->   "%sext_ln703_24 = sext i15 %add_ln703_67 to i16" [firmware/nnet_utils/nnet_dense_resource.h:78]   --->   Operation 32 'sext' 'sext_ln703_24' <Predicate = true> <Delay = 0.00>
ST_1 : Operation 33 [1/1] (0.60ns)   --->   "%add_ln703_68 = add i16 %sext_ln703_24, %trunc_ln708_6" [firmware/nnet_utils/nnet_dense_resource.h:78]   --->   Operation 33 'add' 'add_ln703_68' <Predicate = true> <Delay = 0.60> <Core = "AddSub">   --->   Core 14 'AddSub' <Latency = 0> <II = 1> <Delay = 0.58> <FuncUnit> <Opcode : 'add' 'sub'> <InPorts = 2> <OutPorts = 1>
ST_1 : Operation 34 [1/1] (0.67ns) (root node of TernaryAdder)   --->   "%add_ln703_69 = add i16 %add_ln703_68, %add_ln703_66" [firmware/nnet_utils/nnet_dense_resource.h:78]   --->   Operation 34 'add' 'add_ln703_69' <Predicate = true> <Delay = 0.67> <Core = "TAddSub">   --->   Core 83 'TAddSub' <Latency = 0> <II = 1> <Delay = 0.33> <IPBlock> <Opcode : 'add' 'sub'> <InPorts = 3> <OutPorts = 1> <Sync> <CReg>
ST_1 : Operation 35 [1/1] (0.55ns)   --->   "%sub_ln1118_1 = sub i21 %sext_ln1118_7, %sext_ln1118_8" [firmware/nnet_utils/nnet_mult.h:67->firmware/nnet_utils/nnet_dense_resource.h:78]   --->   Operation 35 'sub' 'sub_ln1118_1' <Predicate = true> <Delay = 0.55> <Core = "AddSub">   --->   Core 14 'AddSub' <Latency = 0> <II = 1> <Delay = 0.58> <FuncUnit> <Opcode : 'add' 'sub'> <InPorts = 2> <OutPorts = 1>
ST_1 : Operation 36 [1/1] (0.00ns)   --->   "%trunc_ln708_12 = call i13 @_ssdm_op_PartSelect.i13.i21.i32.i32(i21 %sub_ln1118_1, i32 8, i32 20)" [firmware/nnet_utils/nnet_mult.h:67->firmware/nnet_utils/nnet_dense_resource.h:78]   --->   Operation 36 'partselect' 'trunc_ln708_12' <Predicate = true> <Delay = 0.00>
ST_1 : Operation 37 [1/1] (0.00ns)   --->   "%shl_ln1118_4 = call i22 @_ssdm_op_BitConcatenate.i22.i16.i6(i16 %data_5_V_read_13, i6 0)" [firmware/nnet_utils/nnet_mult.h:67->firmware/nnet_utils/nnet_dense_resource.h:78]   --->   Operation 37 'bitconcatenate' 'shl_ln1118_4' <Predicate = true> <Delay = 0.00>
ST_1 : Operation 38 [1/1] (0.00ns)   --->   "%sext_ln1118_15 = sext i22 %shl_ln1118_4 to i23" [firmware/nnet_utils/nnet_mult.h:67->firmware/nnet_utils/nnet_dense_resource.h:78]   --->   Operation 38 'sext' 'sext_ln1118_15' <Predicate = true> <Delay = 0.00>
ST_1 : Operation 39 [1/1] (0.00ns)   --->   "%shl_ln1118_5 = call i17 @_ssdm_op_BitConcatenate.i17.i16.i1(i16 %data_5_V_read_13, i1 false)" [firmware/nnet_utils/nnet_mult.h:67->firmware/nnet_utils/nnet_dense_resource.h:78]   --->   Operation 39 'bitconcatenate' 'shl_ln1118_5' <Predicate = true> <Delay = 0.00>
ST_1 : Operation 40 [1/1] (0.00ns)   --->   "%sext_ln1118_16 = sext i17 %shl_ln1118_5 to i23" [firmware/nnet_utils/nnet_mult.h:67->firmware/nnet_utils/nnet_dense_resource.h:78]   --->   Operation 40 'sext' 'sext_ln1118_16' <Predicate = true> <Delay = 0.00>
ST_1 : Operation 41 [1/1] (0.58ns)   --->   "%sub_ln1118_2 = sub i23 %sext_ln1118_15, %sext_ln1118_16" [firmware/nnet_utils/nnet_mult.h:67->firmware/nnet_utils/nnet_dense_resource.h:78]   --->   Operation 41 'sub' 'sub_ln1118_2' <Predicate = true> <Delay = 0.58> <Core = "AddSub">   --->   Core 14 'AddSub' <Latency = 0> <II = 1> <Delay = 0.58> <FuncUnit> <Opcode : 'add' 'sub'> <InPorts = 2> <OutPorts = 1>
ST_1 : Operation 42 [1/1] (0.00ns)   --->   "%trunc_ln708_13 = call i15 @_ssdm_op_PartSelect.i15.i23.i32.i32(i23 %sub_ln1118_2, i32 8, i32 22)" [firmware/nnet_utils/nnet_mult.h:67->firmware/nnet_utils/nnet_dense_resource.h:78]   --->   Operation 42 'partselect' 'trunc_ln708_13' <Predicate = true> <Delay = 0.00>
ST_1 : Operation 43 [1/1] (2.53ns) (root node of the DSP)   --->   "%mul_ln1118_9 = mul i24 %sext_ln1118_11, 688" [firmware/nnet_utils/nnet_mult.h:67->firmware/nnet_utils/nnet_dense_resource.h:78]   --->   Operation 43 'mul' 'mul_ln1118_9' <Predicate = true> <Delay = 2.53> <Core = "DSP48">   --->   Core 88 'DSP48' <Latency = 0> <II = 1> <Delay = 2.53> <IPBlock> <Opcode : 'mul' 'add' 'sub' 'select'> <InPorts = 2> <OutPorts = 1> <Sync> <CReg>
ST_1 : Operation 44 [1/1] (0.00ns)   --->   "%trunc_ln708_14 = call i16 @_ssdm_op_PartSelect.i16.i24.i32.i32(i24 %mul_ln1118_9, i32 8, i32 23)" [firmware/nnet_utils/nnet_mult.h:67->firmware/nnet_utils/nnet_dense_resource.h:78]   --->   Operation 44 'partselect' 'trunc_ln708_14' <Predicate = true> <Delay = 0.00>
ST_1 : Operation 45 [1/1] (2.53ns) (root node of the DSP)   --->   "%mul_ln1118_10 = mul i23 %sext_ln708_4, 39" [firmware/nnet_utils/nnet_mult.h:67->firmware/nnet_utils/nnet_dense_resource.h:78]   --->   Operation 45 'mul' 'mul_ln1118_10' <Predicate = true> <Delay = 2.53> <Core = "DSP48">   --->   Core 88 'DSP48' <Latency = 0> <II = 1> <Delay = 2.53> <IPBlock> <Opcode : 'mul' 'add' 'sub' 'select'> <InPorts = 2> <OutPorts = 1> <Sync> <CReg>
ST_1 : Operation 46 [1/1] (0.00ns)   --->   "%trunc_ln708_15 = call i15 @_ssdm_op_PartSelect.i15.i23.i32.i32(i23 %mul_ln1118_10, i32 8, i32 22)" [firmware/nnet_utils/nnet_mult.h:67->firmware/nnet_utils/nnet_dense_resource.h:78]   --->   Operation 46 'partselect' 'trunc_ln708_15' <Predicate = true> <Delay = 0.00>
ST_1 : Operation 47 [1/1] (0.00ns)   --->   "%sext_ln708_10 = sext i15 %trunc_ln708_15 to i16" [firmware/nnet_utils/nnet_mult.h:67->firmware/nnet_utils/nnet_dense_resource.h:78]   --->   Operation 47 'sext' 'sext_ln708_10' <Predicate = true> <Delay = 0.00>
ST_1 : Operation 48 [1/1] (0.00ns) (grouped into TernaryAdder)   --->   "%add_ln703_75 = add i16 %sext_ln708_10, -68" [firmware/nnet_utils/nnet_dense_resource.h:78]   --->   Operation 48 'add' 'add_ln703_75' <Predicate = true> <Delay = 0.00> <Core = "TAddSub">   --->   Core 83 'TAddSub' <Latency = 0> <II = 1> <Delay = 0.33> <IPBlock> <Opcode : 'add' 'sub'> <InPorts = 3> <OutPorts = 1> <Sync> <CReg>
ST_1 : Operation 49 [1/1] (0.67ns) (root node of TernaryAdder)   --->   "%add_ln703_76 = add i16 %add_ln703_75, %trunc_ln708_14" [firmware/nnet_utils/nnet_dense_resource.h:78]   --->   Operation 49 'add' 'add_ln703_76' <Predicate = true> <Delay = 0.67> <Core = "TAddSub">   --->   Core 83 'TAddSub' <Latency = 0> <II = 1> <Delay = 0.33> <IPBlock> <Opcode : 'add' 'sub'> <InPorts = 3> <OutPorts = 1> <Sync> <CReg>
ST_1 : Operation 50 [1/1] (0.00ns)   --->   "%trunc_ln708_20 = call i8 @_ssdm_op_PartSelect.i8.i16.i32.i32(i16 %data_4_V_read_13, i32 8, i32 15)" [firmware/nnet_utils/nnet_mult.h:67->firmware/nnet_utils/nnet_dense_resource.h:78]   --->   Operation 50 'partselect' 'trunc_ln708_20' <Predicate = true> <Delay = 0.00>
ST_1 : Operation 51 [1/1] (0.00ns)   --->   "%sext_ln708_14 = sext i8 %trunc_ln708_20 to i9" [firmware/nnet_utils/nnet_mult.h:67->firmware/nnet_utils/nnet_dense_resource.h:78]   --->   Operation 51 'sext' 'sext_ln708_14' <Predicate = true> <Delay = 0.00>
ST_1 : Operation 52 [1/1] (0.00ns)   --->   "%trunc_ln708_21 = call i10 @_ssdm_op_PartSelect.i10.i16.i32.i32(i16 %data_5_V_read_13, i32 6, i32 15)" [firmware/nnet_utils/nnet_mult.h:67->firmware/nnet_utils/nnet_dense_resource.h:78]   --->   Operation 52 'partselect' 'trunc_ln708_21' <Predicate = true> <Delay = 0.00>
ST_1 : Operation 53 [1/1] (0.00ns)   --->   "%sext_ln708_15 = sext i10 %trunc_ln708_21 to i16" [firmware/nnet_utils/nnet_mult.h:67->firmware/nnet_utils/nnet_dense_resource.h:78]   --->   Operation 53 'sext' 'sext_ln708_15' <Predicate = true> <Delay = 0.00>
ST_1 : Operation 54 [1/1] (2.53ns) (root node of the DSP)   --->   "%mul_ln1118_13 = mul i23 %sext_ln1118_12, -58" [firmware/nnet_utils/nnet_mult.h:67->firmware/nnet_utils/nnet_dense_resource.h:78]   --->   Operation 54 'mul' 'mul_ln1118_13' <Predicate = true> <Delay = 2.53> <Core = "DSP48">   --->   Core 88 'DSP48' <Latency = 0> <II = 1> <Delay = 2.53> <IPBlock> <Opcode : 'mul' 'add' 'sub' 'select'> <InPorts = 2> <OutPorts = 1> <Sync> <CReg>
ST_1 : Operation 55 [1/1] (0.00ns)   --->   "%trunc_ln708_22 = call i15 @_ssdm_op_PartSelect.i15.i23.i32.i32(i23 %mul_ln1118_13, i32 8, i32 22)" [firmware/nnet_utils/nnet_mult.h:67->firmware/nnet_utils/nnet_dense_resource.h:78]   --->   Operation 55 'partselect' 'trunc_ln708_22' <Predicate = true> <Delay = 0.00>
ST_1 : Operation 56 [1/1] (0.00ns)   --->   "%sext_ln708_16 = sext i15 %trunc_ln708_22 to i16" [firmware/nnet_utils/nnet_mult.h:67->firmware/nnet_utils/nnet_dense_resource.h:78]   --->   Operation 56 'sext' 'sext_ln708_16' <Predicate = true> <Delay = 0.00>
ST_1 : Operation 57 [1/1] (0.00ns)   --->   "%shl_ln1118_9 = call i19 @_ssdm_op_BitConcatenate.i19.i16.i3(i16 %data_7_V_read_11, i3 0)" [firmware/nnet_utils/nnet_mult.h:67->firmware/nnet_utils/nnet_dense_resource.h:78]   --->   Operation 57 'bitconcatenate' 'shl_ln1118_9' <Predicate = true> <Delay = 0.00>
ST_1 : Operation 58 [1/1] (0.00ns)   --->   "%sext_ln1118_20 = sext i19 %shl_ln1118_9 to i22" [firmware/nnet_utils/nnet_mult.h:67->firmware/nnet_utils/nnet_dense_resource.h:78]   --->   Operation 58 'sext' 'sext_ln1118_20' <Predicate = true> <Delay = 0.00>
ST_1 : Operation 59 [1/1] (0.00ns)   --->   "%sext_ln1118_21 = sext i19 %shl_ln1118_9 to i20" [firmware/nnet_utils/nnet_mult.h:67->firmware/nnet_utils/nnet_dense_resource.h:78]   --->   Operation 59 'sext' 'sext_ln1118_21' <Predicate = true> <Delay = 0.00>
ST_1 : Operation 60 [1/1] (0.56ns)   --->   "%sub_ln1118_6 = sub i20 0, %sext_ln1118_21" [firmware/nnet_utils/nnet_mult.h:67->firmware/nnet_utils/nnet_dense_resource.h:78]   --->   Operation 60 'sub' 'sub_ln1118_6' <Predicate = true> <Delay = 0.56> <Core = "AddSub">   --->   Core 14 'AddSub' <Latency = 0> <II = 1> <Delay = 0.58> <FuncUnit> <Opcode : 'add' 'sub'> <InPorts = 2> <OutPorts = 1>
ST_1 : Operation 61 [1/1] (0.00ns)   --->   "%tmp_258 = call i12 @_ssdm_op_PartSelect.i12.i20.i32.i32(i20 %sub_ln1118_6, i32 8, i32 19)" [firmware/nnet_utils/nnet_dense_resource.h:78]   --->   Operation 61 'partselect' 'tmp_258' <Predicate = true> <Delay = 0.00>
ST_1 : Operation 62 [1/1] (0.00ns)   --->   "%sext_ln703_25 = sext i12 %tmp_258 to i13" [firmware/nnet_utils/nnet_dense_resource.h:78]   --->   Operation 62 'sext' 'sext_ln703_25' <Predicate = true> <Delay = 0.00>
ST_1 : Operation 63 [1/1] (0.00ns) (grouped into TernaryAdder)   --->   "%add_ln703_82 = add i16 %sext_ln708_15, %sext_ln708_16" [firmware/nnet_utils/nnet_dense_resource.h:78]   --->   Operation 63 'add' 'add_ln703_82' <Predicate = true> <Delay = 0.00> <Core = "TAddSub">   --->   Core 83 'TAddSub' <Latency = 0> <II = 1> <Delay = 0.33> <IPBlock> <Opcode : 'add' 'sub'> <InPorts = 3> <OutPorts = 1> <Sync> <CReg>
ST_1 : Operation 64 [1/1] (0.48ns)   --->   "%add_ln703_83 = add i9 %sext_ln708_14, 103" [firmware/nnet_utils/nnet_dense_resource.h:78]   --->   Operation 64 'add' 'add_ln703_83' <Predicate = true> <Delay = 0.48> <Core = "AddSub">   --->   Core 14 'AddSub' <Latency = 0> <II = 1> <Delay = 0.58> <FuncUnit> <Opcode : 'add' 'sub'> <InPorts = 2> <OutPorts = 1>
ST_1 : Operation 65 [1/1] (0.00ns)   --->   "%sext_ln703_26 = sext i9 %add_ln703_83 to i13" [firmware/nnet_utils/nnet_dense_resource.h:78]   --->   Operation 65 'sext' 'sext_ln703_26' <Predicate = true> <Delay = 0.00>
ST_1 : Operation 66 [1/1] (0.52ns)   --->   "%add_ln703_84 = add i13 %sext_ln703_26, %sext_ln703_25" [firmware/nnet_utils/nnet_dense_resource.h:78]   --->   Operation 66 'add' 'add_ln703_84' <Predicate = true> <Delay = 0.52> <Core = "AddSub">   --->   Core 14 'AddSub' <Latency = 0> <II = 1> <Delay = 0.58> <FuncUnit> <Opcode : 'add' 'sub'> <InPorts = 2> <OutPorts = 1>
ST_1 : Operation 67 [1/1] (0.00ns)   --->   "%sext_ln703_27 = sext i13 %add_ln703_84 to i16" [firmware/nnet_utils/nnet_dense_resource.h:78]   --->   Operation 67 'sext' 'sext_ln703_27' <Predicate = true> <Delay = 0.00>
ST_1 : Operation 68 [1/1] (0.67ns) (root node of TernaryAdder)   --->   "%add_ln703_85 = add i16 %sext_ln703_27, %add_ln703_82" [firmware/nnet_utils/nnet_dense_resource.h:78]   --->   Operation 68 'add' 'add_ln703_85' <Predicate = true> <Delay = 0.67> <Core = "TAddSub">   --->   Core 83 'TAddSub' <Latency = 0> <II = 1> <Delay = 0.33> <IPBlock> <Opcode : 'add' 'sub'> <InPorts = 3> <OutPorts = 1> <Sync> <CReg>
ST_1 : Operation 69 [1/1] (2.53ns) (root node of the DSP)   --->   "%mul_ln1118_18 = mul i22 %sext_ln1118_6, -26" [firmware/nnet_utils/nnet_mult.h:67->firmware/nnet_utils/nnet_dense_resource.h:78]   --->   Operation 69 'mul' 'mul_ln1118_18' <Predicate = true> <Delay = 2.53> <Core = "DSP48">   --->   Core 88 'DSP48' <Latency = 0> <II = 1> <Delay = 2.53> <IPBlock> <Opcode : 'mul' 'add' 'sub' 'select'> <InPorts = 2> <OutPorts = 1> <Sync> <CReg>
ST_1 : Operation 70 [1/1] (0.00ns)   --->   "%trunc_ln708_28 = call i14 @_ssdm_op_PartSelect.i14.i22.i32.i32(i22 %mul_ln1118_18, i32 8, i32 21)" [firmware/nnet_utils/nnet_mult.h:67->firmware/nnet_utils/nnet_dense_resource.h:78]   --->   Operation 70 'partselect' 'trunc_ln708_28' <Predicate = true> <Delay = 0.00>
ST_1 : Operation 71 [1/1] (0.00ns)   --->   "%sext_ln708_19 = sext i14 %trunc_ln708_28 to i16" [firmware/nnet_utils/nnet_mult.h:67->firmware/nnet_utils/nnet_dense_resource.h:78]   --->   Operation 71 'sext' 'sext_ln708_19' <Predicate = true> <Delay = 0.00>
ST_1 : Operation 72 [1/1] (0.00ns)   --->   "%shl_ln1118_10 = call i22 @_ssdm_op_BitConcatenate.i22.i16.i6(i16 %data_6_V_read_12, i6 0)" [firmware/nnet_utils/nnet_mult.h:67->firmware/nnet_utils/nnet_dense_resource.h:78]   --->   Operation 72 'bitconcatenate' 'shl_ln1118_10' <Predicate = true> <Delay = 0.00>
ST_1 : Operation 73 [1/1] (0.00ns)   --->   "%sext_ln1118_22 = sext i22 %shl_ln1118_10 to i23" [firmware/nnet_utils/nnet_mult.h:67->firmware/nnet_utils/nnet_dense_resource.h:78]   --->   Operation 73 'sext' 'sext_ln1118_22' <Predicate = true> <Delay = 0.00>
ST_1 : Operation 74 [1/1] (0.00ns)   --->   "%shl_ln1118_11 = call i19 @_ssdm_op_BitConcatenate.i19.i16.i3(i16 %data_6_V_read_12, i3 0)" [firmware/nnet_utils/nnet_mult.h:67->firmware/nnet_utils/nnet_dense_resource.h:78]   --->   Operation 74 'bitconcatenate' 'shl_ln1118_11' <Predicate = true> <Delay = 0.00>
ST_1 : Operation 75 [1/1] (0.00ns)   --->   "%sext_ln1118_23 = sext i19 %shl_ln1118_11 to i23" [firmware/nnet_utils/nnet_mult.h:67->firmware/nnet_utils/nnet_dense_resource.h:78]   --->   Operation 75 'sext' 'sext_ln1118_23' <Predicate = true> <Delay = 0.00>
ST_1 : Operation 76 [1/1] (0.58ns)   --->   "%sub_ln1118_7 = sub i23 %sext_ln1118_22, %sext_ln1118_23" [firmware/nnet_utils/nnet_mult.h:67->firmware/nnet_utils/nnet_dense_resource.h:78]   --->   Operation 76 'sub' 'sub_ln1118_7' <Predicate = true> <Delay = 0.58> <Core = "AddSub">   --->   Core 14 'AddSub' <Latency = 0> <II = 1> <Delay = 0.58> <FuncUnit> <Opcode : 'add' 'sub'> <InPorts = 2> <OutPorts = 1>
ST_1 : Operation 77 [1/1] (0.00ns)   --->   "%trunc_ln708_29 = call i15 @_ssdm_op_PartSelect.i15.i23.i32.i32(i23 %sub_ln1118_7, i32 8, i32 22)" [firmware/nnet_utils/nnet_mult.h:67->firmware/nnet_utils/nnet_dense_resource.h:78]   --->   Operation 77 'partselect' 'trunc_ln708_29' <Predicate = true> <Delay = 0.00>
ST_1 : Operation 78 [1/1] (0.00ns)   --->   "%sext_ln708_20 = sext i15 %trunc_ln708_29 to i16" [firmware/nnet_utils/nnet_mult.h:67->firmware/nnet_utils/nnet_dense_resource.h:78]   --->   Operation 78 'sext' 'sext_ln708_20' <Predicate = true> <Delay = 0.00>
ST_1 : Operation 79 [1/1] (0.00ns)   --->   "%shl_ln1118_12 = call i21 @_ssdm_op_BitConcatenate.i21.i16.i5(i16 %data_7_V_read_11, i5 0)" [firmware/nnet_utils/nnet_mult.h:67->firmware/nnet_utils/nnet_dense_resource.h:78]   --->   Operation 79 'bitconcatenate' 'shl_ln1118_12' <Predicate = true> <Delay = 0.00>
ST_1 : Operation 80 [1/1] (0.00ns)   --->   "%sext_ln1118_24 = sext i21 %shl_ln1118_12 to i22" [firmware/nnet_utils/nnet_mult.h:67->firmware/nnet_utils/nnet_dense_resource.h:78]   --->   Operation 80 'sext' 'sext_ln1118_24' <Predicate = true> <Delay = 0.00>
ST_1 : Operation 81 [1/1] (0.57ns)   --->   "%sub_ln1118_8 = sub i22 %sext_ln1118_20, %sext_ln1118_24" [firmware/nnet_utils/nnet_mult.h:67->firmware/nnet_utils/nnet_dense_resource.h:78]   --->   Operation 81 'sub' 'sub_ln1118_8' <Predicate = true> <Delay = 0.57> <Core = "AddSub">   --->   Core 14 'AddSub' <Latency = 0> <II = 1> <Delay = 0.58> <FuncUnit> <Opcode : 'add' 'sub'> <InPorts = 2> <OutPorts = 1>
ST_1 : Operation 82 [1/1] (0.00ns)   --->   "%tmp_259 = call i14 @_ssdm_op_PartSelect.i14.i22.i32.i32(i22 %sub_ln1118_8, i32 8, i32 21)" [firmware/nnet_utils/nnet_dense_resource.h:78]   --->   Operation 82 'partselect' 'tmp_259' <Predicate = true> <Delay = 0.00>
ST_1 : Operation 83 [1/1] (0.00ns)   --->   "%sext_ln703_28 = sext i14 %tmp_259 to i15" [firmware/nnet_utils/nnet_dense_resource.h:78]   --->   Operation 83 'sext' 'sext_ln703_28' <Predicate = true> <Delay = 0.00>
ST_1 : Operation 84 [1/1] (0.00ns) (grouped into TernaryAdder)   --->   "%add_ln703_90 = add i16 %sext_ln708_19, %sext_ln708_3" [firmware/nnet_utils/nnet_dense_resource.h:78]   --->   Operation 84 'add' 'add_ln703_90' <Predicate = true> <Delay = 0.00> <Core = "TAddSub">   --->   Core 83 'TAddSub' <Latency = 0> <II = 1> <Delay = 0.33> <IPBlock> <Opcode : 'add' 'sub'> <InPorts = 3> <OutPorts = 1> <Sync> <CReg>
ST_1 : Operation 85 [1/1] (0.55ns)   --->   "%add_ln703_91 = add i15 %sext_ln703_28, -74" [firmware/nnet_utils/nnet_dense_resource.h:78]   --->   Operation 85 'add' 'add_ln703_91' <Predicate = true> <Delay = 0.55> <Core = "AddSub">   --->   Core 14 'AddSub' <Latency = 0> <II = 1> <Delay = 0.58> <FuncUnit> <Opcode : 'add' 'sub'> <InPorts = 2> <OutPorts = 1>
ST_1 : Operation 86 [1/1] (0.00ns)   --->   "%sext_ln703_29 = sext i15 %add_ln703_91 to i16" [firmware/nnet_utils/nnet_dense_resource.h:78]   --->   Operation 86 'sext' 'sext_ln703_29' <Predicate = true> <Delay = 0.00>
ST_1 : Operation 87 [1/1] (0.58ns)   --->   "%add_ln703_92 = add i16 %sext_ln703_29, %sext_ln708_20" [firmware/nnet_utils/nnet_dense_resource.h:78]   --->   Operation 87 'add' 'add_ln703_92' <Predicate = true> <Delay = 0.58> <Core = "AddSub">   --->   Core 14 'AddSub' <Latency = 0> <II = 1> <Delay = 0.58> <FuncUnit> <Opcode : 'add' 'sub'> <InPorts = 2> <OutPorts = 1>
ST_1 : Operation 88 [1/1] (0.67ns) (root node of TernaryAdder)   --->   "%add_ln703_93 = add i16 %add_ln703_92, %add_ln703_90" [firmware/nnet_utils/nnet_dense_resource.h:78]   --->   Operation 88 'add' 'add_ln703_93' <Predicate = true> <Delay = 0.67> <Core = "TAddSub">   --->   Core 83 'TAddSub' <Latency = 0> <II = 1> <Delay = 0.33> <IPBlock> <Opcode : 'add' 'sub'> <InPorts = 3> <OutPorts = 1> <Sync> <CReg>

State 2 <SV = 1> <Delay = 3.81>
ST_2 : Operation 89 [1/1] (0.00ns)   --->   "%sext_ln1118 = sext i16 %data_0_V_read_13 to i24" [firmware/nnet_utils/nnet_mult.h:67->firmware/nnet_utils/nnet_dense_resource.h:78]   --->   Operation 89 'sext' 'sext_ln1118' <Predicate = true> <Delay = 0.00>
ST_2 : Operation 90 [1/1] (0.00ns)   --->   "%sext_ln1118_1 = sext i16 %data_0_V_read_13 to i23" [firmware/nnet_utils/nnet_mult.h:67->firmware/nnet_utils/nnet_dense_resource.h:78]   --->   Operation 90 'sext' 'sext_ln1118_1' <Predicate = true> <Delay = 0.00>
ST_2 : Operation 91 [1/1] (2.53ns) (root node of the DSP)   --->   "%mul_ln1118 = mul i23 %sext_ln1118_1, 47" [firmware/nnet_utils/nnet_mult.h:67->firmware/nnet_utils/nnet_dense_resource.h:78]   --->   Operation 91 'mul' 'mul_ln1118' <Predicate = true> <Delay = 2.53> <Core = "DSP48">   --->   Core 88 'DSP48' <Latency = 0> <II = 1> <Delay = 2.53> <IPBlock> <Opcode : 'mul' 'add' 'sub' 'select'> <InPorts = 2> <OutPorts = 1> <Sync> <CReg>
ST_2 : Operation 92 [1/1] (0.00ns)   --->   "%trunc_ln = call i15 @_ssdm_op_PartSelect.i15.i23.i32.i32(i23 %mul_ln1118, i32 8, i32 22)" [firmware/nnet_utils/nnet_mult.h:67->firmware/nnet_utils/nnet_dense_resource.h:78]   --->   Operation 92 'partselect' 'trunc_ln' <Predicate = true> <Delay = 0.00>
ST_2 : Operation 93 [1/1] (0.00ns)   --->   "%sext_ln708 = sext i15 %trunc_ln to i16" [firmware/nnet_utils/nnet_mult.h:67->firmware/nnet_utils/nnet_dense_resource.h:78]   --->   Operation 93 'sext' 'sext_ln708' <Predicate = true> <Delay = 0.00>
ST_2 : Operation 94 [1/1] (0.00ns)   --->   "%sext_ln1118_2 = sext i16 %data_1_V_read_13 to i24" [firmware/nnet_utils/nnet_mult.h:67->firmware/nnet_utils/nnet_dense_resource.h:78]   --->   Operation 94 'sext' 'sext_ln1118_2' <Predicate = true> <Delay = 0.00>
ST_2 : Operation 95 [1/1] (2.53ns) (root node of the DSP)   --->   "%mul_ln1118_1 = mul i24 %sext_ln1118_2, -1014" [firmware/nnet_utils/nnet_mult.h:67->firmware/nnet_utils/nnet_dense_resource.h:78]   --->   Operation 95 'mul' 'mul_ln1118_1' <Predicate = true> <Delay = 2.53> <Core = "DSP48">   --->   Core 88 'DSP48' <Latency = 0> <II = 1> <Delay = 2.53> <IPBlock> <Opcode : 'mul' 'add' 'sub' 'select'> <InPorts = 2> <OutPorts = 1> <Sync> <CReg>
ST_2 : Operation 96 [1/1] (0.00ns)   --->   "%trunc_ln708_1 = call i16 @_ssdm_op_PartSelect.i16.i24.i32.i32(i24 %mul_ln1118_1, i32 8, i32 23)" [firmware/nnet_utils/nnet_mult.h:67->firmware/nnet_utils/nnet_dense_resource.h:78]   --->   Operation 96 'partselect' 'trunc_ln708_1' <Predicate = true> <Delay = 0.00>
ST_2 : Operation 97 [1/1] (0.00ns)   --->   "%sext_ln1118_3 = sext i16 %data_2_V_read_13 to i24" [firmware/nnet_utils/nnet_mult.h:67->firmware/nnet_utils/nnet_dense_resource.h:78]   --->   Operation 97 'sext' 'sext_ln1118_3' <Predicate = true> <Delay = 0.00>
ST_2 : Operation 98 [1/1] (0.00ns)   --->   "%sext_ln1118_4 = sext i16 %data_2_V_read_13 to i19" [firmware/nnet_utils/nnet_mult.h:67->firmware/nnet_utils/nnet_dense_resource.h:78]   --->   Operation 98 'sext' 'sext_ln1118_4' <Predicate = true> <Delay = 0.00>
ST_2 : Operation 99 [1/1] (2.53ns) (root node of the DSP)   --->   "%mul_ln1118_2 = mul i24 %sext_ln1118_3, 85" [firmware/nnet_utils/nnet_mult.h:67->firmware/nnet_utils/nnet_dense_resource.h:78]   --->   Operation 99 'mul' 'mul_ln1118_2' <Predicate = true> <Delay = 2.53> <Core = "DSP48">   --->   Core 88 'DSP48' <Latency = 0> <II = 1> <Delay = 2.53> <IPBlock> <Opcode : 'mul' 'add' 'sub' 'select'> <InPorts = 2> <OutPorts = 1> <Sync> <CReg>
ST_2 : Operation 100 [1/1] (0.00ns)   --->   "%trunc_ln708_2 = call i16 @_ssdm_op_PartSelect.i16.i24.i32.i32(i24 %mul_ln1118_2, i32 8, i32 23)" [firmware/nnet_utils/nnet_mult.h:67->firmware/nnet_utils/nnet_dense_resource.h:78]   --->   Operation 100 'partselect' 'trunc_ln708_2' <Predicate = true> <Delay = 0.00>
ST_2 : Operation 101 [1/1] (0.00ns)   --->   "%sext_ln1118_5 = sext i16 %data_3_V_read_13 to i23" [firmware/nnet_utils/nnet_mult.h:67->firmware/nnet_utils/nnet_dense_resource.h:78]   --->   Operation 101 'sext' 'sext_ln1118_5' <Predicate = true> <Delay = 0.00>
ST_2 : Operation 102 [1/1] (2.53ns) (root node of the DSP)   --->   "%mul_ln1118_3 = mul i23 %sext_ln1118_5, 39" [firmware/nnet_utils/nnet_mult.h:67->firmware/nnet_utils/nnet_dense_resource.h:78]   --->   Operation 102 'mul' 'mul_ln1118_3' <Predicate = true> <Delay = 2.53> <Core = "DSP48">   --->   Core 88 'DSP48' <Latency = 0> <II = 1> <Delay = 2.53> <IPBlock> <Opcode : 'mul' 'add' 'sub' 'select'> <InPorts = 2> <OutPorts = 1> <Sync> <CReg>
ST_2 : Operation 103 [1/1] (0.00ns)   --->   "%trunc_ln708_3 = call i15 @_ssdm_op_PartSelect.i15.i23.i32.i32(i23 %mul_ln1118_3, i32 8, i32 22)" [firmware/nnet_utils/nnet_mult.h:67->firmware/nnet_utils/nnet_dense_resource.h:78]   --->   Operation 103 'partselect' 'trunc_ln708_3' <Predicate = true> <Delay = 0.00>
ST_2 : Operation 104 [1/1] (0.00ns)   --->   "%sext_ln708_1 = sext i15 %trunc_ln708_3 to i16" [firmware/nnet_utils/nnet_mult.h:67->firmware/nnet_utils/nnet_dense_resource.h:78]   --->   Operation 104 'sext' 'sext_ln708_1' <Predicate = true> <Delay = 0.00>
ST_2 : Operation 105 [1/1] (0.60ns)   --->   "%add_ln703 = add i16 %sext_ln708, %trunc_ln708_1" [firmware/nnet_utils/nnet_dense_resource.h:78]   --->   Operation 105 'add' 'add_ln703' <Predicate = true> <Delay = 0.60> <Core = "AddSub">   --->   Core 14 'AddSub' <Latency = 0> <II = 1> <Delay = 0.58> <FuncUnit> <Opcode : 'add' 'sub'> <InPorts = 2> <OutPorts = 1>
ST_2 : Operation 106 [1/1] (0.60ns)   --->   "%add_ln703_64 = add i16 %trunc_ln708_2, %sext_ln708_1" [firmware/nnet_utils/nnet_dense_resource.h:78]   --->   Operation 106 'add' 'add_ln703_64' <Predicate = true> <Delay = 0.60> <Core = "AddSub">   --->   Core 14 'AddSub' <Latency = 0> <II = 1> <Delay = 0.58> <FuncUnit> <Opcode : 'add' 'sub'> <InPorts = 2> <OutPorts = 1>
ST_2 : Operation 107 [1/1] (0.00ns) (grouped into TernaryAdder)   --->   "%add_ln703_65 = add i16 %add_ln703_64, %add_ln703" [firmware/nnet_utils/nnet_dense_resource.h:78]   --->   Operation 107 'add' 'add_ln703_65' <Predicate = true> <Delay = 0.00> <Core = "TAddSub">   --->   Core 83 'TAddSub' <Latency = 0> <II = 1> <Delay = 0.33> <IPBlock> <Opcode : 'add' 'sub'> <InPorts = 3> <OutPorts = 1> <Sync> <CReg>
ST_2 : Operation 108 [1/1] (0.67ns) (root node of TernaryAdder)   --->   "%add_ln703_318 = add i16 %add_ln703_69, %add_ln703_65" [firmware/nnet_utils/nnet_dense_resource.h:78]   --->   Operation 108 'add' 'add_ln703_318' <Predicate = true> <Delay = 0.67> <Core = "TAddSub">   --->   Core 83 'TAddSub' <Latency = 0> <II = 1> <Delay = 0.33> <IPBlock> <Opcode : 'add' 'sub'> <InPorts = 3> <OutPorts = 1> <Sync> <CReg>
ST_2 : Operation 109 [1/1] (2.53ns) (root node of the DSP)   --->   "%mul_ln1118_6 = mul i24 %sext_ln1118, -89" [firmware/nnet_utils/nnet_mult.h:67->firmware/nnet_utils/nnet_dense_resource.h:78]   --->   Operation 109 'mul' 'mul_ln1118_6' <Predicate = true> <Delay = 2.53> <Core = "DSP48">   --->   Core 88 'DSP48' <Latency = 0> <II = 1> <Delay = 2.53> <IPBlock> <Opcode : 'mul' 'add' 'sub' 'select'> <InPorts = 2> <OutPorts = 1> <Sync> <CReg>
ST_2 : Operation 110 [1/1] (0.00ns)   --->   "%trunc_ln708_8 = call i16 @_ssdm_op_PartSelect.i16.i24.i32.i32(i24 %mul_ln1118_6, i32 8, i32 23)" [firmware/nnet_utils/nnet_mult.h:67->firmware/nnet_utils/nnet_dense_resource.h:78]   --->   Operation 110 'partselect' 'trunc_ln708_8' <Predicate = true> <Delay = 0.00>
ST_2 : Operation 111 [1/1] (2.53ns) (root node of the DSP)   --->   "%mul_ln1118_7 = mul i24 %sext_ln1118_2, 1391" [firmware/nnet_utils/nnet_mult.h:67->firmware/nnet_utils/nnet_dense_resource.h:78]   --->   Operation 111 'mul' 'mul_ln1118_7' <Predicate = true> <Delay = 2.53> <Core = "DSP48">   --->   Core 88 'DSP48' <Latency = 0> <II = 1> <Delay = 2.53> <IPBlock> <Opcode : 'mul' 'add' 'sub' 'select'> <InPorts = 2> <OutPorts = 1> <Sync> <CReg>
ST_2 : Operation 112 [1/1] (0.00ns)   --->   "%trunc_ln708_9 = call i16 @_ssdm_op_PartSelect.i16.i24.i32.i32(i24 %mul_ln1118_7, i32 8, i32 23)" [firmware/nnet_utils/nnet_mult.h:67->firmware/nnet_utils/nnet_dense_resource.h:78]   --->   Operation 112 'partselect' 'trunc_ln708_9' <Predicate = true> <Delay = 0.00>
ST_2 : Operation 113 [1/1] (0.00ns)   --->   "%shl_ln1118_2 = call i19 @_ssdm_op_BitConcatenate.i19.i16.i3(i16 %data_2_V_read_13, i3 0)" [firmware/nnet_utils/nnet_mult.h:67->firmware/nnet_utils/nnet_dense_resource.h:78]   --->   Operation 113 'bitconcatenate' 'shl_ln1118_2' <Predicate = true> <Delay = 0.00>
ST_2 : Operation 114 [1/1] (0.00ns)   --->   "%sext_ln1118_13 = sext i19 %shl_ln1118_2 to i20" [firmware/nnet_utils/nnet_mult.h:67->firmware/nnet_utils/nnet_dense_resource.h:78]   --->   Operation 114 'sext' 'sext_ln1118_13' <Predicate = true> <Delay = 0.00>
ST_2 : Operation 115 [1/1] (0.00ns)   --->   "%shl_ln1118_3 = call i17 @_ssdm_op_BitConcatenate.i17.i16.i1(i16 %data_2_V_read_13, i1 false)" [firmware/nnet_utils/nnet_mult.h:67->firmware/nnet_utils/nnet_dense_resource.h:78]   --->   Operation 115 'bitconcatenate' 'shl_ln1118_3' <Predicate = true> <Delay = 0.00>
ST_2 : Operation 116 [1/1] (0.00ns)   --->   "%sext_ln1118_14 = sext i17 %shl_ln1118_3 to i20" [firmware/nnet_utils/nnet_mult.h:67->firmware/nnet_utils/nnet_dense_resource.h:78]   --->   Operation 116 'sext' 'sext_ln1118_14' <Predicate = true> <Delay = 0.00>
ST_2 : Operation 117 [1/1] (0.56ns)   --->   "%add_ln1118 = add i20 %sext_ln1118_14, %sext_ln1118_13" [firmware/nnet_utils/nnet_mult.h:67->firmware/nnet_utils/nnet_dense_resource.h:78]   --->   Operation 117 'add' 'add_ln1118' <Predicate = true> <Delay = 0.56> <Core = "AddSub">   --->   Core 14 'AddSub' <Latency = 0> <II = 1> <Delay = 0.58> <FuncUnit> <Opcode : 'add' 'sub'> <InPorts = 2> <OutPorts = 1>
ST_2 : Operation 118 [1/1] (0.00ns)   --->   "%trunc_ln708_10 = call i12 @_ssdm_op_PartSelect.i12.i20.i32.i32(i20 %add_ln1118, i32 8, i32 19)" [firmware/nnet_utils/nnet_mult.h:67->firmware/nnet_utils/nnet_dense_resource.h:78]   --->   Operation 118 'partselect' 'trunc_ln708_10' <Predicate = true> <Delay = 0.00>
ST_2 : Operation 119 [1/1] (0.00ns)   --->   "%sext_ln708_6 = sext i12 %trunc_ln708_10 to i16" [firmware/nnet_utils/nnet_mult.h:67->firmware/nnet_utils/nnet_dense_resource.h:78]   --->   Operation 119 'sext' 'sext_ln708_6' <Predicate = true> <Delay = 0.00>
ST_2 : Operation 120 [1/1] (2.53ns) (root node of the DSP)   --->   "%mul_ln1118_8 = mul i23 %sext_ln1118_5, 45" [firmware/nnet_utils/nnet_mult.h:67->firmware/nnet_utils/nnet_dense_resource.h:78]   --->   Operation 120 'mul' 'mul_ln1118_8' <Predicate = true> <Delay = 2.53> <Core = "DSP48">   --->   Core 88 'DSP48' <Latency = 0> <II = 1> <Delay = 2.53> <IPBlock> <Opcode : 'mul' 'add' 'sub' 'select'> <InPorts = 2> <OutPorts = 1> <Sync> <CReg>
ST_2 : Operation 121 [1/1] (0.00ns)   --->   "%trunc_ln708_11 = call i15 @_ssdm_op_PartSelect.i15.i23.i32.i32(i23 %mul_ln1118_8, i32 8, i32 22)" [firmware/nnet_utils/nnet_mult.h:67->firmware/nnet_utils/nnet_dense_resource.h:78]   --->   Operation 121 'partselect' 'trunc_ln708_11' <Predicate = true> <Delay = 0.00>
ST_2 : Operation 122 [1/1] (0.00ns)   --->   "%sext_ln708_7 = sext i15 %trunc_ln708_11 to i16" [firmware/nnet_utils/nnet_mult.h:67->firmware/nnet_utils/nnet_dense_resource.h:78]   --->   Operation 122 'sext' 'sext_ln708_7' <Predicate = true> <Delay = 0.00>
ST_2 : Operation 123 [1/1] (0.00ns)   --->   "%sext_ln708_8 = sext i13 %trunc_ln708_12 to i16" [firmware/nnet_utils/nnet_mult.h:67->firmware/nnet_utils/nnet_dense_resource.h:78]   --->   Operation 123 'sext' 'sext_ln708_8' <Predicate = true> <Delay = 0.00>
ST_2 : Operation 124 [1/1] (0.00ns)   --->   "%sext_ln708_9 = sext i15 %trunc_ln708_13 to i16" [firmware/nnet_utils/nnet_mult.h:67->firmware/nnet_utils/nnet_dense_resource.h:78]   --->   Operation 124 'sext' 'sext_ln708_9' <Predicate = true> <Delay = 0.00>
ST_2 : Operation 125 [1/1] (0.60ns)   --->   "%add_ln703_71 = add i16 %trunc_ln708_8, %trunc_ln708_9" [firmware/nnet_utils/nnet_dense_resource.h:78]   --->   Operation 125 'add' 'add_ln703_71' <Predicate = true> <Delay = 0.60> <Core = "AddSub">   --->   Core 14 'AddSub' <Latency = 0> <II = 1> <Delay = 0.58> <FuncUnit> <Opcode : 'add' 'sub'> <InPorts = 2> <OutPorts = 1>
ST_2 : Operation 126 [1/1] (0.58ns)   --->   "%add_ln703_72 = add i16 %sext_ln708_6, %sext_ln708_7" [firmware/nnet_utils/nnet_dense_resource.h:78]   --->   Operation 126 'add' 'add_ln703_72' <Predicate = true> <Delay = 0.58> <Core = "AddSub">   --->   Core 14 'AddSub' <Latency = 0> <II = 1> <Delay = 0.58> <FuncUnit> <Opcode : 'add' 'sub'> <InPorts = 2> <OutPorts = 1>
ST_2 : Operation 127 [1/1] (0.00ns) (grouped into TernaryAdder)   --->   "%add_ln703_73 = add i16 %add_ln703_72, %add_ln703_71" [firmware/nnet_utils/nnet_dense_resource.h:78]   --->   Operation 127 'add' 'add_ln703_73' <Predicate = true> <Delay = 0.00> <Core = "TAddSub">   --->   Core 83 'TAddSub' <Latency = 0> <II = 1> <Delay = 0.33> <IPBlock> <Opcode : 'add' 'sub'> <InPorts = 3> <OutPorts = 1> <Sync> <CReg>
ST_2 : Operation 128 [1/1] (0.00ns) (grouped into TernaryAdder)   --->   "%add_ln703_74 = add i16 %sext_ln708_8, %sext_ln708_9" [firmware/nnet_utils/nnet_dense_resource.h:78]   --->   Operation 128 'add' 'add_ln703_74' <Predicate = true> <Delay = 0.00> <Core = "TAddSub">   --->   Core 83 'TAddSub' <Latency = 0> <II = 1> <Delay = 0.33> <IPBlock> <Opcode : 'add' 'sub'> <InPorts = 3> <OutPorts = 1> <Sync> <CReg>
ST_2 : Operation 129 [1/1] (0.67ns) (root node of TernaryAdder)   --->   "%add_ln703_77 = add i16 %add_ln703_76, %add_ln703_74" [firmware/nnet_utils/nnet_dense_resource.h:78]   --->   Operation 129 'add' 'add_ln703_77' <Predicate = true> <Delay = 0.67> <Core = "TAddSub">   --->   Core 83 'TAddSub' <Latency = 0> <II = 1> <Delay = 0.33> <IPBlock> <Opcode : 'add' 'sub'> <InPorts = 3> <OutPorts = 1> <Sync> <CReg>
ST_2 : Operation 130 [1/1] (0.67ns) (root node of TernaryAdder)   --->   "%acc_1_V = add i16 %add_ln703_77, %add_ln703_73" [firmware/nnet_utils/nnet_dense_resource.h:78]   --->   Operation 130 'add' 'acc_1_V' <Predicate = true> <Delay = 0.67> <Core = "TAddSub">   --->   Core 83 'TAddSub' <Latency = 0> <II = 1> <Delay = 0.33> <IPBlock> <Opcode : 'add' 'sub'> <InPorts = 3> <OutPorts = 1> <Sync> <CReg>
ST_2 : Operation 131 [1/1] (2.53ns) (root node of the DSP)   --->   "%mul_ln1118_11 = mul i24 %sext_ln1118, 174" [firmware/nnet_utils/nnet_mult.h:67->firmware/nnet_utils/nnet_dense_resource.h:78]   --->   Operation 131 'mul' 'mul_ln1118_11' <Predicate = true> <Delay = 2.53> <Core = "DSP48">   --->   Core 88 'DSP48' <Latency = 0> <II = 1> <Delay = 2.53> <IPBlock> <Opcode : 'mul' 'add' 'sub' 'select'> <InPorts = 2> <OutPorts = 1> <Sync> <CReg>
ST_2 : Operation 132 [1/1] (0.00ns)   --->   "%trunc_ln708_16 = call i16 @_ssdm_op_PartSelect.i16.i24.i32.i32(i24 %mul_ln1118_11, i32 8, i32 23)" [firmware/nnet_utils/nnet_mult.h:67->firmware/nnet_utils/nnet_dense_resource.h:78]   --->   Operation 132 'partselect' 'trunc_ln708_16' <Predicate = true> <Delay = 0.00>
ST_2 : Operation 133 [1/1] (0.00ns)   --->   "%shl_ln1118_6 = call i19 @_ssdm_op_BitConcatenate.i19.i16.i3(i16 %data_1_V_read_13, i3 0)" [firmware/nnet_utils/nnet_mult.h:67->firmware/nnet_utils/nnet_dense_resource.h:78]   --->   Operation 133 'bitconcatenate' 'shl_ln1118_6' <Predicate = true> <Delay = 0.00>
ST_2 : Operation 134 [1/1] (0.00ns)   --->   "%sext_ln1118_17 = sext i19 %shl_ln1118_6 to i20" [firmware/nnet_utils/nnet_mult.h:67->firmware/nnet_utils/nnet_dense_resource.h:78]   --->   Operation 134 'sext' 'sext_ln1118_17' <Predicate = true> <Delay = 0.00>
ST_2 : Operation 135 [1/1] (0.00ns) (grouped into TernaryAdder)   --->   "%sub_ln1118_3 = sub i20 0, %sext_ln1118_17" [firmware/nnet_utils/nnet_mult.h:67->firmware/nnet_utils/nnet_dense_resource.h:78]   --->   Operation 135 'sub' 'sub_ln1118_3' <Predicate = true> <Delay = 0.00> <Core = "TAddSub">   --->   Core 83 'TAddSub' <Latency = 0> <II = 1> <Delay = 0.33> <IPBlock> <Opcode : 'add' 'sub'> <InPorts = 3> <OutPorts = 1> <Sync> <CReg>
ST_2 : Operation 136 [1/1] (0.00ns)   --->   "%shl_ln1118_7 = call i17 @_ssdm_op_BitConcatenate.i17.i16.i1(i16 %data_1_V_read_13, i1 false)" [firmware/nnet_utils/nnet_mult.h:67->firmware/nnet_utils/nnet_dense_resource.h:78]   --->   Operation 136 'bitconcatenate' 'shl_ln1118_7' <Predicate = true> <Delay = 0.00>
ST_2 : Operation 137 [1/1] (0.00ns)   --->   "%sext_ln1118_18 = sext i17 %shl_ln1118_7 to i20" [firmware/nnet_utils/nnet_mult.h:67->firmware/nnet_utils/nnet_dense_resource.h:78]   --->   Operation 137 'sext' 'sext_ln1118_18' <Predicate = true> <Delay = 0.00>
ST_2 : Operation 138 [1/1] (0.68ns) (root node of TernaryAdder)   --->   "%sub_ln1118_4 = sub i20 %sub_ln1118_3, %sext_ln1118_18" [firmware/nnet_utils/nnet_mult.h:67->firmware/nnet_utils/nnet_dense_resource.h:78]   --->   Operation 138 'sub' 'sub_ln1118_4' <Predicate = true> <Delay = 0.68> <Core = "TAddSub">   --->   Core 83 'TAddSub' <Latency = 0> <II = 1> <Delay = 0.33> <IPBlock> <Opcode : 'add' 'sub'> <InPorts = 3> <OutPorts = 1> <Sync> <CReg>
ST_2 : Operation 139 [1/1] (0.00ns)   --->   "%trunc_ln708_17 = call i12 @_ssdm_op_PartSelect.i12.i20.i32.i32(i20 %sub_ln1118_4, i32 8, i32 19)" [firmware/nnet_utils/nnet_mult.h:67->firmware/nnet_utils/nnet_dense_resource.h:78]   --->   Operation 139 'partselect' 'trunc_ln708_17' <Predicate = true> <Delay = 0.00>
ST_2 : Operation 140 [1/1] (0.00ns)   --->   "%sext_ln708_11 = sext i12 %trunc_ln708_17 to i16" [firmware/nnet_utils/nnet_mult.h:67->firmware/nnet_utils/nnet_dense_resource.h:78]   --->   Operation 140 'sext' 'sext_ln708_11' <Predicate = true> <Delay = 0.00>
ST_2 : Operation 141 [1/1] (0.00ns)   --->   "%shl_ln1118_8 = call i18 @_ssdm_op_BitConcatenate.i18.i16.i2(i16 %data_2_V_read_13, i2 0)" [firmware/nnet_utils/nnet_mult.h:67->firmware/nnet_utils/nnet_dense_resource.h:78]   --->   Operation 141 'bitconcatenate' 'shl_ln1118_8' <Predicate = true> <Delay = 0.00>
ST_2 : Operation 142 [1/1] (0.00ns)   --->   "%sext_ln1118_19 = sext i18 %shl_ln1118_8 to i19" [firmware/nnet_utils/nnet_mult.h:67->firmware/nnet_utils/nnet_dense_resource.h:78]   --->   Operation 142 'sext' 'sext_ln1118_19' <Predicate = true> <Delay = 0.00>
ST_2 : Operation 143 [1/1] (0.58ns)   --->   "%sub_ln1118_5 = sub i19 %sext_ln1118_19, %sext_ln1118_4" [firmware/nnet_utils/nnet_mult.h:67->firmware/nnet_utils/nnet_dense_resource.h:78]   --->   Operation 143 'sub' 'sub_ln1118_5' <Predicate = true> <Delay = 0.58> <Core = "AddSub">   --->   Core 14 'AddSub' <Latency = 0> <II = 1> <Delay = 0.58> <FuncUnit> <Opcode : 'add' 'sub'> <InPorts = 2> <OutPorts = 1>
ST_2 : Operation 144 [1/1] (0.00ns)   --->   "%trunc_ln708_18 = call i11 @_ssdm_op_PartSelect.i11.i19.i32.i32(i19 %sub_ln1118_5, i32 8, i32 18)" [firmware/nnet_utils/nnet_mult.h:67->firmware/nnet_utils/nnet_dense_resource.h:78]   --->   Operation 144 'partselect' 'trunc_ln708_18' <Predicate = true> <Delay = 0.00>
ST_2 : Operation 145 [1/1] (0.00ns)   --->   "%sext_ln708_12 = sext i11 %trunc_ln708_18 to i16" [firmware/nnet_utils/nnet_mult.h:67->firmware/nnet_utils/nnet_dense_resource.h:78]   --->   Operation 145 'sext' 'sext_ln708_12' <Predicate = true> <Delay = 0.00>
ST_2 : Operation 146 [1/1] (2.53ns) (root node of the DSP)   --->   "%mul_ln1118_12 = mul i23 %sext_ln1118_5, 49" [firmware/nnet_utils/nnet_mult.h:67->firmware/nnet_utils/nnet_dense_resource.h:78]   --->   Operation 146 'mul' 'mul_ln1118_12' <Predicate = true> <Delay = 2.53> <Core = "DSP48">   --->   Core 88 'DSP48' <Latency = 0> <II = 1> <Delay = 2.53> <IPBlock> <Opcode : 'mul' 'add' 'sub' 'select'> <InPorts = 2> <OutPorts = 1> <Sync> <CReg>
ST_2 : Operation 147 [1/1] (0.00ns)   --->   "%trunc_ln708_19 = call i15 @_ssdm_op_PartSelect.i15.i23.i32.i32(i23 %mul_ln1118_12, i32 8, i32 22)" [firmware/nnet_utils/nnet_mult.h:67->firmware/nnet_utils/nnet_dense_resource.h:78]   --->   Operation 147 'partselect' 'trunc_ln708_19' <Predicate = true> <Delay = 0.00>
ST_2 : Operation 148 [1/1] (0.00ns)   --->   "%sext_ln708_13 = sext i15 %trunc_ln708_19 to i16" [firmware/nnet_utils/nnet_mult.h:67->firmware/nnet_utils/nnet_dense_resource.h:78]   --->   Operation 148 'sext' 'sext_ln708_13' <Predicate = true> <Delay = 0.00>
ST_2 : Operation 149 [1/1] (0.60ns)   --->   "%add_ln703_79 = add i16 %trunc_ln708_16, %sext_ln708_11" [firmware/nnet_utils/nnet_dense_resource.h:78]   --->   Operation 149 'add' 'add_ln703_79' <Predicate = true> <Delay = 0.60> <Core = "AddSub">   --->   Core 14 'AddSub' <Latency = 0> <II = 1> <Delay = 0.58> <FuncUnit> <Opcode : 'add' 'sub'> <InPorts = 2> <OutPorts = 1>
ST_2 : Operation 150 [1/1] (0.58ns)   --->   "%add_ln703_80 = add i16 %sext_ln708_12, %sext_ln708_13" [firmware/nnet_utils/nnet_dense_resource.h:78]   --->   Operation 150 'add' 'add_ln703_80' <Predicate = true> <Delay = 0.58> <Core = "AddSub">   --->   Core 14 'AddSub' <Latency = 0> <II = 1> <Delay = 0.58> <FuncUnit> <Opcode : 'add' 'sub'> <InPorts = 2> <OutPorts = 1>
ST_2 : Operation 151 [1/1] (0.00ns) (grouped into TernaryAdder)   --->   "%add_ln703_81 = add i16 %add_ln703_80, %add_ln703_79" [firmware/nnet_utils/nnet_dense_resource.h:78]   --->   Operation 151 'add' 'add_ln703_81' <Predicate = true> <Delay = 0.00> <Core = "TAddSub">   --->   Core 83 'TAddSub' <Latency = 0> <II = 1> <Delay = 0.33> <IPBlock> <Opcode : 'add' 'sub'> <InPorts = 3> <OutPorts = 1> <Sync> <CReg>
ST_2 : Operation 152 [1/1] (0.67ns) (root node of TernaryAdder)   --->   "%acc_2_V = add i16 %add_ln703_85, %add_ln703_81" [firmware/nnet_utils/nnet_dense_resource.h:78]   --->   Operation 152 'add' 'acc_2_V' <Predicate = true> <Delay = 0.67> <Core = "TAddSub">   --->   Core 83 'TAddSub' <Latency = 0> <II = 1> <Delay = 0.33> <IPBlock> <Opcode : 'add' 'sub'> <InPorts = 3> <OutPorts = 1> <Sync> <CReg>
ST_2 : Operation 153 [1/1] (2.53ns) (root node of the DSP)   --->   "%mul_ln1118_14 = mul i24 %sext_ln1118, -217" [firmware/nnet_utils/nnet_mult.h:67->firmware/nnet_utils/nnet_dense_resource.h:78]   --->   Operation 153 'mul' 'mul_ln1118_14' <Predicate = true> <Delay = 2.53> <Core = "DSP48">   --->   Core 88 'DSP48' <Latency = 0> <II = 1> <Delay = 2.53> <IPBlock> <Opcode : 'mul' 'add' 'sub' 'select'> <InPorts = 2> <OutPorts = 1> <Sync> <CReg>
ST_2 : Operation 154 [1/1] (0.00ns)   --->   "%trunc_ln708_24 = call i16 @_ssdm_op_PartSelect.i16.i24.i32.i32(i24 %mul_ln1118_14, i32 8, i32 23)" [firmware/nnet_utils/nnet_mult.h:67->firmware/nnet_utils/nnet_dense_resource.h:78]   --->   Operation 154 'partselect' 'trunc_ln708_24' <Predicate = true> <Delay = 0.00>
ST_2 : Operation 155 [1/1] (2.53ns) (root node of the DSP)   --->   "%mul_ln1118_15 = mul i24 %sext_ln1118_2, 145" [firmware/nnet_utils/nnet_mult.h:67->firmware/nnet_utils/nnet_dense_resource.h:78]   --->   Operation 155 'mul' 'mul_ln1118_15' <Predicate = true> <Delay = 2.53> <Core = "DSP48">   --->   Core 88 'DSP48' <Latency = 0> <II = 1> <Delay = 2.53> <IPBlock> <Opcode : 'mul' 'add' 'sub' 'select'> <InPorts = 2> <OutPorts = 1> <Sync> <CReg>
ST_2 : Operation 156 [1/1] (0.00ns)   --->   "%trunc_ln708_25 = call i16 @_ssdm_op_PartSelect.i16.i24.i32.i32(i24 %mul_ln1118_15, i32 8, i32 23)" [firmware/nnet_utils/nnet_mult.h:67->firmware/nnet_utils/nnet_dense_resource.h:78]   --->   Operation 156 'partselect' 'trunc_ln708_25' <Predicate = true> <Delay = 0.00>
ST_2 : Operation 157 [1/1] (2.53ns) (root node of the DSP)   --->   "%mul_ln1118_16 = mul i24 %sext_ln1118_3, -150" [firmware/nnet_utils/nnet_mult.h:67->firmware/nnet_utils/nnet_dense_resource.h:78]   --->   Operation 157 'mul' 'mul_ln1118_16' <Predicate = true> <Delay = 2.53> <Core = "DSP48">   --->   Core 88 'DSP48' <Latency = 0> <II = 1> <Delay = 2.53> <IPBlock> <Opcode : 'mul' 'add' 'sub' 'select'> <InPorts = 2> <OutPorts = 1> <Sync> <CReg>
ST_2 : Operation 158 [1/1] (0.00ns)   --->   "%trunc_ln708_26 = call i16 @_ssdm_op_PartSelect.i16.i24.i32.i32(i24 %mul_ln1118_16, i32 8, i32 23)" [firmware/nnet_utils/nnet_mult.h:67->firmware/nnet_utils/nnet_dense_resource.h:78]   --->   Operation 158 'partselect' 'trunc_ln708_26' <Predicate = true> <Delay = 0.00>
ST_2 : Operation 159 [1/1] (2.53ns) (root node of the DSP)   --->   "%mul_ln1118_17 = mul i23 %sext_ln1118_5, -50" [firmware/nnet_utils/nnet_mult.h:67->firmware/nnet_utils/nnet_dense_resource.h:78]   --->   Operation 159 'mul' 'mul_ln1118_17' <Predicate = true> <Delay = 2.53> <Core = "DSP48">   --->   Core 88 'DSP48' <Latency = 0> <II = 1> <Delay = 2.53> <IPBlock> <Opcode : 'mul' 'add' 'sub' 'select'> <InPorts = 2> <OutPorts = 1> <Sync> <CReg>
ST_2 : Operation 160 [1/1] (0.00ns)   --->   "%trunc_ln708_27 = call i15 @_ssdm_op_PartSelect.i15.i23.i32.i32(i23 %mul_ln1118_17, i32 8, i32 22)" [firmware/nnet_utils/nnet_mult.h:67->firmware/nnet_utils/nnet_dense_resource.h:78]   --->   Operation 160 'partselect' 'trunc_ln708_27' <Predicate = true> <Delay = 0.00>
ST_2 : Operation 161 [1/1] (0.00ns)   --->   "%sext_ln708_18 = sext i15 %trunc_ln708_27 to i16" [firmware/nnet_utils/nnet_mult.h:67->firmware/nnet_utils/nnet_dense_resource.h:78]   --->   Operation 161 'sext' 'sext_ln708_18' <Predicate = true> <Delay = 0.00>
ST_2 : Operation 162 [1/1] (0.60ns)   --->   "%add_ln703_87 = add i16 %trunc_ln708_24, %trunc_ln708_25" [firmware/nnet_utils/nnet_dense_resource.h:78]   --->   Operation 162 'add' 'add_ln703_87' <Predicate = true> <Delay = 0.60> <Core = "AddSub">   --->   Core 14 'AddSub' <Latency = 0> <II = 1> <Delay = 0.58> <FuncUnit> <Opcode : 'add' 'sub'> <InPorts = 2> <OutPorts = 1>
ST_2 : Operation 163 [1/1] (0.60ns)   --->   "%add_ln703_88 = add i16 %trunc_ln708_26, %sext_ln708_18" [firmware/nnet_utils/nnet_dense_resource.h:78]   --->   Operation 163 'add' 'add_ln703_88' <Predicate = true> <Delay = 0.60> <Core = "AddSub">   --->   Core 14 'AddSub' <Latency = 0> <II = 1> <Delay = 0.58> <FuncUnit> <Opcode : 'add' 'sub'> <InPorts = 2> <OutPorts = 1>
ST_2 : Operation 164 [1/1] (0.00ns) (grouped into TernaryAdder)   --->   "%add_ln703_89 = add i16 %add_ln703_88, %add_ln703_87" [firmware/nnet_utils/nnet_dense_resource.h:78]   --->   Operation 164 'add' 'add_ln703_89' <Predicate = true> <Delay = 0.00> <Core = "TAddSub">   --->   Core 83 'TAddSub' <Latency = 0> <II = 1> <Delay = 0.33> <IPBlock> <Opcode : 'add' 'sub'> <InPorts = 3> <OutPorts = 1> <Sync> <CReg>
ST_2 : Operation 165 [1/1] (0.67ns) (root node of TernaryAdder)   --->   "%acc_3_V = add i16 %add_ln703_93, %add_ln703_89" [firmware/nnet_utils/nnet_dense_resource.h:78]   --->   Operation 165 'add' 'acc_3_V' <Predicate = true> <Delay = 0.67> <Core = "TAddSub">   --->   Core 83 'TAddSub' <Latency = 0> <II = 1> <Delay = 0.33> <IPBlock> <Opcode : 'add' 'sub'> <InPorts = 3> <OutPorts = 1> <Sync> <CReg>
ST_2 : Operation 166 [1/1] (0.00ns)   --->   "%mrv = insertvalue { i16, i16, i16, i16 } undef, i16 %add_ln703_318, 0" [firmware/nnet_utils/nnet_dense_resource.h:103]   --->   Operation 166 'insertvalue' 'mrv' <Predicate = true> <Delay = 0.00>
ST_2 : Operation 167 [1/1] (0.00ns)   --->   "%mrv_1 = insertvalue { i16, i16, i16, i16 } %mrv, i16 %acc_1_V, 1" [firmware/nnet_utils/nnet_dense_resource.h:103]   --->   Operation 167 'insertvalue' 'mrv_1' <Predicate = true> <Delay = 0.00>
ST_2 : Operation 168 [1/1] (0.00ns)   --->   "%mrv_2 = insertvalue { i16, i16, i16, i16 } %mrv_1, i16 %acc_2_V, 2" [firmware/nnet_utils/nnet_dense_resource.h:103]   --->   Operation 168 'insertvalue' 'mrv_2' <Predicate = true> <Delay = 0.00>
ST_2 : Operation 169 [1/1] (0.00ns)   --->   "%mrv_3 = insertvalue { i16, i16, i16, i16 } %mrv_2, i16 %acc_3_V, 3" [firmware/nnet_utils/nnet_dense_resource.h:103]   --->   Operation 169 'insertvalue' 'mrv_3' <Predicate = true> <Delay = 0.00>
ST_2 : Operation 170 [1/1] (0.00ns)   --->   "ret { i16, i16, i16, i16 } %mrv_3" [firmware/nnet_utils/nnet_dense_resource.h:103]   --->   Operation 170 'ret' <Predicate = true> <Delay = 0.00>


============================================================
+ Verbose Summary: Timing violations
============================================================
Target clock period: 5ns, clock uncertainty: 0.625ns.

 <State 1>: 3.82ns
The critical path consists of the following:
	wire read on port 'data_6_V_read' (firmware/nnet_utils/nnet_dense_resource.h:33) [10]  (0 ns)
	'mul' operation of DSP[47] ('mul_ln1118_5', firmware/nnet_utils/nnet_mult.h:67->firmware/nnet_utils/nnet_dense_resource.h:78) [47]  (2.53 ns)
	'add' operation ('add_ln703_68', firmware/nnet_utils/nnet_dense_resource.h:78) [58]  (0.608 ns)
	'add' operation ('add_ln703_69', firmware/nnet_utils/nnet_dense_resource.h:78) [59]  (0.675 ns)

 <State 2>: 3.82ns
The critical path consists of the following:
	'mul' operation of DSP[61] ('mul_ln1118_6', firmware/nnet_utils/nnet_mult.h:67->firmware/nnet_utils/nnet_dense_resource.h:78) [61]  (2.53 ns)
	'add' operation ('add_ln703_71', firmware/nnet_utils/nnet_dense_resource.h:78) [90]  (0.608 ns)
	'add' operation ('add_ln703_73', firmware/nnet_utils/nnet_dense_resource.h:78) [92]  (0 ns)
	'add' operation ('acc[1].V', firmware/nnet_utils/nnet_dense_resource.h:78) [97]  (0.675 ns)


============================================================
+ Verbose Summary: Binding
============================================================
N/A
* FSMD analyzer results:
  - Output states:
 - Input state : 
  - Chain level:
	State 1
	State 2


============================================================
+ Verbose Summary: Datapath Resource usage 
============================================================
N/A
