

================================================================
== Vivado HLS Report for 'dense_mult_3lyr_ap_fixed_ap_fixed_16_8_5_3_0_config7_s'
================================================================
* Date:           Tue Nov  9 09:56:29 2021

* Version:        2019.2 (Build 2704478 on Wed Nov 06 22:10:23 MST 2019)
* Project:        myproject_prj
* Solution:       solution12
* Product family: virtexuplus
* Target device:  xcvu9p-flga2104-2L-e


================================================================
== Performance Estimates
================================================================
+ Timing: 
    * Summary: 
    +--------+---------+----------+------------+
    |  Clock |  Target | Estimated| Uncertainty|
    +--------+---------+----------+------------+
    |ap_clk  | 5.00 ns | 3.816 ns |   0.62 ns  |
    +--------+---------+----------+------------+

+ Latency: 
    * Summary: 
    +---------+---------+-----------+-----------+-----+-----+----------+
    |  Latency (cycles) |   Latency (absolute)  |  Interval | Pipeline |
    |   min   |   max   |    min    |    max    | min | max |   Type   |
    +---------+---------+-----------+-----------+-----+-----+----------+
    |        7|        7| 35.000 ns | 35.000 ns |    1|    1| function |
    +---------+---------+-----------+-----------+-----+-----+----------+

    + Detail: 
        * Instance: 
        N/A

        * Loop: 
        N/A

============================================================
+ Verbose Summary: Synthesis Manager
============================================================
InlineROM: 1
ExposeGlobal: 0
============================================================
+ Verbose Summary: CDFG Model
============================================================
IsTopModel: 0
ResetActiveHigh: 1
IsCombinational: 0
IsDatapathOnly: 0
HasWiredReturn: 1
HasMFsm: 2
HasVarLatency: 0
IsPipeline: 1
IsRtlPipelined: 1
IsInstanceOverlapped: 0
IsDontTouch: 0
HasImplIP: 0
IsGatedGlobalClock: 0

+ Individual pipeline summary: 
  * Pipeline-0: initiation interval (II) = 1, depth = 8


============================================================
+ Verbose Summary: Schedule
============================================================
* Number of FSM states : 8
* Pipeline : 1
  Pipeline-0 : II = 1, D = 8, States = { 1 2 3 4 5 6 7 8 }
* Dataflow Pipeline: 0

* FSM state transitions: 
1 --> 2 
2 --> 3 
3 --> 4 
4 --> 5 
5 --> 6 
6 --> 7 
7 --> 8 
8 --> 

* FSM state operations: 

State 1 <SV = 0> <Delay = 3.81>
ST_1 : Operation 9 [1/1] (0.00ns)   --->   "%data_9_V_read_3 = call i16 @_ssdm_op_Read.ap_auto.i16(i16 %data_9_V_read)" [firmware/nnet_utils/nnet_graph.h:165]   --->   Operation 9 'read' 'data_9_V_read_3' <Predicate = true> <Delay = 0.00>
ST_1 : Operation 10 [1/1] (0.00ns)   --->   "%data_8_V_read_3 = call i16 @_ssdm_op_Read.ap_auto.i16(i16 %data_8_V_read)" [firmware/nnet_utils/nnet_graph.h:165]   --->   Operation 10 'read' 'data_8_V_read_3' <Predicate = true> <Delay = 0.00>
ST_1 : Operation 11 [1/1] (0.00ns)   --->   "%data_7_V_read_12 = call i16 @_ssdm_op_Read.ap_auto.i16(i16 %data_7_V_read)" [firmware/nnet_utils/nnet_graph.h:165]   --->   Operation 11 'read' 'data_7_V_read_12' <Predicate = true> <Delay = 0.00>
ST_1 : Operation 12 [1/1] (0.00ns)   --->   "%data_6_V_read_13 = call i16 @_ssdm_op_Read.ap_auto.i16(i16 %data_6_V_read)" [firmware/nnet_utils/nnet_graph.h:165]   --->   Operation 12 'read' 'data_6_V_read_13' <Predicate = true> <Delay = 0.00>
ST_1 : Operation 13 [1/1] (0.00ns)   --->   "%data_5_V_read_14 = call i16 @_ssdm_op_Read.ap_auto.i16(i16 %data_5_V_read)" [firmware/nnet_utils/nnet_graph.h:165]   --->   Operation 13 'read' 'data_5_V_read_14' <Predicate = true> <Delay = 0.00>
ST_1 : Operation 14 [1/1] (0.00ns)   --->   "%data_4_V_read_14 = call i16 @_ssdm_op_Read.ap_auto.i16(i16 %data_4_V_read)" [firmware/nnet_utils/nnet_graph.h:165]   --->   Operation 14 'read' 'data_4_V_read_14' <Predicate = true> <Delay = 0.00>
ST_1 : Operation 15 [1/1] (0.00ns)   --->   "%data_3_V_read_14 = call i16 @_ssdm_op_Read.ap_auto.i16(i16 %data_3_V_read)" [firmware/nnet_utils/nnet_graph.h:165]   --->   Operation 15 'read' 'data_3_V_read_14' <Predicate = true> <Delay = 0.00>
ST_1 : Operation 16 [1/1] (0.00ns)   --->   "%data_2_V_read_14 = call i16 @_ssdm_op_Read.ap_auto.i16(i16 %data_2_V_read)" [firmware/nnet_utils/nnet_graph.h:165]   --->   Operation 16 'read' 'data_2_V_read_14' <Predicate = true> <Delay = 0.00>
ST_1 : Operation 17 [1/1] (0.00ns)   --->   "%data_1_V_read_14 = call i16 @_ssdm_op_Read.ap_auto.i16(i16 %data_1_V_read)" [firmware/nnet_utils/nnet_graph.h:165]   --->   Operation 17 'read' 'data_1_V_read_14' <Predicate = true> <Delay = 0.00>
ST_1 : Operation 18 [1/1] (0.00ns)   --->   "%data_0_V_read_14 = call i16 @_ssdm_op_Read.ap_auto.i16(i16 %data_0_V_read)" [firmware/nnet_utils/nnet_graph.h:165]   --->   Operation 18 'read' 'data_0_V_read_14' <Predicate = true> <Delay = 0.00>
ST_1 : Operation 19 [2/2] (3.81ns)   --->   "%call_ret_i = call fastcc { i16, i16, i16, i16, i16, i16, i16, i16 } @dense_resource_rf_leq_nin.0.0.0.0.0.0.0.0.0.1(i16 %data_0_V_read_14, i16 %data_1_V_read_14, i16 %data_2_V_read_14, i16 %data_3_V_read_14, i16 %data_4_V_read_14, i16 %data_5_V_read_14, i16 %data_6_V_read_13, i16 %data_7_V_read_12, i16 %data_8_V_read_3, i16 %data_9_V_read_3)" [firmware/nnet_utils/nnet_graph.h:165]   --->   Operation 19 'call' 'call_ret_i' <Predicate = true> <Delay = 3.81> <CoreType = "Generic">   --->   Core 0 '' <Latency = 0> <II = 1> <Delay = 1.00> <Generic> <Opcode : >

State 2 <SV = 1> <Delay = 3.81>
ST_2 : Operation 20 [1/2] (3.81ns)   --->   "%call_ret_i = call fastcc { i16, i16, i16, i16, i16, i16, i16, i16 } @dense_resource_rf_leq_nin.0.0.0.0.0.0.0.0.0.1(i16 %data_0_V_read_14, i16 %data_1_V_read_14, i16 %data_2_V_read_14, i16 %data_3_V_read_14, i16 %data_4_V_read_14, i16 %data_5_V_read_14, i16 %data_6_V_read_13, i16 %data_7_V_read_12, i16 %data_8_V_read_3, i16 %data_9_V_read_3)" [firmware/nnet_utils/nnet_graph.h:165]   --->   Operation 20 'call' 'call_ret_i' <Predicate = true> <Delay = 3.81> <CoreType = "Generic">   --->   Core 0 '' <Latency = 0> <II = 1> <Delay = 1.00> <Generic> <Opcode : >
ST_2 : Operation 21 [1/1] (0.00ns)   --->   "%data0_logits_0_V = extractvalue { i16, i16, i16, i16, i16, i16, i16, i16 } %call_ret_i, 0" [firmware/nnet_utils/nnet_graph.h:176]   --->   Operation 21 'extractvalue' 'data0_logits_0_V' <Predicate = true> <Delay = 0.00>
ST_2 : Operation 22 [1/1] (0.00ns)   --->   "%data0_logits_1_V = extractvalue { i16, i16, i16, i16, i16, i16, i16, i16 } %call_ret_i, 1" [firmware/nnet_utils/nnet_graph.h:176]   --->   Operation 22 'extractvalue' 'data0_logits_1_V' <Predicate = true> <Delay = 0.00>
ST_2 : Operation 23 [1/1] (0.00ns)   --->   "%data0_logits_2_V = extractvalue { i16, i16, i16, i16, i16, i16, i16, i16 } %call_ret_i, 2" [firmware/nnet_utils/nnet_graph.h:176]   --->   Operation 23 'extractvalue' 'data0_logits_2_V' <Predicate = true> <Delay = 0.00>
ST_2 : Operation 24 [1/1] (0.00ns)   --->   "%data0_logits_3_V = extractvalue { i16, i16, i16, i16, i16, i16, i16, i16 } %call_ret_i, 3" [firmware/nnet_utils/nnet_graph.h:176]   --->   Operation 24 'extractvalue' 'data0_logits_3_V' <Predicate = true> <Delay = 0.00>
ST_2 : Operation 25 [1/1] (0.00ns)   --->   "%data0_logits_4_V = extractvalue { i16, i16, i16, i16, i16, i16, i16, i16 } %call_ret_i, 4" [firmware/nnet_utils/nnet_graph.h:176]   --->   Operation 25 'extractvalue' 'data0_logits_4_V' <Predicate = true> <Delay = 0.00>
ST_2 : Operation 26 [1/1] (0.00ns)   --->   "%data0_logits_5_V = extractvalue { i16, i16, i16, i16, i16, i16, i16, i16 } %call_ret_i, 5" [firmware/nnet_utils/nnet_graph.h:176]   --->   Operation 26 'extractvalue' 'data0_logits_5_V' <Predicate = true> <Delay = 0.00>
ST_2 : Operation 27 [1/1] (0.00ns)   --->   "%data0_logits_6_V = extractvalue { i16, i16, i16, i16, i16, i16, i16, i16 } %call_ret_i, 6" [firmware/nnet_utils/nnet_graph.h:176]   --->   Operation 27 'extractvalue' 'data0_logits_6_V' <Predicate = true> <Delay = 0.00>
ST_2 : Operation 28 [1/1] (0.00ns)   --->   "%data0_logits_7_V = extractvalue { i16, i16, i16, i16, i16, i16, i16, i16 } %call_ret_i, 7" [firmware/nnet_utils/nnet_graph.h:176]   --->   Operation 28 'extractvalue' 'data0_logits_7_V' <Predicate = true> <Delay = 0.00>

State 3 <SV = 2> <Delay = 0.96>
ST_3 : Operation 29 [1/1] (0.96ns)   --->   "%call_ret47 = call fastcc { i16, i16, i16, i16, i16, i16, i16, i16 } @"relu<ap_fixed,ap_fixed<16,8,5,3,0>,relu_config1>"(i16 %data0_logits_0_V, i16 %data0_logits_1_V, i16 %data0_logits_2_V, i16 %data0_logits_3_V, i16 %data0_logits_4_V, i16 %data0_logits_5_V, i16 %data0_logits_6_V, i16 %data0_logits_7_V)" [firmware/nnet_utils/nnet_graph.h:179]   --->   Operation 29 'call' 'call_ret47' <Predicate = true> <Delay = 0.96> <CoreType = "Generic">   --->   Core 0 '' <Latency = 0> <II = 1> <Delay = 1.00> <Generic> <Opcode : >
ST_3 : Operation 30 [1/1] (0.00ns)   --->   "%data0_0_V = extractvalue { i16, i16, i16, i16, i16, i16, i16, i16 } %call_ret47, 0" [firmware/nnet_utils/nnet_graph.h:179]   --->   Operation 30 'extractvalue' 'data0_0_V' <Predicate = true> <Delay = 0.00>
ST_3 : Operation 31 [1/1] (0.00ns)   --->   "%data0_1_V = extractvalue { i16, i16, i16, i16, i16, i16, i16, i16 } %call_ret47, 1" [firmware/nnet_utils/nnet_graph.h:179]   --->   Operation 31 'extractvalue' 'data0_1_V' <Predicate = true> <Delay = 0.00>
ST_3 : Operation 32 [1/1] (0.00ns)   --->   "%data0_2_V = extractvalue { i16, i16, i16, i16, i16, i16, i16, i16 } %call_ret47, 2" [firmware/nnet_utils/nnet_graph.h:179]   --->   Operation 32 'extractvalue' 'data0_2_V' <Predicate = true> <Delay = 0.00>
ST_3 : Operation 33 [1/1] (0.00ns)   --->   "%data0_3_V = extractvalue { i16, i16, i16, i16, i16, i16, i16, i16 } %call_ret47, 3" [firmware/nnet_utils/nnet_graph.h:179]   --->   Operation 33 'extractvalue' 'data0_3_V' <Predicate = true> <Delay = 0.00>
ST_3 : Operation 34 [1/1] (0.00ns)   --->   "%data0_4_V = extractvalue { i16, i16, i16, i16, i16, i16, i16, i16 } %call_ret47, 4" [firmware/nnet_utils/nnet_graph.h:179]   --->   Operation 34 'extractvalue' 'data0_4_V' <Predicate = true> <Delay = 0.00>
ST_3 : Operation 35 [1/1] (0.00ns)   --->   "%data0_5_V = extractvalue { i16, i16, i16, i16, i16, i16, i16, i16 } %call_ret47, 5" [firmware/nnet_utils/nnet_graph.h:179]   --->   Operation 35 'extractvalue' 'data0_5_V' <Predicate = true> <Delay = 0.00>
ST_3 : Operation 36 [1/1] (0.00ns)   --->   "%data0_6_V = extractvalue { i16, i16, i16, i16, i16, i16, i16, i16 } %call_ret47, 6" [firmware/nnet_utils/nnet_graph.h:179]   --->   Operation 36 'extractvalue' 'data0_6_V' <Predicate = true> <Delay = 0.00>
ST_3 : Operation 37 [1/1] (0.00ns)   --->   "%data0_7_V = extractvalue { i16, i16, i16, i16, i16, i16, i16, i16 } %call_ret47, 7" [firmware/nnet_utils/nnet_graph.h:179]   --->   Operation 37 'extractvalue' 'data0_7_V' <Predicate = true> <Delay = 0.00>

State 4 <SV = 3> <Delay = 3.81>
ST_4 : Operation 38 [2/2] (3.81ns)   --->   "%call_ret_i1 = call fastcc { i16, i16, i16, i16, i16, i16, i16, i16 } @dense_resource_rf_leq_nin.0.0.0.0.0.0.0.0.0(i16 %data0_0_V, i16 %data0_1_V, i16 %data0_2_V, i16 %data0_3_V, i16 %data0_4_V, i16 %data0_5_V, i16 %data0_6_V, i16 %data0_7_V)" [firmware/nnet_utils/nnet_graph.h:179]   --->   Operation 38 'call' 'call_ret_i1' <Predicate = true> <Delay = 3.81> <CoreType = "Generic">   --->   Core 0 '' <Latency = 0> <II = 1> <Delay = 1.00> <Generic> <Opcode : >

State 5 <SV = 4> <Delay = 3.81>
ST_5 : Operation 39 [1/2] (3.81ns)   --->   "%call_ret_i1 = call fastcc { i16, i16, i16, i16, i16, i16, i16, i16 } @dense_resource_rf_leq_nin.0.0.0.0.0.0.0.0.0(i16 %data0_0_V, i16 %data0_1_V, i16 %data0_2_V, i16 %data0_3_V, i16 %data0_4_V, i16 %data0_5_V, i16 %data0_6_V, i16 %data0_7_V)" [firmware/nnet_utils/nnet_graph.h:179]   --->   Operation 39 'call' 'call_ret_i1' <Predicate = true> <Delay = 3.81> <CoreType = "Generic">   --->   Core 0 '' <Latency = 0> <II = 1> <Delay = 1.00> <Generic> <Opcode : >
ST_5 : Operation 40 [1/1] (0.00ns)   --->   "%data1_logits_0_V = extractvalue { i16, i16, i16, i16, i16, i16, i16, i16 } %call_ret_i1, 0" [firmware/nnet_utils/nnet_graph.h:183]   --->   Operation 40 'extractvalue' 'data1_logits_0_V' <Predicate = true> <Delay = 0.00>
ST_5 : Operation 41 [1/1] (0.00ns)   --->   "%data1_logits_1_V = extractvalue { i16, i16, i16, i16, i16, i16, i16, i16 } %call_ret_i1, 1" [firmware/nnet_utils/nnet_graph.h:183]   --->   Operation 41 'extractvalue' 'data1_logits_1_V' <Predicate = true> <Delay = 0.00>
ST_5 : Operation 42 [1/1] (0.00ns)   --->   "%data1_logits_2_V = extractvalue { i16, i16, i16, i16, i16, i16, i16, i16 } %call_ret_i1, 2" [firmware/nnet_utils/nnet_graph.h:183]   --->   Operation 42 'extractvalue' 'data1_logits_2_V' <Predicate = true> <Delay = 0.00>
ST_5 : Operation 43 [1/1] (0.00ns)   --->   "%data1_logits_3_V = extractvalue { i16, i16, i16, i16, i16, i16, i16, i16 } %call_ret_i1, 3" [firmware/nnet_utils/nnet_graph.h:183]   --->   Operation 43 'extractvalue' 'data1_logits_3_V' <Predicate = true> <Delay = 0.00>
ST_5 : Operation 44 [1/1] (0.00ns)   --->   "%data1_logits_4_V = extractvalue { i16, i16, i16, i16, i16, i16, i16, i16 } %call_ret_i1, 4" [firmware/nnet_utils/nnet_graph.h:183]   --->   Operation 44 'extractvalue' 'data1_logits_4_V' <Predicate = true> <Delay = 0.00>
ST_5 : Operation 45 [1/1] (0.00ns)   --->   "%data1_logits_5_V = extractvalue { i16, i16, i16, i16, i16, i16, i16, i16 } %call_ret_i1, 5" [firmware/nnet_utils/nnet_graph.h:183]   --->   Operation 45 'extractvalue' 'data1_logits_5_V' <Predicate = true> <Delay = 0.00>
ST_5 : Operation 46 [1/1] (0.00ns)   --->   "%data1_logits_6_V = extractvalue { i16, i16, i16, i16, i16, i16, i16, i16 } %call_ret_i1, 6" [firmware/nnet_utils/nnet_graph.h:183]   --->   Operation 46 'extractvalue' 'data1_logits_6_V' <Predicate = true> <Delay = 0.00>
ST_5 : Operation 47 [1/1] (0.00ns)   --->   "%data1_logits_7_V = extractvalue { i16, i16, i16, i16, i16, i16, i16, i16 } %call_ret_i1, 7" [firmware/nnet_utils/nnet_graph.h:183]   --->   Operation 47 'extractvalue' 'data1_logits_7_V' <Predicate = true> <Delay = 0.00>

State 6 <SV = 5> <Delay = 0.96>
ST_6 : Operation 48 [1/1] (0.96ns)   --->   "%call_ret = call fastcc { i16, i16, i16, i16, i16, i16, i16, i16 } @"relu<ap_fixed,ap_fixed<16,8,5,3,0>,relu_config2>"(i16 %data1_logits_0_V, i16 %data1_logits_1_V, i16 %data1_logits_2_V, i16 %data1_logits_3_V, i16 %data1_logits_4_V, i16 %data1_logits_5_V, i16 %data1_logits_6_V, i16 %data1_logits_7_V)" [firmware/nnet_utils/nnet_graph.h:186]   --->   Operation 48 'call' 'call_ret' <Predicate = true> <Delay = 0.96> <CoreType = "Generic">   --->   Core 0 '' <Latency = 0> <II = 1> <Delay = 1.00> <Generic> <Opcode : >
ST_6 : Operation 49 [1/1] (0.00ns)   --->   "%data1_0_V = extractvalue { i16, i16, i16, i16, i16, i16, i16, i16 } %call_ret, 0" [firmware/nnet_utils/nnet_graph.h:186]   --->   Operation 49 'extractvalue' 'data1_0_V' <Predicate = true> <Delay = 0.00>
ST_6 : Operation 50 [1/1] (0.00ns)   --->   "%data1_1_V = extractvalue { i16, i16, i16, i16, i16, i16, i16, i16 } %call_ret, 1" [firmware/nnet_utils/nnet_graph.h:186]   --->   Operation 50 'extractvalue' 'data1_1_V' <Predicate = true> <Delay = 0.00>
ST_6 : Operation 51 [1/1] (0.00ns)   --->   "%data1_2_V = extractvalue { i16, i16, i16, i16, i16, i16, i16, i16 } %call_ret, 2" [firmware/nnet_utils/nnet_graph.h:186]   --->   Operation 51 'extractvalue' 'data1_2_V' <Predicate = true> <Delay = 0.00>
ST_6 : Operation 52 [1/1] (0.00ns)   --->   "%data1_3_V = extractvalue { i16, i16, i16, i16, i16, i16, i16, i16 } %call_ret, 3" [firmware/nnet_utils/nnet_graph.h:186]   --->   Operation 52 'extractvalue' 'data1_3_V' <Predicate = true> <Delay = 0.00>
ST_6 : Operation 53 [1/1] (0.00ns)   --->   "%data1_4_V = extractvalue { i16, i16, i16, i16, i16, i16, i16, i16 } %call_ret, 4" [firmware/nnet_utils/nnet_graph.h:186]   --->   Operation 53 'extractvalue' 'data1_4_V' <Predicate = true> <Delay = 0.00>
ST_6 : Operation 54 [1/1] (0.00ns)   --->   "%data1_5_V = extractvalue { i16, i16, i16, i16, i16, i16, i16, i16 } %call_ret, 5" [firmware/nnet_utils/nnet_graph.h:186]   --->   Operation 54 'extractvalue' 'data1_5_V' <Predicate = true> <Delay = 0.00>
ST_6 : Operation 55 [1/1] (0.00ns)   --->   "%data1_6_V = extractvalue { i16, i16, i16, i16, i16, i16, i16, i16 } %call_ret, 6" [firmware/nnet_utils/nnet_graph.h:186]   --->   Operation 55 'extractvalue' 'data1_6_V' <Predicate = true> <Delay = 0.00>
ST_6 : Operation 56 [1/1] (0.00ns)   --->   "%data1_7_V = extractvalue { i16, i16, i16, i16, i16, i16, i16, i16 } %call_ret, 7" [firmware/nnet_utils/nnet_graph.h:186]   --->   Operation 56 'extractvalue' 'data1_7_V' <Predicate = true> <Delay = 0.00>

State 7 <SV = 6> <Delay = 3.81>
ST_7 : Operation 57 [2/2] (3.81ns)   --->   "%call_ret_i2 = call fastcc { i16, i16, i16, i16 } @dense_resource_rf_leq_nin.0.0.0.0.0(i16 %data1_0_V, i16 %data1_1_V, i16 %data1_2_V, i16 %data1_3_V, i16 %data1_4_V, i16 %data1_5_V, i16 %data1_6_V, i16 %data1_7_V)" [firmware/nnet_utils/nnet_graph.h:186]   --->   Operation 57 'call' 'call_ret_i2' <Predicate = true> <Delay = 3.81> <CoreType = "Generic">   --->   Core 0 '' <Latency = 0> <II = 1> <Delay = 1.00> <Generic> <Opcode : >

State 8 <SV = 7> <Delay = 3.81>
ST_8 : Operation 58 [1/2] (3.81ns)   --->   "%call_ret_i2 = call fastcc { i16, i16, i16, i16 } @dense_resource_rf_leq_nin.0.0.0.0.0(i16 %data1_0_V, i16 %data1_1_V, i16 %data1_2_V, i16 %data1_3_V, i16 %data1_4_V, i16 %data1_5_V, i16 %data1_6_V, i16 %data1_7_V)" [firmware/nnet_utils/nnet_graph.h:186]   --->   Operation 58 'call' 'call_ret_i2' <Predicate = true> <Delay = 3.81> <CoreType = "Generic">   --->   Core 0 '' <Latency = 0> <II = 1> <Delay = 1.00> <Generic> <Opcode : >
ST_8 : Operation 59 [1/1] (0.00ns)   --->   "ret { i16, i16, i16, i16 } %call_ret_i2" [firmware/nnet_utils/nnet_graph.h:189]   --->   Operation 59 'ret' <Predicate = true> <Delay = 0.00>


============================================================
+ Verbose Summary: Timing violations
============================================================
Target clock period: 5ns, clock uncertainty: 0.625ns.

 <State 1>: 3.82ns
The critical path consists of the following:
	wire read on port 'data_9_V_read' (firmware/nnet_utils/nnet_graph.h:165) [11]  (0 ns)
	'call' operation ('call_ret_i', firmware/nnet_utils/nnet_graph.h:165) to 'dense_resource_rf_leq_nin.0.0.0.0.0.0.0.0.0.1' [21]  (3.82 ns)

 <State 2>: 3.82ns
The critical path consists of the following:
	'call' operation ('call_ret_i', firmware/nnet_utils/nnet_graph.h:165) to 'dense_resource_rf_leq_nin.0.0.0.0.0.0.0.0.0.1' [21]  (3.82 ns)

 <State 3>: 0.969ns
The critical path consists of the following:
	'call' operation ('call_ret47', firmware/nnet_utils/nnet_graph.h:179) to 'relu<ap_fixed,ap_fixed<16,8,5,3,0>,relu_config1>' [30]  (0.969 ns)

 <State 4>: 3.82ns
The critical path consists of the following:
	'call' operation ('call_ret_i1', firmware/nnet_utils/nnet_graph.h:179) to 'dense_resource_rf_leq_nin.0.0.0.0.0.0.0.0.0' [39]  (3.82 ns)

 <State 5>: 3.82ns
The critical path consists of the following:
	'call' operation ('call_ret_i1', firmware/nnet_utils/nnet_graph.h:179) to 'dense_resource_rf_leq_nin.0.0.0.0.0.0.0.0.0' [39]  (3.82 ns)

 <State 6>: 0.969ns
The critical path consists of the following:
	'call' operation ('call_ret', firmware/nnet_utils/nnet_graph.h:186) to 'relu<ap_fixed,ap_fixed<16,8,5,3,0>,relu_config2>' [48]  (0.969 ns)

 <State 7>: 3.82ns
The critical path consists of the following:
	'call' operation ('call_ret_i2', firmware/nnet_utils/nnet_graph.h:186) to 'dense_resource_rf_leq_nin.0.0.0.0.0' [57]  (3.82 ns)

 <State 8>: 3.82ns
The critical path consists of the following:
	'call' operation ('call_ret_i2', firmware/nnet_utils/nnet_graph.h:186) to 'dense_resource_rf_leq_nin.0.0.0.0.0' [57]  (3.82 ns)


============================================================
+ Verbose Summary: Binding
============================================================
N/A
* FSMD analyzer results:
  - Output states:
 - Input state : 
  - Chain level:
	State 1
	State 2
	State 3
	State 4
	State 5
	State 6
	State 7
	State 8


============================================================
+ Verbose Summary: Datapath Resource usage 
============================================================
N/A
