

================================================================
== Vivado HLS Report for 'dense_mult_3lyr_ap_fixed_ap_fixed_16_8_5_3_0_config7_s'
================================================================
* Date:           Tue Nov  9 09:56:30 2021

* Version:        2019.2 (Build 2704478 on Wed Nov 06 22:10:23 MST 2019)
* Project:        myproject_prj
* Solution:       solution12
* Product family: virtexuplus
* Target device:  xcvu9p-flga2104-2L-e


================================================================
== Performance Estimates
================================================================
+ Timing: 
    * Summary: 
    +--------+---------+----------+------------+
    |  Clock |  Target | Estimated| Uncertainty|
    +--------+---------+----------+------------+
    |ap_clk  | 5.00 ns | 3.816 ns |   0.62 ns  |
    +--------+---------+----------+------------+

+ Latency: 
    * Summary: 
    +---------+---------+-----------+-----------+-----+-----+----------+
    |  Latency (cycles) |   Latency (absolute)  |  Interval | Pipeline |
    |   min   |   max   |    min    |    max    | min | max |   Type   |
    +---------+---------+-----------+-----------+-----+-----+----------+
    |        7|        7| 35.000 ns | 35.000 ns |    1|    1| function |
    +---------+---------+-----------+-----------+-----+-----+----------+

    + Detail: 
        * Instance: 
        +--------------------------------------------------------------------+--------------------------------------------------+---------+---------+----------+----------+-----+-----+----------+
        |                                                                    |                                                  |  Latency (cycles) |  Latency (absolute) |  Interval | Pipeline |
        |                              Instance                              |                      Module                      |   min   |   max   |    min   |    max   | min | max |   Type   |
        +--------------------------------------------------------------------+--------------------------------------------------+---------+---------+----------+----------+-----+-----+----------+
        |grp_dense_resource_rf_leq_nin_0_0_0_0_0_0_0_0_0_1_fu_92             |dense_resource_rf_leq_nin_0_0_0_0_0_0_0_0_0_1     |        1|        1| 5.000 ns | 5.000 ns |    1|    1| function |
        |grp_dense_resource_rf_leq_nin_0_0_0_0_0_0_0_0_0_fu_116              |dense_resource_rf_leq_nin_0_0_0_0_0_0_0_0_0       |        1|        1| 5.000 ns | 5.000 ns |    1|    1| function |
        |grp_dense_resource_rf_leq_nin_0_0_0_0_0_fu_128                      |dense_resource_rf_leq_nin_0_0_0_0_0               |        1|        1| 5.000 ns | 5.000 ns |    1|    1| function |
        |call_ret47_relu_ap_fixed_ap_fixed_16_8_5_3_0_relu_config1_s_fu_140  |relu_ap_fixed_ap_fixed_16_8_5_3_0_relu_config1_s  |        0|        0|   0 ns   |   0 ns   |    1|    1| function |
        |call_ret_relu_ap_fixed_ap_fixed_16_8_5_3_0_relu_config2_s_fu_152    |relu_ap_fixed_ap_fixed_16_8_5_3_0_relu_config2_s  |        0|        0|   0 ns   |   0 ns   |    1|    1| function |
        +--------------------------------------------------------------------+--------------------------------------------------+---------+---------+----------+----------+-----+-----+----------+

        * Loop: 
        N/A

============================================================
+ Verbose Summary: Synthesis Manager
============================================================
InlineROM: 1
ExposeGlobal: 0
============================================================
+ Verbose Summary: CDFG Model
============================================================
IsTopModel: 0
ResetActiveHigh: 1
IsCombinational: 0
IsDatapathOnly: 0
HasWiredReturn: 1
HasMFsm: 2
HasVarLatency: 0
IsPipeline: 1
IsRtlPipelined: 1
IsInstanceOverlapped: 0
IsDontTouch: 0
HasImplIP: 0
IsGatedGlobalClock: 0

+ Individual pipeline summary: 
  * Pipeline-0: initiation interval (II) = 1, depth = 8


============================================================
+ Verbose Summary: Schedule
============================================================
* Number of FSM states : 8
* Pipeline : 1
  Pipeline-0 : II = 1, D = 8, States = { 1 2 3 4 5 6 7 8 }
* Dataflow Pipeline: 0

* FSM state transitions: 
1 --> 2 
2 --> 3 
3 --> 4 
4 --> 5 
5 --> 6 
6 --> 7 
7 --> 8 
8 --> 

* FSM state operations: 

State 1 <SV = 0> <Delay = 3.81>
ST_1 : Operation 9 [1/1] (0.00ns)   --->   "%data_9_V_read_3 = call i16 @_ssdm_op_Read.ap_auto.i16(i16 %data_9_V_read)" [firmware/nnet_utils/nnet_graph.h:165]   --->   Operation 9 'read' 'data_9_V_read_3' <Predicate = true> <Delay = 0.00>
ST_1 : Operation 10 [1/1] (0.00ns)   --->   "%data_8_V_read_3 = call i16 @_ssdm_op_Read.ap_auto.i16(i16 %data_8_V_read)" [firmware/nnet_utils/nnet_graph.h:165]   --->   Operation 10 'read' 'data_8_V_read_3' <Predicate = true> <Delay = 0.00>
ST_1 : Operation 11 [1/1] (0.00ns)   --->   "%data_7_V_read_12 = call i16 @_ssdm_op_Read.ap_auto.i16(i16 %data_7_V_read)" [firmware/nnet_utils/nnet_graph.h:165]   --->   Operation 11 'read' 'data_7_V_read_12' <Predicate = true> <Delay = 0.00>
ST_1 : Operation 12 [1/1] (0.00ns)   --->   "%data_6_V_read_13 = call i16 @_ssdm_op_Read.ap_auto.i16(i16 %data_6_V_read)" [firmware/nnet_utils/nnet_graph.h:165]   --->   Operation 12 'read' 'data_6_V_read_13' <Predicate = true> <Delay = 0.00>
ST_1 : Operation 13 [1/1] (0.00ns)   --->   "%data_5_V_read_14 = call i16 @_ssdm_op_Read.ap_auto.i16(i16 %data_5_V_read)" [firmware/nnet_utils/nnet_graph.h:165]   --->   Operation 13 'read' 'data_5_V_read_14' <Predicate = true> <Delay = 0.00>
ST_1 : Operation 14 [1/1] (0.00ns)   --->   "%data_4_V_read_14 = call i16 @_ssdm_op_Read.ap_auto.i16(i16 %data_4_V_read)" [firmware/nnet_utils/nnet_graph.h:165]   --->   Operation 14 'read' 'data_4_V_read_14' <Predicate = true> <Delay = 0.00>
ST_1 : Operation 15 [1/1] (0.00ns)   --->   "%data_3_V_read_14 = call i16 @_ssdm_op_Read.ap_auto.i16(i16 %data_3_V_read)" [firmware/nnet_utils/nnet_graph.h:165]   --->   Operation 15 'read' 'data_3_V_read_14' <Predicate = true> <Delay = 0.00>
ST_1 : Operation 16 [1/1] (0.00ns)   --->   "%data_2_V_read_14 = call i16 @_ssdm_op_Read.ap_auto.i16(i16 %data_2_V_read)" [firmware/nnet_utils/nnet_graph.h:165]   --->   Operation 16 'read' 'data_2_V_read_14' <Predicate = true> <Delay = 0.00>
ST_1 : Operation 17 [1/1] (0.00ns)   --->   "%data_1_V_read_14 = call i16 @_ssdm_op_Read.ap_auto.i16(i16 %data_1_V_read)" [firmware/nnet_utils/nnet_graph.h:165]   --->   Operation 17 'read' 'data_1_V_read_14' <Predicate = true> <Delay = 0.00>
ST_1 : Operation 18 [1/1] (0.00ns)   --->   "%data_0_V_read_14 = call i16 @_ssdm_op_Read.ap_auto.i16(i16 %data_0_V_read)" [firmware/nnet_utils/nnet_graph.h:165]   --->   Operation 18 'read' 'data_0_V_read_14' <Predicate = true> <Delay = 0.00>
ST_1 : Operation 19 [2/2] (3.81ns)   --->   "%call_ret_i = call fastcc { i16, i16, i16, i16, i16, i16, i16, i16 } @dense_resource_rf_leq_nin.0.0.0.0.0.0.0.0.0.1(i16 %data_0_V_read_14, i16 %data_1_V_read_14, i16 %data_2_V_read_14, i16 %data_3_V_read_14, i16 %data_4_V_read_14, i16 %data_5_V_read_14, i16 %data_6_V_read_13, i16 %data_7_V_read_12, i16 %data_8_V_read_3, i16 %data_9_V_read_3)" [firmware/nnet_utils/nnet_graph.h:165]   --->   Operation 19 'call' 'call_ret_i' <Predicate = true> <Delay = 3.81> <CoreType = "Generic">   --->   Core 0 '' <Latency = 0> <II = 1> <Delay = 1.00> <Generic> <Opcode : >

State 2 <SV = 1> <Delay = 3.81>
ST_2 : Operation 20 [1/2] (3.81ns)   --->   "%call_ret_i = call fastcc { i16, i16, i16, i16, i16, i16, i16, i16 } @dense_resource_rf_leq_nin.0.0.0.0.0.0.0.0.0.1(i16 %data_0_V_read_14, i16 %data_1_V_read_14, i16 %data_2_V_read_14, i16 %data_3_V_read_14, i16 %data_4_V_read_14, i16 %data_5_V_read_14, i16 %data_6_V_read_13, i16 %data_7_V_read_12, i16 %data_8_V_read_3, i16 %data_9_V_read_3)" [firmware/nnet_utils/nnet_graph.h:165]   --->   Operation 20 'call' 'call_ret_i' <Predicate = true> <Delay = 3.81> <CoreType = "Generic">   --->   Core 0 '' <Latency = 0> <II = 1> <Delay = 1.00> <Generic> <Opcode : >
ST_2 : Operation 21 [1/1] (0.00ns)   --->   "%data0_logits_0_V = extractvalue { i16, i16, i16, i16, i16, i16, i16, i16 } %call_ret_i, 0" [firmware/nnet_utils/nnet_graph.h:176]   --->   Operation 21 'extractvalue' 'data0_logits_0_V' <Predicate = true> <Delay = 0.00>
ST_2 : Operation 22 [1/1] (0.00ns)   --->   "%data0_logits_1_V = extractvalue { i16, i16, i16, i16, i16, i16, i16, i16 } %call_ret_i, 1" [firmware/nnet_utils/nnet_graph.h:176]   --->   Operation 22 'extractvalue' 'data0_logits_1_V' <Predicate = true> <Delay = 0.00>
ST_2 : Operation 23 [1/1] (0.00ns)   --->   "%data0_logits_2_V = extractvalue { i16, i16, i16, i16, i16, i16, i16, i16 } %call_ret_i, 2" [firmware/nnet_utils/nnet_graph.h:176]   --->   Operation 23 'extractvalue' 'data0_logits_2_V' <Predicate = true> <Delay = 0.00>
ST_2 : Operation 24 [1/1] (0.00ns)   --->   "%data0_logits_3_V = extractvalue { i16, i16, i16, i16, i16, i16, i16, i16 } %call_ret_i, 3" [firmware/nnet_utils/nnet_graph.h:176]   --->   Operation 24 'extractvalue' 'data0_logits_3_V' <Predicate = true> <Delay = 0.00>
ST_2 : Operation 25 [1/1] (0.00ns)   --->   "%data0_logits_4_V = extractvalue { i16, i16, i16, i16, i16, i16, i16, i16 } %call_ret_i, 4" [firmware/nnet_utils/nnet_graph.h:176]   --->   Operation 25 'extractvalue' 'data0_logits_4_V' <Predicate = true> <Delay = 0.00>
ST_2 : Operation 26 [1/1] (0.00ns)   --->   "%data0_logits_5_V = extractvalue { i16, i16, i16, i16, i16, i16, i16, i16 } %call_ret_i, 5" [firmware/nnet_utils/nnet_graph.h:176]   --->   Operation 26 'extractvalue' 'data0_logits_5_V' <Predicate = true> <Delay = 0.00>
ST_2 : Operation 27 [1/1] (0.00ns)   --->   "%data0_logits_6_V = extractvalue { i16, i16, i16, i16, i16, i16, i16, i16 } %call_ret_i, 6" [firmware/nnet_utils/nnet_graph.h:176]   --->   Operation 27 'extractvalue' 'data0_logits_6_V' <Predicate = true> <Delay = 0.00>
ST_2 : Operation 28 [1/1] (0.00ns)   --->   "%data0_logits_7_V = extractvalue { i16, i16, i16, i16, i16, i16, i16, i16 } %call_ret_i, 7" [firmware/nnet_utils/nnet_graph.h:176]   --->   Operation 28 'extractvalue' 'data0_logits_7_V' <Predicate = true> <Delay = 0.00>

State 3 <SV = 2> <Delay = 0.96>
ST_3 : Operation 29 [1/1] (0.96ns)   --->   "%call_ret47 = call fastcc { i16, i16, i16, i16, i16, i16, i16, i16 } @"relu<ap_fixed,ap_fixed<16,8,5,3,0>,relu_config1>"(i16 %data0_logits_0_V, i16 %data0_logits_1_V, i16 %data0_logits_2_V, i16 %data0_logits_3_V, i16 %data0_logits_4_V, i16 %data0_logits_5_V, i16 %data0_logits_6_V, i16 %data0_logits_7_V)" [firmware/nnet_utils/nnet_graph.h:179]   --->   Operation 29 'call' 'call_ret47' <Predicate = true> <Delay = 0.96> <CoreType = "Generic">   --->   Core 0 '' <Latency = 0> <II = 1> <Delay = 1.00> <Generic> <Opcode : >
ST_3 : Operation 30 [1/1] (0.00ns)   --->   "%data0_0_V = extractvalue { i16, i16, i16, i16, i16, i16, i16, i16 } %call_ret47, 0" [firmware/nnet_utils/nnet_graph.h:179]   --->   Operation 30 'extractvalue' 'data0_0_V' <Predicate = true> <Delay = 0.00>
ST_3 : Operation 31 [1/1] (0.00ns)   --->   "%data0_1_V = extractvalue { i16, i16, i16, i16, i16, i16, i16, i16 } %call_ret47, 1" [firmware/nnet_utils/nnet_graph.h:179]   --->   Operation 31 'extractvalue' 'data0_1_V' <Predicate = true> <Delay = 0.00>
ST_3 : Operation 32 [1/1] (0.00ns)   --->   "%data0_2_V = extractvalue { i16, i16, i16, i16, i16, i16, i16, i16 } %call_ret47, 2" [firmware/nnet_utils/nnet_graph.h:179]   --->   Operation 32 'extractvalue' 'data0_2_V' <Predicate = true> <Delay = 0.00>
ST_3 : Operation 33 [1/1] (0.00ns)   --->   "%data0_3_V = extractvalue { i16, i16, i16, i16, i16, i16, i16, i16 } %call_ret47, 3" [firmware/nnet_utils/nnet_graph.h:179]   --->   Operation 33 'extractvalue' 'data0_3_V' <Predicate = true> <Delay = 0.00>
ST_3 : Operation 34 [1/1] (0.00ns)   --->   "%data0_4_V = extractvalue { i16, i16, i16, i16, i16, i16, i16, i16 } %call_ret47, 4" [firmware/nnet_utils/nnet_graph.h:179]   --->   Operation 34 'extractvalue' 'data0_4_V' <Predicate = true> <Delay = 0.00>
ST_3 : Operation 35 [1/1] (0.00ns)   --->   "%data0_5_V = extractvalue { i16, i16, i16, i16, i16, i16, i16, i16 } %call_ret47, 5" [firmware/nnet_utils/nnet_graph.h:179]   --->   Operation 35 'extractvalue' 'data0_5_V' <Predicate = true> <Delay = 0.00>
ST_3 : Operation 36 [1/1] (0.00ns)   --->   "%data0_6_V = extractvalue { i16, i16, i16, i16, i16, i16, i16, i16 } %call_ret47, 6" [firmware/nnet_utils/nnet_graph.h:179]   --->   Operation 36 'extractvalue' 'data0_6_V' <Predicate = true> <Delay = 0.00>
ST_3 : Operation 37 [1/1] (0.00ns)   --->   "%data0_7_V = extractvalue { i16, i16, i16, i16, i16, i16, i16, i16 } %call_ret47, 7" [firmware/nnet_utils/nnet_graph.h:179]   --->   Operation 37 'extractvalue' 'data0_7_V' <Predicate = true> <Delay = 0.00>

State 4 <SV = 3> <Delay = 3.81>
ST_4 : Operation 38 [2/2] (3.81ns)   --->   "%call_ret_i1 = call fastcc { i16, i16, i16, i16, i16, i16, i16, i16 } @dense_resource_rf_leq_nin.0.0.0.0.0.0.0.0.0(i16 %data0_0_V, i16 %data0_1_V, i16 %data0_2_V, i16 %data0_3_V, i16 %data0_4_V, i16 %data0_5_V, i16 %data0_6_V, i16 %data0_7_V)" [firmware/nnet_utils/nnet_graph.h:179]   --->   Operation 38 'call' 'call_ret_i1' <Predicate = true> <Delay = 3.81> <CoreType = "Generic">   --->   Core 0 '' <Latency = 0> <II = 1> <Delay = 1.00> <Generic> <Opcode : >

State 5 <SV = 4> <Delay = 3.81>
ST_5 : Operation 39 [1/2] (3.81ns)   --->   "%call_ret_i1 = call fastcc { i16, i16, i16, i16, i16, i16, i16, i16 } @dense_resource_rf_leq_nin.0.0.0.0.0.0.0.0.0(i16 %data0_0_V, i16 %data0_1_V, i16 %data0_2_V, i16 %data0_3_V, i16 %data0_4_V, i16 %data0_5_V, i16 %data0_6_V, i16 %data0_7_V)" [firmware/nnet_utils/nnet_graph.h:179]   --->   Operation 39 'call' 'call_ret_i1' <Predicate = true> <Delay = 3.81> <CoreType = "Generic">   --->   Core 0 '' <Latency = 0> <II = 1> <Delay = 1.00> <Generic> <Opcode : >
ST_5 : Operation 40 [1/1] (0.00ns)   --->   "%data1_logits_0_V = extractvalue { i16, i16, i16, i16, i16, i16, i16, i16 } %call_ret_i1, 0" [firmware/nnet_utils/nnet_graph.h:183]   --->   Operation 40 'extractvalue' 'data1_logits_0_V' <Predicate = true> <Delay = 0.00>
ST_5 : Operation 41 [1/1] (0.00ns)   --->   "%data1_logits_1_V = extractvalue { i16, i16, i16, i16, i16, i16, i16, i16 } %call_ret_i1, 1" [firmware/nnet_utils/nnet_graph.h:183]   --->   Operation 41 'extractvalue' 'data1_logits_1_V' <Predicate = true> <Delay = 0.00>
ST_5 : Operation 42 [1/1] (0.00ns)   --->   "%data1_logits_2_V = extractvalue { i16, i16, i16, i16, i16, i16, i16, i16 } %call_ret_i1, 2" [firmware/nnet_utils/nnet_graph.h:183]   --->   Operation 42 'extractvalue' 'data1_logits_2_V' <Predicate = true> <Delay = 0.00>
ST_5 : Operation 43 [1/1] (0.00ns)   --->   "%data1_logits_3_V = extractvalue { i16, i16, i16, i16, i16, i16, i16, i16 } %call_ret_i1, 3" [firmware/nnet_utils/nnet_graph.h:183]   --->   Operation 43 'extractvalue' 'data1_logits_3_V' <Predicate = true> <Delay = 0.00>
ST_5 : Operation 44 [1/1] (0.00ns)   --->   "%data1_logits_4_V = extractvalue { i16, i16, i16, i16, i16, i16, i16, i16 } %call_ret_i1, 4" [firmware/nnet_utils/nnet_graph.h:183]   --->   Operation 44 'extractvalue' 'data1_logits_4_V' <Predicate = true> <Delay = 0.00>
ST_5 : Operation 45 [1/1] (0.00ns)   --->   "%data1_logits_5_V = extractvalue { i16, i16, i16, i16, i16, i16, i16, i16 } %call_ret_i1, 5" [firmware/nnet_utils/nnet_graph.h:183]   --->   Operation 45 'extractvalue' 'data1_logits_5_V' <Predicate = true> <Delay = 0.00>
ST_5 : Operation 46 [1/1] (0.00ns)   --->   "%data1_logits_6_V = extractvalue { i16, i16, i16, i16, i16, i16, i16, i16 } %call_ret_i1, 6" [firmware/nnet_utils/nnet_graph.h:183]   --->   Operation 46 'extractvalue' 'data1_logits_6_V' <Predicate = true> <Delay = 0.00>
ST_5 : Operation 47 [1/1] (0.00ns)   --->   "%data1_logits_7_V = extractvalue { i16, i16, i16, i16, i16, i16, i16, i16 } %call_ret_i1, 7" [firmware/nnet_utils/nnet_graph.h:183]   --->   Operation 47 'extractvalue' 'data1_logits_7_V' <Predicate = true> <Delay = 0.00>

State 6 <SV = 5> <Delay = 0.96>
ST_6 : Operation 48 [1/1] (0.96ns)   --->   "%call_ret = call fastcc { i16, i16, i16, i16, i16, i16, i16, i16 } @"relu<ap_fixed,ap_fixed<16,8,5,3,0>,relu_config2>"(i16 %data1_logits_0_V, i16 %data1_logits_1_V, i16 %data1_logits_2_V, i16 %data1_logits_3_V, i16 %data1_logits_4_V, i16 %data1_logits_5_V, i16 %data1_logits_6_V, i16 %data1_logits_7_V)" [firmware/nnet_utils/nnet_graph.h:186]   --->   Operation 48 'call' 'call_ret' <Predicate = true> <Delay = 0.96> <CoreType = "Generic">   --->   Core 0 '' <Latency = 0> <II = 1> <Delay = 1.00> <Generic> <Opcode : >
ST_6 : Operation 49 [1/1] (0.00ns)   --->   "%data1_0_V = extractvalue { i16, i16, i16, i16, i16, i16, i16, i16 } %call_ret, 0" [firmware/nnet_utils/nnet_graph.h:186]   --->   Operation 49 'extractvalue' 'data1_0_V' <Predicate = true> <Delay = 0.00>
ST_6 : Operation 50 [1/1] (0.00ns)   --->   "%data1_1_V = extractvalue { i16, i16, i16, i16, i16, i16, i16, i16 } %call_ret, 1" [firmware/nnet_utils/nnet_graph.h:186]   --->   Operation 50 'extractvalue' 'data1_1_V' <Predicate = true> <Delay = 0.00>
ST_6 : Operation 51 [1/1] (0.00ns)   --->   "%data1_2_V = extractvalue { i16, i16, i16, i16, i16, i16, i16, i16 } %call_ret, 2" [firmware/nnet_utils/nnet_graph.h:186]   --->   Operation 51 'extractvalue' 'data1_2_V' <Predicate = true> <Delay = 0.00>
ST_6 : Operation 52 [1/1] (0.00ns)   --->   "%data1_3_V = extractvalue { i16, i16, i16, i16, i16, i16, i16, i16 } %call_ret, 3" [firmware/nnet_utils/nnet_graph.h:186]   --->   Operation 52 'extractvalue' 'data1_3_V' <Predicate = true> <Delay = 0.00>
ST_6 : Operation 53 [1/1] (0.00ns)   --->   "%data1_4_V = extractvalue { i16, i16, i16, i16, i16, i16, i16, i16 } %call_ret, 4" [firmware/nnet_utils/nnet_graph.h:186]   --->   Operation 53 'extractvalue' 'data1_4_V' <Predicate = true> <Delay = 0.00>
ST_6 : Operation 54 [1/1] (0.00ns)   --->   "%data1_5_V = extractvalue { i16, i16, i16, i16, i16, i16, i16, i16 } %call_ret, 5" [firmware/nnet_utils/nnet_graph.h:186]   --->   Operation 54 'extractvalue' 'data1_5_V' <Predicate = true> <Delay = 0.00>
ST_6 : Operation 55 [1/1] (0.00ns)   --->   "%data1_6_V = extractvalue { i16, i16, i16, i16, i16, i16, i16, i16 } %call_ret, 6" [firmware/nnet_utils/nnet_graph.h:186]   --->   Operation 55 'extractvalue' 'data1_6_V' <Predicate = true> <Delay = 0.00>
ST_6 : Operation 56 [1/1] (0.00ns)   --->   "%data1_7_V = extractvalue { i16, i16, i16, i16, i16, i16, i16, i16 } %call_ret, 7" [firmware/nnet_utils/nnet_graph.h:186]   --->   Operation 56 'extractvalue' 'data1_7_V' <Predicate = true> <Delay = 0.00>

State 7 <SV = 6> <Delay = 3.81>
ST_7 : Operation 57 [2/2] (3.81ns)   --->   "%call_ret_i2 = call fastcc { i16, i16, i16, i16 } @dense_resource_rf_leq_nin.0.0.0.0.0(i16 %data1_0_V, i16 %data1_1_V, i16 %data1_2_V, i16 %data1_3_V, i16 %data1_4_V, i16 %data1_5_V, i16 %data1_6_V, i16 %data1_7_V)" [firmware/nnet_utils/nnet_graph.h:186]   --->   Operation 57 'call' 'call_ret_i2' <Predicate = true> <Delay = 3.81> <CoreType = "Generic">   --->   Core 0 '' <Latency = 0> <II = 1> <Delay = 1.00> <Generic> <Opcode : >

State 8 <SV = 7> <Delay = 3.81>
ST_8 : Operation 58 [1/2] (3.81ns)   --->   "%call_ret_i2 = call fastcc { i16, i16, i16, i16 } @dense_resource_rf_leq_nin.0.0.0.0.0(i16 %data1_0_V, i16 %data1_1_V, i16 %data1_2_V, i16 %data1_3_V, i16 %data1_4_V, i16 %data1_5_V, i16 %data1_6_V, i16 %data1_7_V)" [firmware/nnet_utils/nnet_graph.h:186]   --->   Operation 58 'call' 'call_ret_i2' <Predicate = true> <Delay = 3.81> <CoreType = "Generic">   --->   Core 0 '' <Latency = 0> <II = 1> <Delay = 1.00> <Generic> <Opcode : >
ST_8 : Operation 59 [1/1] (0.00ns)   --->   "ret { i16, i16, i16, i16 } %call_ret_i2" [firmware/nnet_utils/nnet_graph.h:189]   --->   Operation 59 'ret' <Predicate = true> <Delay = 0.00>


============================================================
+ Verbose Summary: Binding
============================================================
STG Binding: 
---------------- STG Properties BEGIN ----------------
- Is combinational: 0
- Is one-state seq: 0
- Is datapath-only: 1
- Is pipelined: 1
- Is top level: 0
Port [ Return ] is wired: 1; IO mode=ap_ctrl_hs:ce=0
Port [ data_0_V_read]:  wired=1; compound=0; hidden=0; nouse=0; global=0; static=0; extern=0; dir=0; type=0; pingpong=0; private_global=0; IO mode=ap_none:ce=0
Port [ data_1_V_read]:  wired=1; compound=0; hidden=0; nouse=0; global=0; static=0; extern=0; dir=0; type=0; pingpong=0; private_global=0; IO mode=ap_none:ce=0
Port [ data_2_V_read]:  wired=1; compound=0; hidden=0; nouse=0; global=0; static=0; extern=0; dir=0; type=0; pingpong=0; private_global=0; IO mode=ap_none:ce=0
Port [ data_3_V_read]:  wired=1; compound=0; hidden=0; nouse=0; global=0; static=0; extern=0; dir=0; type=0; pingpong=0; private_global=0; IO mode=ap_none:ce=0
Port [ data_4_V_read]:  wired=1; compound=0; hidden=0; nouse=0; global=0; static=0; extern=0; dir=0; type=0; pingpong=0; private_global=0; IO mode=ap_none:ce=0
Port [ data_5_V_read]:  wired=1; compound=0; hidden=0; nouse=0; global=0; static=0; extern=0; dir=0; type=0; pingpong=0; private_global=0; IO mode=ap_none:ce=0
Port [ data_6_V_read]:  wired=1; compound=0; hidden=0; nouse=0; global=0; static=0; extern=0; dir=0; type=0; pingpong=0; private_global=0; IO mode=ap_none:ce=0
Port [ data_7_V_read]:  wired=1; compound=0; hidden=0; nouse=0; global=0; static=0; extern=0; dir=0; type=0; pingpong=0; private_global=0; IO mode=ap_none:ce=0
Port [ data_8_V_read]:  wired=1; compound=0; hidden=0; nouse=0; global=0; static=0; extern=0; dir=0; type=0; pingpong=0; private_global=0; IO mode=ap_none:ce=0
Port [ data_9_V_read]:  wired=1; compound=0; hidden=0; nouse=0; global=0; static=0; extern=0; dir=0; type=0; pingpong=0; private_global=0; IO mode=ap_none:ce=0
---------------- STG Properties END ------------------

---------------- Datapath Model BEGIN ----------------

<LifeTime>
<method=bitvector/>
data_9_V_read_3  (read        ) [ 000000000]
data_8_V_read_3  (read        ) [ 000000000]
data_7_V_read_12 (read        ) [ 000000000]
data_6_V_read_13 (read        ) [ 000000000]
data_5_V_read_14 (read        ) [ 000000000]
data_4_V_read_14 (read        ) [ 000000000]
data_3_V_read_14 (read        ) [ 000000000]
data_2_V_read_14 (read        ) [ 000000000]
data_1_V_read_14 (read        ) [ 000000000]
data_0_V_read_14 (read        ) [ 000000000]
call_ret_i       (call        ) [ 000000000]
data0_logits_0_V (extractvalue) [ 010100000]
data0_logits_1_V (extractvalue) [ 010100000]
data0_logits_2_V (extractvalue) [ 010100000]
data0_logits_3_V (extractvalue) [ 010100000]
data0_logits_4_V (extractvalue) [ 010100000]
data0_logits_5_V (extractvalue) [ 010100000]
data0_logits_6_V (extractvalue) [ 010100000]
data0_logits_7_V (extractvalue) [ 010100000]
call_ret47       (call        ) [ 000000000]
data0_0_V        (extractvalue) [ 010010000]
data0_1_V        (extractvalue) [ 010010000]
data0_2_V        (extractvalue) [ 010010000]
data0_3_V        (extractvalue) [ 010010000]
data0_4_V        (extractvalue) [ 010010000]
data0_5_V        (extractvalue) [ 010010000]
data0_6_V        (extractvalue) [ 010010000]
data0_7_V        (extractvalue) [ 010010000]
call_ret_i1      (call        ) [ 000000000]
data1_logits_0_V (extractvalue) [ 010000100]
data1_logits_1_V (extractvalue) [ 010000100]
data1_logits_2_V (extractvalue) [ 010000100]
data1_logits_3_V (extractvalue) [ 010000100]
data1_logits_4_V (extractvalue) [ 010000100]
data1_logits_5_V (extractvalue) [ 010000100]
data1_logits_6_V (extractvalue) [ 010000100]
data1_logits_7_V (extractvalue) [ 010000100]
call_ret         (call        ) [ 000000000]
data1_0_V        (extractvalue) [ 010000010]
data1_1_V        (extractvalue) [ 010000010]
data1_2_V        (extractvalue) [ 010000010]
data1_3_V        (extractvalue) [ 010000010]
data1_4_V        (extractvalue) [ 010000010]
data1_5_V        (extractvalue) [ 010000010]
data1_6_V        (extractvalue) [ 010000010]
data1_7_V        (extractvalue) [ 010000010]
call_ret_i2      (call        ) [ 000000000]
ret_ln189        (ret         ) [ 000000000]
</LifeTime>

<model>

<comp_list>
<comp id="0" class="1000" name="data_0_V_read">
<pin_list>
<pin id="1" dir="1" index="0" bw="1" slack="0"/>
</pin_list>
<bind>
<StgValue><ssdm name="data_0_V_read"/></StgValue>
</bind>
</comp>

<comp id="2" class="1000" name="data_1_V_read">
<pin_list>
<pin id="3" dir="1" index="0" bw="1" slack="0"/>
</pin_list>
<bind>
<StgValue><ssdm name="data_1_V_read"/></StgValue>
</bind>
</comp>

<comp id="4" class="1000" name="data_2_V_read">
<pin_list>
<pin id="5" dir="1" index="0" bw="1" slack="0"/>
</pin_list>
<bind>
<StgValue><ssdm name="data_2_V_read"/></StgValue>
</bind>
</comp>

<comp id="6" class="1000" name="data_3_V_read">
<pin_list>
<pin id="7" dir="1" index="0" bw="1" slack="0"/>
</pin_list>
<bind>
<StgValue><ssdm name="data_3_V_read"/></StgValue>
</bind>
</comp>

<comp id="8" class="1000" name="data_4_V_read">
<pin_list>
<pin id="9" dir="1" index="0" bw="1" slack="0"/>
</pin_list>
<bind>
<StgValue><ssdm name="data_4_V_read"/></StgValue>
</bind>
</comp>

<comp id="10" class="1000" name="data_5_V_read">
<pin_list>
<pin id="11" dir="1" index="0" bw="1" slack="0"/>
</pin_list>
<bind>
<StgValue><ssdm name="data_5_V_read"/></StgValue>
</bind>
</comp>

<comp id="12" class="1000" name="data_6_V_read">
<pin_list>
<pin id="13" dir="1" index="0" bw="1" slack="0"/>
</pin_list>
<bind>
<StgValue><ssdm name="data_6_V_read"/></StgValue>
</bind>
</comp>

<comp id="14" class="1000" name="data_7_V_read">
<pin_list>
<pin id="15" dir="1" index="0" bw="1" slack="0"/>
</pin_list>
<bind>
<StgValue><ssdm name="data_7_V_read"/></StgValue>
</bind>
</comp>

<comp id="16" class="1000" name="data_8_V_read">
<pin_list>
<pin id="17" dir="1" index="0" bw="1" slack="0"/>
</pin_list>
<bind>
<StgValue><ssdm name="data_8_V_read"/></StgValue>
</bind>
</comp>

<comp id="18" class="1000" name="data_9_V_read">
<pin_list>
<pin id="19" dir="1" index="0" bw="1" slack="0"/>
</pin_list>
<bind>
<StgValue><ssdm name="data_9_V_read"/></StgValue>
</bind>
</comp>

<comp id="20" class="1001" name="const_20">
<pin_list>
<pin id="21" dir="1" index="0" bw="1" slack="0"/>
</pin_list>
<bind>
<StgValue><ssdm name="_ssdm_op_Read.ap_auto.i16"/></StgValue>
</bind>
</comp>

<comp id="22" class="1001" name="const_22">
<pin_list>
<pin id="23" dir="1" index="0" bw="1" slack="0"/>
</pin_list>
<bind>
<StgValue><ssdm name="dense_resource_rf_leq_nin.0.0.0.0.0.0.0.0.0.1"/></StgValue>
</bind>
</comp>

<comp id="24" class="1001" name="const_24">
<pin_list>
<pin id="25" dir="1" index="0" bw="1" slack="0"/>
</pin_list>
<bind>
<StgValue><ssdm name="relu<ap_fixed,ap_fixed<16,8,5,3,0>,relu_config1>"/></StgValue>
</bind>
</comp>

<comp id="26" class="1001" name="const_26">
<pin_list>
<pin id="27" dir="1" index="0" bw="1" slack="0"/>
</pin_list>
<bind>
<StgValue><ssdm name="dense_resource_rf_leq_nin.0.0.0.0.0.0.0.0.0"/></StgValue>
</bind>
</comp>

<comp id="28" class="1001" name="const_28">
<pin_list>
<pin id="29" dir="1" index="0" bw="1" slack="0"/>
</pin_list>
<bind>
<StgValue><ssdm name="relu<ap_fixed,ap_fixed<16,8,5,3,0>,relu_config2>"/></StgValue>
</bind>
</comp>

<comp id="30" class="1001" name="const_30">
<pin_list>
<pin id="31" dir="1" index="0" bw="1" slack="0"/>
</pin_list>
<bind>
<StgValue><ssdm name="dense_resource_rf_leq_nin.0.0.0.0.0"/></StgValue>
</bind>
</comp>

<comp id="32" class="1004" name="data_9_V_read_3_read_fu_32">
<pin_list>
<pin id="33" dir="0" index="0" bw="16" slack="0"/>
<pin id="34" dir="0" index="1" bw="16" slack="0"/>
<pin id="35" dir="1" index="2" bw="16" slack="0"/>
</pin_list>
<bind>
<opcode="read(1150) " fcode="read"/>
<opset="data_9_V_read_3/1 "/>
</bind>
</comp>

<comp id="38" class="1004" name="data_8_V_read_3_read_fu_38">
<pin_list>
<pin id="39" dir="0" index="0" bw="16" slack="0"/>
<pin id="40" dir="0" index="1" bw="16" slack="0"/>
<pin id="41" dir="1" index="2" bw="16" slack="0"/>
</pin_list>
<bind>
<opcode="read(1150) " fcode="read"/>
<opset="data_8_V_read_3/1 "/>
</bind>
</comp>

<comp id="44" class="1004" name="data_7_V_read_12_read_fu_44">
<pin_list>
<pin id="45" dir="0" index="0" bw="16" slack="0"/>
<pin id="46" dir="0" index="1" bw="16" slack="0"/>
<pin id="47" dir="1" index="2" bw="16" slack="0"/>
</pin_list>
<bind>
<opcode="read(1150) " fcode="read"/>
<opset="data_7_V_read_12/1 "/>
</bind>
</comp>

<comp id="50" class="1004" name="data_6_V_read_13_read_fu_50">
<pin_list>
<pin id="51" dir="0" index="0" bw="16" slack="0"/>
<pin id="52" dir="0" index="1" bw="16" slack="0"/>
<pin id="53" dir="1" index="2" bw="16" slack="0"/>
</pin_list>
<bind>
<opcode="read(1150) " fcode="read"/>
<opset="data_6_V_read_13/1 "/>
</bind>
</comp>

<comp id="56" class="1004" name="data_5_V_read_14_read_fu_56">
<pin_list>
<pin id="57" dir="0" index="0" bw="16" slack="0"/>
<pin id="58" dir="0" index="1" bw="16" slack="0"/>
<pin id="59" dir="1" index="2" bw="16" slack="0"/>
</pin_list>
<bind>
<opcode="read(1150) " fcode="read"/>
<opset="data_5_V_read_14/1 "/>
</bind>
</comp>

<comp id="62" class="1004" name="data_4_V_read_14_read_fu_62">
<pin_list>
<pin id="63" dir="0" index="0" bw="16" slack="0"/>
<pin id="64" dir="0" index="1" bw="16" slack="0"/>
<pin id="65" dir="1" index="2" bw="16" slack="0"/>
</pin_list>
<bind>
<opcode="read(1150) " fcode="read"/>
<opset="data_4_V_read_14/1 "/>
</bind>
</comp>

<comp id="68" class="1004" name="data_3_V_read_14_read_fu_68">
<pin_list>
<pin id="69" dir="0" index="0" bw="16" slack="0"/>
<pin id="70" dir="0" index="1" bw="16" slack="0"/>
<pin id="71" dir="1" index="2" bw="16" slack="0"/>
</pin_list>
<bind>
<opcode="read(1150) " fcode="read"/>
<opset="data_3_V_read_14/1 "/>
</bind>
</comp>

<comp id="74" class="1004" name="data_2_V_read_14_read_fu_74">
<pin_list>
<pin id="75" dir="0" index="0" bw="16" slack="0"/>
<pin id="76" dir="0" index="1" bw="16" slack="0"/>
<pin id="77" dir="1" index="2" bw="16" slack="0"/>
</pin_list>
<bind>
<opcode="read(1150) " fcode="read"/>
<opset="data_2_V_read_14/1 "/>
</bind>
</comp>

<comp id="80" class="1004" name="data_1_V_read_14_read_fu_80">
<pin_list>
<pin id="81" dir="0" index="0" bw="16" slack="0"/>
<pin id="82" dir="0" index="1" bw="16" slack="0"/>
<pin id="83" dir="1" index="2" bw="16" slack="0"/>
</pin_list>
<bind>
<opcode="read(1150) " fcode="read"/>
<opset="data_1_V_read_14/1 "/>
</bind>
</comp>

<comp id="86" class="1004" name="data_0_V_read_14_read_fu_86">
<pin_list>
<pin id="87" dir="0" index="0" bw="16" slack="0"/>
<pin id="88" dir="0" index="1" bw="16" slack="0"/>
<pin id="89" dir="1" index="2" bw="16" slack="0"/>
</pin_list>
<bind>
<opcode="read(1150) " fcode="read"/>
<opset="data_0_V_read_14/1 "/>
</bind>
</comp>

<comp id="92" class="1004" name="grp_dense_resource_rf_leq_nin_0_0_0_0_0_0_0_0_0_1_fu_92">
<pin_list>
<pin id="93" dir="0" index="0" bw="128" slack="0"/>
<pin id="94" dir="0" index="1" bw="16" slack="0"/>
<pin id="95" dir="0" index="2" bw="16" slack="0"/>
<pin id="96" dir="0" index="3" bw="16" slack="0"/>
<pin id="97" dir="0" index="4" bw="16" slack="0"/>
<pin id="98" dir="0" index="5" bw="16" slack="0"/>
<pin id="99" dir="0" index="6" bw="16" slack="0"/>
<pin id="100" dir="0" index="7" bw="16" slack="0"/>
<pin id="101" dir="0" index="8" bw="16" slack="0"/>
<pin id="102" dir="0" index="9" bw="16" slack="0"/>
<pin id="103" dir="0" index="10" bw="16" slack="0"/>
<pin id="104" dir="1" index="11" bw="128" slack="0"/>
</pin_list>
<bind>
<opcode="call(48) " fcode="call"/>
<opset="call_ret_i/1 "/>
</bind>
</comp>

<comp id="116" class="1004" name="grp_dense_resource_rf_leq_nin_0_0_0_0_0_0_0_0_0_fu_116">
<pin_list>
<pin id="117" dir="0" index="0" bw="128" slack="0"/>
<pin id="118" dir="0" index="1" bw="16" slack="1"/>
<pin id="119" dir="0" index="2" bw="16" slack="1"/>
<pin id="120" dir="0" index="3" bw="16" slack="1"/>
<pin id="121" dir="0" index="4" bw="16" slack="1"/>
<pin id="122" dir="0" index="5" bw="16" slack="1"/>
<pin id="123" dir="0" index="6" bw="16" slack="1"/>
<pin id="124" dir="0" index="7" bw="16" slack="1"/>
<pin id="125" dir="0" index="8" bw="16" slack="1"/>
<pin id="126" dir="1" index="9" bw="128" slack="0"/>
</pin_list>
<bind>
<opcode="call(48) " fcode="call"/>
<opset="call_ret_i1/4 "/>
</bind>
</comp>

<comp id="128" class="1004" name="grp_dense_resource_rf_leq_nin_0_0_0_0_0_fu_128">
<pin_list>
<pin id="129" dir="0" index="0" bw="64" slack="0"/>
<pin id="130" dir="0" index="1" bw="16" slack="1"/>
<pin id="131" dir="0" index="2" bw="16" slack="1"/>
<pin id="132" dir="0" index="3" bw="16" slack="1"/>
<pin id="133" dir="0" index="4" bw="16" slack="1"/>
<pin id="134" dir="0" index="5" bw="16" slack="1"/>
<pin id="135" dir="0" index="6" bw="16" slack="1"/>
<pin id="136" dir="0" index="7" bw="16" slack="1"/>
<pin id="137" dir="0" index="8" bw="16" slack="1"/>
<pin id="138" dir="1" index="9" bw="64" slack="2147483647"/>
</pin_list>
<bind>
<opcode="call(48) " fcode="call"/>
<opset="call_ret_i2/7 "/>
</bind>
</comp>

<comp id="140" class="1004" name="call_ret47_relu_ap_fixed_ap_fixed_16_8_5_3_0_relu_config1_s_fu_140">
<pin_list>
<pin id="141" dir="0" index="0" bw="128" slack="0"/>
<pin id="142" dir="0" index="1" bw="16" slack="1"/>
<pin id="143" dir="0" index="2" bw="16" slack="1"/>
<pin id="144" dir="0" index="3" bw="16" slack="1"/>
<pin id="145" dir="0" index="4" bw="16" slack="1"/>
<pin id="146" dir="0" index="5" bw="16" slack="1"/>
<pin id="147" dir="0" index="6" bw="16" slack="1"/>
<pin id="148" dir="0" index="7" bw="16" slack="1"/>
<pin id="149" dir="0" index="8" bw="16" slack="1"/>
<pin id="150" dir="1" index="9" bw="128" slack="0"/>
</pin_list>
<bind>
<opcode="call(48) " fcode="call"/>
<opset="call_ret47/3 "/>
</bind>
</comp>

<comp id="152" class="1004" name="call_ret_relu_ap_fixed_ap_fixed_16_8_5_3_0_relu_config2_s_fu_152">
<pin_list>
<pin id="153" dir="0" index="0" bw="128" slack="0"/>
<pin id="154" dir="0" index="1" bw="16" slack="1"/>
<pin id="155" dir="0" index="2" bw="16" slack="1"/>
<pin id="156" dir="0" index="3" bw="16" slack="1"/>
<pin id="157" dir="0" index="4" bw="16" slack="1"/>
<pin id="158" dir="0" index="5" bw="16" slack="1"/>
<pin id="159" dir="0" index="6" bw="16" slack="1"/>
<pin id="160" dir="0" index="7" bw="16" slack="1"/>
<pin id="161" dir="0" index="8" bw="16" slack="1"/>
<pin id="162" dir="1" index="9" bw="128" slack="0"/>
</pin_list>
<bind>
<opcode="call(48) " fcode="call"/>
<opset="call_ret/6 "/>
</bind>
</comp>

<comp id="164" class="1004" name="data0_logits_0_V_fu_164">
<pin_list>
<pin id="165" dir="0" index="0" bw="128" slack="0"/>
<pin id="166" dir="1" index="1" bw="16" slack="1"/>
</pin_list>
<bind>
<opcode="extractvalue(56) " fcode="extractvalue"/>
<opset="data0_logits_0_V/2 "/>
</bind>
</comp>

<comp id="168" class="1004" name="data0_logits_1_V_fu_168">
<pin_list>
<pin id="169" dir="0" index="0" bw="128" slack="0"/>
<pin id="170" dir="1" index="1" bw="16" slack="1"/>
</pin_list>
<bind>
<opcode="extractvalue(56) " fcode="extractvalue"/>
<opset="data0_logits_1_V/2 "/>
</bind>
</comp>

<comp id="172" class="1004" name="data0_logits_2_V_fu_172">
<pin_list>
<pin id="173" dir="0" index="0" bw="128" slack="0"/>
<pin id="174" dir="1" index="1" bw="16" slack="1"/>
</pin_list>
<bind>
<opcode="extractvalue(56) " fcode="extractvalue"/>
<opset="data0_logits_2_V/2 "/>
</bind>
</comp>

<comp id="176" class="1004" name="data0_logits_3_V_fu_176">
<pin_list>
<pin id="177" dir="0" index="0" bw="128" slack="0"/>
<pin id="178" dir="1" index="1" bw="16" slack="1"/>
</pin_list>
<bind>
<opcode="extractvalue(56) " fcode="extractvalue"/>
<opset="data0_logits_3_V/2 "/>
</bind>
</comp>

<comp id="180" class="1004" name="data0_logits_4_V_fu_180">
<pin_list>
<pin id="181" dir="0" index="0" bw="128" slack="0"/>
<pin id="182" dir="1" index="1" bw="16" slack="1"/>
</pin_list>
<bind>
<opcode="extractvalue(56) " fcode="extractvalue"/>
<opset="data0_logits_4_V/2 "/>
</bind>
</comp>

<comp id="184" class="1004" name="data0_logits_5_V_fu_184">
<pin_list>
<pin id="185" dir="0" index="0" bw="128" slack="0"/>
<pin id="186" dir="1" index="1" bw="16" slack="1"/>
</pin_list>
<bind>
<opcode="extractvalue(56) " fcode="extractvalue"/>
<opset="data0_logits_5_V/2 "/>
</bind>
</comp>

<comp id="188" class="1004" name="data0_logits_6_V_fu_188">
<pin_list>
<pin id="189" dir="0" index="0" bw="128" slack="0"/>
<pin id="190" dir="1" index="1" bw="16" slack="1"/>
</pin_list>
<bind>
<opcode="extractvalue(56) " fcode="extractvalue"/>
<opset="data0_logits_6_V/2 "/>
</bind>
</comp>

<comp id="192" class="1004" name="data0_logits_7_V_fu_192">
<pin_list>
<pin id="193" dir="0" index="0" bw="128" slack="0"/>
<pin id="194" dir="1" index="1" bw="16" slack="1"/>
</pin_list>
<bind>
<opcode="extractvalue(56) " fcode="extractvalue"/>
<opset="data0_logits_7_V/2 "/>
</bind>
</comp>

<comp id="196" class="1004" name="data0_0_V_fu_196">
<pin_list>
<pin id="197" dir="0" index="0" bw="128" slack="0"/>
<pin id="198" dir="1" index="1" bw="16" slack="1"/>
</pin_list>
<bind>
<opcode="extractvalue(56) " fcode="extractvalue"/>
<opset="data0_0_V/3 "/>
</bind>
</comp>

<comp id="200" class="1004" name="data0_1_V_fu_200">
<pin_list>
<pin id="201" dir="0" index="0" bw="128" slack="0"/>
<pin id="202" dir="1" index="1" bw="16" slack="1"/>
</pin_list>
<bind>
<opcode="extractvalue(56) " fcode="extractvalue"/>
<opset="data0_1_V/3 "/>
</bind>
</comp>

<comp id="204" class="1004" name="data0_2_V_fu_204">
<pin_list>
<pin id="205" dir="0" index="0" bw="128" slack="0"/>
<pin id="206" dir="1" index="1" bw="16" slack="1"/>
</pin_list>
<bind>
<opcode="extractvalue(56) " fcode="extractvalue"/>
<opset="data0_2_V/3 "/>
</bind>
</comp>

<comp id="208" class="1004" name="data0_3_V_fu_208">
<pin_list>
<pin id="209" dir="0" index="0" bw="128" slack="0"/>
<pin id="210" dir="1" index="1" bw="16" slack="1"/>
</pin_list>
<bind>
<opcode="extractvalue(56) " fcode="extractvalue"/>
<opset="data0_3_V/3 "/>
</bind>
</comp>

<comp id="212" class="1004" name="data0_4_V_fu_212">
<pin_list>
<pin id="213" dir="0" index="0" bw="128" slack="0"/>
<pin id="214" dir="1" index="1" bw="16" slack="1"/>
</pin_list>
<bind>
<opcode="extractvalue(56) " fcode="extractvalue"/>
<opset="data0_4_V/3 "/>
</bind>
</comp>

<comp id="216" class="1004" name="data0_5_V_fu_216">
<pin_list>
<pin id="217" dir="0" index="0" bw="128" slack="0"/>
<pin id="218" dir="1" index="1" bw="16" slack="1"/>
</pin_list>
<bind>
<opcode="extractvalue(56) " fcode="extractvalue"/>
<opset="data0_5_V/3 "/>
</bind>
</comp>

<comp id="220" class="1004" name="data0_6_V_fu_220">
<pin_list>
<pin id="221" dir="0" index="0" bw="128" slack="0"/>
<pin id="222" dir="1" index="1" bw="16" slack="1"/>
</pin_list>
<bind>
<opcode="extractvalue(56) " fcode="extractvalue"/>
<opset="data0_6_V/3 "/>
</bind>
</comp>

<comp id="224" class="1004" name="data0_7_V_fu_224">
<pin_list>
<pin id="225" dir="0" index="0" bw="128" slack="0"/>
<pin id="226" dir="1" index="1" bw="16" slack="1"/>
</pin_list>
<bind>
<opcode="extractvalue(56) " fcode="extractvalue"/>
<opset="data0_7_V/3 "/>
</bind>
</comp>

<comp id="228" class="1004" name="data1_logits_0_V_fu_228">
<pin_list>
<pin id="229" dir="0" index="0" bw="128" slack="0"/>
<pin id="230" dir="1" index="1" bw="16" slack="1"/>
</pin_list>
<bind>
<opcode="extractvalue(56) " fcode="extractvalue"/>
<opset="data1_logits_0_V/5 "/>
</bind>
</comp>

<comp id="232" class="1004" name="data1_logits_1_V_fu_232">
<pin_list>
<pin id="233" dir="0" index="0" bw="128" slack="0"/>
<pin id="234" dir="1" index="1" bw="16" slack="1"/>
</pin_list>
<bind>
<opcode="extractvalue(56) " fcode="extractvalue"/>
<opset="data1_logits_1_V/5 "/>
</bind>
</comp>

<comp id="236" class="1004" name="data1_logits_2_V_fu_236">
<pin_list>
<pin id="237" dir="0" index="0" bw="128" slack="0"/>
<pin id="238" dir="1" index="1" bw="16" slack="1"/>
</pin_list>
<bind>
<opcode="extractvalue(56) " fcode="extractvalue"/>
<opset="data1_logits_2_V/5 "/>
</bind>
</comp>

<comp id="240" class="1004" name="data1_logits_3_V_fu_240">
<pin_list>
<pin id="241" dir="0" index="0" bw="128" slack="0"/>
<pin id="242" dir="1" index="1" bw="16" slack="1"/>
</pin_list>
<bind>
<opcode="extractvalue(56) " fcode="extractvalue"/>
<opset="data1_logits_3_V/5 "/>
</bind>
</comp>

<comp id="244" class="1004" name="data1_logits_4_V_fu_244">
<pin_list>
<pin id="245" dir="0" index="0" bw="128" slack="0"/>
<pin id="246" dir="1" index="1" bw="16" slack="1"/>
</pin_list>
<bind>
<opcode="extractvalue(56) " fcode="extractvalue"/>
<opset="data1_logits_4_V/5 "/>
</bind>
</comp>

<comp id="248" class="1004" name="data1_logits_5_V_fu_248">
<pin_list>
<pin id="249" dir="0" index="0" bw="128" slack="0"/>
<pin id="250" dir="1" index="1" bw="16" slack="1"/>
</pin_list>
<bind>
<opcode="extractvalue(56) " fcode="extractvalue"/>
<opset="data1_logits_5_V/5 "/>
</bind>
</comp>

<comp id="252" class="1004" name="data1_logits_6_V_fu_252">
<pin_list>
<pin id="253" dir="0" index="0" bw="128" slack="0"/>
<pin id="254" dir="1" index="1" bw="16" slack="1"/>
</pin_list>
<bind>
<opcode="extractvalue(56) " fcode="extractvalue"/>
<opset="data1_logits_6_V/5 "/>
</bind>
</comp>

<comp id="256" class="1004" name="data1_logits_7_V_fu_256">
<pin_list>
<pin id="257" dir="0" index="0" bw="128" slack="0"/>
<pin id="258" dir="1" index="1" bw="16" slack="1"/>
</pin_list>
<bind>
<opcode="extractvalue(56) " fcode="extractvalue"/>
<opset="data1_logits_7_V/5 "/>
</bind>
</comp>

<comp id="260" class="1004" name="data1_0_V_fu_260">
<pin_list>
<pin id="261" dir="0" index="0" bw="128" slack="0"/>
<pin id="262" dir="1" index="1" bw="16" slack="1"/>
</pin_list>
<bind>
<opcode="extractvalue(56) " fcode="extractvalue"/>
<opset="data1_0_V/6 "/>
</bind>
</comp>

<comp id="264" class="1004" name="data1_1_V_fu_264">
<pin_list>
<pin id="265" dir="0" index="0" bw="128" slack="0"/>
<pin id="266" dir="1" index="1" bw="16" slack="1"/>
</pin_list>
<bind>
<opcode="extractvalue(56) " fcode="extractvalue"/>
<opset="data1_1_V/6 "/>
</bind>
</comp>

<comp id="268" class="1004" name="data1_2_V_fu_268">
<pin_list>
<pin id="269" dir="0" index="0" bw="128" slack="0"/>
<pin id="270" dir="1" index="1" bw="16" slack="1"/>
</pin_list>
<bind>
<opcode="extractvalue(56) " fcode="extractvalue"/>
<opset="data1_2_V/6 "/>
</bind>
</comp>

<comp id="272" class="1004" name="data1_3_V_fu_272">
<pin_list>
<pin id="273" dir="0" index="0" bw="128" slack="0"/>
<pin id="274" dir="1" index="1" bw="16" slack="1"/>
</pin_list>
<bind>
<opcode="extractvalue(56) " fcode="extractvalue"/>
<opset="data1_3_V/6 "/>
</bind>
</comp>

<comp id="276" class="1004" name="data1_4_V_fu_276">
<pin_list>
<pin id="277" dir="0" index="0" bw="128" slack="0"/>
<pin id="278" dir="1" index="1" bw="16" slack="1"/>
</pin_list>
<bind>
<opcode="extractvalue(56) " fcode="extractvalue"/>
<opset="data1_4_V/6 "/>
</bind>
</comp>

<comp id="280" class="1004" name="data1_5_V_fu_280">
<pin_list>
<pin id="281" dir="0" index="0" bw="128" slack="0"/>
<pin id="282" dir="1" index="1" bw="16" slack="1"/>
</pin_list>
<bind>
<opcode="extractvalue(56) " fcode="extractvalue"/>
<opset="data1_5_V/6 "/>
</bind>
</comp>

<comp id="284" class="1004" name="data1_6_V_fu_284">
<pin_list>
<pin id="285" dir="0" index="0" bw="128" slack="0"/>
<pin id="286" dir="1" index="1" bw="16" slack="1"/>
</pin_list>
<bind>
<opcode="extractvalue(56) " fcode="extractvalue"/>
<opset="data1_6_V/6 "/>
</bind>
</comp>

<comp id="288" class="1004" name="data1_7_V_fu_288">
<pin_list>
<pin id="289" dir="0" index="0" bw="128" slack="0"/>
<pin id="290" dir="1" index="1" bw="16" slack="1"/>
</pin_list>
<bind>
<opcode="extractvalue(56) " fcode="extractvalue"/>
<opset="data1_7_V/6 "/>
</bind>
</comp>

<comp id="292" class="1005" name="data0_logits_0_V_reg_292">
<pin_list>
<pin id="293" dir="0" index="0" bw="16" slack="1"/>
<pin id="294" dir="1" index="1" bw="16" slack="1"/>
</pin_list>
<bind>
<opset="data0_logits_0_V "/>
</bind>
</comp>

<comp id="297" class="1005" name="data0_logits_1_V_reg_297">
<pin_list>
<pin id="298" dir="0" index="0" bw="16" slack="1"/>
<pin id="299" dir="1" index="1" bw="16" slack="1"/>
</pin_list>
<bind>
<opset="data0_logits_1_V "/>
</bind>
</comp>

<comp id="302" class="1005" name="data0_logits_2_V_reg_302">
<pin_list>
<pin id="303" dir="0" index="0" bw="16" slack="1"/>
<pin id="304" dir="1" index="1" bw="16" slack="1"/>
</pin_list>
<bind>
<opset="data0_logits_2_V "/>
</bind>
</comp>

<comp id="307" class="1005" name="data0_logits_3_V_reg_307">
<pin_list>
<pin id="308" dir="0" index="0" bw="16" slack="1"/>
<pin id="309" dir="1" index="1" bw="16" slack="1"/>
</pin_list>
<bind>
<opset="data0_logits_3_V "/>
</bind>
</comp>

<comp id="312" class="1005" name="data0_logits_4_V_reg_312">
<pin_list>
<pin id="313" dir="0" index="0" bw="16" slack="1"/>
<pin id="314" dir="1" index="1" bw="16" slack="1"/>
</pin_list>
<bind>
<opset="data0_logits_4_V "/>
</bind>
</comp>

<comp id="317" class="1005" name="data0_logits_5_V_reg_317">
<pin_list>
<pin id="318" dir="0" index="0" bw="16" slack="1"/>
<pin id="319" dir="1" index="1" bw="16" slack="1"/>
</pin_list>
<bind>
<opset="data0_logits_5_V "/>
</bind>
</comp>

<comp id="322" class="1005" name="data0_logits_6_V_reg_322">
<pin_list>
<pin id="323" dir="0" index="0" bw="16" slack="1"/>
<pin id="324" dir="1" index="1" bw="16" slack="1"/>
</pin_list>
<bind>
<opset="data0_logits_6_V "/>
</bind>
</comp>

<comp id="327" class="1005" name="data0_logits_7_V_reg_327">
<pin_list>
<pin id="328" dir="0" index="0" bw="16" slack="1"/>
<pin id="329" dir="1" index="1" bw="16" slack="1"/>
</pin_list>
<bind>
<opset="data0_logits_7_V "/>
</bind>
</comp>

<comp id="332" class="1005" name="data0_0_V_reg_332">
<pin_list>
<pin id="333" dir="0" index="0" bw="16" slack="1"/>
<pin id="334" dir="1" index="1" bw="16" slack="1"/>
</pin_list>
<bind>
<opset="data0_0_V "/>
</bind>
</comp>

<comp id="337" class="1005" name="data0_1_V_reg_337">
<pin_list>
<pin id="338" dir="0" index="0" bw="16" slack="1"/>
<pin id="339" dir="1" index="1" bw="16" slack="1"/>
</pin_list>
<bind>
<opset="data0_1_V "/>
</bind>
</comp>

<comp id="342" class="1005" name="data0_2_V_reg_342">
<pin_list>
<pin id="343" dir="0" index="0" bw="16" slack="1"/>
<pin id="344" dir="1" index="1" bw="16" slack="1"/>
</pin_list>
<bind>
<opset="data0_2_V "/>
</bind>
</comp>

<comp id="347" class="1005" name="data0_3_V_reg_347">
<pin_list>
<pin id="348" dir="0" index="0" bw="16" slack="1"/>
<pin id="349" dir="1" index="1" bw="16" slack="1"/>
</pin_list>
<bind>
<opset="data0_3_V "/>
</bind>
</comp>

<comp id="352" class="1005" name="data0_4_V_reg_352">
<pin_list>
<pin id="353" dir="0" index="0" bw="16" slack="1"/>
<pin id="354" dir="1" index="1" bw="16" slack="1"/>
</pin_list>
<bind>
<opset="data0_4_V "/>
</bind>
</comp>

<comp id="357" class="1005" name="data0_5_V_reg_357">
<pin_list>
<pin id="358" dir="0" index="0" bw="16" slack="1"/>
<pin id="359" dir="1" index="1" bw="16" slack="1"/>
</pin_list>
<bind>
<opset="data0_5_V "/>
</bind>
</comp>

<comp id="362" class="1005" name="data0_6_V_reg_362">
<pin_list>
<pin id="363" dir="0" index="0" bw="16" slack="1"/>
<pin id="364" dir="1" index="1" bw="16" slack="1"/>
</pin_list>
<bind>
<opset="data0_6_V "/>
</bind>
</comp>

<comp id="367" class="1005" name="data0_7_V_reg_367">
<pin_list>
<pin id="368" dir="0" index="0" bw="16" slack="1"/>
<pin id="369" dir="1" index="1" bw="16" slack="1"/>
</pin_list>
<bind>
<opset="data0_7_V "/>
</bind>
</comp>

<comp id="372" class="1005" name="data1_logits_0_V_reg_372">
<pin_list>
<pin id="373" dir="0" index="0" bw="16" slack="1"/>
<pin id="374" dir="1" index="1" bw="16" slack="1"/>
</pin_list>
<bind>
<opset="data1_logits_0_V "/>
</bind>
</comp>

<comp id="377" class="1005" name="data1_logits_1_V_reg_377">
<pin_list>
<pin id="378" dir="0" index="0" bw="16" slack="1"/>
<pin id="379" dir="1" index="1" bw="16" slack="1"/>
</pin_list>
<bind>
<opset="data1_logits_1_V "/>
</bind>
</comp>

<comp id="382" class="1005" name="data1_logits_2_V_reg_382">
<pin_list>
<pin id="383" dir="0" index="0" bw="16" slack="1"/>
<pin id="384" dir="1" index="1" bw="16" slack="1"/>
</pin_list>
<bind>
<opset="data1_logits_2_V "/>
</bind>
</comp>

<comp id="387" class="1005" name="data1_logits_3_V_reg_387">
<pin_list>
<pin id="388" dir="0" index="0" bw="16" slack="1"/>
<pin id="389" dir="1" index="1" bw="16" slack="1"/>
</pin_list>
<bind>
<opset="data1_logits_3_V "/>
</bind>
</comp>

<comp id="392" class="1005" name="data1_logits_4_V_reg_392">
<pin_list>
<pin id="393" dir="0" index="0" bw="16" slack="1"/>
<pin id="394" dir="1" index="1" bw="16" slack="1"/>
</pin_list>
<bind>
<opset="data1_logits_4_V "/>
</bind>
</comp>

<comp id="397" class="1005" name="data1_logits_5_V_reg_397">
<pin_list>
<pin id="398" dir="0" index="0" bw="16" slack="1"/>
<pin id="399" dir="1" index="1" bw="16" slack="1"/>
</pin_list>
<bind>
<opset="data1_logits_5_V "/>
</bind>
</comp>

<comp id="402" class="1005" name="data1_logits_6_V_reg_402">
<pin_list>
<pin id="403" dir="0" index="0" bw="16" slack="1"/>
<pin id="404" dir="1" index="1" bw="16" slack="1"/>
</pin_list>
<bind>
<opset="data1_logits_6_V "/>
</bind>
</comp>

<comp id="407" class="1005" name="data1_logits_7_V_reg_407">
<pin_list>
<pin id="408" dir="0" index="0" bw="16" slack="1"/>
<pin id="409" dir="1" index="1" bw="16" slack="1"/>
</pin_list>
<bind>
<opset="data1_logits_7_V "/>
</bind>
</comp>

<comp id="412" class="1005" name="data1_0_V_reg_412">
<pin_list>
<pin id="413" dir="0" index="0" bw="16" slack="1"/>
<pin id="414" dir="1" index="1" bw="16" slack="1"/>
</pin_list>
<bind>
<opset="data1_0_V "/>
</bind>
</comp>

<comp id="417" class="1005" name="data1_1_V_reg_417">
<pin_list>
<pin id="418" dir="0" index="0" bw="16" slack="1"/>
<pin id="419" dir="1" index="1" bw="16" slack="1"/>
</pin_list>
<bind>
<opset="data1_1_V "/>
</bind>
</comp>

<comp id="422" class="1005" name="data1_2_V_reg_422">
<pin_list>
<pin id="423" dir="0" index="0" bw="16" slack="1"/>
<pin id="424" dir="1" index="1" bw="16" slack="1"/>
</pin_list>
<bind>
<opset="data1_2_V "/>
</bind>
</comp>

<comp id="427" class="1005" name="data1_3_V_reg_427">
<pin_list>
<pin id="428" dir="0" index="0" bw="16" slack="1"/>
<pin id="429" dir="1" index="1" bw="16" slack="1"/>
</pin_list>
<bind>
<opset="data1_3_V "/>
</bind>
</comp>

<comp id="432" class="1005" name="data1_4_V_reg_432">
<pin_list>
<pin id="433" dir="0" index="0" bw="16" slack="1"/>
<pin id="434" dir="1" index="1" bw="16" slack="1"/>
</pin_list>
<bind>
<opset="data1_4_V "/>
</bind>
</comp>

<comp id="437" class="1005" name="data1_5_V_reg_437">
<pin_list>
<pin id="438" dir="0" index="0" bw="16" slack="1"/>
<pin id="439" dir="1" index="1" bw="16" slack="1"/>
</pin_list>
<bind>
<opset="data1_5_V "/>
</bind>
</comp>

<comp id="442" class="1005" name="data1_6_V_reg_442">
<pin_list>
<pin id="443" dir="0" index="0" bw="16" slack="1"/>
<pin id="444" dir="1" index="1" bw="16" slack="1"/>
</pin_list>
<bind>
<opset="data1_6_V "/>
</bind>
</comp>

<comp id="447" class="1005" name="data1_7_V_reg_447">
<pin_list>
<pin id="448" dir="0" index="0" bw="16" slack="1"/>
<pin id="449" dir="1" index="1" bw="16" slack="1"/>
</pin_list>
<bind>
<opset="data1_7_V "/>
</bind>
</comp>

</comp_list>

<net_list>
<net id="36"><net_src comp="20" pin="0"/><net_sink comp="32" pin=0"/></net>

<net id="37"><net_src comp="18" pin="0"/><net_sink comp="32" pin=1"/></net>

<net id="42"><net_src comp="20" pin="0"/><net_sink comp="38" pin=0"/></net>

<net id="43"><net_src comp="16" pin="0"/><net_sink comp="38" pin=1"/></net>

<net id="48"><net_src comp="20" pin="0"/><net_sink comp="44" pin=0"/></net>

<net id="49"><net_src comp="14" pin="0"/><net_sink comp="44" pin=1"/></net>

<net id="54"><net_src comp="20" pin="0"/><net_sink comp="50" pin=0"/></net>

<net id="55"><net_src comp="12" pin="0"/><net_sink comp="50" pin=1"/></net>

<net id="60"><net_src comp="20" pin="0"/><net_sink comp="56" pin=0"/></net>

<net id="61"><net_src comp="10" pin="0"/><net_sink comp="56" pin=1"/></net>

<net id="66"><net_src comp="20" pin="0"/><net_sink comp="62" pin=0"/></net>

<net id="67"><net_src comp="8" pin="0"/><net_sink comp="62" pin=1"/></net>

<net id="72"><net_src comp="20" pin="0"/><net_sink comp="68" pin=0"/></net>

<net id="73"><net_src comp="6" pin="0"/><net_sink comp="68" pin=1"/></net>

<net id="78"><net_src comp="20" pin="0"/><net_sink comp="74" pin=0"/></net>

<net id="79"><net_src comp="4" pin="0"/><net_sink comp="74" pin=1"/></net>

<net id="84"><net_src comp="20" pin="0"/><net_sink comp="80" pin=0"/></net>

<net id="85"><net_src comp="2" pin="0"/><net_sink comp="80" pin=1"/></net>

<net id="90"><net_src comp="20" pin="0"/><net_sink comp="86" pin=0"/></net>

<net id="91"><net_src comp="0" pin="0"/><net_sink comp="86" pin=1"/></net>

<net id="105"><net_src comp="22" pin="0"/><net_sink comp="92" pin=0"/></net>

<net id="106"><net_src comp="86" pin="2"/><net_sink comp="92" pin=1"/></net>

<net id="107"><net_src comp="80" pin="2"/><net_sink comp="92" pin=2"/></net>

<net id="108"><net_src comp="74" pin="2"/><net_sink comp="92" pin=3"/></net>

<net id="109"><net_src comp="68" pin="2"/><net_sink comp="92" pin=4"/></net>

<net id="110"><net_src comp="62" pin="2"/><net_sink comp="92" pin=5"/></net>

<net id="111"><net_src comp="56" pin="2"/><net_sink comp="92" pin=6"/></net>

<net id="112"><net_src comp="50" pin="2"/><net_sink comp="92" pin=7"/></net>

<net id="113"><net_src comp="44" pin="2"/><net_sink comp="92" pin=8"/></net>

<net id="114"><net_src comp="38" pin="2"/><net_sink comp="92" pin=9"/></net>

<net id="115"><net_src comp="32" pin="2"/><net_sink comp="92" pin=10"/></net>

<net id="127"><net_src comp="26" pin="0"/><net_sink comp="116" pin=0"/></net>

<net id="139"><net_src comp="30" pin="0"/><net_sink comp="128" pin=0"/></net>

<net id="151"><net_src comp="24" pin="0"/><net_sink comp="140" pin=0"/></net>

<net id="163"><net_src comp="28" pin="0"/><net_sink comp="152" pin=0"/></net>

<net id="167"><net_src comp="92" pin="11"/><net_sink comp="164" pin=0"/></net>

<net id="171"><net_src comp="92" pin="11"/><net_sink comp="168" pin=0"/></net>

<net id="175"><net_src comp="92" pin="11"/><net_sink comp="172" pin=0"/></net>

<net id="179"><net_src comp="92" pin="11"/><net_sink comp="176" pin=0"/></net>

<net id="183"><net_src comp="92" pin="11"/><net_sink comp="180" pin=0"/></net>

<net id="187"><net_src comp="92" pin="11"/><net_sink comp="184" pin=0"/></net>

<net id="191"><net_src comp="92" pin="11"/><net_sink comp="188" pin=0"/></net>

<net id="195"><net_src comp="92" pin="11"/><net_sink comp="192" pin=0"/></net>

<net id="199"><net_src comp="140" pin="9"/><net_sink comp="196" pin=0"/></net>

<net id="203"><net_src comp="140" pin="9"/><net_sink comp="200" pin=0"/></net>

<net id="207"><net_src comp="140" pin="9"/><net_sink comp="204" pin=0"/></net>

<net id="211"><net_src comp="140" pin="9"/><net_sink comp="208" pin=0"/></net>

<net id="215"><net_src comp="140" pin="9"/><net_sink comp="212" pin=0"/></net>

<net id="219"><net_src comp="140" pin="9"/><net_sink comp="216" pin=0"/></net>

<net id="223"><net_src comp="140" pin="9"/><net_sink comp="220" pin=0"/></net>

<net id="227"><net_src comp="140" pin="9"/><net_sink comp="224" pin=0"/></net>

<net id="231"><net_src comp="116" pin="9"/><net_sink comp="228" pin=0"/></net>

<net id="235"><net_src comp="116" pin="9"/><net_sink comp="232" pin=0"/></net>

<net id="239"><net_src comp="116" pin="9"/><net_sink comp="236" pin=0"/></net>

<net id="243"><net_src comp="116" pin="9"/><net_sink comp="240" pin=0"/></net>

<net id="247"><net_src comp="116" pin="9"/><net_sink comp="244" pin=0"/></net>

<net id="251"><net_src comp="116" pin="9"/><net_sink comp="248" pin=0"/></net>

<net id="255"><net_src comp="116" pin="9"/><net_sink comp="252" pin=0"/></net>

<net id="259"><net_src comp="116" pin="9"/><net_sink comp="256" pin=0"/></net>

<net id="263"><net_src comp="152" pin="9"/><net_sink comp="260" pin=0"/></net>

<net id="267"><net_src comp="152" pin="9"/><net_sink comp="264" pin=0"/></net>

<net id="271"><net_src comp="152" pin="9"/><net_sink comp="268" pin=0"/></net>

<net id="275"><net_src comp="152" pin="9"/><net_sink comp="272" pin=0"/></net>

<net id="279"><net_src comp="152" pin="9"/><net_sink comp="276" pin=0"/></net>

<net id="283"><net_src comp="152" pin="9"/><net_sink comp="280" pin=0"/></net>

<net id="287"><net_src comp="152" pin="9"/><net_sink comp="284" pin=0"/></net>

<net id="291"><net_src comp="152" pin="9"/><net_sink comp="288" pin=0"/></net>

<net id="295"><net_src comp="164" pin="1"/><net_sink comp="292" pin=0"/></net>

<net id="296"><net_src comp="292" pin="1"/><net_sink comp="140" pin=1"/></net>

<net id="300"><net_src comp="168" pin="1"/><net_sink comp="297" pin=0"/></net>

<net id="301"><net_src comp="297" pin="1"/><net_sink comp="140" pin=2"/></net>

<net id="305"><net_src comp="172" pin="1"/><net_sink comp="302" pin=0"/></net>

<net id="306"><net_src comp="302" pin="1"/><net_sink comp="140" pin=3"/></net>

<net id="310"><net_src comp="176" pin="1"/><net_sink comp="307" pin=0"/></net>

<net id="311"><net_src comp="307" pin="1"/><net_sink comp="140" pin=4"/></net>

<net id="315"><net_src comp="180" pin="1"/><net_sink comp="312" pin=0"/></net>

<net id="316"><net_src comp="312" pin="1"/><net_sink comp="140" pin=5"/></net>

<net id="320"><net_src comp="184" pin="1"/><net_sink comp="317" pin=0"/></net>

<net id="321"><net_src comp="317" pin="1"/><net_sink comp="140" pin=6"/></net>

<net id="325"><net_src comp="188" pin="1"/><net_sink comp="322" pin=0"/></net>

<net id="326"><net_src comp="322" pin="1"/><net_sink comp="140" pin=7"/></net>

<net id="330"><net_src comp="192" pin="1"/><net_sink comp="327" pin=0"/></net>

<net id="331"><net_src comp="327" pin="1"/><net_sink comp="140" pin=8"/></net>

<net id="335"><net_src comp="196" pin="1"/><net_sink comp="332" pin=0"/></net>

<net id="336"><net_src comp="332" pin="1"/><net_sink comp="116" pin=1"/></net>

<net id="340"><net_src comp="200" pin="1"/><net_sink comp="337" pin=0"/></net>

<net id="341"><net_src comp="337" pin="1"/><net_sink comp="116" pin=2"/></net>

<net id="345"><net_src comp="204" pin="1"/><net_sink comp="342" pin=0"/></net>

<net id="346"><net_src comp="342" pin="1"/><net_sink comp="116" pin=3"/></net>

<net id="350"><net_src comp="208" pin="1"/><net_sink comp="347" pin=0"/></net>

<net id="351"><net_src comp="347" pin="1"/><net_sink comp="116" pin=4"/></net>

<net id="355"><net_src comp="212" pin="1"/><net_sink comp="352" pin=0"/></net>

<net id="356"><net_src comp="352" pin="1"/><net_sink comp="116" pin=5"/></net>

<net id="360"><net_src comp="216" pin="1"/><net_sink comp="357" pin=0"/></net>

<net id="361"><net_src comp="357" pin="1"/><net_sink comp="116" pin=6"/></net>

<net id="365"><net_src comp="220" pin="1"/><net_sink comp="362" pin=0"/></net>

<net id="366"><net_src comp="362" pin="1"/><net_sink comp="116" pin=7"/></net>

<net id="370"><net_src comp="224" pin="1"/><net_sink comp="367" pin=0"/></net>

<net id="371"><net_src comp="367" pin="1"/><net_sink comp="116" pin=8"/></net>

<net id="375"><net_src comp="228" pin="1"/><net_sink comp="372" pin=0"/></net>

<net id="376"><net_src comp="372" pin="1"/><net_sink comp="152" pin=1"/></net>

<net id="380"><net_src comp="232" pin="1"/><net_sink comp="377" pin=0"/></net>

<net id="381"><net_src comp="377" pin="1"/><net_sink comp="152" pin=2"/></net>

<net id="385"><net_src comp="236" pin="1"/><net_sink comp="382" pin=0"/></net>

<net id="386"><net_src comp="382" pin="1"/><net_sink comp="152" pin=3"/></net>

<net id="390"><net_src comp="240" pin="1"/><net_sink comp="387" pin=0"/></net>

<net id="391"><net_src comp="387" pin="1"/><net_sink comp="152" pin=4"/></net>

<net id="395"><net_src comp="244" pin="1"/><net_sink comp="392" pin=0"/></net>

<net id="396"><net_src comp="392" pin="1"/><net_sink comp="152" pin=5"/></net>

<net id="400"><net_src comp="248" pin="1"/><net_sink comp="397" pin=0"/></net>

<net id="401"><net_src comp="397" pin="1"/><net_sink comp="152" pin=6"/></net>

<net id="405"><net_src comp="252" pin="1"/><net_sink comp="402" pin=0"/></net>

<net id="406"><net_src comp="402" pin="1"/><net_sink comp="152" pin=7"/></net>

<net id="410"><net_src comp="256" pin="1"/><net_sink comp="407" pin=0"/></net>

<net id="411"><net_src comp="407" pin="1"/><net_sink comp="152" pin=8"/></net>

<net id="415"><net_src comp="260" pin="1"/><net_sink comp="412" pin=0"/></net>

<net id="416"><net_src comp="412" pin="1"/><net_sink comp="128" pin=1"/></net>

<net id="420"><net_src comp="264" pin="1"/><net_sink comp="417" pin=0"/></net>

<net id="421"><net_src comp="417" pin="1"/><net_sink comp="128" pin=2"/></net>

<net id="425"><net_src comp="268" pin="1"/><net_sink comp="422" pin=0"/></net>

<net id="426"><net_src comp="422" pin="1"/><net_sink comp="128" pin=3"/></net>

<net id="430"><net_src comp="272" pin="1"/><net_sink comp="427" pin=0"/></net>

<net id="431"><net_src comp="427" pin="1"/><net_sink comp="128" pin=4"/></net>

<net id="435"><net_src comp="276" pin="1"/><net_sink comp="432" pin=0"/></net>

<net id="436"><net_src comp="432" pin="1"/><net_sink comp="128" pin=5"/></net>

<net id="440"><net_src comp="280" pin="1"/><net_sink comp="437" pin=0"/></net>

<net id="441"><net_src comp="437" pin="1"/><net_sink comp="128" pin=6"/></net>

<net id="445"><net_src comp="284" pin="1"/><net_sink comp="442" pin=0"/></net>

<net id="446"><net_src comp="442" pin="1"/><net_sink comp="128" pin=7"/></net>

<net id="450"><net_src comp="288" pin="1"/><net_sink comp="447" pin=0"/></net>

<net id="451"><net_src comp="447" pin="1"/><net_sink comp="128" pin=8"/></net>

</net_list>

</model> 
---------------- Datapath Model END ------------------

* FSMD analyzer results:
  - Output states:
 - Input state : 
	Port: dense_mult_3lyr<ap_fixed,ap_fixed<16,8,5,3,0>,config7> : data_0_V_read | {1 }
	Port: dense_mult_3lyr<ap_fixed,ap_fixed<16,8,5,3,0>,config7> : data_1_V_read | {1 }
	Port: dense_mult_3lyr<ap_fixed,ap_fixed<16,8,5,3,0>,config7> : data_2_V_read | {1 }
	Port: dense_mult_3lyr<ap_fixed,ap_fixed<16,8,5,3,0>,config7> : data_3_V_read | {1 }
	Port: dense_mult_3lyr<ap_fixed,ap_fixed<16,8,5,3,0>,config7> : data_4_V_read | {1 }
	Port: dense_mult_3lyr<ap_fixed,ap_fixed<16,8,5,3,0>,config7> : data_5_V_read | {1 }
	Port: dense_mult_3lyr<ap_fixed,ap_fixed<16,8,5,3,0>,config7> : data_6_V_read | {1 }
	Port: dense_mult_3lyr<ap_fixed,ap_fixed<16,8,5,3,0>,config7> : data_7_V_read | {1 }
	Port: dense_mult_3lyr<ap_fixed,ap_fixed<16,8,5,3,0>,config7> : data_8_V_read | {1 }
	Port: dense_mult_3lyr<ap_fixed,ap_fixed<16,8,5,3,0>,config7> : data_9_V_read | {1 }
  - Chain level:
	State 1
	State 2
		data0_logits_0_V : 1
		data0_logits_1_V : 1
		data0_logits_2_V : 1
		data0_logits_3_V : 1
		data0_logits_4_V : 1
		data0_logits_5_V : 1
		data0_logits_6_V : 1
		data0_logits_7_V : 1
	State 3
		data0_0_V : 1
		data0_1_V : 1
		data0_2_V : 1
		data0_3_V : 1
		data0_4_V : 1
		data0_5_V : 1
		data0_6_V : 1
		data0_7_V : 1
	State 4
	State 5
		data1_logits_0_V : 1
		data1_logits_1_V : 1
		data1_logits_2_V : 1
		data1_logits_3_V : 1
		data1_logits_4_V : 1
		data1_logits_5_V : 1
		data1_logits_6_V : 1
		data1_logits_7_V : 1
	State 6
		data1_0_V : 1
		data1_1_V : 1
		data1_2_V : 1
		data1_3_V : 1
		data1_4_V : 1
		data1_5_V : 1
		data1_6_V : 1
		data1_7_V : 1
	State 7
	State 8
		ret_ln189 : 1


============================================================
+ Verbose Summary: Datapath Resource usage 
============================================================

* Functional unit list:
|----------|--------------------------------------------------------------------|---------|---------|---------|
| Operation|                           Functional Unit                          |  DSP48E |    FF   |   LUT   |
|----------|--------------------------------------------------------------------|---------|---------|---------|
|          |       grp_dense_resource_rf_leq_nin_0_0_0_0_0_0_0_0_0_1_fu_92      |    57   |   441   |   1713  |
|          |       grp_dense_resource_rf_leq_nin_0_0_0_0_0_0_0_0_0_fu_116       |    35   |   285   |   1658  |
|   call   |           grp_dense_resource_rf_leq_nin_0_0_0_0_0_fu_128           |    19   |   156   |   686   |
|          | call_ret47_relu_ap_fixed_ap_fixed_16_8_5_3_0_relu_config1_s_fu_140 |    0    |    0    |   224   |
|          |  call_ret_relu_ap_fixed_ap_fixed_16_8_5_3_0_relu_config2_s_fu_152  |    0    |    0    |   224   |
|----------|--------------------------------------------------------------------|---------|---------|---------|
|          |                     data_9_V_read_3_read_fu_32                     |    0    |    0    |    0    |
|          |                     data_8_V_read_3_read_fu_38                     |    0    |    0    |    0    |
|          |                     data_7_V_read_12_read_fu_44                    |    0    |    0    |    0    |
|          |                     data_6_V_read_13_read_fu_50                    |    0    |    0    |    0    |
|   read   |                     data_5_V_read_14_read_fu_56                    |    0    |    0    |    0    |
|          |                     data_4_V_read_14_read_fu_62                    |    0    |    0    |    0    |
|          |                     data_3_V_read_14_read_fu_68                    |    0    |    0    |    0    |
|          |                     data_2_V_read_14_read_fu_74                    |    0    |    0    |    0    |
|          |                     data_1_V_read_14_read_fu_80                    |    0    |    0    |    0    |
|          |                     data_0_V_read_14_read_fu_86                    |    0    |    0    |    0    |
|----------|--------------------------------------------------------------------|---------|---------|---------|
|          |                       data0_logits_0_V_fu_164                      |    0    |    0    |    0    |
|          |                       data0_logits_1_V_fu_168                      |    0    |    0    |    0    |
|          |                       data0_logits_2_V_fu_172                      |    0    |    0    |    0    |
|          |                       data0_logits_3_V_fu_176                      |    0    |    0    |    0    |
|          |                       data0_logits_4_V_fu_180                      |    0    |    0    |    0    |
|          |                       data0_logits_5_V_fu_184                      |    0    |    0    |    0    |
|          |                       data0_logits_6_V_fu_188                      |    0    |    0    |    0    |
|          |                       data0_logits_7_V_fu_192                      |    0    |    0    |    0    |
|          |                          data0_0_V_fu_196                          |    0    |    0    |    0    |
|          |                          data0_1_V_fu_200                          |    0    |    0    |    0    |
|          |                          data0_2_V_fu_204                          |    0    |    0    |    0    |
|          |                          data0_3_V_fu_208                          |    0    |    0    |    0    |
|          |                          data0_4_V_fu_212                          |    0    |    0    |    0    |
|          |                          data0_5_V_fu_216                          |    0    |    0    |    0    |
|          |                          data0_6_V_fu_220                          |    0    |    0    |    0    |
|extractvalue|                          data0_7_V_fu_224                          |    0    |    0    |    0    |
|          |                       data1_logits_0_V_fu_228                      |    0    |    0    |    0    |
|          |                       data1_logits_1_V_fu_232                      |    0    |    0    |    0    |
|          |                       data1_logits_2_V_fu_236                      |    0    |    0    |    0    |
|          |                       data1_logits_3_V_fu_240                      |    0    |    0    |    0    |
|          |                       data1_logits_4_V_fu_244                      |    0    |    0    |    0    |
|          |                       data1_logits_5_V_fu_248                      |    0    |    0    |    0    |
|          |                       data1_logits_6_V_fu_252                      |    0    |    0    |    0    |
|          |                       data1_logits_7_V_fu_256                      |    0    |    0    |    0    |
|          |                          data1_0_V_fu_260                          |    0    |    0    |    0    |
|          |                          data1_1_V_fu_264                          |    0    |    0    |    0    |
|          |                          data1_2_V_fu_268                          |    0    |    0    |    0    |
|          |                          data1_3_V_fu_272                          |    0    |    0    |    0    |
|          |                          data1_4_V_fu_276                          |    0    |    0    |    0    |
|          |                          data1_5_V_fu_280                          |    0    |    0    |    0    |
|          |                          data1_6_V_fu_284                          |    0    |    0    |    0    |
|          |                          data1_7_V_fu_288                          |    0    |    0    |    0    |
|----------|--------------------------------------------------------------------|---------|---------|---------|
|   Total  |                                                                    |   111   |   882   |   4505  |
|----------|--------------------------------------------------------------------|---------|---------|---------|

Memories:
N/A

* Register list:
+------------------------+--------+
|                        |   FF   |
+------------------------+--------+
|    data0_0_V_reg_332   |   16   |
|    data0_1_V_reg_337   |   16   |
|    data0_2_V_reg_342   |   16   |
|    data0_3_V_reg_347   |   16   |
|    data0_4_V_reg_352   |   16   |
|    data0_5_V_reg_357   |   16   |
|    data0_6_V_reg_362   |   16   |
|    data0_7_V_reg_367   |   16   |
|data0_logits_0_V_reg_292|   16   |
|data0_logits_1_V_reg_297|   16   |
|data0_logits_2_V_reg_302|   16   |
|data0_logits_3_V_reg_307|   16   |
|data0_logits_4_V_reg_312|   16   |
|data0_logits_5_V_reg_317|   16   |
|data0_logits_6_V_reg_322|   16   |
|data0_logits_7_V_reg_327|   16   |
|    data1_0_V_reg_412   |   16   |
|    data1_1_V_reg_417   |   16   |
|    data1_2_V_reg_422   |   16   |
|    data1_3_V_reg_427   |   16   |
|    data1_4_V_reg_432   |   16   |
|    data1_5_V_reg_437   |   16   |
|    data1_6_V_reg_442   |   16   |
|    data1_7_V_reg_447   |   16   |
|data1_logits_0_V_reg_372|   16   |
|data1_logits_1_V_reg_377|   16   |
|data1_logits_2_V_reg_382|   16   |
|data1_logits_3_V_reg_387|   16   |
|data1_logits_4_V_reg_392|   16   |
|data1_logits_5_V_reg_397|   16   |
|data1_logits_6_V_reg_402|   16   |
|data1_logits_7_V_reg_407|   16   |
+------------------------+--------+
|          Total         |   512  |
+------------------------+--------+

* Multiplexer (MUX) list: 
|--------|------|------|------|--------|
|  Comp  |  Pin | Size |  BW  | S x BW |
|--------|------|------|------|--------|
|  Total |      |      |      |    0   |
|--------|------|------|------|--------|



* Summary:
+-----------+--------+--------+--------+
|           | DSP48E |   FF   |   LUT  |
+-----------+--------+--------+--------+
|  Function |   111  |   882  |  4505  |
|   Memory  |    -   |    -   |    -   |
|Multiplexer|    -   |    -   |    -   |
|  Register |    -   |   512  |    -   |
+-----------+--------+--------+--------+
|   Total   |   111  |  1394  |  4505  |
+-----------+--------+--------+--------+
