

================================================================
== Vivado HLS Report for 'relu_ap_fixed_ap_fixed_16_8_5_3_0_relu_config2_2'
================================================================
* Date:           Tue Nov  9 09:58:39 2021

* Version:        2019.2 (Build 2704478 on Wed Nov 06 22:10:23 MST 2019)
* Project:        myproject_prj
* Solution:       solution12
* Product family: virtexuplus
* Target device:  xcvu9p-flga2104-2L-e


================================================================
== Performance Estimates
================================================================
+ Timing: 
    * Summary: 
    +--------+---------+----------+------------+
    |  Clock |  Target | Estimated| Uncertainty|
    +--------+---------+----------+------------+
    |ap_clk  | 5.00 ns | 0.969 ns |   0.62 ns  |
    +--------+---------+----------+------------+

+ Latency: 
    * Summary: 
    +---------+---------+----------+----------+-----+-----+----------+
    |  Latency (cycles) |  Latency (absolute) |  Interval | Pipeline |
    |   min   |   max   |    min   |    max   | min | max |   Type   |
    +---------+---------+----------+----------+-----+-----+----------+
    |        0|        0|   0 ns   |   0 ns   |    1|    1| function |
    +---------+---------+----------+----------+-----+-----+----------+

    + Detail: 
        * Instance: 
        N/A

        * Loop: 
        N/A

============================================================
+ Verbose Summary: Synthesis Manager
============================================================
InlineROM: 1
ExposeGlobal: 0
============================================================
+ Verbose Summary: CDFG Model
============================================================
IsTopModel: 0
ResetActiveHigh: 1
IsCombinational: 0
IsDatapathOnly: 0
HasWiredReturn: 1
HasMFsm: 2
HasVarLatency: 0
IsPipeline: 1
IsRtlPipelined: 0
IsInstanceOverlapped: 0
IsDontTouch: 0
HasImplIP: 0
IsGatedGlobalClock: 0

+ Individual pipeline summary: 
  * Pipeline-0: initiation interval (II) = 1, depth = 1


============================================================
+ Verbose Summary: Schedule
============================================================
* Number of FSM states : 1
* Pipeline : 1
  Pipeline-0 : II = 1, D = 1, States = { 1 }
* Dataflow Pipeline: 0

* FSM state transitions: 
1 --> 

* FSM state operations: 

State 1 <SV = 0> <Delay = 0.96>
ST_1 : Operation 2 [1/1] (0.00ns)   --->   "%data_7_V_read_1 = call i16 @_ssdm_op_Read.ap_auto.i16(i16 %data_7_V_read)" [firmware/nnet_utils/nnet_activation.h:69]   --->   Operation 2 'read' 'data_7_V_read_1' <Predicate = true> <Delay = 0.00>
ST_1 : Operation 3 [1/1] (0.00ns)   --->   "%data_6_V_read_1 = call i16 @_ssdm_op_Read.ap_auto.i16(i16 %data_6_V_read)" [firmware/nnet_utils/nnet_activation.h:69]   --->   Operation 3 'read' 'data_6_V_read_1' <Predicate = true> <Delay = 0.00>
ST_1 : Operation 4 [1/1] (0.00ns)   --->   "%data_5_V_read_1 = call i16 @_ssdm_op_Read.ap_auto.i16(i16 %data_5_V_read)" [firmware/nnet_utils/nnet_activation.h:69]   --->   Operation 4 'read' 'data_5_V_read_1' <Predicate = true> <Delay = 0.00>
ST_1 : Operation 5 [1/1] (0.00ns)   --->   "%data_4_V_read_1 = call i16 @_ssdm_op_Read.ap_auto.i16(i16 %data_4_V_read)" [firmware/nnet_utils/nnet_activation.h:69]   --->   Operation 5 'read' 'data_4_V_read_1' <Predicate = true> <Delay = 0.00>
ST_1 : Operation 6 [1/1] (0.00ns)   --->   "%data_3_V_read_1 = call i16 @_ssdm_op_Read.ap_auto.i16(i16 %data_3_V_read)" [firmware/nnet_utils/nnet_activation.h:69]   --->   Operation 6 'read' 'data_3_V_read_1' <Predicate = true> <Delay = 0.00>
ST_1 : Operation 7 [1/1] (0.00ns)   --->   "%data_2_V_read_1 = call i16 @_ssdm_op_Read.ap_auto.i16(i16 %data_2_V_read)" [firmware/nnet_utils/nnet_activation.h:69]   --->   Operation 7 'read' 'data_2_V_read_1' <Predicate = true> <Delay = 0.00>
ST_1 : Operation 8 [1/1] (0.00ns)   --->   "%data_1_V_read_1 = call i16 @_ssdm_op_Read.ap_auto.i16(i16 %data_1_V_read)" [firmware/nnet_utils/nnet_activation.h:69]   --->   Operation 8 'read' 'data_1_V_read_1' <Predicate = true> <Delay = 0.00>
ST_1 : Operation 9 [1/1] (0.00ns)   --->   "%data_0_V_read_1 = call i16 @_ssdm_op_Read.ap_auto.i16(i16 %data_0_V_read)" [firmware/nnet_utils/nnet_activation.h:69]   --->   Operation 9 'read' 'data_0_V_read_1' <Predicate = true> <Delay = 0.00>
ST_1 : Operation 10 [1/1] (0.00ns)   --->   "%tmp = call i32 (...)* @_ssdm_op_SpecRegionBegin([13 x i8]* @p_str49)" [firmware/nnet_utils/nnet_activation.h:71]   --->   Operation 10 'specregionbegin' 'tmp' <Predicate = true> <Delay = 0.00>
ST_1 : Operation 11 [1/1] (0.00ns)   --->   "call void (...)* @_ssdm_op_SpecPipeline(i32 -1, i32 1, i32 1, i32 0, [1 x i8]* @p_str25) nounwind" [firmware/nnet_utils/nnet_activation.h:72]   --->   Operation 11 'specpipeline' <Predicate = true> <Delay = 0.00>
ST_1 : Operation 12 [1/1] (0.00ns)   --->   "%empty = call i32 (...)* @_ssdm_op_SpecRegionEnd([13 x i8]* @p_str49, i32 %tmp)" [firmware/nnet_utils/nnet_activation.h:73]   --->   Operation 12 'specregionend' 'empty' <Predicate = true> <Delay = 0.00>
ST_1 : Operation 13 [1/1] (0.67ns)   --->   "%icmp_ln1494 = icmp sgt i16 %data_0_V_read_1, 0" [firmware/nnet_utils/nnet_activation.h:81]   --->   Operation 13 'icmp' 'icmp_ln1494' <Predicate = true> <Delay = 0.67> <Core = "Cmp">   --->   Core 25 'Cmp' <Latency = 0> <II = 1> <Delay = 0.67> <FuncUnit> <Opcode : 'icmp'> <InPorts = 2> <OutPorts = 1>
ST_1 : Operation 14 [1/1] (0.00ns)   --->   "%trunc_ln81 = trunc i16 %data_0_V_read_1 to i15" [firmware/nnet_utils/nnet_activation.h:81]   --->   Operation 14 'trunc' 'trunc_ln81' <Predicate = (icmp_ln1494)> <Delay = 0.00>
ST_1 : Operation 15 [1/1] (0.29ns)   --->   "%select_ln81 = select i1 %icmp_ln1494, i15 %trunc_ln81, i15 0" [firmware/nnet_utils/nnet_activation.h:81]   --->   Operation 15 'select' 'select_ln81' <Predicate = true> <Delay = 0.29> <Core = "Sel">   --->   Core 26 'Sel' <Latency = 0> <II = 1> <Delay = 0.29> <FuncUnit> <Opcode : 'select'> <InPorts = 3> <OutPorts = 1>
ST_1 : Operation 16 [1/1] (0.00ns)   --->   "%zext_ln81 = zext i15 %select_ln81 to i16" [firmware/nnet_utils/nnet_activation.h:81]   --->   Operation 16 'zext' 'zext_ln81' <Predicate = true> <Delay = 0.00>
ST_1 : Operation 17 [1/1] (0.67ns)   --->   "%icmp_ln1494_1 = icmp sgt i16 %data_1_V_read_1, 0" [firmware/nnet_utils/nnet_activation.h:81]   --->   Operation 17 'icmp' 'icmp_ln1494_1' <Predicate = true> <Delay = 0.67> <Core = "Cmp">   --->   Core 25 'Cmp' <Latency = 0> <II = 1> <Delay = 0.67> <FuncUnit> <Opcode : 'icmp'> <InPorts = 2> <OutPorts = 1>
ST_1 : Operation 18 [1/1] (0.00ns)   --->   "%trunc_ln81_1 = trunc i16 %data_1_V_read_1 to i15" [firmware/nnet_utils/nnet_activation.h:81]   --->   Operation 18 'trunc' 'trunc_ln81_1' <Predicate = (icmp_ln1494_1)> <Delay = 0.00>
ST_1 : Operation 19 [1/1] (0.29ns)   --->   "%select_ln81_1 = select i1 %icmp_ln1494_1, i15 %trunc_ln81_1, i15 0" [firmware/nnet_utils/nnet_activation.h:81]   --->   Operation 19 'select' 'select_ln81_1' <Predicate = true> <Delay = 0.29> <Core = "Sel">   --->   Core 26 'Sel' <Latency = 0> <II = 1> <Delay = 0.29> <FuncUnit> <Opcode : 'select'> <InPorts = 3> <OutPorts = 1>
ST_1 : Operation 20 [1/1] (0.00ns)   --->   "%zext_ln81_1 = zext i15 %select_ln81_1 to i16" [firmware/nnet_utils/nnet_activation.h:81]   --->   Operation 20 'zext' 'zext_ln81_1' <Predicate = true> <Delay = 0.00>
ST_1 : Operation 21 [1/1] (0.67ns)   --->   "%icmp_ln1494_2 = icmp sgt i16 %data_2_V_read_1, 0" [firmware/nnet_utils/nnet_activation.h:81]   --->   Operation 21 'icmp' 'icmp_ln1494_2' <Predicate = true> <Delay = 0.67> <Core = "Cmp">   --->   Core 25 'Cmp' <Latency = 0> <II = 1> <Delay = 0.67> <FuncUnit> <Opcode : 'icmp'> <InPorts = 2> <OutPorts = 1>
ST_1 : Operation 22 [1/1] (0.00ns)   --->   "%trunc_ln81_2 = trunc i16 %data_2_V_read_1 to i15" [firmware/nnet_utils/nnet_activation.h:81]   --->   Operation 22 'trunc' 'trunc_ln81_2' <Predicate = (icmp_ln1494_2)> <Delay = 0.00>
ST_1 : Operation 23 [1/1] (0.29ns)   --->   "%select_ln81_2 = select i1 %icmp_ln1494_2, i15 %trunc_ln81_2, i15 0" [firmware/nnet_utils/nnet_activation.h:81]   --->   Operation 23 'select' 'select_ln81_2' <Predicate = true> <Delay = 0.29> <Core = "Sel">   --->   Core 26 'Sel' <Latency = 0> <II = 1> <Delay = 0.29> <FuncUnit> <Opcode : 'select'> <InPorts = 3> <OutPorts = 1>
ST_1 : Operation 24 [1/1] (0.00ns)   --->   "%zext_ln81_2 = zext i15 %select_ln81_2 to i16" [firmware/nnet_utils/nnet_activation.h:81]   --->   Operation 24 'zext' 'zext_ln81_2' <Predicate = true> <Delay = 0.00>
ST_1 : Operation 25 [1/1] (0.67ns)   --->   "%icmp_ln1494_3 = icmp sgt i16 %data_3_V_read_1, 0" [firmware/nnet_utils/nnet_activation.h:81]   --->   Operation 25 'icmp' 'icmp_ln1494_3' <Predicate = true> <Delay = 0.67> <Core = "Cmp">   --->   Core 25 'Cmp' <Latency = 0> <II = 1> <Delay = 0.67> <FuncUnit> <Opcode : 'icmp'> <InPorts = 2> <OutPorts = 1>
ST_1 : Operation 26 [1/1] (0.00ns)   --->   "%trunc_ln81_3 = trunc i16 %data_3_V_read_1 to i15" [firmware/nnet_utils/nnet_activation.h:81]   --->   Operation 26 'trunc' 'trunc_ln81_3' <Predicate = (icmp_ln1494_3)> <Delay = 0.00>
ST_1 : Operation 27 [1/1] (0.29ns)   --->   "%select_ln81_3 = select i1 %icmp_ln1494_3, i15 %trunc_ln81_3, i15 0" [firmware/nnet_utils/nnet_activation.h:81]   --->   Operation 27 'select' 'select_ln81_3' <Predicate = true> <Delay = 0.29> <Core = "Sel">   --->   Core 26 'Sel' <Latency = 0> <II = 1> <Delay = 0.29> <FuncUnit> <Opcode : 'select'> <InPorts = 3> <OutPorts = 1>
ST_1 : Operation 28 [1/1] (0.00ns)   --->   "%zext_ln81_3 = zext i15 %select_ln81_3 to i16" [firmware/nnet_utils/nnet_activation.h:81]   --->   Operation 28 'zext' 'zext_ln81_3' <Predicate = true> <Delay = 0.00>
ST_1 : Operation 29 [1/1] (0.67ns)   --->   "%icmp_ln1494_4 = icmp sgt i16 %data_4_V_read_1, 0" [firmware/nnet_utils/nnet_activation.h:81]   --->   Operation 29 'icmp' 'icmp_ln1494_4' <Predicate = true> <Delay = 0.67> <Core = "Cmp">   --->   Core 25 'Cmp' <Latency = 0> <II = 1> <Delay = 0.67> <FuncUnit> <Opcode : 'icmp'> <InPorts = 2> <OutPorts = 1>
ST_1 : Operation 30 [1/1] (0.00ns)   --->   "%trunc_ln81_4 = trunc i16 %data_4_V_read_1 to i15" [firmware/nnet_utils/nnet_activation.h:81]   --->   Operation 30 'trunc' 'trunc_ln81_4' <Predicate = (icmp_ln1494_4)> <Delay = 0.00>
ST_1 : Operation 31 [1/1] (0.29ns)   --->   "%select_ln81_4 = select i1 %icmp_ln1494_4, i15 %trunc_ln81_4, i15 0" [firmware/nnet_utils/nnet_activation.h:81]   --->   Operation 31 'select' 'select_ln81_4' <Predicate = true> <Delay = 0.29> <Core = "Sel">   --->   Core 26 'Sel' <Latency = 0> <II = 1> <Delay = 0.29> <FuncUnit> <Opcode : 'select'> <InPorts = 3> <OutPorts = 1>
ST_1 : Operation 32 [1/1] (0.00ns)   --->   "%zext_ln81_4 = zext i15 %select_ln81_4 to i16" [firmware/nnet_utils/nnet_activation.h:81]   --->   Operation 32 'zext' 'zext_ln81_4' <Predicate = true> <Delay = 0.00>
ST_1 : Operation 33 [1/1] (0.67ns)   --->   "%icmp_ln1494_5 = icmp sgt i16 %data_5_V_read_1, 0" [firmware/nnet_utils/nnet_activation.h:81]   --->   Operation 33 'icmp' 'icmp_ln1494_5' <Predicate = true> <Delay = 0.67> <Core = "Cmp">   --->   Core 25 'Cmp' <Latency = 0> <II = 1> <Delay = 0.67> <FuncUnit> <Opcode : 'icmp'> <InPorts = 2> <OutPorts = 1>
ST_1 : Operation 34 [1/1] (0.00ns)   --->   "%trunc_ln81_5 = trunc i16 %data_5_V_read_1 to i15" [firmware/nnet_utils/nnet_activation.h:81]   --->   Operation 34 'trunc' 'trunc_ln81_5' <Predicate = (icmp_ln1494_5)> <Delay = 0.00>
ST_1 : Operation 35 [1/1] (0.29ns)   --->   "%select_ln81_5 = select i1 %icmp_ln1494_5, i15 %trunc_ln81_5, i15 0" [firmware/nnet_utils/nnet_activation.h:81]   --->   Operation 35 'select' 'select_ln81_5' <Predicate = true> <Delay = 0.29> <Core = "Sel">   --->   Core 26 'Sel' <Latency = 0> <II = 1> <Delay = 0.29> <FuncUnit> <Opcode : 'select'> <InPorts = 3> <OutPorts = 1>
ST_1 : Operation 36 [1/1] (0.00ns)   --->   "%zext_ln81_5 = zext i15 %select_ln81_5 to i16" [firmware/nnet_utils/nnet_activation.h:81]   --->   Operation 36 'zext' 'zext_ln81_5' <Predicate = true> <Delay = 0.00>
ST_1 : Operation 37 [1/1] (0.67ns)   --->   "%icmp_ln1494_6 = icmp sgt i16 %data_6_V_read_1, 0" [firmware/nnet_utils/nnet_activation.h:81]   --->   Operation 37 'icmp' 'icmp_ln1494_6' <Predicate = true> <Delay = 0.67> <Core = "Cmp">   --->   Core 25 'Cmp' <Latency = 0> <II = 1> <Delay = 0.67> <FuncUnit> <Opcode : 'icmp'> <InPorts = 2> <OutPorts = 1>
ST_1 : Operation 38 [1/1] (0.00ns)   --->   "%trunc_ln81_6 = trunc i16 %data_6_V_read_1 to i15" [firmware/nnet_utils/nnet_activation.h:81]   --->   Operation 38 'trunc' 'trunc_ln81_6' <Predicate = (icmp_ln1494_6)> <Delay = 0.00>
ST_1 : Operation 39 [1/1] (0.29ns)   --->   "%select_ln81_6 = select i1 %icmp_ln1494_6, i15 %trunc_ln81_6, i15 0" [firmware/nnet_utils/nnet_activation.h:81]   --->   Operation 39 'select' 'select_ln81_6' <Predicate = true> <Delay = 0.29> <Core = "Sel">   --->   Core 26 'Sel' <Latency = 0> <II = 1> <Delay = 0.29> <FuncUnit> <Opcode : 'select'> <InPorts = 3> <OutPorts = 1>
ST_1 : Operation 40 [1/1] (0.00ns)   --->   "%zext_ln81_6 = zext i15 %select_ln81_6 to i16" [firmware/nnet_utils/nnet_activation.h:81]   --->   Operation 40 'zext' 'zext_ln81_6' <Predicate = true> <Delay = 0.00>
ST_1 : Operation 41 [1/1] (0.67ns)   --->   "%icmp_ln1494_7 = icmp sgt i16 %data_7_V_read_1, 0" [firmware/nnet_utils/nnet_activation.h:81]   --->   Operation 41 'icmp' 'icmp_ln1494_7' <Predicate = true> <Delay = 0.67> <Core = "Cmp">   --->   Core 25 'Cmp' <Latency = 0> <II = 1> <Delay = 0.67> <FuncUnit> <Opcode : 'icmp'> <InPorts = 2> <OutPorts = 1>
ST_1 : Operation 42 [1/1] (0.00ns)   --->   "%trunc_ln81_7 = trunc i16 %data_7_V_read_1 to i15" [firmware/nnet_utils/nnet_activation.h:81]   --->   Operation 42 'trunc' 'trunc_ln81_7' <Predicate = (icmp_ln1494_7)> <Delay = 0.00>
ST_1 : Operation 43 [1/1] (0.29ns)   --->   "%select_ln81_7 = select i1 %icmp_ln1494_7, i15 %trunc_ln81_7, i15 0" [firmware/nnet_utils/nnet_activation.h:81]   --->   Operation 43 'select' 'select_ln81_7' <Predicate = true> <Delay = 0.29> <Core = "Sel">   --->   Core 26 'Sel' <Latency = 0> <II = 1> <Delay = 0.29> <FuncUnit> <Opcode : 'select'> <InPorts = 3> <OutPorts = 1>
ST_1 : Operation 44 [1/1] (0.00ns)   --->   "%zext_ln81_7 = zext i15 %select_ln81_7 to i16" [firmware/nnet_utils/nnet_activation.h:81]   --->   Operation 44 'zext' 'zext_ln81_7' <Predicate = true> <Delay = 0.00>
ST_1 : Operation 45 [1/1] (0.00ns)   --->   "%mrv = insertvalue { i16, i16, i16, i16, i16, i16, i16, i16 } undef, i16 %zext_ln81, 0" [firmware/nnet_utils/nnet_activation.h:84]   --->   Operation 45 'insertvalue' 'mrv' <Predicate = true> <Delay = 0.00>
ST_1 : Operation 46 [1/1] (0.00ns)   --->   "%mrv_1 = insertvalue { i16, i16, i16, i16, i16, i16, i16, i16 } %mrv, i16 %zext_ln81_1, 1" [firmware/nnet_utils/nnet_activation.h:84]   --->   Operation 46 'insertvalue' 'mrv_1' <Predicate = true> <Delay = 0.00>
ST_1 : Operation 47 [1/1] (0.00ns)   --->   "%mrv_2 = insertvalue { i16, i16, i16, i16, i16, i16, i16, i16 } %mrv_1, i16 %zext_ln81_2, 2" [firmware/nnet_utils/nnet_activation.h:84]   --->   Operation 47 'insertvalue' 'mrv_2' <Predicate = true> <Delay = 0.00>
ST_1 : Operation 48 [1/1] (0.00ns)   --->   "%mrv_3 = insertvalue { i16, i16, i16, i16, i16, i16, i16, i16 } %mrv_2, i16 %zext_ln81_3, 3" [firmware/nnet_utils/nnet_activation.h:84]   --->   Operation 48 'insertvalue' 'mrv_3' <Predicate = true> <Delay = 0.00>
ST_1 : Operation 49 [1/1] (0.00ns)   --->   "%mrv_4 = insertvalue { i16, i16, i16, i16, i16, i16, i16, i16 } %mrv_3, i16 %zext_ln81_4, 4" [firmware/nnet_utils/nnet_activation.h:84]   --->   Operation 49 'insertvalue' 'mrv_4' <Predicate = true> <Delay = 0.00>
ST_1 : Operation 50 [1/1] (0.00ns)   --->   "%mrv_5 = insertvalue { i16, i16, i16, i16, i16, i16, i16, i16 } %mrv_4, i16 %zext_ln81_5, 5" [firmware/nnet_utils/nnet_activation.h:84]   --->   Operation 50 'insertvalue' 'mrv_5' <Predicate = true> <Delay = 0.00>
ST_1 : Operation 51 [1/1] (0.00ns)   --->   "%mrv_6 = insertvalue { i16, i16, i16, i16, i16, i16, i16, i16 } %mrv_5, i16 %zext_ln81_6, 6" [firmware/nnet_utils/nnet_activation.h:84]   --->   Operation 51 'insertvalue' 'mrv_6' <Predicate = true> <Delay = 0.00>
ST_1 : Operation 52 [1/1] (0.00ns)   --->   "%mrv_7 = insertvalue { i16, i16, i16, i16, i16, i16, i16, i16 } %mrv_6, i16 %zext_ln81_7, 7" [firmware/nnet_utils/nnet_activation.h:84]   --->   Operation 52 'insertvalue' 'mrv_7' <Predicate = true> <Delay = 0.00>
ST_1 : Operation 53 [1/1] (0.00ns)   --->   "ret { i16, i16, i16, i16, i16, i16, i16, i16 } %mrv_7" [firmware/nnet_utils/nnet_activation.h:84]   --->   Operation 53 'ret' <Predicate = true> <Delay = 0.00>


============================================================
+ Verbose Summary: Timing violations
============================================================
Target clock period: 5ns, clock uncertainty: 0.625ns.

 <State 1>: 0.969ns
The critical path consists of the following:
	wire read on port 'data_7_V_read' (firmware/nnet_utils/nnet_activation.h:69) [9]  (0 ns)
	'icmp' operation ('icmp_ln1494_7', firmware/nnet_utils/nnet_activation.h:81) [48]  (0.676 ns)
	'select' operation ('res[7].V', firmware/nnet_utils/nnet_activation.h:81) [50]  (0.292 ns)


============================================================
+ Verbose Summary: Binding
============================================================
N/A
* FSMD analyzer results:
  - Output states:
 - Input state : 
  - Chain level:
	State 1


============================================================
+ Verbose Summary: Datapath Resource usage 
============================================================
N/A
