

================================================================
== Vivado HLS Report for 'sigmoid_ap_fixed_ap_fixed_activation_config_s'
================================================================
* Date:           Tue Nov  9 10:02:28 2021

* Version:        2019.2 (Build 2704478 on Wed Nov 06 22:10:23 MST 2019)
* Project:        myproject_prj
* Solution:       solution12
* Product family: virtexuplus
* Target device:  xcvu9p-flga2104-2L-e


================================================================
== Performance Estimates
================================================================
+ Timing: 
    * Summary: 
    +--------+---------+----------+------------+
    |  Clock |  Target | Estimated| Uncertainty|
    +--------+---------+----------+------------+
    |ap_clk  | 5.00 ns | 4.123 ns |   0.62 ns  |
    +--------+---------+----------+------------+

+ Latency: 
    * Summary: 
    +---------+---------+----------+----------+-----+-----+----------+
    |  Latency (cycles) |  Latency (absolute) |  Interval | Pipeline |
    |   min   |   max   |    min   |    max   | min | max |   Type   |
    +---------+---------+----------+----------+-----+-----+----------+
    |        1|        1| 5.000 ns | 5.000 ns |    1|    1| function |
    +---------+---------+----------+----------+-----+-----+----------+

    + Detail: 
        * Instance: 
        N/A

        * Loop: 
        N/A



================================================================
== Utilization Estimates
================================================================
* Summary: 
+---------------------+---------+-------+---------+---------+-----+
|         Name        | BRAM_18K| DSP48E|    FF   |   LUT   | URAM|
+---------------------+---------+-------+---------+---------+-----+
|DSP                  |        -|      -|        -|        -|    -|
|Expression           |        -|      -|        0|      142|    -|
|FIFO                 |        -|      -|        -|        -|    -|
|Instance             |        -|      -|        -|        -|    -|
|Memory               |        1|      -|        0|        0|    -|
|Multiplexer          |        -|      -|        -|        -|    -|
|Register             |        -|      -|        2|        -|    -|
+---------------------+---------+-------+---------+---------+-----+
|Total                |        1|      0|        2|      142|    0|
+---------------------+---------+-------+---------+---------+-----+
|Available SLR        |     1440|   2280|   788160|   394080|  320|
+---------------------+---------+-------+---------+---------+-----+
|Utilization SLR (%)  |    ~0   |      0|    ~0   |    ~0   |    0|
+---------------------+---------+-------+---------+---------+-----+
|Available            |     4320|   6840|  2364480|  1182240|  960|
+---------------------+---------+-------+---------+---------+-----+
|Utilization (%)      |    ~0   |      0|    ~0   |    ~0   |    0|
+---------------------+---------+-------+---------+---------+-----+

+ Detail: 
    * Instance: 
    N/A

    * DSP48E: 
    N/A

    * Memory: 
    +------------------+--------------------------------------------------------------+---------+---+----+-----+------+-----+------+-------------+
    |      Memory      |                            Module                            | BRAM_18K| FF| LUT| URAM| Words| Bits| Banks| W*Bits*Banks|
    +------------------+--------------------------------------------------------------+---------+---+----+-----+------+-----+------+-------------+
    |sigmoid_table1_U  |sigmoid_ap_fixed_ap_fixed_activation_config_s_sigmoid_tabXh4  |        1|  0|   0|    0|  1024|   10|     1|        10240|
    +------------------+--------------------------------------------------------------+---------+---+----+-----+------+-----+------+-------------+
    |Total             |                                                              |        1|  0|   0|    0|  1024|   10|     1|        10240|
    +------------------+--------------------------------------------------------------+---------+---+----+-----+------+-----+------+-------------+

    * FIFO: 
    N/A

    * Expression: 
    +---------------------------+----------+-------+---+----+------------+------------+
    |       Variable Name       | Operation| DSP48E| FF| LUT| Bitwidth P0| Bitwidth P1|
    +---------------------------+----------+-------+---+----+------------+------------+
    |add_ln167_1_fu_165_p2      |     +    |      0|  0|  14|          10|          14|
    |index_fu_159_p2            |     +    |      0|  0|  15|          10|          15|
    |ret_V_fu_133_p2            |     +    |      0|  0|  15|           1|          15|
    |ap_block_pp0_stage0_11001  |    and   |      0|  0|   2|           1|           1|
    |icmp_ln169_fu_201_p2       |   icmp   |      0|  0|   9|           4|           1|
    |icmp_ln851_fu_127_p2       |   icmp   |      0|  0|  11|           8|           1|
    |p_Result_s_fu_109_p2       |   icmp   |      0|  0|  20|          26|           5|
    |select_ln168_fu_179_p3     |  select  |      0|  0|  14|           1|           1|
    |select_ln169_fu_207_p3     |  select  |      0|  0|  10|           1|           2|
    |select_ln850_fu_147_p3     |  select  |      0|  0|  15|           1|          15|
    |select_ln851_fu_139_p3     |  select  |      0|  0|  15|           1|          15|
    |ap_enable_pp0              |    xor   |      0|  0|   2|           1|           2|
    +---------------------------+----------+-------+---+----+------------+------------+
    |Total                      |          |      0|  0| 142|          65|          87|
    +---------------------------+----------+-------+---+----+------------+------------+

    * Multiplexer: 
    N/A

    * Register: 
    +-------------------------+---+----+-----+-----------+
    |           Name          | FF| LUT| Bits| Const Bits|
    +-------------------------+---+----+-----+-----------+
    |ap_CS_fsm                |  1|   0|    1|          0|
    |ap_enable_reg_pp0_iter1  |  1|   0|    1|          0|
    +-------------------------+---+----+-----+-----------+
    |Total                    |  2|   0|    2|          0|
    +-------------------------+---+----+-----+-----------+



================================================================
== Interface
================================================================
* Summary: 
+-------------+-----+-----+------------+----------------------------------------------+--------------+
|  RTL Ports  | Dir | Bits|  Protocol  |                 Source Object                |    C Type    |
+-------------+-----+-----+------------+----------------------------------------------+--------------+
|ap_clk       |  in |    1| ap_ctrl_hs | sigmoid<ap_fixed,ap_fixed,activation_config> | return value |
|ap_rst       |  in |    1| ap_ctrl_hs | sigmoid<ap_fixed,ap_fixed,activation_config> | return value |
|ap_start     |  in |    1| ap_ctrl_hs | sigmoid<ap_fixed,ap_fixed,activation_config> | return value |
|ap_done      | out |    1| ap_ctrl_hs | sigmoid<ap_fixed,ap_fixed,activation_config> | return value |
|ap_idle      | out |    1| ap_ctrl_hs | sigmoid<ap_fixed,ap_fixed,activation_config> | return value |
|ap_ready     | out |    1| ap_ctrl_hs | sigmoid<ap_fixed,ap_fixed,activation_config> | return value |
|ap_return    | out |    8| ap_ctrl_hs | sigmoid<ap_fixed,ap_fixed,activation_config> | return value |
|data_V_read  |  in |   16|   ap_none  |                  data_V_read                 |    scalar    |
+-------------+-----+-----+------------+----------------------------------------------+--------------+

============================================================
+ Verbose Summary: Synthesis Manager
============================================================
InlineROM: 1
ExposeGlobal: 0
============================================================
+ Verbose Summary: CDFG Model
============================================================
IsTopModel: 0
ResetActiveHigh: 1
IsCombinational: 2
IsDatapathOnly: 2
HasWiredReturn: 1
HasMFsm: 2
HasVarLatency: 0
IsPipeline: 1
IsRtlPipelined: 1
IsInstanceOverlapped: 0
IsDontTouch: 0
HasImplIP: 0
IsGatedGlobalClock: 0

+ Individual pipeline summary: 
  * Pipeline-0: initiation interval (II) = 1, depth = 2


============================================================
+ Verbose Summary: Schedule
============================================================
* Number of FSM states : 2
* Pipeline : 1
  Pipeline-0 : II = 1, D = 2, States = { 1 2 }
* Dataflow Pipeline: 0

* FSM state transitions: 
1 --> 2 
2 --> 

* FSM state operations: 

State 1 <SV = 0> <Delay = 4.12>
ST_1 : Operation 3 [1/1] (0.00ns)   --->   "%data_V_read_1 = call i16 @_ssdm_op_Read.ap_auto.i16(i16 %data_V_read)" [firmware/nnet_utils/nnet_activation.h:140]   --->   Operation 3 'read' 'data_V_read_1' <Predicate = true> <Delay = 0.00>
ST_1 : Operation 4 [1/1] (0.00ns)   --->   "%r_V = call i26 @_ssdm_op_BitConcatenate.i26.i16.i10(i16 %data_V_read_1, i10 0)" [firmware/nnet_utils/nnet_activation.h:166]   --->   Operation 4 'bitconcatenate' 'r_V' <Predicate = true> <Delay = 0.00>
ST_1 : Operation 5 [1/1] (0.00ns)   --->   "%tmp_1 = call i14 @_ssdm_op_PartSelect.i14.i16.i32.i32(i16 %data_V_read_1, i32 2, i32 15)" [firmware/nnet_utils/nnet_activation.h:166]   --->   Operation 5 'partselect' 'tmp_1' <Predicate = true> <Delay = 0.00>
ST_1 : Operation 6 [1/1] (0.00ns)   --->   "%sext_ln835 = sext i14 %tmp_1 to i15" [firmware/nnet_utils/nnet_activation.h:166]   --->   Operation 6 'sext' 'sext_ln835' <Predicate = true> <Delay = 0.00>
ST_1 : Operation 7 [1/1] (0.79ns)   --->   "%p_Result_s = icmp slt i26 %r_V, -15" [firmware/nnet_utils/nnet_activation.h:166]   --->   Operation 7 'icmp' 'p_Result_s' <Predicate = true> <Delay = 0.79> <Core = "Cmp">   --->   Core 25 'Cmp' <Latency = 0> <II = 1> <Delay = 0.79> <FuncUnit> <Opcode : 'icmp'> <InPorts = 2> <OutPorts = 1>
ST_1 : Operation 8 [1/1] (0.00ns)   --->   "%trunc_ln851 = trunc i16 %data_V_read_1 to i2" [firmware/nnet_utils/nnet_activation.h:166]   --->   Operation 8 'trunc' 'trunc_ln851' <Predicate = true> <Delay = 0.00>
ST_1 : Operation 9 [1/1] (0.00ns)   --->   "%p_Result_2 = call i8 @_ssdm_op_BitConcatenate.i8.i2.i6(i2 %trunc_ln851, i6 0)" [firmware/nnet_utils/nnet_activation.h:166]   --->   Operation 9 'bitconcatenate' 'p_Result_2' <Predicate = true> <Delay = 0.00>
ST_1 : Operation 10 [1/1] (0.58ns)   --->   "%icmp_ln851 = icmp eq i8 %p_Result_2, 0" [firmware/nnet_utils/nnet_activation.h:166]   --->   Operation 10 'icmp' 'icmp_ln851' <Predicate = true> <Delay = 0.58> <Core = "Cmp">   --->   Core 25 'Cmp' <Latency = 0> <II = 1> <Delay = 0.79> <FuncUnit> <Opcode : 'icmp'> <InPorts = 2> <OutPorts = 1>
ST_1 : Operation 11 [1/1] (0.55ns)   --->   "%ret_V = add i15 1, %sext_ln835" [firmware/nnet_utils/nnet_activation.h:166]   --->   Operation 11 'add' 'ret_V' <Predicate = true> <Delay = 0.55> <Core = "AddSub">   --->   Core 14 'AddSub' <Latency = 0> <II = 1> <Delay = 0.58> <FuncUnit> <Opcode : 'add' 'sub'> <InPorts = 2> <OutPorts = 1>
ST_1 : Operation 12 [1/1] (0.00ns) (grouped into LUT with out node select_ln850)   --->   "%select_ln851 = select i1 %icmp_ln851, i15 %sext_ln835, i15 %ret_V" [firmware/nnet_utils/nnet_activation.h:166]   --->   Operation 12 'select' 'select_ln851' <Predicate = true> <Delay = 0.00> <Core = "Sel">   --->   Core 26 'Sel' <Latency = 0> <II = 1> <Delay = 0.29> <FuncUnit> <Opcode : 'select'> <InPorts = 3> <OutPorts = 1>
ST_1 : Operation 13 [1/1] (0.29ns) (out node of the LUT)   --->   "%select_ln850 = select i1 %p_Result_s, i15 %select_ln851, i15 %sext_ln835" [firmware/nnet_utils/nnet_activation.h:166]   --->   Operation 13 'select' 'select_ln850' <Predicate = true> <Delay = 0.29> <Core = "Sel">   --->   Core 26 'Sel' <Latency = 0> <II = 1> <Delay = 0.29> <FuncUnit> <Opcode : 'select'> <InPorts = 3> <OutPorts = 1>
ST_1 : Operation 14 [1/1] (0.00ns)   --->   "%trunc_ln167 = trunc i15 %select_ln850 to i14" [firmware/nnet_utils/nnet_activation.h:167]   --->   Operation 14 'trunc' 'trunc_ln167' <Predicate = true> <Delay = 0.00>
ST_1 : Operation 15 [1/1] (0.58ns)   --->   "%index = add i15 512, %select_ln850" [firmware/nnet_utils/nnet_activation.h:167]   --->   Operation 15 'add' 'index' <Predicate = true> <Delay = 0.58> <Core = "AddSub">   --->   Core 14 'AddSub' <Latency = 0> <II = 1> <Delay = 0.58> <FuncUnit> <Opcode : 'add' 'sub'> <InPorts = 2> <OutPorts = 1>
ST_1 : Operation 16 [1/1] (0.55ns)   --->   "%add_ln167_1 = add i14 512, %trunc_ln167" [firmware/nnet_utils/nnet_activation.h:167]   --->   Operation 16 'add' 'add_ln167_1' <Predicate = true> <Delay = 0.55> <Core = "AddSub">   --->   Core 14 'AddSub' <Latency = 0> <II = 1> <Delay = 0.58> <FuncUnit> <Opcode : 'add' 'sub'> <InPorts = 2> <OutPorts = 1>
ST_1 : Operation 17 [1/1] (0.00ns)   --->   "%tmp_2 = call i1 @_ssdm_op_BitSelect.i1.i15.i32(i15 %index, i32 14)" [firmware/nnet_utils/nnet_activation.h:168]   --->   Operation 17 'bitselect' 'tmp_2' <Predicate = true> <Delay = 0.00>
ST_1 : Operation 18 [1/1] (0.34ns)   --->   "%select_ln168 = select i1 %tmp_2, i14 0, i14 %add_ln167_1" [firmware/nnet_utils/nnet_activation.h:168]   --->   Operation 18 'select' 'select_ln168' <Predicate = true> <Delay = 0.34> <Core = "Sel">   --->   Core 26 'Sel' <Latency = 0> <II = 1> <Delay = 0.29> <FuncUnit> <Opcode : 'select'> <InPorts = 3> <OutPorts = 1>
ST_1 : Operation 19 [1/1] (0.00ns)   --->   "%trunc_ln168 = trunc i14 %select_ln168 to i10" [firmware/nnet_utils/nnet_activation.h:168]   --->   Operation 19 'trunc' 'trunc_ln168' <Predicate = true> <Delay = 0.00>
ST_1 : Operation 20 [1/1] (0.00ns)   --->   "%tmp_3 = call i4 @_ssdm_op_PartSelect.i4.i14.i32.i32(i14 %select_ln168, i32 10, i32 13)" [firmware/nnet_utils/nnet_activation.h:169]   --->   Operation 20 'partselect' 'tmp_3' <Predicate = true> <Delay = 0.00>
ST_1 : Operation 21 [1/1] (0.65ns)   --->   "%icmp_ln169 = icmp ne i4 %tmp_3, 0" [firmware/nnet_utils/nnet_activation.h:169]   --->   Operation 21 'icmp' 'icmp_ln169' <Predicate = true> <Delay = 0.65> <Core = "Cmp">   --->   Core 25 'Cmp' <Latency = 0> <II = 1> <Delay = 0.79> <FuncUnit> <Opcode : 'icmp'> <InPorts = 2> <OutPorts = 1>
ST_1 : Operation 22 [1/1] (0.30ns)   --->   "%select_ln169 = select i1 %icmp_ln169, i10 -1, i10 %trunc_ln168" [firmware/nnet_utils/nnet_activation.h:169]   --->   Operation 22 'select' 'select_ln169' <Predicate = true> <Delay = 0.30> <Core = "Sel">   --->   Core 26 'Sel' <Latency = 0> <II = 1> <Delay = 0.29> <FuncUnit> <Opcode : 'select'> <InPorts = 3> <OutPorts = 1>
ST_1 : Operation 23 [1/1] (0.00ns)   --->   "%zext_ln170 = zext i10 %select_ln169 to i64" [firmware/nnet_utils/nnet_activation.h:170]   --->   Operation 23 'zext' 'zext_ln170' <Predicate = true> <Delay = 0.00>
ST_1 : Operation 24 [1/1] (0.00ns)   --->   "%sigmoid_table1_addr = getelementptr [1024 x i10]* @sigmoid_table1, i64 0, i64 %zext_ln170" [firmware/nnet_utils/nnet_activation.h:170]   --->   Operation 24 'getelementptr' 'sigmoid_table1_addr' <Predicate = true> <Delay = 0.00>
ST_1 : Operation 25 [2/2] (1.15ns)   --->   "%p_Val2_s = load i10* %sigmoid_table1_addr, align 2" [firmware/nnet_utils/nnet_activation.h:170]   --->   Operation 25 'load' 'p_Val2_s' <Predicate = true> <Delay = 1.15> <Core = "ROM_nP">   --->   Core 52 'ROM_nP' <Latency = 1> <II = 1> <Delay = 1.15> <Storage> <Opcode : 'load'> <Ports = 0> <Width = 10> <Depth = 1024> <ROM>

State 2 <SV = 1> <Delay = 1.15>
ST_2 : Operation 26 [1/1] (0.00ns)   --->   "%tmp = call i32 (...)* @_ssdm_op_SpecRegionBegin([14 x i8]* @p_str39)" [firmware/nnet_utils/nnet_activation.h:155]   --->   Operation 26 'specregionbegin' 'tmp' <Predicate = true> <Delay = 0.00>
ST_2 : Operation 27 [1/1] (0.00ns)   --->   "call void (...)* @_ssdm_op_SpecPipeline(i32 -1, i32 1, i32 1, i32 0, [1 x i8]* @p_str25) nounwind" [firmware/nnet_utils/nnet_activation.h:156]   --->   Operation 27 'specpipeline' <Predicate = true> <Delay = 0.00>
ST_2 : Operation 28 [1/1] (0.00ns)   --->   "%empty = call i32 (...)* @_ssdm_op_SpecRegionEnd([14 x i8]* @p_str39, i32 %tmp)" [firmware/nnet_utils/nnet_activation.h:157]   --->   Operation 28 'specregionend' 'empty' <Predicate = true> <Delay = 0.00>
ST_2 : Operation 29 [1/2] (1.15ns)   --->   "%p_Val2_s = load i10* %sigmoid_table1_addr, align 2" [firmware/nnet_utils/nnet_activation.h:170]   --->   Operation 29 'load' 'p_Val2_s' <Predicate = true> <Delay = 1.15> <Core = "ROM_nP">   --->   Core 52 'ROM_nP' <Latency = 1> <II = 1> <Delay = 1.15> <Storage> <Opcode : 'load'> <Ports = 0> <Width = 10> <Depth = 1024> <ROM>
ST_2 : Operation 30 [1/1] (0.00ns)   --->   "%trunc_ln1 = call i8 @_ssdm_op_PartSelect.i8.i10.i32.i32(i10 %p_Val2_s, i32 2, i32 9)" [firmware/nnet_utils/nnet_activation.h:172]   --->   Operation 30 'partselect' 'trunc_ln1' <Predicate = true> <Delay = 0.00>
ST_2 : Operation 31 [1/1] (0.00ns)   --->   "ret i8 %trunc_ln1" [firmware/nnet_utils/nnet_activation.h:172]   --->   Operation 31 'ret' <Predicate = true> <Delay = 0.00>


============================================================
+ Verbose Summary: Binding
============================================================
STG Binding: 
---------------- STG Properties BEGIN ----------------
- Is combinational: 0
- Is one-state seq: 0
- Is datapath-only: 0
- Is pipelined: 1
- Is top level: 0
Port [ Return ] is wired: 1; IO mode=ap_ctrl_hs:ce=0
Port [ data_V_read]:  wired=1; compound=0; hidden=0; nouse=0; global=0; static=0; extern=0; dir=0; type=0; pingpong=0; private_global=0; IO mode=ap_none:ce=0
Port [ sigmoid_table1]:  wired=0; compound=1; hidden=1; nouse=0; global=1; static=1; extern=0; dir=0; type=1; pingpong=0; private_global=1; linkage=7; visibility=0; MemPort=[1]; IO mode=ap_memory:ce=0
---------------- STG Properties END ------------------

---------------- Datapath Model BEGIN ----------------

<LifeTime>
<method=bitvector/>
data_V_read_1       (read           ) [ 000]
r_V                 (bitconcatenate ) [ 000]
tmp_1               (partselect     ) [ 000]
sext_ln835          (sext           ) [ 000]
p_Result_s          (icmp           ) [ 000]
trunc_ln851         (trunc          ) [ 000]
p_Result_2          (bitconcatenate ) [ 000]
icmp_ln851          (icmp           ) [ 000]
ret_V               (add            ) [ 000]
select_ln851        (select         ) [ 000]
select_ln850        (select         ) [ 000]
trunc_ln167         (trunc          ) [ 000]
index               (add            ) [ 000]
add_ln167_1         (add            ) [ 000]
tmp_2               (bitselect      ) [ 000]
select_ln168        (select         ) [ 000]
trunc_ln168         (trunc          ) [ 000]
tmp_3               (partselect     ) [ 000]
icmp_ln169          (icmp           ) [ 000]
select_ln169        (select         ) [ 000]
zext_ln170          (zext           ) [ 000]
sigmoid_table1_addr (getelementptr  ) [ 011]
tmp                 (specregionbegin) [ 000]
specpipeline_ln156  (specpipeline   ) [ 000]
empty               (specregionend  ) [ 000]
p_Val2_s            (load           ) [ 000]
trunc_ln1           (partselect     ) [ 000]
ret_ln172           (ret            ) [ 000]
</LifeTime>

<model>

<comp_list>
<comp id="0" class="1000" name="data_V_read">
<pin_list>
<pin id="1" dir="1" index="0" bw="1" slack="0"/>
</pin_list>
<bind>
<StgValue><ssdm name="data_V_read"/></StgValue>
</bind>
</comp>

<comp id="2" class="1000" name="sigmoid_table1">
<pin_list>
<pin id="3" dir="1" index="0" bw="1" slack="0"/>
</pin_list>
<bind>
<StgValue><ssdm name="sigmoid_table1"/><MemPortTyVec>1 </MemPortTyVec>
</StgValue>
</bind>
</comp>

<comp id="4" class="1001" name="const_4">
<pin_list>
<pin id="5" dir="1" index="0" bw="1" slack="0"/>
</pin_list>
<bind>
<StgValue><ssdm name="_ssdm_op_Read.ap_auto.i16"/></StgValue>
</bind>
</comp>

<comp id="6" class="1001" name="const_6">
<pin_list>
<pin id="7" dir="1" index="0" bw="1" slack="0"/>
</pin_list>
<bind>
<StgValue><ssdm name="_ssdm_op_BitConcatenate.i26.i16.i10"/></StgValue>
</bind>
</comp>

<comp id="8" class="1001" name="const_8">
<pin_list>
<pin id="9" dir="1" index="0" bw="1" slack="0"/>
</pin_list>
<bind>
<StgValue><ssdm name=""/></StgValue>
</bind>
</comp>

<comp id="10" class="1001" name="const_10">
<pin_list>
<pin id="11" dir="1" index="0" bw="1" slack="0"/>
</pin_list>
<bind>
<StgValue><ssdm name="_ssdm_op_PartSelect.i14.i16.i32.i32"/></StgValue>
</bind>
</comp>

<comp id="12" class="1001" name="const_12">
<pin_list>
<pin id="13" dir="1" index="0" bw="1" slack="0"/>
</pin_list>
<bind>
<StgValue><ssdm name=""/></StgValue>
</bind>
</comp>

<comp id="14" class="1001" name="const_14">
<pin_list>
<pin id="15" dir="1" index="0" bw="1" slack="0"/>
</pin_list>
<bind>
<StgValue><ssdm name=""/></StgValue>
</bind>
</comp>

<comp id="16" class="1001" name="const_16">
<pin_list>
<pin id="17" dir="1" index="0" bw="1" slack="0"/>
</pin_list>
<bind>
<StgValue><ssdm name=""/></StgValue>
</bind>
</comp>

<comp id="18" class="1001" name="const_18">
<pin_list>
<pin id="19" dir="1" index="0" bw="1" slack="0"/>
</pin_list>
<bind>
<StgValue><ssdm name="_ssdm_op_BitConcatenate.i8.i2.i6"/></StgValue>
</bind>
</comp>

<comp id="20" class="1001" name="const_20">
<pin_list>
<pin id="21" dir="1" index="0" bw="1" slack="0"/>
</pin_list>
<bind>
<StgValue><ssdm name=""/></StgValue>
</bind>
</comp>

<comp id="22" class="1001" name="const_22">
<pin_list>
<pin id="23" dir="1" index="0" bw="1" slack="0"/>
</pin_list>
<bind>
<StgValue><ssdm name=""/></StgValue>
</bind>
</comp>

<comp id="24" class="1001" name="const_24">
<pin_list>
<pin id="25" dir="1" index="0" bw="1" slack="0"/>
</pin_list>
<bind>
<StgValue><ssdm name=""/></StgValue>
</bind>
</comp>

<comp id="26" class="1001" name="const_26">
<pin_list>
<pin id="27" dir="1" index="0" bw="1" slack="0"/>
</pin_list>
<bind>
<StgValue><ssdm name=""/></StgValue>
</bind>
</comp>

<comp id="28" class="1001" name="const_28">
<pin_list>
<pin id="29" dir="1" index="0" bw="1" slack="0"/>
</pin_list>
<bind>
<StgValue><ssdm name=""/></StgValue>
</bind>
</comp>

<comp id="30" class="1001" name="const_30">
<pin_list>
<pin id="31" dir="1" index="0" bw="1" slack="0"/>
</pin_list>
<bind>
<StgValue><ssdm name="_ssdm_op_BitSelect.i1.i15.i32"/></StgValue>
</bind>
</comp>

<comp id="32" class="1001" name="const_32">
<pin_list>
<pin id="33" dir="1" index="0" bw="1" slack="0"/>
</pin_list>
<bind>
<StgValue><ssdm name=""/></StgValue>
</bind>
</comp>

<comp id="34" class="1001" name="const_34">
<pin_list>
<pin id="35" dir="1" index="0" bw="1" slack="0"/>
</pin_list>
<bind>
<StgValue><ssdm name=""/></StgValue>
</bind>
</comp>

<comp id="36" class="1001" name="const_36">
<pin_list>
<pin id="37" dir="1" index="0" bw="1" slack="0"/>
</pin_list>
<bind>
<StgValue><ssdm name="_ssdm_op_PartSelect.i4.i14.i32.i32"/></StgValue>
</bind>
</comp>

<comp id="38" class="1001" name="const_38">
<pin_list>
<pin id="39" dir="1" index="0" bw="1" slack="0"/>
</pin_list>
<bind>
<StgValue><ssdm name=""/></StgValue>
</bind>
</comp>

<comp id="40" class="1001" name="const_40">
<pin_list>
<pin id="41" dir="1" index="0" bw="1" slack="0"/>
</pin_list>
<bind>
<StgValue><ssdm name=""/></StgValue>
</bind>
</comp>

<comp id="42" class="1001" name="const_42">
<pin_list>
<pin id="43" dir="1" index="0" bw="1" slack="0"/>
</pin_list>
<bind>
<StgValue><ssdm name=""/></StgValue>
</bind>
</comp>

<comp id="44" class="1001" name="const_44">
<pin_list>
<pin id="45" dir="1" index="0" bw="1" slack="0"/>
</pin_list>
<bind>
<StgValue><ssdm name=""/></StgValue>
</bind>
</comp>

<comp id="46" class="1001" name="const_46">
<pin_list>
<pin id="47" dir="1" index="0" bw="1" slack="0"/>
</pin_list>
<bind>
<StgValue><ssdm name=""/></StgValue>
</bind>
</comp>

<comp id="48" class="1001" name="const_48">
<pin_list>
<pin id="49" dir="1" index="0" bw="1" slack="2147483647"/>
</pin_list>
<bind>
<StgValue><ssdm name="_ssdm_op_SpecRegionBegin"/></StgValue>
</bind>
</comp>

<comp id="50" class="1001" name="const_50">
<pin_list>
<pin id="51" dir="1" index="0" bw="1" slack="2147483647"/>
</pin_list>
<bind>
<StgValue><ssdm name="p_str39"/></StgValue>
</bind>
</comp>

<comp id="52" class="1001" name="const_52">
<pin_list>
<pin id="53" dir="1" index="0" bw="1" slack="2147483647"/>
</pin_list>
<bind>
<StgValue><ssdm name="_ssdm_op_SpecPipeline"/></StgValue>
</bind>
</comp>

<comp id="54" class="1001" name="const_54">
<pin_list>
<pin id="55" dir="1" index="0" bw="1" slack="2147483647"/>
</pin_list>
<bind>
<StgValue><ssdm name=""/></StgValue>
</bind>
</comp>

<comp id="56" class="1001" name="const_56">
<pin_list>
<pin id="57" dir="1" index="0" bw="1" slack="2147483647"/>
</pin_list>
<bind>
<StgValue><ssdm name=""/></StgValue>
</bind>
</comp>

<comp id="58" class="1001" name="const_58">
<pin_list>
<pin id="59" dir="1" index="0" bw="1" slack="2147483647"/>
</pin_list>
<bind>
<StgValue><ssdm name=""/></StgValue>
</bind>
</comp>

<comp id="60" class="1001" name="const_60">
<pin_list>
<pin id="61" dir="1" index="0" bw="1" slack="2147483647"/>
</pin_list>
<bind>
<StgValue><ssdm name="p_str25"/></StgValue>
</bind>
</comp>

<comp id="62" class="1001" name="const_62">
<pin_list>
<pin id="63" dir="1" index="0" bw="1" slack="2147483647"/>
</pin_list>
<bind>
<StgValue><ssdm name="_ssdm_op_SpecRegionEnd"/></StgValue>
</bind>
</comp>

<comp id="64" class="1001" name="const_64">
<pin_list>
<pin id="65" dir="1" index="0" bw="1" slack="0"/>
</pin_list>
<bind>
<StgValue><ssdm name="_ssdm_op_PartSelect.i8.i10.i32.i32"/></StgValue>
</bind>
</comp>

<comp id="66" class="1001" name="const_66">
<pin_list>
<pin id="67" dir="1" index="0" bw="1" slack="0"/>
</pin_list>
<bind>
<StgValue><ssdm name=""/></StgValue>
</bind>
</comp>

<comp id="68" class="1004" name="data_V_read_1_read_fu_68">
<pin_list>
<pin id="69" dir="0" index="0" bw="16" slack="0"/>
<pin id="70" dir="0" index="1" bw="16" slack="0"/>
<pin id="71" dir="1" index="2" bw="16" slack="0"/>
</pin_list>
<bind>
<opcode="read(1150) " fcode="read"/>
<opset="data_V_read_1/1 "/>
</bind>
</comp>

<comp id="74" class="1004" name="sigmoid_table1_addr_gep_fu_74">
<pin_list>
<pin id="75" dir="0" index="0" bw="10" slack="0"/>
<pin id="76" dir="0" index="1" bw="1" slack="0"/>
<pin id="77" dir="0" index="2" bw="10" slack="0"/>
<pin id="78" dir="1" index="3" bw="10" slack="0"/>
</pin_list>
<bind>
<opcode="getelementptr(29) " fcode="getelementptr"/>
<opset="sigmoid_table1_addr/1 "/>
</bind>
</comp>

<comp id="81" class="1004" name="grp_access_fu_81">
<pin_list>
<pin id="82" dir="0" index="0" bw="10" slack="0"/>
<pin id="83" dir="0" index="1" bw="10" slack="2147483647"/>
<pin id="84" dir="0" index="2" bw="0" slack="2147483647"/>
<pin id="85" dir="1" index="3" bw="10" slack="0"/>
</pin_list>
<bind>
<opcode="load(27) " fcode="load"/>
<opset="p_Val2_s/1 "/>
</bind>
</comp>

<comp id="87" class="1004" name="r_V_fu_87">
<pin_list>
<pin id="88" dir="0" index="0" bw="26" slack="0"/>
<pin id="89" dir="0" index="1" bw="16" slack="0"/>
<pin id="90" dir="0" index="2" bw="1" slack="0"/>
<pin id="91" dir="1" index="3" bw="26" slack="0"/>
</pin_list>
<bind>
<opcode="bitconcatenate(1004) " fcode="bitconcatenate"/>
<opset="r_V/1 "/>
</bind>
</comp>

<comp id="95" class="1004" name="tmp_1_fu_95">
<pin_list>
<pin id="96" dir="0" index="0" bw="14" slack="0"/>
<pin id="97" dir="0" index="1" bw="16" slack="0"/>
<pin id="98" dir="0" index="2" bw="3" slack="0"/>
<pin id="99" dir="0" index="3" bw="5" slack="0"/>
<pin id="100" dir="1" index="4" bw="14" slack="0"/>
</pin_list>
<bind>
<opcode="partselect(1002) " fcode="partselect"/>
<opset="tmp_1/1 "/>
</bind>
</comp>

<comp id="105" class="1004" name="sext_ln835_fu_105">
<pin_list>
<pin id="106" dir="0" index="0" bw="14" slack="0"/>
<pin id="107" dir="1" index="1" bw="15" slack="0"/>
</pin_list>
<bind>
<opcode="sext(35) " fcode="sext"/>
<opset="sext_ln835/1 "/>
</bind>
</comp>

<comp id="109" class="1004" name="p_Result_s_fu_109">
<pin_list>
<pin id="110" dir="0" index="0" bw="26" slack="0"/>
<pin id="111" dir="0" index="1" bw="26" slack="0"/>
<pin id="112" dir="1" index="2" bw="1" slack="0"/>
</pin_list>
<bind>
<opcode="icmp(45) " fcode="icmp"/>
<opset="p_Result_s/1 "/>
</bind>
</comp>

<comp id="115" class="1004" name="trunc_ln851_fu_115">
<pin_list>
<pin id="116" dir="0" index="0" bw="16" slack="0"/>
<pin id="117" dir="1" index="1" bw="2" slack="0"/>
</pin_list>
<bind>
<opcode="trunc(33) " fcode="trunc"/>
<opset="trunc_ln851/1 "/>
</bind>
</comp>

<comp id="119" class="1004" name="p_Result_2_fu_119">
<pin_list>
<pin id="120" dir="0" index="0" bw="8" slack="0"/>
<pin id="121" dir="0" index="1" bw="2" slack="0"/>
<pin id="122" dir="0" index="2" bw="1" slack="0"/>
<pin id="123" dir="1" index="3" bw="8" slack="0"/>
</pin_list>
<bind>
<opcode="bitconcatenate(1004) " fcode="bitconcatenate"/>
<opset="p_Result_2/1 "/>
</bind>
</comp>

<comp id="127" class="1004" name="icmp_ln851_fu_127">
<pin_list>
<pin id="128" dir="0" index="0" bw="8" slack="0"/>
<pin id="129" dir="0" index="1" bw="8" slack="0"/>
<pin id="130" dir="1" index="2" bw="1" slack="0"/>
</pin_list>
<bind>
<opcode="icmp(45) " fcode="icmp"/>
<opset="icmp_ln851/1 "/>
</bind>
</comp>

<comp id="133" class="1004" name="ret_V_fu_133">
<pin_list>
<pin id="134" dir="0" index="0" bw="1" slack="0"/>
<pin id="135" dir="0" index="1" bw="14" slack="0"/>
<pin id="136" dir="1" index="2" bw="15" slack="0"/>
</pin_list>
<bind>
<opcode="add(8) " fcode="add"/>
<opset="ret_V/1 "/>
</bind>
</comp>

<comp id="139" class="1004" name="select_ln851_fu_139">
<pin_list>
<pin id="140" dir="0" index="0" bw="1" slack="0"/>
<pin id="141" dir="0" index="1" bw="15" slack="0"/>
<pin id="142" dir="0" index="2" bw="15" slack="0"/>
<pin id="143" dir="1" index="3" bw="15" slack="0"/>
</pin_list>
<bind>
<opcode="select(49) " fcode="select"/>
<opset="select_ln851/1 "/>
</bind>
</comp>

<comp id="147" class="1004" name="select_ln850_fu_147">
<pin_list>
<pin id="148" dir="0" index="0" bw="1" slack="0"/>
<pin id="149" dir="0" index="1" bw="15" slack="0"/>
<pin id="150" dir="0" index="2" bw="15" slack="0"/>
<pin id="151" dir="1" index="3" bw="15" slack="0"/>
</pin_list>
<bind>
<opcode="select(49) " fcode="select"/>
<opset="select_ln850/1 "/>
</bind>
</comp>

<comp id="155" class="1004" name="trunc_ln167_fu_155">
<pin_list>
<pin id="156" dir="0" index="0" bw="15" slack="0"/>
<pin id="157" dir="1" index="1" bw="14" slack="0"/>
</pin_list>
<bind>
<opcode="trunc(33) " fcode="trunc"/>
<opset="trunc_ln167/1 "/>
</bind>
</comp>

<comp id="159" class="1004" name="index_fu_159">
<pin_list>
<pin id="160" dir="0" index="0" bw="11" slack="0"/>
<pin id="161" dir="0" index="1" bw="15" slack="0"/>
<pin id="162" dir="1" index="2" bw="15" slack="0"/>
</pin_list>
<bind>
<opcode="add(8) " fcode="add"/>
<opset="index/1 "/>
</bind>
</comp>

<comp id="165" class="1004" name="add_ln167_1_fu_165">
<pin_list>
<pin id="166" dir="0" index="0" bw="11" slack="0"/>
<pin id="167" dir="0" index="1" bw="14" slack="0"/>
<pin id="168" dir="1" index="2" bw="14" slack="0"/>
</pin_list>
<bind>
<opcode="add(8) " fcode="add"/>
<opset="add_ln167_1/1 "/>
</bind>
</comp>

<comp id="171" class="1004" name="tmp_2_fu_171">
<pin_list>
<pin id="172" dir="0" index="0" bw="1" slack="0"/>
<pin id="173" dir="0" index="1" bw="15" slack="0"/>
<pin id="174" dir="0" index="2" bw="5" slack="0"/>
<pin id="175" dir="1" index="3" bw="1" slack="0"/>
</pin_list>
<bind>
<opcode="bitselect(1000) " fcode="bitselect"/>
<opset="tmp_2/1 "/>
</bind>
</comp>

<comp id="179" class="1004" name="select_ln168_fu_179">
<pin_list>
<pin id="180" dir="0" index="0" bw="1" slack="0"/>
<pin id="181" dir="0" index="1" bw="14" slack="0"/>
<pin id="182" dir="0" index="2" bw="14" slack="0"/>
<pin id="183" dir="1" index="3" bw="14" slack="0"/>
</pin_list>
<bind>
<opcode="select(49) " fcode="select"/>
<opset="select_ln168/1 "/>
</bind>
</comp>

<comp id="187" class="1004" name="trunc_ln168_fu_187">
<pin_list>
<pin id="188" dir="0" index="0" bw="14" slack="0"/>
<pin id="189" dir="1" index="1" bw="10" slack="0"/>
</pin_list>
<bind>
<opcode="trunc(33) " fcode="trunc"/>
<opset="trunc_ln168/1 "/>
</bind>
</comp>

<comp id="191" class="1004" name="tmp_3_fu_191">
<pin_list>
<pin id="192" dir="0" index="0" bw="4" slack="0"/>
<pin id="193" dir="0" index="1" bw="14" slack="0"/>
<pin id="194" dir="0" index="2" bw="5" slack="0"/>
<pin id="195" dir="0" index="3" bw="5" slack="0"/>
<pin id="196" dir="1" index="4" bw="4" slack="0"/>
</pin_list>
<bind>
<opcode="partselect(1002) " fcode="partselect"/>
<opset="tmp_3/1 "/>
</bind>
</comp>

<comp id="201" class="1004" name="icmp_ln169_fu_201">
<pin_list>
<pin id="202" dir="0" index="0" bw="4" slack="0"/>
<pin id="203" dir="0" index="1" bw="4" slack="0"/>
<pin id="204" dir="1" index="2" bw="1" slack="0"/>
</pin_list>
<bind>
<opcode="icmp(45) " fcode="icmp"/>
<opset="icmp_ln169/1 "/>
</bind>
</comp>

<comp id="207" class="1004" name="select_ln169_fu_207">
<pin_list>
<pin id="208" dir="0" index="0" bw="1" slack="0"/>
<pin id="209" dir="0" index="1" bw="10" slack="0"/>
<pin id="210" dir="0" index="2" bw="10" slack="0"/>
<pin id="211" dir="1" index="3" bw="10" slack="0"/>
</pin_list>
<bind>
<opcode="select(49) " fcode="select"/>
<opset="select_ln169/1 "/>
</bind>
</comp>

<comp id="215" class="1004" name="zext_ln170_fu_215">
<pin_list>
<pin id="216" dir="0" index="0" bw="10" slack="0"/>
<pin id="217" dir="1" index="1" bw="64" slack="0"/>
</pin_list>
<bind>
<opcode="zext(34) " fcode="zext"/>
<opset="zext_ln170/1 "/>
</bind>
</comp>

<comp id="220" class="1004" name="trunc_ln1_fu_220">
<pin_list>
<pin id="221" dir="0" index="0" bw="8" slack="0"/>
<pin id="222" dir="0" index="1" bw="10" slack="0"/>
<pin id="223" dir="0" index="2" bw="3" slack="0"/>
<pin id="224" dir="0" index="3" bw="5" slack="0"/>
<pin id="225" dir="1" index="4" bw="8" slack="2147483647"/>
</pin_list>
<bind>
<opcode="partselect(1002) " fcode="partselect"/>
<opset="trunc_ln1/2 "/>
</bind>
</comp>

<comp id="230" class="1005" name="sigmoid_table1_addr_reg_230">
<pin_list>
<pin id="231" dir="0" index="0" bw="10" slack="1"/>
<pin id="232" dir="1" index="1" bw="10" slack="1"/>
</pin_list>
<bind>
<opset="sigmoid_table1_addr "/>
</bind>
</comp>

</comp_list>

<net_list>
<net id="72"><net_src comp="4" pin="0"/><net_sink comp="68" pin=0"/></net>

<net id="73"><net_src comp="0" pin="0"/><net_sink comp="68" pin=1"/></net>

<net id="79"><net_src comp="2" pin="0"/><net_sink comp="74" pin=0"/></net>

<net id="80"><net_src comp="46" pin="0"/><net_sink comp="74" pin=1"/></net>

<net id="86"><net_src comp="74" pin="3"/><net_sink comp="81" pin=0"/></net>

<net id="92"><net_src comp="6" pin="0"/><net_sink comp="87" pin=0"/></net>

<net id="93"><net_src comp="68" pin="2"/><net_sink comp="87" pin=1"/></net>

<net id="94"><net_src comp="8" pin="0"/><net_sink comp="87" pin=2"/></net>

<net id="101"><net_src comp="10" pin="0"/><net_sink comp="95" pin=0"/></net>

<net id="102"><net_src comp="68" pin="2"/><net_sink comp="95" pin=1"/></net>

<net id="103"><net_src comp="12" pin="0"/><net_sink comp="95" pin=2"/></net>

<net id="104"><net_src comp="14" pin="0"/><net_sink comp="95" pin=3"/></net>

<net id="108"><net_src comp="95" pin="4"/><net_sink comp="105" pin=0"/></net>

<net id="113"><net_src comp="87" pin="3"/><net_sink comp="109" pin=0"/></net>

<net id="114"><net_src comp="16" pin="0"/><net_sink comp="109" pin=1"/></net>

<net id="118"><net_src comp="68" pin="2"/><net_sink comp="115" pin=0"/></net>

<net id="124"><net_src comp="18" pin="0"/><net_sink comp="119" pin=0"/></net>

<net id="125"><net_src comp="115" pin="1"/><net_sink comp="119" pin=1"/></net>

<net id="126"><net_src comp="20" pin="0"/><net_sink comp="119" pin=2"/></net>

<net id="131"><net_src comp="119" pin="3"/><net_sink comp="127" pin=0"/></net>

<net id="132"><net_src comp="22" pin="0"/><net_sink comp="127" pin=1"/></net>

<net id="137"><net_src comp="24" pin="0"/><net_sink comp="133" pin=0"/></net>

<net id="138"><net_src comp="105" pin="1"/><net_sink comp="133" pin=1"/></net>

<net id="144"><net_src comp="127" pin="2"/><net_sink comp="139" pin=0"/></net>

<net id="145"><net_src comp="105" pin="1"/><net_sink comp="139" pin=1"/></net>

<net id="146"><net_src comp="133" pin="2"/><net_sink comp="139" pin=2"/></net>

<net id="152"><net_src comp="109" pin="2"/><net_sink comp="147" pin=0"/></net>

<net id="153"><net_src comp="139" pin="3"/><net_sink comp="147" pin=1"/></net>

<net id="154"><net_src comp="105" pin="1"/><net_sink comp="147" pin=2"/></net>

<net id="158"><net_src comp="147" pin="3"/><net_sink comp="155" pin=0"/></net>

<net id="163"><net_src comp="26" pin="0"/><net_sink comp="159" pin=0"/></net>

<net id="164"><net_src comp="147" pin="3"/><net_sink comp="159" pin=1"/></net>

<net id="169"><net_src comp="28" pin="0"/><net_sink comp="165" pin=0"/></net>

<net id="170"><net_src comp="155" pin="1"/><net_sink comp="165" pin=1"/></net>

<net id="176"><net_src comp="30" pin="0"/><net_sink comp="171" pin=0"/></net>

<net id="177"><net_src comp="159" pin="2"/><net_sink comp="171" pin=1"/></net>

<net id="178"><net_src comp="32" pin="0"/><net_sink comp="171" pin=2"/></net>

<net id="184"><net_src comp="171" pin="3"/><net_sink comp="179" pin=0"/></net>

<net id="185"><net_src comp="34" pin="0"/><net_sink comp="179" pin=1"/></net>

<net id="186"><net_src comp="165" pin="2"/><net_sink comp="179" pin=2"/></net>

<net id="190"><net_src comp="179" pin="3"/><net_sink comp="187" pin=0"/></net>

<net id="197"><net_src comp="36" pin="0"/><net_sink comp="191" pin=0"/></net>

<net id="198"><net_src comp="179" pin="3"/><net_sink comp="191" pin=1"/></net>

<net id="199"><net_src comp="38" pin="0"/><net_sink comp="191" pin=2"/></net>

<net id="200"><net_src comp="40" pin="0"/><net_sink comp="191" pin=3"/></net>

<net id="205"><net_src comp="191" pin="4"/><net_sink comp="201" pin=0"/></net>

<net id="206"><net_src comp="42" pin="0"/><net_sink comp="201" pin=1"/></net>

<net id="212"><net_src comp="201" pin="2"/><net_sink comp="207" pin=0"/></net>

<net id="213"><net_src comp="44" pin="0"/><net_sink comp="207" pin=1"/></net>

<net id="214"><net_src comp="187" pin="1"/><net_sink comp="207" pin=2"/></net>

<net id="218"><net_src comp="207" pin="3"/><net_sink comp="215" pin=0"/></net>

<net id="219"><net_src comp="215" pin="1"/><net_sink comp="74" pin=2"/></net>

<net id="226"><net_src comp="64" pin="0"/><net_sink comp="220" pin=0"/></net>

<net id="227"><net_src comp="81" pin="3"/><net_sink comp="220" pin=1"/></net>

<net id="228"><net_src comp="12" pin="0"/><net_sink comp="220" pin=2"/></net>

<net id="229"><net_src comp="66" pin="0"/><net_sink comp="220" pin=3"/></net>

<net id="233"><net_src comp="74" pin="3"/><net_sink comp="230" pin=0"/></net>

<net id="234"><net_src comp="230" pin="1"/><net_sink comp="81" pin=0"/></net>

</net_list>

</model> 
---------------- Datapath Model END ------------------

* FSMD analyzer results:
  - Output states:
	Port: data_V_read | {}
	Port: sigmoid_table1 | {}
 - Input state : 
	Port: sigmoid<ap_fixed,ap_fixed,activation_config> : data_V_read | {1 }
	Port: sigmoid<ap_fixed,ap_fixed,activation_config> : sigmoid_table1 | {1 2 }
  - Chain level:
	State 1
		sext_ln835 : 1
		p_Result_s : 1
		p_Result_2 : 1
		icmp_ln851 : 2
		ret_V : 2
		select_ln851 : 3
		select_ln850 : 4
		trunc_ln167 : 5
		index : 5
		add_ln167_1 : 6
		tmp_2 : 6
		select_ln168 : 7
		trunc_ln168 : 8
		tmp_3 : 8
		icmp_ln169 : 9
		select_ln169 : 10
		zext_ln170 : 11
		sigmoid_table1_addr : 12
		p_Val2_s : 13
	State 2
		empty : 1
		trunc_ln1 : 1
		ret_ln172 : 2


============================================================
+ Verbose Summary: Datapath Resource usage 
============================================================

* Functional unit list:
|----------|--------------------------|---------|---------|
| Operation|      Functional Unit     |    FF   |   LUT   |
|----------|--------------------------|---------|---------|
|          |    select_ln851_fu_139   |    0    |    15   |
|  select  |    select_ln850_fu_147   |    0    |    15   |
|          |    select_ln168_fu_179   |    0    |    14   |
|          |    select_ln169_fu_207   |    0    |    10   |
|----------|--------------------------|---------|---------|
|          |       ret_V_fu_133       |    0    |    14   |
|    add   |       index_fu_159       |    0    |    15   |
|          |    add_ln167_1_fu_165    |    0    |    14   |
|----------|--------------------------|---------|---------|
|          |     p_Result_s_fu_109    |    0    |    20   |
|   icmp   |     icmp_ln851_fu_127    |    0    |    11   |
|          |     icmp_ln169_fu_201    |    0    |    9    |
|----------|--------------------------|---------|---------|
|   read   | data_V_read_1_read_fu_68 |    0    |    0    |
|----------|--------------------------|---------|---------|
|bitconcatenate|         r_V_fu_87        |    0    |    0    |
|          |     p_Result_2_fu_119    |    0    |    0    |
|----------|--------------------------|---------|---------|
|          |        tmp_1_fu_95       |    0    |    0    |
|partselect|       tmp_3_fu_191       |    0    |    0    |
|          |     trunc_ln1_fu_220     |    0    |    0    |
|----------|--------------------------|---------|---------|
|   sext   |     sext_ln835_fu_105    |    0    |    0    |
|----------|--------------------------|---------|---------|
|          |    trunc_ln851_fu_115    |    0    |    0    |
|   trunc  |    trunc_ln167_fu_155    |    0    |    0    |
|          |    trunc_ln168_fu_187    |    0    |    0    |
|----------|--------------------------|---------|---------|
| bitselect|       tmp_2_fu_171       |    0    |    0    |
|----------|--------------------------|---------|---------|
|   zext   |     zext_ln170_fu_215    |    0    |    0    |
|----------|--------------------------|---------|---------|
|   Total  |                          |    0    |   137   |
|----------|--------------------------|---------|---------|

Memories:
N/A

* Register list:
+---------------------------+--------+
|                           |   FF   |
+---------------------------+--------+
|sigmoid_table1_addr_reg_230|   10   |
+---------------------------+--------+
|           Total           |   10   |
+---------------------------+--------+

* Multiplexer (MUX) list: 
|------------------|------|------|------|--------||---------||---------|
|       Comp       |  Pin | Size |  BW  | S x BW ||  Delay  ||   LUT   |
|------------------|------|------|------|--------||---------||---------|
| grp_access_fu_81 |  p0  |   2  |  10  |   20   ||    9    |
|------------------|------|------|------|--------||---------||---------|
|       Total      |      |      |      |   20   ||  0.603  ||    9    |
|------------------|------|------|------|--------||---------||---------|



* Summary:
+-----------+--------+--------+--------+
|           |  Delay |   FF   |   LUT  |
+-----------+--------+--------+--------+
|  Function |    -   |    0   |   137  |
|   Memory  |    -   |    -   |    -   |
|Multiplexer|    0   |    -   |    9   |
|  Register |    -   |   10   |    -   |
+-----------+--------+--------+--------+
|   Total   |    0   |   10   |   146  |
+-----------+--------+--------+--------+
